ARM GAS  C:\Users\vellu\AppData\Local\Temp\cczZ3ouj.s 			page 1


   1              		.syntax unified
   2              		.cpu cortex-m3
   3              		.fpu softvfp
   4              		.eabi_attribute 20, 1
   5              		.eabi_attribute 21, 1
   6              		.eabi_attribute 23, 3
   7              		.eabi_attribute 24, 1
   8              		.eabi_attribute 25, 1
   9              		.eabi_attribute 26, 1
  10              		.eabi_attribute 30, 1
  11              		.eabi_attribute 34, 1
  12              		.eabi_attribute 18, 4
  13              		.thumb
  14              		.file	"main.c"
  15              		.text
  16              	.Ltext0:
  17              		.cfi_sections	.debug_frame
  18              		.section	.text.SelectionMenu,"ax",%progbits
  19              		.align	2
  20              		.global	SelectionMenu
  21              		.thumb
  22              		.thumb_func
  23              		.type	SelectionMenu, %function
  24              	SelectionMenu:
  25              	.LFB64:
  26              		.file 1 "main.c"
   1:main.c        **** /* ========================================
   2:main.c        ****  *
   3:main.c        ****  * Copyright YOUR COMPANY, THE YEAR
   4:main.c        ****  * All Rights Reserved
   5:main.c        ****  * UNPUBLISHED, LICENSED SOFTWARE.
   6:main.c        ****  *
   7:main.c        ****  * CONFIDENTIAL AND PROPRIETARY INFORMATION
   8:main.c        ****  * WHICH IS THE PROPERTY OF your company.
   9:main.c        ****  *
  10:main.c        ****  * ========================================
  11:main.c        **** */
  12:main.c        **** #include "project.h"
  13:main.c        **** #include "stdio.h"
  14:main.c        **** 
  15:main.c        **** int main(void)
  16:main.c        **** {
  17:main.c        ****     CyGlobalIntEnable; /* Enable global interrupts. */
  18:main.c        **** 
  19:main.c        ****     /* Place your initialization/startup code here (e.g. MyInst_Start()) */
  20:main.c        ****     UART_1_Start();
  21:main.c        ****     
  22:main.c        ****     int selection;
  23:main.c        ****     int result;
  24:main.c        ****     int op1;
  25:main.c        ****     int op2;
  26:main.c        ****     
  27:main.c        ****     do
  28:main.c        ****     {
  29:main.c        ****         selection = SelectionMenu();
  30:main.c        ****         switch(selection)
  31:main.c        ****         {
ARM GAS  C:\Users\vellu\AppData\Local\Temp\cczZ3ouj.s 			page 2


  32:main.c        ****             case 1:
  33:main.c        ****             printf("\nEnter operand 1: ");
  34:main.c        ****             scanf("%d",&op1);
  35:main.c        ****             printf("\nEnter operand 2: ");
  36:main.c        ****             scanf("%d",&op2);
  37:main.c        ****               break;
  38:main.c        ****             case 2:
  39:main.c        ****             result=op1*op2;
  40:main.c        ****             printf("result = %d\n",result);
  41:main.c        ****               break;
  42:main.c        ****             case 3:
  43:main.c        ****             result=op1+op2;
  44:main.c        ****             printf("result = %d\n",result);
  45:main.c        ****               break;
  46:main.c        ****             case 4:
  47:main.c        ****             
  48:main.c        ****               break;
  49:main.c        ****         }
  50:main.c        ****         
  51:main.c        ****     }while(selection != 4);
  52:main.c        ****     
  53:main.c        ****     return 0;
  54:main.c        **** }
  55:main.c        ****     int SelectionMenu(void)
  56:main.c        ****     {
  27              		.loc 1 56 0
  28              		.cfi_startproc
  29              		@ args = 0, pretend = 0, frame = 8
  30              		@ frame_needed = 0, uses_anonymous_args = 0
  31 0000 00B5     		push	{lr}
  32              		.cfi_def_cfa_offset 4
  33              		.cfi_offset 14, -4
  34 0002 83B0     		sub	sp, sp, #12
  35              		.cfi_def_cfa_offset 16
  57:main.c        ****         int selection;
  58:main.c        ****         
  59:main.c        ****         printf("Select operation: \n");
  36              		.loc 1 59 0
  37 0004 0B48     		ldr	r0, .L3
  38 0006 FFF7FEFF 		bl	puts
  39              	.LVL0:
  60:main.c        ****         printf("1)enter operands\n");
  40              		.loc 1 60 0
  41 000a 0B48     		ldr	r0, .L3+4
  42 000c FFF7FEFF 		bl	puts
  43              	.LVL1:
  61:main.c        ****         printf("2)multiply operands\n");
  44              		.loc 1 61 0
  45 0010 0A48     		ldr	r0, .L3+8
  46 0012 FFF7FEFF 		bl	puts
  47              	.LVL2:
  62:main.c        ****         printf("3)add operants\n");
  48              		.loc 1 62 0
  49 0016 0A48     		ldr	r0, .L3+12
  50 0018 FFF7FEFF 		bl	puts
  51              	.LVL3:
  63:main.c        ****         printf("4)quit\n");
ARM GAS  C:\Users\vellu\AppData\Local\Temp\cczZ3ouj.s 			page 3


  52              		.loc 1 63 0
  53 001c 0948     		ldr	r0, .L3+16
  54 001e FFF7FEFF 		bl	puts
  55              	.LVL4:
  64:main.c        ****         scanf("%d",&selection);
  56              		.loc 1 64 0
  57 0022 0948     		ldr	r0, .L3+20
  58 0024 01A9     		add	r1, sp, #4
  59 0026 FFF7FEFF 		bl	scanf
  60              	.LVL5:
  65:main.c        ****         
  66:main.c        ****         return selection;
  67:main.c        ****     }
  61              		.loc 1 67 0
  62 002a 0198     		ldr	r0, [sp, #4]
  63 002c 03B0     		add	sp, sp, #12
  64              		.cfi_def_cfa_offset 4
  65              		@ sp needed
  66 002e 5DF804FB 		ldr	pc, [sp], #4
  67              	.L4:
  68 0032 00BF     		.align	2
  69              	.L3:
  70 0034 00000000 		.word	.LC0
  71 0038 14000000 		.word	.LC1
  72 003c 28000000 		.word	.LC2
  73 0040 3C000000 		.word	.LC3
  74 0044 4C000000 		.word	.LC4
  75 0048 54000000 		.word	.LC5
  76              		.cfi_endproc
  77              	.LFE64:
  78              		.size	SelectionMenu, .-SelectionMenu
  79              		.section	.text.main,"ax",%progbits
  80              		.align	2
  81              		.global	main
  82              		.thumb
  83              		.thumb_func
  84              		.type	main, %function
  85              	main:
  86              	.LFB63:
  16:main.c        ****     CyGlobalIntEnable; /* Enable global interrupts. */
  87              		.loc 1 16 0
  88              		.cfi_startproc
  89              		@ args = 0, pretend = 0, frame = 8
  90              		@ frame_needed = 0, uses_anonymous_args = 0
  91 0000 30B5     		push	{r4, r5, lr}
  92              		.cfi_def_cfa_offset 12
  93              		.cfi_offset 4, -12
  94              		.cfi_offset 5, -8
  95              		.cfi_offset 14, -4
  96 0002 83B0     		sub	sp, sp, #12
  97              		.cfi_def_cfa_offset 24
  17:main.c        **** 
  98              		.loc 1 17 0
  99              	@ 17 "main.c" 1
 100 0004 62B6     		CPSIE   i
 101              	@ 0 "" 2
  20:main.c        ****     
ARM GAS  C:\Users\vellu\AppData\Local\Temp\cczZ3ouj.s 			page 4


 102              		.loc 1 20 0
 103              		.thumb
 104 0006 FFF7FEFF 		bl	UART_1_Start
 105              	.LVL6:
 106              	.L10:
 107              	.LBB2:
  29:main.c        ****         switch(selection)
 108              		.loc 1 29 0
 109 000a FFF7FEFF 		bl	SelectionMenu
 110              	.LVL7:
 111 000e 0446     		mov	r4, r0
 112              	.LVL8:
  30:main.c        ****         {
 113              		.loc 1 30 0
 114 0010 0228     		cmp	r0, #2
 115 0012 13D0     		beq	.L7
 116 0014 0328     		cmp	r0, #3
 117 0016 19D0     		beq	.L8
 118 0018 0128     		cmp	r0, #1
 119 001a 1DD1     		bne	.L6
  33:main.c        ****             scanf("%d",&op1);
 120              		.loc 1 33 0
 121 001c 1148     		ldr	r0, .L12
 122              	.LVL9:
 123 001e FFF7FEFF 		bl	printf
 124              	.LVL10:
  34:main.c        ****             printf("\nEnter operand 2: ");
 125              		.loc 1 34 0
 126 0022 114D     		ldr	r5, .L12+4
 127 0024 2846     		mov	r0, r5
 128 0026 01A9     		add	r1, sp, #4
 129 0028 FFF7FEFF 		bl	scanf
 130              	.LVL11:
  35:main.c        ****             scanf("%d",&op2);
 131              		.loc 1 35 0
 132 002c 0F48     		ldr	r0, .L12+8
 133 002e FFF7FEFF 		bl	printf
 134              	.LVL12:
  36:main.c        ****               break;
 135              		.loc 1 36 0
 136 0032 2846     		mov	r0, r5
 137 0034 6946     		mov	r1, sp
 138 0036 FFF7FEFF 		bl	scanf
 139              	.LVL13:
  37:main.c        ****             case 2:
 140              		.loc 1 37 0
 141 003a 0DE0     		b	.L6
 142              	.LVL14:
 143              	.L7:
  40:main.c        ****               break;
 144              		.loc 1 40 0
 145 003c 0C48     		ldr	r0, .L12+12
 146              	.LVL15:
 147 003e 0099     		ldr	r1, [sp]
 148 0040 019B     		ldr	r3, [sp, #4]
 149 0042 01FB03F1 		mul	r1, r1, r3
 150              	.LVL16:
ARM GAS  C:\Users\vellu\AppData\Local\Temp\cczZ3ouj.s 			page 5


 151 0046 FFF7FEFF 		bl	printf
 152              	.LVL17:
  41:main.c        ****             case 3:
 153              		.loc 1 41 0
 154 004a 05E0     		b	.L6
 155              	.LVL18:
 156              	.L8:
  44:main.c        ****               break;
 157              		.loc 1 44 0
 158 004c 0848     		ldr	r0, .L12+12
 159              	.LVL19:
 160 004e 009B     		ldr	r3, [sp]
 161 0050 0199     		ldr	r1, [sp, #4]
 162 0052 1944     		add	r1, r1, r3
 163              	.LVL20:
 164 0054 FFF7FEFF 		bl	printf
 165              	.LVL21:
 166              	.L6:
 167              	.LBE2:
  51:main.c        ****     
 168              		.loc 1 51 0
 169 0058 042C     		cmp	r4, #4
 170 005a D6D1     		bne	.L10
  54:main.c        ****     int SelectionMenu(void)
 171              		.loc 1 54 0
 172 005c 0020     		movs	r0, #0
 173 005e 03B0     		add	sp, sp, #12
 174              		.cfi_def_cfa_offset 12
 175              		@ sp needed
 176 0060 30BD     		pop	{r4, r5, pc}
 177              	.LVL22:
 178              	.L13:
 179 0062 00BF     		.align	2
 180              	.L12:
 181 0064 58000000 		.word	.LC6
 182 0068 54000000 		.word	.LC5
 183 006c 6C000000 		.word	.LC7
 184 0070 80000000 		.word	.LC8
 185              		.cfi_endproc
 186              	.LFE63:
 187              		.size	main, .-main
 188              		.section	.text._write,"ax",%progbits
 189              		.align	2
 190              		.global	_write
 191              		.thumb
 192              		.thumb_func
 193              		.type	_write, %function
 194              	_write:
 195              	.LFB65:
  68:main.c        **** 
  69:main.c        **** int _write(int file, char *ptr, int len)
  70:main.c        **** {
 196              		.loc 1 70 0
 197              		.cfi_startproc
 198              		@ args = 0, pretend = 0, frame = 0
 199              		@ frame_needed = 0, uses_anonymous_args = 0
 200              	.LVL23:
ARM GAS  C:\Users\vellu\AppData\Local\Temp\cczZ3ouj.s 			page 6


 201 0000 F8B5     		push	{r3, r4, r5, r6, r7, lr}
 202              		.cfi_def_cfa_offset 24
 203              		.cfi_offset 3, -24
 204              		.cfi_offset 4, -20
 205              		.cfi_offset 5, -16
 206              		.cfi_offset 6, -12
 207              		.cfi_offset 7, -8
 208              		.cfi_offset 14, -4
 209 0002 0C46     		mov	r4, r1
 210 0004 1746     		mov	r7, r2
 211              	.LVL24:
  71:main.c        ****     (void)file; /* Parameter is not used, suppress unused argument warning */
  72:main.c        **** 	int n;
  73:main.c        **** 	for(n = 0; n < len; n++) {
 212              		.loc 1 73 0
 213 0006 0025     		movs	r5, #0
 214 0008 0BE0     		b	.L15
 215              	.LVL25:
 216              	.L17:
  74:main.c        ****         if(*ptr == '\n') UART_1_PutChar('\r');
 217              		.loc 1 74 0
 218 000a 2378     		ldrb	r3, [r4]	@ zero_extendqisi2
 219 000c 0A2B     		cmp	r3, #10
 220 000e 02D1     		bne	.L16
 221              		.loc 1 74 0 is_stmt 0 discriminator 1
 222 0010 0D20     		movs	r0, #13
 223 0012 FFF7FEFF 		bl	UART_1_PutChar
 224              	.LVL26:
 225              	.L16:
  75:main.c        **** 		UART_1_PutChar(*ptr++);
 226              		.loc 1 75 0 is_stmt 1 discriminator 2
 227 0016 661C     		adds	r6, r4, #1
 228              	.LVL27:
 229 0018 2078     		ldrb	r0, [r4]	@ zero_extendqisi2
 230 001a FFF7FEFF 		bl	UART_1_PutChar
 231              	.LVL28:
  73:main.c        ****         if(*ptr == '\n') UART_1_PutChar('\r');
 232              		.loc 1 73 0 discriminator 2
 233 001e 0135     		adds	r5, r5, #1
 234              	.LVL29:
 235              		.loc 1 75 0 discriminator 2
 236 0020 3446     		mov	r4, r6
 237              	.LVL30:
 238              	.L15:
  73:main.c        ****         if(*ptr == '\n') UART_1_PutChar('\r');
 239              		.loc 1 73 0 discriminator 1
 240 0022 BD42     		cmp	r5, r7
 241 0024 F1DB     		blt	.L17
  76:main.c        **** 	}
  77:main.c        **** 	return len;
  78:main.c        **** }
 242              		.loc 1 78 0
 243 0026 3846     		mov	r0, r7
 244 0028 F8BD     		pop	{r3, r4, r5, r6, r7, pc}
 245              		.cfi_endproc
 246              	.LFE65:
 247              		.size	_write, .-_write
ARM GAS  C:\Users\vellu\AppData\Local\Temp\cczZ3ouj.s 			page 7


 248 002a 00BF     		.section	.text._read,"ax",%progbits
 249              		.align	2
 250              		.global	_read
 251              		.thumb
 252              		.thumb_func
 253              		.type	_read, %function
 254              	_read:
 255              	.LFB66:
  79:main.c        **** 
  80:main.c        **** int _read (int file, char *ptr, int count)
  81:main.c        **** {
 256              		.loc 1 81 0
 257              		.cfi_startproc
 258              		@ args = 0, pretend = 0, frame = 0
 259              		@ frame_needed = 0, uses_anonymous_args = 0
 260              	.LVL31:
 261 0000 F8B5     		push	{r3, r4, r5, r6, r7, lr}
 262              		.cfi_def_cfa_offset 24
 263              		.cfi_offset 3, -24
 264              		.cfi_offset 4, -20
 265              		.cfi_offset 5, -16
 266              		.cfi_offset 6, -12
 267              		.cfi_offset 7, -8
 268              		.cfi_offset 14, -4
 269 0002 0F46     		mov	r7, r1
 270 0004 1446     		mov	r4, r2
 271              	.LVL32:
  82:main.c        ****     int chs = 0;
 272              		.loc 1 82 0
 273 0006 0026     		movs	r6, #0
  83:main.c        ****     char ch;
  84:main.c        ****  
  85:main.c        ****     (void)file; /* Parameter is not used, suppress unused argument warning */
  86:main.c        ****     while(count > 0) {
 274              		.loc 1 86 0
 275 0008 12E0     		b	.L21
 276              	.LVL33:
 277              	.L24:
  87:main.c        ****         ch = UART_1_GetChar();
 278              		.loc 1 87 0
 279 000a FFF7FEFF 		bl	UART_1_GetChar
 280              	.LVL34:
  88:main.c        ****         if(ch != 0) {
 281              		.loc 1 88 0
 282 000e 0546     		mov	r5, r0
 283 0010 70B1     		cbz	r0, .L21
  89:main.c        ****             UART_1_PutChar(ch);
 284              		.loc 1 89 0
 285 0012 FFF7FEFF 		bl	UART_1_PutChar
 286              	.LVL35:
  90:main.c        ****             chs++;
 287              		.loc 1 90 0
 288 0016 0136     		adds	r6, r6, #1
 289              	.LVL36:
  91:main.c        ****             if(ch == '\r') {
 290              		.loc 1 91 0
 291 0018 0D2D     		cmp	r5, #13
ARM GAS  C:\Users\vellu\AppData\Local\Temp\cczZ3ouj.s 			page 8


 292 001a 03D1     		bne	.L22
 293              	.LVL37:
  92:main.c        ****                 ch = '\n';
  93:main.c        ****                 UART_1_PutChar(ch);
 294              		.loc 1 93 0
 295 001c 0A20     		movs	r0, #10
 296 001e FFF7FEFF 		bl	UART_1_PutChar
 297              	.LVL38:
  92:main.c        ****                 ch = '\n';
 298              		.loc 1 92 0
 299 0022 0A25     		movs	r5, #10
 300              	.LVL39:
 301              	.L22:
  94:main.c        ****             }
  95:main.c        ****             *ptr++ = ch;
 302              		.loc 1 95 0
 303 0024 7B1C     		adds	r3, r7, #1
 304              	.LVL40:
 305 0026 3D70     		strb	r5, [r7]
  96:main.c        ****             count--;
 306              		.loc 1 96 0
 307 0028 013C     		subs	r4, r4, #1
 308              	.LVL41:
  97:main.c        ****             if(ch == '\n') break;
 309              		.loc 1 97 0
 310 002a 0A2D     		cmp	r5, #10
 311 002c 02D0     		beq	.L23
  95:main.c        ****             count--;
 312              		.loc 1 95 0
 313 002e 1F46     		mov	r7, r3
 314              	.LVL42:
 315              	.L21:
  86:main.c        ****         ch = UART_1_GetChar();
 316              		.loc 1 86 0
 317 0030 002C     		cmp	r4, #0
 318 0032 EADC     		bgt	.L24
 319              	.LVL43:
 320              	.L23:
  98:main.c        ****         }
  99:main.c        ****     }
 100:main.c        ****     return chs;
 101:main.c        **** }
 321              		.loc 1 101 0
 322 0034 3046     		mov	r0, r6
 323 0036 F8BD     		pop	{r3, r4, r5, r6, r7, pc}
 324              		.cfi_endproc
 325              	.LFE66:
 326              		.size	_read, .-_read
 327              		.section	.rodata.str1.4,"aMS",%progbits,1
 328              		.align	2
 329              	.LC0:
 330 0000 53656C65 		.ascii	"Select operation: \000"
 330      6374206F 
 330      70657261 
 330      74696F6E 
 330      3A2000
 331 0013 00       		.space	1
ARM GAS  C:\Users\vellu\AppData\Local\Temp\cczZ3ouj.s 			page 9


 332              	.LC1:
 333 0014 3129656E 		.ascii	"1)enter operands\000"
 333      74657220 
 333      6F706572 
 333      616E6473 
 333      00
 334 0025 000000   		.space	3
 335              	.LC2:
 336 0028 32296D75 		.ascii	"2)multiply operands\000"
 336      6C746970 
 336      6C79206F 
 336      70657261 
 336      6E647300 
 337              	.LC3:
 338 003c 33296164 		.ascii	"3)add operants\000"
 338      64206F70 
 338      6572616E 
 338      747300
 339 004b 00       		.space	1
 340              	.LC4:
 341 004c 34297175 		.ascii	"4)quit\000"
 341      697400
 342 0053 00       		.space	1
 343              	.LC5:
 344 0054 256400   		.ascii	"%d\000"
 345 0057 00       		.space	1
 346              	.LC6:
 347 0058 0A456E74 		.ascii	"\012Enter operand 1: \000"
 347      6572206F 
 347      70657261 
 347      6E642031 
 347      3A2000
 348 006b 00       		.space	1
 349              	.LC7:
 350 006c 0A456E74 		.ascii	"\012Enter operand 2: \000"
 350      6572206F 
 350      70657261 
 350      6E642032 
 350      3A2000
 351 007f 00       		.space	1
 352              	.LC8:
 353 0080 72657375 		.ascii	"result = %d\012\000"
 353      6C74203D 
 353      2025640A 
 353      00
 354 008d 000000   		.text
 355              	.Letext0:
 356              		.file 2 "c:\\program files (x86)\\cypress\\psoc creator\\4.0\\psoc creator\\import\\gnu\\arm\\4.9.
 357              		.file 3 "c:\\program files (x86)\\cypress\\psoc creator\\4.0\\psoc creator\\import\\gnu\\arm\\4.9.
 358              		.file 4 "Generated_Source\\PSoC5/cytypes.h"
 359              		.file 5 "c:\\program files (x86)\\cypress\\psoc creator\\4.0\\psoc creator\\import\\gnu\\arm\\4.9.
 360              		.file 6 "Generated_Source\\PSoC5/UART_1.h"
 361              		.file 7 "Generated_Source\\PSoC5/core_cm3.h"
 362              		.file 8 "<built-in>"
 363              		.section	.debug_info,"",%progbits
 364              	.Ldebug_info0:
 365 0000 F5030000 		.4byte	0x3f5
ARM GAS  C:\Users\vellu\AppData\Local\Temp\cczZ3ouj.s 			page 10


 366 0004 0400     		.2byte	0x4
 367 0006 00000000 		.4byte	.Ldebug_abbrev0
 368 000a 04       		.byte	0x4
 369 000b 01       		.uleb128 0x1
 370 000c E3000000 		.4byte	.LASF27
 371 0010 01       		.byte	0x1
 372 0011 D1010000 		.4byte	.LASF28
 373 0015 80000000 		.4byte	.LASF29
 374 0019 00000000 		.4byte	.Ldebug_ranges0+0
 375 001d 00000000 		.4byte	0
 376 0021 00000000 		.4byte	.Ldebug_line0
 377 0025 02       		.uleb128 0x2
 378 0026 01       		.byte	0x1
 379 0027 06       		.byte	0x6
 380 0028 08020000 		.4byte	.LASF0
 381 002c 02       		.uleb128 0x2
 382 002d 01       		.byte	0x1
 383 002e 08       		.byte	0x8
 384 002f 59000000 		.4byte	.LASF1
 385 0033 02       		.uleb128 0x2
 386 0034 02       		.byte	0x2
 387 0035 05       		.byte	0x5
 388 0036 EA010000 		.4byte	.LASF2
 389 003a 02       		.uleb128 0x2
 390 003b 02       		.byte	0x2
 391 003c 07       		.byte	0x7
 392 003d 17000000 		.4byte	.LASF3
 393 0041 03       		.uleb128 0x3
 394 0042 0D000000 		.4byte	.LASF9
 395 0046 02       		.byte	0x2
 396 0047 3F       		.byte	0x3f
 397 0048 4C000000 		.4byte	0x4c
 398 004c 02       		.uleb128 0x2
 399 004d 04       		.byte	0x4
 400 004e 05       		.byte	0x5
 401 004f FA010000 		.4byte	.LASF4
 402 0053 02       		.uleb128 0x2
 403 0054 04       		.byte	0x4
 404 0055 07       		.byte	0x7
 405 0056 67000000 		.4byte	.LASF5
 406 005a 02       		.uleb128 0x2
 407 005b 08       		.byte	0x8
 408 005c 05       		.byte	0x5
 409 005d C3010000 		.4byte	.LASF6
 410 0061 02       		.uleb128 0x2
 411 0062 08       		.byte	0x8
 412 0063 07       		.byte	0x7
 413 0064 8D010000 		.4byte	.LASF7
 414 0068 04       		.uleb128 0x4
 415 0069 04       		.byte	0x4
 416 006a 05       		.byte	0x5
 417 006b 696E7400 		.ascii	"int\000"
 418 006f 02       		.uleb128 0x2
 419 0070 04       		.byte	0x4
 420 0071 07       		.byte	0x7
 421 0072 80010000 		.4byte	.LASF8
 422 0076 03       		.uleb128 0x3
ARM GAS  C:\Users\vellu\AppData\Local\Temp\cczZ3ouj.s 			page 11


 423 0077 AB010000 		.4byte	.LASF10
 424 007b 03       		.byte	0x3
 425 007c 2C       		.byte	0x2c
 426 007d 41000000 		.4byte	0x41
 427 0081 05       		.uleb128 0x5
 428 0082 F4010000 		.4byte	.LASF11
 429 0086 04       		.byte	0x4
 430 0087 9201     		.2byte	0x192
 431 0089 2C000000 		.4byte	0x2c
 432 008d 02       		.uleb128 0x2
 433 008e 04       		.byte	0x4
 434 008f 04       		.byte	0x4
 435 0090 48000000 		.4byte	.LASF12
 436 0094 02       		.uleb128 0x2
 437 0095 08       		.byte	0x8
 438 0096 04       		.byte	0x4
 439 0097 79000000 		.4byte	.LASF13
 440 009b 02       		.uleb128 0x2
 441 009c 01       		.byte	0x1
 442 009d 08       		.byte	0x8
 443 009e D8010000 		.4byte	.LASF14
 444 00a2 02       		.uleb128 0x2
 445 00a3 04       		.byte	0x4
 446 00a4 07       		.byte	0x7
 447 00a5 BA010000 		.4byte	.LASF15
 448 00a9 06       		.uleb128 0x6
 449 00aa 04       		.byte	0x4
 450 00ab 9B000000 		.4byte	0x9b
 451 00af 06       		.uleb128 0x6
 452 00b0 04       		.byte	0x4
 453 00b1 B5000000 		.4byte	0xb5
 454 00b5 07       		.uleb128 0x7
 455 00b6 9B000000 		.4byte	0x9b
 456 00ba 08       		.uleb128 0x8
 457 00bb 2A000000 		.4byte	.LASF16
 458 00bf 01       		.byte	0x1
 459 00c0 37       		.byte	0x37
 460 00c1 68000000 		.4byte	0x68
 461 00c5 00000000 		.4byte	.LFB64
 462 00c9 4C000000 		.4byte	.LFE64-.LFB64
 463 00cd 01       		.uleb128 0x1
 464 00ce 9C       		.byte	0x9c
 465 00cf 6E010000 		.4byte	0x16e
 466 00d3 09       		.uleb128 0x9
 467 00d4 3E000000 		.4byte	.LASF18
 468 00d8 01       		.byte	0x1
 469 00d9 39       		.byte	0x39
 470 00da 68000000 		.4byte	0x68
 471 00de 02       		.uleb128 0x2
 472 00df 91       		.byte	0x91
 473 00e0 74       		.sleb128 -12
 474 00e1 0A       		.uleb128 0xa
 475 00e2 0A000000 		.4byte	.LVL0
 476 00e6 90030000 		.4byte	0x390
 477 00ea F8000000 		.4byte	0xf8
 478 00ee 0B       		.uleb128 0xb
 479 00ef 01       		.uleb128 0x1
ARM GAS  C:\Users\vellu\AppData\Local\Temp\cczZ3ouj.s 			page 12


 480 00f0 50       		.byte	0x50
 481 00f1 05       		.uleb128 0x5
 482 00f2 03       		.byte	0x3
 483 00f3 00000000 		.4byte	.LC0
 484 00f7 00       		.byte	0
 485 00f8 0A       		.uleb128 0xa
 486 00f9 10000000 		.4byte	.LVL1
 487 00fd 90030000 		.4byte	0x390
 488 0101 0F010000 		.4byte	0x10f
 489 0105 0B       		.uleb128 0xb
 490 0106 01       		.uleb128 0x1
 491 0107 50       		.byte	0x50
 492 0108 05       		.uleb128 0x5
 493 0109 03       		.byte	0x3
 494 010a 14000000 		.4byte	.LC1
 495 010e 00       		.byte	0
 496 010f 0A       		.uleb128 0xa
 497 0110 16000000 		.4byte	.LVL2
 498 0114 90030000 		.4byte	0x390
 499 0118 26010000 		.4byte	0x126
 500 011c 0B       		.uleb128 0xb
 501 011d 01       		.uleb128 0x1
 502 011e 50       		.byte	0x50
 503 011f 05       		.uleb128 0x5
 504 0120 03       		.byte	0x3
 505 0121 28000000 		.4byte	.LC2
 506 0125 00       		.byte	0
 507 0126 0A       		.uleb128 0xa
 508 0127 1C000000 		.4byte	.LVL3
 509 012b 90030000 		.4byte	0x390
 510 012f 3D010000 		.4byte	0x13d
 511 0133 0B       		.uleb128 0xb
 512 0134 01       		.uleb128 0x1
 513 0135 50       		.byte	0x50
 514 0136 05       		.uleb128 0x5
 515 0137 03       		.byte	0x3
 516 0138 3C000000 		.4byte	.LC3
 517 013c 00       		.byte	0
 518 013d 0A       		.uleb128 0xa
 519 013e 22000000 		.4byte	.LVL4
 520 0142 90030000 		.4byte	0x390
 521 0146 54010000 		.4byte	0x154
 522 014a 0B       		.uleb128 0xb
 523 014b 01       		.uleb128 0x1
 524 014c 50       		.byte	0x50
 525 014d 05       		.uleb128 0x5
 526 014e 03       		.byte	0x3
 527 014f 4C000000 		.4byte	.LC4
 528 0153 00       		.byte	0
 529 0154 0C       		.uleb128 0xc
 530 0155 2A000000 		.4byte	.LVL5
 531 0159 A9030000 		.4byte	0x3a9
 532 015d 0B       		.uleb128 0xb
 533 015e 01       		.uleb128 0x1
 534 015f 51       		.byte	0x51
 535 0160 02       		.uleb128 0x2
 536 0161 91       		.byte	0x91
ARM GAS  C:\Users\vellu\AppData\Local\Temp\cczZ3ouj.s 			page 13


 537 0162 74       		.sleb128 -12
 538 0163 0B       		.uleb128 0xb
 539 0164 01       		.uleb128 0x1
 540 0165 50       		.byte	0x50
 541 0166 05       		.uleb128 0x5
 542 0167 03       		.byte	0x3
 543 0168 54000000 		.4byte	.LC5
 544 016c 00       		.byte	0
 545 016d 00       		.byte	0
 546 016e 08       		.uleb128 0x8
 547 016f D1000000 		.4byte	.LASF17
 548 0173 01       		.byte	0x1
 549 0174 0F       		.byte	0xf
 550 0175 68000000 		.4byte	0x68
 551 0179 00000000 		.4byte	.LFB63
 552 017d 74000000 		.4byte	.LFE63-.LFB63
 553 0181 01       		.uleb128 0x1
 554 0182 9C       		.byte	0x9c
 555 0183 7F020000 		.4byte	0x27f
 556 0187 0D       		.uleb128 0xd
 557 0188 3E000000 		.4byte	.LASF18
 558 018c 01       		.byte	0x1
 559 018d 16       		.byte	0x16
 560 018e 68000000 		.4byte	0x68
 561 0192 00000000 		.4byte	.LLST0
 562 0196 0D       		.uleb128 0xd
 563 0197 A4010000 		.4byte	.LASF19
 564 019b 01       		.byte	0x1
 565 019c 17       		.byte	0x17
 566 019d 68000000 		.4byte	0x68
 567 01a1 4A000000 		.4byte	.LLST1
 568 01a5 0E       		.uleb128 0xe
 569 01a6 6F703100 		.ascii	"op1\000"
 570 01aa 01       		.byte	0x1
 571 01ab 18       		.byte	0x18
 572 01ac 68000000 		.4byte	0x68
 573 01b0 02       		.uleb128 0x2
 574 01b1 91       		.byte	0x91
 575 01b2 6C       		.sleb128 -20
 576 01b3 0E       		.uleb128 0xe
 577 01b4 6F703200 		.ascii	"op2\000"
 578 01b8 01       		.byte	0x1
 579 01b9 19       		.byte	0x19
 580 01ba 68000000 		.4byte	0x68
 581 01be 02       		.uleb128 0x2
 582 01bf 91       		.byte	0x91
 583 01c0 68       		.sleb128 -24
 584 01c1 0F       		.uleb128 0xf
 585 01c2 0A000000 		.4byte	.LBB2
 586 01c6 4E000000 		.4byte	.LBE2-.LBB2
 587 01ca 75020000 		.4byte	0x275
 588 01ce 10       		.uleb128 0x10
 589 01cf 2A000000 		.4byte	.LASF16
 590 01d3 01       		.byte	0x1
 591 01d4 1D       		.byte	0x1d
 592 01d5 68000000 		.4byte	0x68
 593 01d9 DF010000 		.4byte	0x1df
ARM GAS  C:\Users\vellu\AppData\Local\Temp\cczZ3ouj.s 			page 14


 594 01dd 11       		.uleb128 0x11
 595 01de 00       		.byte	0
 596 01df 12       		.uleb128 0x12
 597 01e0 0E000000 		.4byte	.LVL7
 598 01e4 BA000000 		.4byte	0xba
 599 01e8 0A       		.uleb128 0xa
 600 01e9 22000000 		.4byte	.LVL10
 601 01ed BF030000 		.4byte	0x3bf
 602 01f1 FF010000 		.4byte	0x1ff
 603 01f5 0B       		.uleb128 0xb
 604 01f6 01       		.uleb128 0x1
 605 01f7 50       		.byte	0x50
 606 01f8 05       		.uleb128 0x5
 607 01f9 03       		.byte	0x3
 608 01fa 58000000 		.4byte	.LC6
 609 01fe 00       		.byte	0
 610 01ff 0A       		.uleb128 0xa
 611 0200 2C000000 		.4byte	.LVL11
 612 0204 A9030000 		.4byte	0x3a9
 613 0208 19020000 		.4byte	0x219
 614 020c 0B       		.uleb128 0xb
 615 020d 01       		.uleb128 0x1
 616 020e 51       		.byte	0x51
 617 020f 02       		.uleb128 0x2
 618 0210 91       		.byte	0x91
 619 0211 6C       		.sleb128 -20
 620 0212 0B       		.uleb128 0xb
 621 0213 01       		.uleb128 0x1
 622 0214 50       		.byte	0x50
 623 0215 02       		.uleb128 0x2
 624 0216 75       		.byte	0x75
 625 0217 00       		.sleb128 0
 626 0218 00       		.byte	0
 627 0219 0A       		.uleb128 0xa
 628 021a 32000000 		.4byte	.LVL12
 629 021e BF030000 		.4byte	0x3bf
 630 0222 30020000 		.4byte	0x230
 631 0226 0B       		.uleb128 0xb
 632 0227 01       		.uleb128 0x1
 633 0228 50       		.byte	0x50
 634 0229 05       		.uleb128 0x5
 635 022a 03       		.byte	0x3
 636 022b 6C000000 		.4byte	.LC7
 637 022f 00       		.byte	0
 638 0230 0A       		.uleb128 0xa
 639 0231 3A000000 		.4byte	.LVL13
 640 0235 A9030000 		.4byte	0x3a9
 641 0239 4A020000 		.4byte	0x24a
 642 023d 0B       		.uleb128 0xb
 643 023e 01       		.uleb128 0x1
 644 023f 51       		.byte	0x51
 645 0240 02       		.uleb128 0x2
 646 0241 7D       		.byte	0x7d
 647 0242 00       		.sleb128 0
 648 0243 0B       		.uleb128 0xb
 649 0244 01       		.uleb128 0x1
 650 0245 50       		.byte	0x50
ARM GAS  C:\Users\vellu\AppData\Local\Temp\cczZ3ouj.s 			page 15


 651 0246 02       		.uleb128 0x2
 652 0247 75       		.byte	0x75
 653 0248 00       		.sleb128 0
 654 0249 00       		.byte	0
 655 024a 0A       		.uleb128 0xa
 656 024b 4A000000 		.4byte	.LVL17
 657 024f BF030000 		.4byte	0x3bf
 658 0253 61020000 		.4byte	0x261
 659 0257 0B       		.uleb128 0xb
 660 0258 01       		.uleb128 0x1
 661 0259 50       		.byte	0x50
 662 025a 05       		.uleb128 0x5
 663 025b 03       		.byte	0x3
 664 025c 80000000 		.4byte	.LC8
 665 0260 00       		.byte	0
 666 0261 0C       		.uleb128 0xc
 667 0262 58000000 		.4byte	.LVL21
 668 0266 BF030000 		.4byte	0x3bf
 669 026a 0B       		.uleb128 0xb
 670 026b 01       		.uleb128 0x1
 671 026c 50       		.byte	0x50
 672 026d 05       		.uleb128 0x5
 673 026e 03       		.byte	0x3
 674 026f 80000000 		.4byte	.LC8
 675 0273 00       		.byte	0
 676 0274 00       		.byte	0
 677 0275 12       		.uleb128 0x12
 678 0276 0A000000 		.4byte	.LVL6
 679 027a D5030000 		.4byte	0x3d5
 680 027e 00       		.byte	0
 681 027f 08       		.uleb128 0x8
 682 0280 B3010000 		.4byte	.LASF20
 683 0284 01       		.byte	0x1
 684 0285 45       		.byte	0x45
 685 0286 68000000 		.4byte	0x68
 686 028a 00000000 		.4byte	.LFB65
 687 028e 2A000000 		.4byte	.LFE65-.LFB65
 688 0292 01       		.uleb128 0x1
 689 0293 9C       		.byte	0x9c
 690 0294 EF020000 		.4byte	0x2ef
 691 0298 13       		.uleb128 0x13
 692 0299 4E000000 		.4byte	.LASF21
 693 029d 01       		.byte	0x1
 694 029e 45       		.byte	0x45
 695 029f 68000000 		.4byte	0x68
 696 02a3 8C000000 		.4byte	.LLST2
 697 02a7 14       		.uleb128 0x14
 698 02a8 70747200 		.ascii	"ptr\000"
 699 02ac 01       		.byte	0x1
 700 02ad 45       		.byte	0x45
 701 02ae A9000000 		.4byte	0xa9
 702 02b2 AD000000 		.4byte	.LLST3
 703 02b6 14       		.uleb128 0x14
 704 02b7 6C656E00 		.ascii	"len\000"
 705 02bb 01       		.byte	0x1
 706 02bc 45       		.byte	0x45
 707 02bd 68000000 		.4byte	0x68
ARM GAS  C:\Users\vellu\AppData\Local\Temp\cczZ3ouj.s 			page 16


 708 02c1 E1000000 		.4byte	.LLST4
 709 02c5 15       		.uleb128 0x15
 710 02c6 6E00     		.ascii	"n\000"
 711 02c8 01       		.byte	0x1
 712 02c9 48       		.byte	0x48
 713 02ca 68000000 		.4byte	0x68
 714 02ce FF000000 		.4byte	.LLST5
 715 02d2 0A       		.uleb128 0xa
 716 02d3 16000000 		.4byte	.LVL26
 717 02d7 DC030000 		.4byte	0x3dc
 718 02db E5020000 		.4byte	0x2e5
 719 02df 0B       		.uleb128 0xb
 720 02e0 01       		.uleb128 0x1
 721 02e1 50       		.byte	0x50
 722 02e2 01       		.uleb128 0x1
 723 02e3 3D       		.byte	0x3d
 724 02e4 00       		.byte	0
 725 02e5 12       		.uleb128 0x12
 726 02e6 1E000000 		.4byte	.LVL28
 727 02ea DC030000 		.4byte	0x3dc
 728 02ee 00       		.byte	0
 729 02ef 08       		.uleb128 0x8
 730 02f0 38000000 		.4byte	.LASF22
 731 02f4 01       		.byte	0x1
 732 02f5 50       		.byte	0x50
 733 02f6 68000000 		.4byte	0x68
 734 02fa 00000000 		.4byte	.LFB66
 735 02fe 38000000 		.4byte	.LFE66-.LFB66
 736 0302 01       		.uleb128 0x1
 737 0303 9C       		.byte	0x9c
 738 0304 7F030000 		.4byte	0x37f
 739 0308 13       		.uleb128 0x13
 740 0309 4E000000 		.4byte	.LASF21
 741 030d 01       		.byte	0x1
 742 030e 50       		.byte	0x50
 743 030f 68000000 		.4byte	0x68
 744 0313 1E010000 		.4byte	.LLST6
 745 0317 14       		.uleb128 0x14
 746 0318 70747200 		.ascii	"ptr\000"
 747 031c 01       		.byte	0x1
 748 031d 50       		.byte	0x50
 749 031e A9000000 		.4byte	0xa9
 750 0322 3F010000 		.4byte	.LLST7
 751 0326 13       		.uleb128 0x13
 752 0327 E4010000 		.4byte	.LASF23
 753 032b 01       		.byte	0x1
 754 032c 50       		.byte	0x50
 755 032d 68000000 		.4byte	0x68
 756 0331 73010000 		.4byte	.LLST8
 757 0335 15       		.uleb128 0x15
 758 0336 63687300 		.ascii	"chs\000"
 759 033a 01       		.byte	0x1
 760 033b 52       		.byte	0x52
 761 033c 68000000 		.4byte	0x68
 762 0340 91010000 		.4byte	.LLST9
 763 0344 15       		.uleb128 0x15
 764 0345 636800   		.ascii	"ch\000"
ARM GAS  C:\Users\vellu\AppData\Local\Temp\cczZ3ouj.s 			page 17


 765 0348 01       		.byte	0x1
 766 0349 53       		.byte	0x53
 767 034a 9B000000 		.4byte	0x9b
 768 034e B0010000 		.4byte	.LLST10
 769 0352 12       		.uleb128 0x12
 770 0353 0E000000 		.4byte	.LVL34
 771 0357 ED030000 		.4byte	0x3ed
 772 035b 0A       		.uleb128 0xa
 773 035c 16000000 		.4byte	.LVL35
 774 0360 DC030000 		.4byte	0x3dc
 775 0364 6F030000 		.4byte	0x36f
 776 0368 0B       		.uleb128 0xb
 777 0369 01       		.uleb128 0x1
 778 036a 50       		.byte	0x50
 779 036b 02       		.uleb128 0x2
 780 036c 75       		.byte	0x75
 781 036d 00       		.sleb128 0
 782 036e 00       		.byte	0
 783 036f 0C       		.uleb128 0xc
 784 0370 22000000 		.4byte	.LVL38
 785 0374 DC030000 		.4byte	0x3dc
 786 0378 0B       		.uleb128 0xb
 787 0379 01       		.uleb128 0x1
 788 037a 50       		.byte	0x50
 789 037b 01       		.uleb128 0x1
 790 037c 3A       		.byte	0x3a
 791 037d 00       		.byte	0
 792 037e 00       		.byte	0
 793 037f 16       		.uleb128 0x16
 794 0380 D6000000 		.4byte	.LASF30
 795 0384 07       		.byte	0x7
 796 0385 9606     		.2byte	0x696
 797 0387 8B030000 		.4byte	0x38b
 798 038b 17       		.uleb128 0x17
 799 038c 76000000 		.4byte	0x76
 800 0390 18       		.uleb128 0x18
 801 0391 14020000 		.4byte	.LASF31
 802 0395 08       		.byte	0x8
 803 0396 00       		.byte	0
 804 0397 03020000 		.4byte	.LASF32
 805 039b 68000000 		.4byte	0x68
 806 039f A9030000 		.4byte	0x3a9
 807 03a3 19       		.uleb128 0x19
 808 03a4 AF000000 		.4byte	0xaf
 809 03a8 00       		.byte	0
 810 03a9 1A       		.uleb128 0x1a
 811 03aa 53000000 		.4byte	.LASF24
 812 03ae 05       		.byte	0x5
 813 03af B4       		.byte	0xb4
 814 03b0 68000000 		.4byte	0x68
 815 03b4 BF030000 		.4byte	0x3bf
 816 03b8 19       		.uleb128 0x19
 817 03b9 AF000000 		.4byte	0xaf
 818 03bd 11       		.uleb128 0x11
 819 03be 00       		.byte	0
 820 03bf 1A       		.uleb128 0x1a
 821 03c0 DD010000 		.4byte	.LASF25
ARM GAS  C:\Users\vellu\AppData\Local\Temp\cczZ3ouj.s 			page 18


 822 03c4 05       		.byte	0x5
 823 03c5 B2       		.byte	0xb2
 824 03c6 68000000 		.4byte	0x68
 825 03ca D5030000 		.4byte	0x3d5
 826 03ce 19       		.uleb128 0x19
 827 03cf AF000000 		.4byte	0xaf
 828 03d3 11       		.uleb128 0x11
 829 03d4 00       		.byte	0
 830 03d5 1B       		.uleb128 0x1b
 831 03d6 00000000 		.4byte	.LASF33
 832 03da 06       		.byte	0x6
 833 03db 54       		.byte	0x54
 834 03dc 1C       		.uleb128 0x1c
 835 03dd 71010000 		.4byte	.LASF26
 836 03e1 06       		.byte	0x6
 837 03e2 8A       		.byte	0x8a
 838 03e3 ED030000 		.4byte	0x3ed
 839 03e7 19       		.uleb128 0x19
 840 03e8 81000000 		.4byte	0x81
 841 03ec 00       		.byte	0
 842 03ed 1D       		.uleb128 0x1d
 843 03ee 23020000 		.4byte	.LASF34
 844 03f2 06       		.byte	0x6
 845 03f3 71       		.byte	0x71
 846 03f4 81000000 		.4byte	0x81
 847 03f8 00       		.byte	0
 848              		.section	.debug_abbrev,"",%progbits
 849              	.Ldebug_abbrev0:
 850 0000 01       		.uleb128 0x1
 851 0001 11       		.uleb128 0x11
 852 0002 01       		.byte	0x1
 853 0003 25       		.uleb128 0x25
 854 0004 0E       		.uleb128 0xe
 855 0005 13       		.uleb128 0x13
 856 0006 0B       		.uleb128 0xb
 857 0007 03       		.uleb128 0x3
 858 0008 0E       		.uleb128 0xe
 859 0009 1B       		.uleb128 0x1b
 860 000a 0E       		.uleb128 0xe
 861 000b 55       		.uleb128 0x55
 862 000c 17       		.uleb128 0x17
 863 000d 11       		.uleb128 0x11
 864 000e 01       		.uleb128 0x1
 865 000f 10       		.uleb128 0x10
 866 0010 17       		.uleb128 0x17
 867 0011 00       		.byte	0
 868 0012 00       		.byte	0
 869 0013 02       		.uleb128 0x2
 870 0014 24       		.uleb128 0x24
 871 0015 00       		.byte	0
 872 0016 0B       		.uleb128 0xb
 873 0017 0B       		.uleb128 0xb
 874 0018 3E       		.uleb128 0x3e
 875 0019 0B       		.uleb128 0xb
 876 001a 03       		.uleb128 0x3
 877 001b 0E       		.uleb128 0xe
 878 001c 00       		.byte	0
ARM GAS  C:\Users\vellu\AppData\Local\Temp\cczZ3ouj.s 			page 19


 879 001d 00       		.byte	0
 880 001e 03       		.uleb128 0x3
 881 001f 16       		.uleb128 0x16
 882 0020 00       		.byte	0
 883 0021 03       		.uleb128 0x3
 884 0022 0E       		.uleb128 0xe
 885 0023 3A       		.uleb128 0x3a
 886 0024 0B       		.uleb128 0xb
 887 0025 3B       		.uleb128 0x3b
 888 0026 0B       		.uleb128 0xb
 889 0027 49       		.uleb128 0x49
 890 0028 13       		.uleb128 0x13
 891 0029 00       		.byte	0
 892 002a 00       		.byte	0
 893 002b 04       		.uleb128 0x4
 894 002c 24       		.uleb128 0x24
 895 002d 00       		.byte	0
 896 002e 0B       		.uleb128 0xb
 897 002f 0B       		.uleb128 0xb
 898 0030 3E       		.uleb128 0x3e
 899 0031 0B       		.uleb128 0xb
 900 0032 03       		.uleb128 0x3
 901 0033 08       		.uleb128 0x8
 902 0034 00       		.byte	0
 903 0035 00       		.byte	0
 904 0036 05       		.uleb128 0x5
 905 0037 16       		.uleb128 0x16
 906 0038 00       		.byte	0
 907 0039 03       		.uleb128 0x3
 908 003a 0E       		.uleb128 0xe
 909 003b 3A       		.uleb128 0x3a
 910 003c 0B       		.uleb128 0xb
 911 003d 3B       		.uleb128 0x3b
 912 003e 05       		.uleb128 0x5
 913 003f 49       		.uleb128 0x49
 914 0040 13       		.uleb128 0x13
 915 0041 00       		.byte	0
 916 0042 00       		.byte	0
 917 0043 06       		.uleb128 0x6
 918 0044 0F       		.uleb128 0xf
 919 0045 00       		.byte	0
 920 0046 0B       		.uleb128 0xb
 921 0047 0B       		.uleb128 0xb
 922 0048 49       		.uleb128 0x49
 923 0049 13       		.uleb128 0x13
 924 004a 00       		.byte	0
 925 004b 00       		.byte	0
 926 004c 07       		.uleb128 0x7
 927 004d 26       		.uleb128 0x26
 928 004e 00       		.byte	0
 929 004f 49       		.uleb128 0x49
 930 0050 13       		.uleb128 0x13
 931 0051 00       		.byte	0
 932 0052 00       		.byte	0
 933 0053 08       		.uleb128 0x8
 934 0054 2E       		.uleb128 0x2e
 935 0055 01       		.byte	0x1
ARM GAS  C:\Users\vellu\AppData\Local\Temp\cczZ3ouj.s 			page 20


 936 0056 3F       		.uleb128 0x3f
 937 0057 19       		.uleb128 0x19
 938 0058 03       		.uleb128 0x3
 939 0059 0E       		.uleb128 0xe
 940 005a 3A       		.uleb128 0x3a
 941 005b 0B       		.uleb128 0xb
 942 005c 3B       		.uleb128 0x3b
 943 005d 0B       		.uleb128 0xb
 944 005e 27       		.uleb128 0x27
 945 005f 19       		.uleb128 0x19
 946 0060 49       		.uleb128 0x49
 947 0061 13       		.uleb128 0x13
 948 0062 11       		.uleb128 0x11
 949 0063 01       		.uleb128 0x1
 950 0064 12       		.uleb128 0x12
 951 0065 06       		.uleb128 0x6
 952 0066 40       		.uleb128 0x40
 953 0067 18       		.uleb128 0x18
 954 0068 9742     		.uleb128 0x2117
 955 006a 19       		.uleb128 0x19
 956 006b 01       		.uleb128 0x1
 957 006c 13       		.uleb128 0x13
 958 006d 00       		.byte	0
 959 006e 00       		.byte	0
 960 006f 09       		.uleb128 0x9
 961 0070 34       		.uleb128 0x34
 962 0071 00       		.byte	0
 963 0072 03       		.uleb128 0x3
 964 0073 0E       		.uleb128 0xe
 965 0074 3A       		.uleb128 0x3a
 966 0075 0B       		.uleb128 0xb
 967 0076 3B       		.uleb128 0x3b
 968 0077 0B       		.uleb128 0xb
 969 0078 49       		.uleb128 0x49
 970 0079 13       		.uleb128 0x13
 971 007a 02       		.uleb128 0x2
 972 007b 18       		.uleb128 0x18
 973 007c 00       		.byte	0
 974 007d 00       		.byte	0
 975 007e 0A       		.uleb128 0xa
 976 007f 898201   		.uleb128 0x4109
 977 0082 01       		.byte	0x1
 978 0083 11       		.uleb128 0x11
 979 0084 01       		.uleb128 0x1
 980 0085 31       		.uleb128 0x31
 981 0086 13       		.uleb128 0x13
 982 0087 01       		.uleb128 0x1
 983 0088 13       		.uleb128 0x13
 984 0089 00       		.byte	0
 985 008a 00       		.byte	0
 986 008b 0B       		.uleb128 0xb
 987 008c 8A8201   		.uleb128 0x410a
 988 008f 00       		.byte	0
 989 0090 02       		.uleb128 0x2
 990 0091 18       		.uleb128 0x18
 991 0092 9142     		.uleb128 0x2111
 992 0094 18       		.uleb128 0x18
ARM GAS  C:\Users\vellu\AppData\Local\Temp\cczZ3ouj.s 			page 21


 993 0095 00       		.byte	0
 994 0096 00       		.byte	0
 995 0097 0C       		.uleb128 0xc
 996 0098 898201   		.uleb128 0x4109
 997 009b 01       		.byte	0x1
 998 009c 11       		.uleb128 0x11
 999 009d 01       		.uleb128 0x1
 1000 009e 31       		.uleb128 0x31
 1001 009f 13       		.uleb128 0x13
 1002 00a0 00       		.byte	0
 1003 00a1 00       		.byte	0
 1004 00a2 0D       		.uleb128 0xd
 1005 00a3 34       		.uleb128 0x34
 1006 00a4 00       		.byte	0
 1007 00a5 03       		.uleb128 0x3
 1008 00a6 0E       		.uleb128 0xe
 1009 00a7 3A       		.uleb128 0x3a
 1010 00a8 0B       		.uleb128 0xb
 1011 00a9 3B       		.uleb128 0x3b
 1012 00aa 0B       		.uleb128 0xb
 1013 00ab 49       		.uleb128 0x49
 1014 00ac 13       		.uleb128 0x13
 1015 00ad 02       		.uleb128 0x2
 1016 00ae 17       		.uleb128 0x17
 1017 00af 00       		.byte	0
 1018 00b0 00       		.byte	0
 1019 00b1 0E       		.uleb128 0xe
 1020 00b2 34       		.uleb128 0x34
 1021 00b3 00       		.byte	0
 1022 00b4 03       		.uleb128 0x3
 1023 00b5 08       		.uleb128 0x8
 1024 00b6 3A       		.uleb128 0x3a
 1025 00b7 0B       		.uleb128 0xb
 1026 00b8 3B       		.uleb128 0x3b
 1027 00b9 0B       		.uleb128 0xb
 1028 00ba 49       		.uleb128 0x49
 1029 00bb 13       		.uleb128 0x13
 1030 00bc 02       		.uleb128 0x2
 1031 00bd 18       		.uleb128 0x18
 1032 00be 00       		.byte	0
 1033 00bf 00       		.byte	0
 1034 00c0 0F       		.uleb128 0xf
 1035 00c1 0B       		.uleb128 0xb
 1036 00c2 01       		.byte	0x1
 1037 00c3 11       		.uleb128 0x11
 1038 00c4 01       		.uleb128 0x1
 1039 00c5 12       		.uleb128 0x12
 1040 00c6 06       		.uleb128 0x6
 1041 00c7 01       		.uleb128 0x1
 1042 00c8 13       		.uleb128 0x13
 1043 00c9 00       		.byte	0
 1044 00ca 00       		.byte	0
 1045 00cb 10       		.uleb128 0x10
 1046 00cc 2E       		.uleb128 0x2e
 1047 00cd 01       		.byte	0x1
 1048 00ce 3F       		.uleb128 0x3f
 1049 00cf 19       		.uleb128 0x19
ARM GAS  C:\Users\vellu\AppData\Local\Temp\cczZ3ouj.s 			page 22


 1050 00d0 03       		.uleb128 0x3
 1051 00d1 0E       		.uleb128 0xe
 1052 00d2 3A       		.uleb128 0x3a
 1053 00d3 0B       		.uleb128 0xb
 1054 00d4 3B       		.uleb128 0x3b
 1055 00d5 0B       		.uleb128 0xb
 1056 00d6 49       		.uleb128 0x49
 1057 00d7 13       		.uleb128 0x13
 1058 00d8 3C       		.uleb128 0x3c
 1059 00d9 19       		.uleb128 0x19
 1060 00da 01       		.uleb128 0x1
 1061 00db 13       		.uleb128 0x13
 1062 00dc 00       		.byte	0
 1063 00dd 00       		.byte	0
 1064 00de 11       		.uleb128 0x11
 1065 00df 18       		.uleb128 0x18
 1066 00e0 00       		.byte	0
 1067 00e1 00       		.byte	0
 1068 00e2 00       		.byte	0
 1069 00e3 12       		.uleb128 0x12
 1070 00e4 898201   		.uleb128 0x4109
 1071 00e7 00       		.byte	0
 1072 00e8 11       		.uleb128 0x11
 1073 00e9 01       		.uleb128 0x1
 1074 00ea 31       		.uleb128 0x31
 1075 00eb 13       		.uleb128 0x13
 1076 00ec 00       		.byte	0
 1077 00ed 00       		.byte	0
 1078 00ee 13       		.uleb128 0x13
 1079 00ef 05       		.uleb128 0x5
 1080 00f0 00       		.byte	0
 1081 00f1 03       		.uleb128 0x3
 1082 00f2 0E       		.uleb128 0xe
 1083 00f3 3A       		.uleb128 0x3a
 1084 00f4 0B       		.uleb128 0xb
 1085 00f5 3B       		.uleb128 0x3b
 1086 00f6 0B       		.uleb128 0xb
 1087 00f7 49       		.uleb128 0x49
 1088 00f8 13       		.uleb128 0x13
 1089 00f9 02       		.uleb128 0x2
 1090 00fa 17       		.uleb128 0x17
 1091 00fb 00       		.byte	0
 1092 00fc 00       		.byte	0
 1093 00fd 14       		.uleb128 0x14
 1094 00fe 05       		.uleb128 0x5
 1095 00ff 00       		.byte	0
 1096 0100 03       		.uleb128 0x3
 1097 0101 08       		.uleb128 0x8
 1098 0102 3A       		.uleb128 0x3a
 1099 0103 0B       		.uleb128 0xb
 1100 0104 3B       		.uleb128 0x3b
 1101 0105 0B       		.uleb128 0xb
 1102 0106 49       		.uleb128 0x49
 1103 0107 13       		.uleb128 0x13
 1104 0108 02       		.uleb128 0x2
 1105 0109 17       		.uleb128 0x17
 1106 010a 00       		.byte	0
ARM GAS  C:\Users\vellu\AppData\Local\Temp\cczZ3ouj.s 			page 23


 1107 010b 00       		.byte	0
 1108 010c 15       		.uleb128 0x15
 1109 010d 34       		.uleb128 0x34
 1110 010e 00       		.byte	0
 1111 010f 03       		.uleb128 0x3
 1112 0110 08       		.uleb128 0x8
 1113 0111 3A       		.uleb128 0x3a
 1114 0112 0B       		.uleb128 0xb
 1115 0113 3B       		.uleb128 0x3b
 1116 0114 0B       		.uleb128 0xb
 1117 0115 49       		.uleb128 0x49
 1118 0116 13       		.uleb128 0x13
 1119 0117 02       		.uleb128 0x2
 1120 0118 17       		.uleb128 0x17
 1121 0119 00       		.byte	0
 1122 011a 00       		.byte	0
 1123 011b 16       		.uleb128 0x16
 1124 011c 34       		.uleb128 0x34
 1125 011d 00       		.byte	0
 1126 011e 03       		.uleb128 0x3
 1127 011f 0E       		.uleb128 0xe
 1128 0120 3A       		.uleb128 0x3a
 1129 0121 0B       		.uleb128 0xb
 1130 0122 3B       		.uleb128 0x3b
 1131 0123 05       		.uleb128 0x5
 1132 0124 49       		.uleb128 0x49
 1133 0125 13       		.uleb128 0x13
 1134 0126 3F       		.uleb128 0x3f
 1135 0127 19       		.uleb128 0x19
 1136 0128 3C       		.uleb128 0x3c
 1137 0129 19       		.uleb128 0x19
 1138 012a 00       		.byte	0
 1139 012b 00       		.byte	0
 1140 012c 17       		.uleb128 0x17
 1141 012d 35       		.uleb128 0x35
 1142 012e 00       		.byte	0
 1143 012f 49       		.uleb128 0x49
 1144 0130 13       		.uleb128 0x13
 1145 0131 00       		.byte	0
 1146 0132 00       		.byte	0
 1147 0133 18       		.uleb128 0x18
 1148 0134 2E       		.uleb128 0x2e
 1149 0135 01       		.byte	0x1
 1150 0136 3F       		.uleb128 0x3f
 1151 0137 19       		.uleb128 0x19
 1152 0138 03       		.uleb128 0x3
 1153 0139 0E       		.uleb128 0xe
 1154 013a 3A       		.uleb128 0x3a
 1155 013b 0B       		.uleb128 0xb
 1156 013c 3B       		.uleb128 0x3b
 1157 013d 0B       		.uleb128 0xb
 1158 013e 6E       		.uleb128 0x6e
 1159 013f 0E       		.uleb128 0xe
 1160 0140 27       		.uleb128 0x27
 1161 0141 19       		.uleb128 0x19
 1162 0142 49       		.uleb128 0x49
 1163 0143 13       		.uleb128 0x13
ARM GAS  C:\Users\vellu\AppData\Local\Temp\cczZ3ouj.s 			page 24


 1164 0144 3C       		.uleb128 0x3c
 1165 0145 19       		.uleb128 0x19
 1166 0146 01       		.uleb128 0x1
 1167 0147 13       		.uleb128 0x13
 1168 0148 00       		.byte	0
 1169 0149 00       		.byte	0
 1170 014a 19       		.uleb128 0x19
 1171 014b 05       		.uleb128 0x5
 1172 014c 00       		.byte	0
 1173 014d 49       		.uleb128 0x49
 1174 014e 13       		.uleb128 0x13
 1175 014f 00       		.byte	0
 1176 0150 00       		.byte	0
 1177 0151 1A       		.uleb128 0x1a
 1178 0152 2E       		.uleb128 0x2e
 1179 0153 01       		.byte	0x1
 1180 0154 3F       		.uleb128 0x3f
 1181 0155 19       		.uleb128 0x19
 1182 0156 03       		.uleb128 0x3
 1183 0157 0E       		.uleb128 0xe
 1184 0158 3A       		.uleb128 0x3a
 1185 0159 0B       		.uleb128 0xb
 1186 015a 3B       		.uleb128 0x3b
 1187 015b 0B       		.uleb128 0xb
 1188 015c 27       		.uleb128 0x27
 1189 015d 19       		.uleb128 0x19
 1190 015e 49       		.uleb128 0x49
 1191 015f 13       		.uleb128 0x13
 1192 0160 3C       		.uleb128 0x3c
 1193 0161 19       		.uleb128 0x19
 1194 0162 01       		.uleb128 0x1
 1195 0163 13       		.uleb128 0x13
 1196 0164 00       		.byte	0
 1197 0165 00       		.byte	0
 1198 0166 1B       		.uleb128 0x1b
 1199 0167 2E       		.uleb128 0x2e
 1200 0168 00       		.byte	0
 1201 0169 3F       		.uleb128 0x3f
 1202 016a 19       		.uleb128 0x19
 1203 016b 03       		.uleb128 0x3
 1204 016c 0E       		.uleb128 0xe
 1205 016d 3A       		.uleb128 0x3a
 1206 016e 0B       		.uleb128 0xb
 1207 016f 3B       		.uleb128 0x3b
 1208 0170 0B       		.uleb128 0xb
 1209 0171 27       		.uleb128 0x27
 1210 0172 19       		.uleb128 0x19
 1211 0173 3C       		.uleb128 0x3c
 1212 0174 19       		.uleb128 0x19
 1213 0175 00       		.byte	0
 1214 0176 00       		.byte	0
 1215 0177 1C       		.uleb128 0x1c
 1216 0178 2E       		.uleb128 0x2e
 1217 0179 01       		.byte	0x1
 1218 017a 3F       		.uleb128 0x3f
 1219 017b 19       		.uleb128 0x19
 1220 017c 03       		.uleb128 0x3
ARM GAS  C:\Users\vellu\AppData\Local\Temp\cczZ3ouj.s 			page 25


 1221 017d 0E       		.uleb128 0xe
 1222 017e 3A       		.uleb128 0x3a
 1223 017f 0B       		.uleb128 0xb
 1224 0180 3B       		.uleb128 0x3b
 1225 0181 0B       		.uleb128 0xb
 1226 0182 27       		.uleb128 0x27
 1227 0183 19       		.uleb128 0x19
 1228 0184 3C       		.uleb128 0x3c
 1229 0185 19       		.uleb128 0x19
 1230 0186 01       		.uleb128 0x1
 1231 0187 13       		.uleb128 0x13
 1232 0188 00       		.byte	0
 1233 0189 00       		.byte	0
 1234 018a 1D       		.uleb128 0x1d
 1235 018b 2E       		.uleb128 0x2e
 1236 018c 00       		.byte	0
 1237 018d 3F       		.uleb128 0x3f
 1238 018e 19       		.uleb128 0x19
 1239 018f 03       		.uleb128 0x3
 1240 0190 0E       		.uleb128 0xe
 1241 0191 3A       		.uleb128 0x3a
 1242 0192 0B       		.uleb128 0xb
 1243 0193 3B       		.uleb128 0x3b
 1244 0194 0B       		.uleb128 0xb
 1245 0195 27       		.uleb128 0x27
 1246 0196 19       		.uleb128 0x19
 1247 0197 49       		.uleb128 0x49
 1248 0198 13       		.uleb128 0x13
 1249 0199 3C       		.uleb128 0x3c
 1250 019a 19       		.uleb128 0x19
 1251 019b 00       		.byte	0
 1252 019c 00       		.byte	0
 1253 019d 00       		.byte	0
 1254              		.section	.debug_loc,"",%progbits
 1255              	.Ldebug_loc0:
 1256              	.LLST0:
 1257 0000 10000000 		.4byte	.LVL8
 1258 0004 1E000000 		.4byte	.LVL9
 1259 0008 0100     		.2byte	0x1
 1260 000a 50       		.byte	0x50
 1261 000b 1E000000 		.4byte	.LVL9
 1262 000f 3C000000 		.4byte	.LVL14
 1263 0013 0100     		.2byte	0x1
 1264 0015 54       		.byte	0x54
 1265 0016 3C000000 		.4byte	.LVL14
 1266 001a 3E000000 		.4byte	.LVL15
 1267 001e 0100     		.2byte	0x1
 1268 0020 50       		.byte	0x50
 1269 0021 3E000000 		.4byte	.LVL15
 1270 0025 4C000000 		.4byte	.LVL18
 1271 0029 0100     		.2byte	0x1
 1272 002b 54       		.byte	0x54
 1273 002c 4C000000 		.4byte	.LVL18
 1274 0030 4E000000 		.4byte	.LVL19
 1275 0034 0100     		.2byte	0x1
 1276 0036 50       		.byte	0x50
 1277 0037 4E000000 		.4byte	.LVL19
ARM GAS  C:\Users\vellu\AppData\Local\Temp\cczZ3ouj.s 			page 26


 1278 003b 62000000 		.4byte	.LVL22
 1279 003f 0100     		.2byte	0x1
 1280 0041 54       		.byte	0x54
 1281 0042 00000000 		.4byte	0
 1282 0046 00000000 		.4byte	0
 1283              	.LLST1:
 1284 004a 3C000000 		.4byte	.LVL14
 1285 004e 46000000 		.4byte	.LVL16
 1286 0052 0800     		.2byte	0x8
 1287 0054 7D       		.byte	0x7d
 1288 0055 00       		.sleb128 0
 1289 0056 06       		.byte	0x6
 1290 0057 91       		.byte	0x91
 1291 0058 6C       		.sleb128 -20
 1292 0059 06       		.byte	0x6
 1293 005a 1E       		.byte	0x1e
 1294 005b 9F       		.byte	0x9f
 1295 005c 46000000 		.4byte	.LVL16
 1296 0060 49000000 		.4byte	.LVL17-1
 1297 0064 0100     		.2byte	0x1
 1298 0066 51       		.byte	0x51
 1299 0067 4C000000 		.4byte	.LVL18
 1300 006b 54000000 		.4byte	.LVL20
 1301 006f 0800     		.2byte	0x8
 1302 0071 91       		.byte	0x91
 1303 0072 6C       		.sleb128 -20
 1304 0073 06       		.byte	0x6
 1305 0074 7D       		.byte	0x7d
 1306 0075 00       		.sleb128 0
 1307 0076 06       		.byte	0x6
 1308 0077 22       		.byte	0x22
 1309 0078 9F       		.byte	0x9f
 1310 0079 54000000 		.4byte	.LVL20
 1311 007d 57000000 		.4byte	.LVL21-1
 1312 0081 0100     		.2byte	0x1
 1313 0083 51       		.byte	0x51
 1314 0084 00000000 		.4byte	0
 1315 0088 00000000 		.4byte	0
 1316              	.LLST2:
 1317 008c 00000000 		.4byte	.LVL23
 1318 0090 0A000000 		.4byte	.LVL25
 1319 0094 0100     		.2byte	0x1
 1320 0096 50       		.byte	0x50
 1321 0097 0A000000 		.4byte	.LVL25
 1322 009b 2A000000 		.4byte	.LFE65
 1323 009f 0400     		.2byte	0x4
 1324 00a1 F3       		.byte	0xf3
 1325 00a2 01       		.uleb128 0x1
 1326 00a3 50       		.byte	0x50
 1327 00a4 9F       		.byte	0x9f
 1328 00a5 00000000 		.4byte	0
 1329 00a9 00000000 		.4byte	0
 1330              	.LLST3:
 1331 00ad 00000000 		.4byte	.LVL23
 1332 00b1 0A000000 		.4byte	.LVL25
 1333 00b5 0100     		.2byte	0x1
 1334 00b7 51       		.byte	0x51
ARM GAS  C:\Users\vellu\AppData\Local\Temp\cczZ3ouj.s 			page 27


 1335 00b8 0A000000 		.4byte	.LVL25
 1336 00bc 18000000 		.4byte	.LVL27
 1337 00c0 0100     		.2byte	0x1
 1338 00c2 54       		.byte	0x54
 1339 00c3 18000000 		.4byte	.LVL27
 1340 00c7 22000000 		.4byte	.LVL30
 1341 00cb 0100     		.2byte	0x1
 1342 00cd 56       		.byte	0x56
 1343 00ce 22000000 		.4byte	.LVL30
 1344 00d2 2A000000 		.4byte	.LFE65
 1345 00d6 0100     		.2byte	0x1
 1346 00d8 54       		.byte	0x54
 1347 00d9 00000000 		.4byte	0
 1348 00dd 00000000 		.4byte	0
 1349              	.LLST4:
 1350 00e1 00000000 		.4byte	.LVL23
 1351 00e5 0A000000 		.4byte	.LVL25
 1352 00e9 0100     		.2byte	0x1
 1353 00eb 52       		.byte	0x52
 1354 00ec 0A000000 		.4byte	.LVL25
 1355 00f0 2A000000 		.4byte	.LFE65
 1356 00f4 0100     		.2byte	0x1
 1357 00f6 57       		.byte	0x57
 1358 00f7 00000000 		.4byte	0
 1359 00fb 00000000 		.4byte	0
 1360              	.LLST5:
 1361 00ff 06000000 		.4byte	.LVL24
 1362 0103 0A000000 		.4byte	.LVL25
 1363 0107 0200     		.2byte	0x2
 1364 0109 30       		.byte	0x30
 1365 010a 9F       		.byte	0x9f
 1366 010b 0A000000 		.4byte	.LVL25
 1367 010f 2A000000 		.4byte	.LFE65
 1368 0113 0100     		.2byte	0x1
 1369 0115 55       		.byte	0x55
 1370 0116 00000000 		.4byte	0
 1371 011a 00000000 		.4byte	0
 1372              	.LLST6:
 1373 011e 00000000 		.4byte	.LVL31
 1374 0122 0A000000 		.4byte	.LVL33
 1375 0126 0100     		.2byte	0x1
 1376 0128 50       		.byte	0x50
 1377 0129 0A000000 		.4byte	.LVL33
 1378 012d 38000000 		.4byte	.LFE66
 1379 0131 0400     		.2byte	0x4
 1380 0133 F3       		.byte	0xf3
 1381 0134 01       		.uleb128 0x1
 1382 0135 50       		.byte	0x50
 1383 0136 9F       		.byte	0x9f
 1384 0137 00000000 		.4byte	0
 1385 013b 00000000 		.4byte	0
 1386              	.LLST7:
 1387 013f 00000000 		.4byte	.LVL31
 1388 0143 0A000000 		.4byte	.LVL33
 1389 0147 0100     		.2byte	0x1
 1390 0149 51       		.byte	0x51
 1391 014a 0A000000 		.4byte	.LVL33
ARM GAS  C:\Users\vellu\AppData\Local\Temp\cczZ3ouj.s 			page 28


 1392 014e 26000000 		.4byte	.LVL40
 1393 0152 0100     		.2byte	0x1
 1394 0154 57       		.byte	0x57
 1395 0155 26000000 		.4byte	.LVL40
 1396 0159 30000000 		.4byte	.LVL42
 1397 015d 0100     		.2byte	0x1
 1398 015f 53       		.byte	0x53
 1399 0160 30000000 		.4byte	.LVL42
 1400 0164 34000000 		.4byte	.LVL43
 1401 0168 0100     		.2byte	0x1
 1402 016a 57       		.byte	0x57
 1403 016b 00000000 		.4byte	0
 1404 016f 00000000 		.4byte	0
 1405              	.LLST8:
 1406 0173 00000000 		.4byte	.LVL31
 1407 0177 0A000000 		.4byte	.LVL33
 1408 017b 0100     		.2byte	0x1
 1409 017d 52       		.byte	0x52
 1410 017e 0A000000 		.4byte	.LVL33
 1411 0182 38000000 		.4byte	.LFE66
 1412 0186 0100     		.2byte	0x1
 1413 0188 54       		.byte	0x54
 1414 0189 00000000 		.4byte	0
 1415 018d 00000000 		.4byte	0
 1416              	.LLST9:
 1417 0191 06000000 		.4byte	.LVL32
 1418 0195 0A000000 		.4byte	.LVL33
 1419 0199 0200     		.2byte	0x2
 1420 019b 30       		.byte	0x30
 1421 019c 9F       		.byte	0x9f
 1422 019d 0A000000 		.4byte	.LVL33
 1423 01a1 38000000 		.4byte	.LFE66
 1424 01a5 0100     		.2byte	0x1
 1425 01a7 56       		.byte	0x56
 1426 01a8 00000000 		.4byte	0
 1427 01ac 00000000 		.4byte	0
 1428              	.LLST10:
 1429 01b0 0E000000 		.4byte	.LVL34
 1430 01b4 15000000 		.4byte	.LVL35-1
 1431 01b8 0100     		.2byte	0x1
 1432 01ba 50       		.byte	0x50
 1433 01bb 1C000000 		.4byte	.LVL37
 1434 01bf 24000000 		.4byte	.LVL39
 1435 01c3 0200     		.2byte	0x2
 1436 01c5 3A       		.byte	0x3a
 1437 01c6 9F       		.byte	0x9f
 1438 01c7 24000000 		.4byte	.LVL39
 1439 01cb 30000000 		.4byte	.LVL42
 1440 01cf 0100     		.2byte	0x1
 1441 01d1 55       		.byte	0x55
 1442 01d2 00000000 		.4byte	0
 1443 01d6 00000000 		.4byte	0
 1444              		.section	.debug_aranges,"",%progbits
 1445 0000 34000000 		.4byte	0x34
 1446 0004 0200     		.2byte	0x2
 1447 0006 00000000 		.4byte	.Ldebug_info0
 1448 000a 04       		.byte	0x4
ARM GAS  C:\Users\vellu\AppData\Local\Temp\cczZ3ouj.s 			page 29


 1449 000b 00       		.byte	0
 1450 000c 0000     		.2byte	0
 1451 000e 0000     		.2byte	0
 1452 0010 00000000 		.4byte	.LFB64
 1453 0014 4C000000 		.4byte	.LFE64-.LFB64
 1454 0018 00000000 		.4byte	.LFB63
 1455 001c 74000000 		.4byte	.LFE63-.LFB63
 1456 0020 00000000 		.4byte	.LFB65
 1457 0024 2A000000 		.4byte	.LFE65-.LFB65
 1458 0028 00000000 		.4byte	.LFB66
 1459 002c 38000000 		.4byte	.LFE66-.LFB66
 1460 0030 00000000 		.4byte	0
 1461 0034 00000000 		.4byte	0
 1462              		.section	.debug_ranges,"",%progbits
 1463              	.Ldebug_ranges0:
 1464 0000 00000000 		.4byte	.LFB64
 1465 0004 4C000000 		.4byte	.LFE64
 1466 0008 00000000 		.4byte	.LFB63
 1467 000c 74000000 		.4byte	.LFE63
 1468 0010 00000000 		.4byte	.LFB65
 1469 0014 2A000000 		.4byte	.LFE65
 1470 0018 00000000 		.4byte	.LFB66
 1471 001c 38000000 		.4byte	.LFE66
 1472 0020 00000000 		.4byte	0
 1473 0024 00000000 		.4byte	0
 1474              		.section	.debug_line,"",%progbits
 1475              	.Ldebug_line0:
 1476 0000 F7010000 		.section	.debug_str,"MS",%progbits,1
 1476      02006C01 
 1476      00000201 
 1476      FB0E0D00 
 1476      01010101 
 1477              	.LASF33:
 1478 0000 55415254 		.ascii	"UART_1_Start\000"
 1478      5F315F53 
 1478      74617274 
 1478      00
 1479              	.LASF9:
 1480 000d 5F5F696E 		.ascii	"__int32_t\000"
 1480      7433325F 
 1480      7400
 1481              	.LASF3:
 1482 0017 73686F72 		.ascii	"short unsigned int\000"
 1482      7420756E 
 1482      7369676E 
 1482      65642069 
 1482      6E7400
 1483              	.LASF16:
 1484 002a 53656C65 		.ascii	"SelectionMenu\000"
 1484      6374696F 
 1484      6E4D656E 
 1484      7500
 1485              	.LASF22:
 1486 0038 5F726561 		.ascii	"_read\000"
 1486      6400
 1487              	.LASF18:
 1488 003e 73656C65 		.ascii	"selection\000"
ARM GAS  C:\Users\vellu\AppData\Local\Temp\cczZ3ouj.s 			page 30


 1488      6374696F 
 1488      6E00
 1489              	.LASF12:
 1490 0048 666C6F61 		.ascii	"float\000"
 1490      7400
 1491              	.LASF21:
 1492 004e 66696C65 		.ascii	"file\000"
 1492      00
 1493              	.LASF24:
 1494 0053 7363616E 		.ascii	"scanf\000"
 1494      6600
 1495              	.LASF1:
 1496 0059 756E7369 		.ascii	"unsigned char\000"
 1496      676E6564 
 1496      20636861 
 1496      7200
 1497              	.LASF5:
 1498 0067 6C6F6E67 		.ascii	"long unsigned int\000"
 1498      20756E73 
 1498      69676E65 
 1498      6420696E 
 1498      7400
 1499              	.LASF13:
 1500 0079 646F7562 		.ascii	"double\000"
 1500      6C6500
 1501              	.LASF29:
 1502 0080 433A5C55 		.ascii	"C:\\Users\\vellu\\OneDrive\\Tiedostot\\PSoC Creator"
 1502      73657273 
 1502      5C76656C 
 1502      6C755C4F 
 1502      6E654472 
 1503 00ae 5C4B6F75 		.ascii	"\\KouluOhjelmointi\\Exercise10.cydsn\000"
 1503      6C754F68 
 1503      6A656C6D 
 1503      6F696E74 
 1503      695C4578 
 1504              	.LASF17:
 1505 00d1 6D61696E 		.ascii	"main\000"
 1505      00
 1506              	.LASF30:
 1507 00d6 49544D5F 		.ascii	"ITM_RxBuffer\000"
 1507      52784275 
 1507      66666572 
 1507      00
 1508              	.LASF27:
 1509 00e3 474E5520 		.ascii	"GNU C 4.9.3 20150303 (release) [ARM/embedded-4_9-br"
 1509      4320342E 
 1509      392E3320 
 1509      32303135 
 1509      30333033 
 1510 0116 616E6368 		.ascii	"anch revision 221220] -mcpu=cortex-m3 -mthumb -g -O"
 1510      20726576 
 1510      6973696F 
 1510      6E203232 
 1510      31323230 
 1511 0149 67202D66 		.ascii	"g -ffunction-sections -ffat-lto-objects\000"
 1511      66756E63 
ARM GAS  C:\Users\vellu\AppData\Local\Temp\cczZ3ouj.s 			page 31


 1511      74696F6E 
 1511      2D736563 
 1511      74696F6E 
 1512              	.LASF26:
 1513 0171 55415254 		.ascii	"UART_1_PutChar\000"
 1513      5F315F50 
 1513      75744368 
 1513      617200
 1514              	.LASF8:
 1515 0180 756E7369 		.ascii	"unsigned int\000"
 1515      676E6564 
 1515      20696E74 
 1515      00
 1516              	.LASF7:
 1517 018d 6C6F6E67 		.ascii	"long long unsigned int\000"
 1517      206C6F6E 
 1517      6720756E 
 1517      7369676E 
 1517      65642069 
 1518              	.LASF19:
 1519 01a4 72657375 		.ascii	"result\000"
 1519      6C7400
 1520              	.LASF10:
 1521 01ab 696E7433 		.ascii	"int32_t\000"
 1521      325F7400 
 1522              	.LASF20:
 1523 01b3 5F777269 		.ascii	"_write\000"
 1523      746500
 1524              	.LASF15:
 1525 01ba 73697A65 		.ascii	"sizetype\000"
 1525      74797065 
 1525      00
 1526              	.LASF6:
 1527 01c3 6C6F6E67 		.ascii	"long long int\000"
 1527      206C6F6E 
 1527      6720696E 
 1527      7400
 1528              	.LASF28:
 1529 01d1 6D61696E 		.ascii	"main.c\000"
 1529      2E6300
 1530              	.LASF14:
 1531 01d8 63686172 		.ascii	"char\000"
 1531      00
 1532              	.LASF25:
 1533 01dd 7072696E 		.ascii	"printf\000"
 1533      746600
 1534              	.LASF23:
 1535 01e4 636F756E 		.ascii	"count\000"
 1535      7400
 1536              	.LASF2:
 1537 01ea 73686F72 		.ascii	"short int\000"
 1537      7420696E 
 1537      7400
 1538              	.LASF11:
 1539 01f4 75696E74 		.ascii	"uint8\000"
 1539      3800
 1540              	.LASF4:
ARM GAS  C:\Users\vellu\AppData\Local\Temp\cczZ3ouj.s 			page 32


 1541 01fa 6C6F6E67 		.ascii	"long int\000"
 1541      20696E74 
 1541      00
 1542              	.LASF32:
 1543 0203 70757473 		.ascii	"puts\000"
 1543      00
 1544              	.LASF0:
 1545 0208 7369676E 		.ascii	"signed char\000"
 1545      65642063 
 1545      68617200 
 1546              	.LASF31:
 1547 0214 5F5F6275 		.ascii	"__builtin_puts\000"
 1547      696C7469 
 1547      6E5F7075 
 1547      747300
 1548              	.LASF34:
 1549 0223 55415254 		.ascii	"UART_1_GetChar\000"
 1549      5F315F47 
 1549      65744368 
 1549      617200
 1550              		.ident	"GCC: (GNU Tools for ARM Embedded Processors) 4.9.3 20150303 (release) [ARM/embedded-4_9-br
