ARM GAS  C:\Users\vellu\AppData\Local\Temp\ccSlxXWs.s 			page 1


   1              		.syntax unified
   2              		.cpu cortex-m3
   3              		.fpu softvfp
   4              		.eabi_attribute 20, 1
   5              		.eabi_attribute 21, 1
   6              		.eabi_attribute 23, 3
   7              		.eabi_attribute 24, 1
   8              		.eabi_attribute 25, 1
   9              		.eabi_attribute 26, 1
  10              		.eabi_attribute 30, 1
  11              		.eabi_attribute 34, 1
  12              		.eabi_attribute 18, 4
  13              		.thumb
  14              		.file	"main.c"
  15              		.text
  16              	.Ltext0:
  17              		.cfi_sections	.debug_frame
  18              		.section	.text.main,"ax",%progbits
  19              		.align	2
  20              		.global	main
  21              		.thumb
  22              		.thumb_func
  23              		.type	main, %function
  24              	main:
  25              	.LFB63:
  26              		.file 1 "main.c"
   1:main.c        **** /* ========================================
   2:main.c        ****  *
   3:main.c        ****  * Copyright YOUR COMPANY, THE YEAR
   4:main.c        ****  * All Rights Reserved
   5:main.c        ****  * UNPUBLISHED, LICENSED SOFTWARE.
   6:main.c        ****  *
   7:main.c        ****  * CONFIDENTIAL AND PROPRIETARY INFORMATION
   8:main.c        ****  * WHICH IS THE PROPERTY OF your company.
   9:main.c        ****  *
  10:main.c        ****  * ========================================
  11:main.c        **** */
  12:main.c        **** #include "project.h"
  13:main.c        **** #include "stdio.h"
  14:main.c        **** 
  15:main.c        **** int main(void)
  16:main.c        **** {
  27              		.loc 1 16 0
  28              		.cfi_startproc
  29              		@ args = 0, pretend = 0, frame = 64
  30              		@ frame_needed = 0, uses_anonymous_args = 0
  31 0000 30B5     		push	{r4, r5, lr}
  32              		.cfi_def_cfa_offset 12
  33              		.cfi_offset 4, -12
  34              		.cfi_offset 5, -8
  35              		.cfi_offset 14, -4
  36 0002 91B0     		sub	sp, sp, #68
  37              		.cfi_def_cfa_offset 80
  17:main.c        ****     CyGlobalIntEnable; /* Enable global interrupts. */
  38              		.loc 1 17 0
  39              	@ 17 "main.c" 1
  40 0004 62B6     		CPSIE   i
ARM GAS  C:\Users\vellu\AppData\Local\Temp\ccSlxXWs.s 			page 2


  41              	@ 0 "" 2
  18:main.c        **** 
  19:main.c        ****     /* Place your initialization/startup code here (e.g. MyInst_Start()) */
  20:main.c        ****     UART_1_Start();
  42              		.loc 1 20 0
  43              		.thumb
  44 0006 FFF7FEFF 		bl	UART_1_Start
  45              	.LVL0:
  21:main.c        ****     
  22:main.c        ****     int month[12]={31,28,31,30,31,30,31,31,30,31,30,31};
  46              		.loc 1 22 0
  47 000a 04AC     		add	r4, sp, #16
  48 000c 234D     		ldr	r5, .L9
  49 000e 0FCD     		ldmia	r5!, {r0, r1, r2, r3}
  50 0010 0FC4     		stmia	r4!, {r0, r1, r2, r3}
  51 0012 0FCD     		ldmia	r5!, {r0, r1, r2, r3}
  52 0014 0FC4     		stmia	r4!, {r0, r1, r2, r3}
  53 0016 95E80F00 		ldmia	r5, {r0, r1, r2, r3}
  54 001a 84E80F00 		stmia	r4, {r0, r1, r2, r3}
  23:main.c        ****     int cur_d;
  24:main.c        ****     int cur_m;
  25:main.c        ****     int cur_y;
  26:main.c        ****     int next_d;
  27:main.c        ****     int next_m;
  28:main.c        ****     int next_y;
  29:main.c        ****     int next_days;
  30:main.c        ****     
  31:main.c        ****     printf("\nEnter today's date (d.m.y): ");
  55              		.loc 1 31 0
  56 001e 2048     		ldr	r0, .L9+4
  57 0020 FFF7FEFF 		bl	printf
  58              	.LVL1:
  32:main.c        ****     scanf("%d.%d.%d\n",&cur_d,&cur_m,&cur_y);
  59              		.loc 1 32 0
  60 0024 1F48     		ldr	r0, .L9+8
  61 0026 03A9     		add	r1, sp, #12
  62 0028 02AA     		add	r2, sp, #8
  63 002a 01AB     		add	r3, sp, #4
  64 002c FFF7FEFF 		bl	scanf
  65              	.LVL2:
  33:main.c        ****     printf("Today's date is: %d.%d.%d\n",cur_d,cur_m,cur_y);
  66              		.loc 1 33 0
  67 0030 1D48     		ldr	r0, .L9+12
  68 0032 0399     		ldr	r1, [sp, #12]
  69 0034 029A     		ldr	r2, [sp, #8]
  70 0036 019B     		ldr	r3, [sp, #4]
  71 0038 FFF7FEFF 		bl	printf
  72              	.LVL3:
  34:main.c        ****     next_days=month[cur_m-1];
  73              		.loc 1 34 0
  74 003c 029A     		ldr	r2, [sp, #8]
  75 003e 10AB     		add	r3, sp, #64
  76 0040 03EB8203 		add	r3, r3, r2, lsl #2
  77 0044 53F8340C 		ldr	r0, [r3, #-52]
  78              	.LVL4:
  35:main.c        ****     if(cur_m==2)
  79              		.loc 1 35 0
ARM GAS  C:\Users\vellu\AppData\Local\Temp\ccSlxXWs.s 			page 3


  80 0048 022A     		cmp	r2, #2
  81 004a 15D1     		bne	.L2
  36:main.c        ****     {
  37:main.c        ****         if(cur_y%100==0)
  82              		.loc 1 37 0
  83 004c 019B     		ldr	r3, [sp, #4]
  84 004e 6424     		movs	r4, #100
  85 0050 93FBF4F1 		sdiv	r1, r3, r4
  86 0054 04FB1131 		mls	r1, r4, r1, r3
  87 0058 39B9     		cbnz	r1, .L3
  38:main.c        ****         {
  39:main.c        ****             if(cur_y%400==0)
  88              		.loc 1 39 0
  89 005a 4FF4C874 		mov	r4, #400
  90 005e 93FBF4F1 		sdiv	r1, r3, r4
  91 0062 04FB1133 		mls	r3, r4, r1, r3
  92 0066 23B1     		cbz	r3, .L6
  93 0068 06E0     		b	.L2
  94              	.L3:
  40:main.c        ****             next_days=28;
  41:main.c        ****         }
  42:main.c        ****         else
  43:main.c        ****         if(cur_y%4==0)
  95              		.loc 1 43 0
  96 006a 13F0030F 		tst	r3, #3
  97 006e 02D0     		beq	.L7
  98 0070 02E0     		b	.L2
  99              	.L6:
  40:main.c        ****             next_days=28;
 100              		.loc 1 40 0
 101 0072 1C20     		movs	r0, #28
 102              	.LVL5:
 103 0074 00E0     		b	.L2
 104              	.LVL6:
 105              	.L7:
  44:main.c        ****         next_days=29;
 106              		.loc 1 44 0
 107 0076 1D20     		movs	r0, #29
 108              	.LVL7:
 109              	.L2:
  45:main.c        ****     }
  46:main.c        ****     next_d=cur_d+1;
 110              		.loc 1 46 0
 111 0078 0399     		ldr	r1, [sp, #12]
 112 007a 0131     		adds	r1, r1, #1
 113              	.LVL8:
  47:main.c        ****     next_m=cur_m;
  48:main.c        ****     next_y=cur_y;
 114              		.loc 1 48 0
 115 007c 019B     		ldr	r3, [sp, #4]
 116              	.LVL9:
  49:main.c        ****     if(next_d>next_days)
 117              		.loc 1 49 0
 118 007e 8142     		cmp	r1, r0
 119 0080 01DD     		ble	.L4
 120              	.LVL10:
  50:main.c        ****     {
ARM GAS  C:\Users\vellu\AppData\Local\Temp\ccSlxXWs.s 			page 4


  51:main.c        ****         next_d=1;
  52:main.c        ****         next_m++;
 121              		.loc 1 52 0
 122 0082 0132     		adds	r2, r2, #1
 123              	.LVL11:
  51:main.c        ****         next_m++;
 124              		.loc 1 51 0
 125 0084 0121     		movs	r1, #1
 126              	.LVL12:
 127              	.L4:
  53:main.c        ****     }
  54:main.c        ****     if (next_m>12)
 128              		.loc 1 54 0
 129 0086 0C2A     		cmp	r2, #12
 130 0088 01DD     		ble	.L5
 131              	.LVL13:
  55:main.c        ****     {
  56:main.c        ****         next_m=1;
  57:main.c        ****         next_y++;
 132              		.loc 1 57 0
 133 008a 0133     		adds	r3, r3, #1
 134              	.LVL14:
  56:main.c        ****         next_y++;
 135              		.loc 1 56 0
 136 008c 0122     		movs	r2, #1
 137              	.LVL15:
 138              	.L5:
  58:main.c        ****     }
  59:main.c        ****     printf("Tomorrow is: %d.%d.%d\n",next_d,next_m,next_y);
 139              		.loc 1 59 0
 140 008e 0748     		ldr	r0, .L9+16
 141              	.LVL16:
 142 0090 FFF7FEFF 		bl	printf
 143              	.LVL17:
  60:main.c        ****        
  61:main.c        ****     return 0;
  62:main.c        ****     
  63:main.c        **** }
 144              		.loc 1 63 0
 145 0094 0020     		movs	r0, #0
 146 0096 11B0     		add	sp, sp, #68
 147              		.cfi_def_cfa_offset 12
 148              		@ sp needed
 149 0098 30BD     		pop	{r4, r5, pc}
 150              	.L10:
 151 009a 00BF     		.align	2
 152              	.L9:
 153 009c 00000000 		.word	.LANCHOR0
 154 00a0 00000000 		.word	.LC1
 155 00a4 20000000 		.word	.LC2
 156 00a8 2C000000 		.word	.LC3
 157 00ac 48000000 		.word	.LC4
 158              		.cfi_endproc
 159              	.LFE63:
 160              		.size	main, .-main
 161              		.section	.text._write,"ax",%progbits
 162              		.align	2
ARM GAS  C:\Users\vellu\AppData\Local\Temp\ccSlxXWs.s 			page 5


 163              		.global	_write
 164              		.thumb
 165              		.thumb_func
 166              		.type	_write, %function
 167              	_write:
 168              	.LFB64:
  64:main.c        **** int _write(int file, char *ptr, int len)
  65:main.c        **** {
 169              		.loc 1 65 0
 170              		.cfi_startproc
 171              		@ args = 0, pretend = 0, frame = 0
 172              		@ frame_needed = 0, uses_anonymous_args = 0
 173              	.LVL18:
 174 0000 F8B5     		push	{r3, r4, r5, r6, r7, lr}
 175              		.cfi_def_cfa_offset 24
 176              		.cfi_offset 3, -24
 177              		.cfi_offset 4, -20
 178              		.cfi_offset 5, -16
 179              		.cfi_offset 6, -12
 180              		.cfi_offset 7, -8
 181              		.cfi_offset 14, -4
 182 0002 0C46     		mov	r4, r1
 183 0004 1746     		mov	r7, r2
 184              	.LVL19:
  66:main.c        ****     (void)file; /* Parameter is not used, suppress unused argument warning */
  67:main.c        **** 	int n;
  68:main.c        **** 	for(n = 0; n < len; n++) {
 185              		.loc 1 68 0
 186 0006 0025     		movs	r5, #0
 187 0008 0BE0     		b	.L12
 188              	.LVL20:
 189              	.L14:
  69:main.c        ****         if(*ptr == '\n') UART_1_PutChar('\r');
 190              		.loc 1 69 0
 191 000a 2378     		ldrb	r3, [r4]	@ zero_extendqisi2
 192 000c 0A2B     		cmp	r3, #10
 193 000e 02D1     		bne	.L13
 194              		.loc 1 69 0 is_stmt 0 discriminator 1
 195 0010 0D20     		movs	r0, #13
 196 0012 FFF7FEFF 		bl	UART_1_PutChar
 197              	.LVL21:
 198              	.L13:
  70:main.c        **** 		UART_1_PutChar(*ptr++);
 199              		.loc 1 70 0 is_stmt 1 discriminator 2
 200 0016 661C     		adds	r6, r4, #1
 201              	.LVL22:
 202 0018 2078     		ldrb	r0, [r4]	@ zero_extendqisi2
 203 001a FFF7FEFF 		bl	UART_1_PutChar
 204              	.LVL23:
  68:main.c        ****         if(*ptr == '\n') UART_1_PutChar('\r');
 205              		.loc 1 68 0 discriminator 2
 206 001e 0135     		adds	r5, r5, #1
 207              	.LVL24:
 208              		.loc 1 70 0 discriminator 2
 209 0020 3446     		mov	r4, r6
 210              	.LVL25:
 211              	.L12:
ARM GAS  C:\Users\vellu\AppData\Local\Temp\ccSlxXWs.s 			page 6


  68:main.c        ****         if(*ptr == '\n') UART_1_PutChar('\r');
 212              		.loc 1 68 0 discriminator 1
 213 0022 BD42     		cmp	r5, r7
 214 0024 F1DB     		blt	.L14
  71:main.c        **** 	}
  72:main.c        **** 	return len;
  73:main.c        **** }
 215              		.loc 1 73 0
 216 0026 3846     		mov	r0, r7
 217 0028 F8BD     		pop	{r3, r4, r5, r6, r7, pc}
 218              		.cfi_endproc
 219              	.LFE64:
 220              		.size	_write, .-_write
 221 002a 00BF     		.section	.text._read,"ax",%progbits
 222              		.align	2
 223              		.global	_read
 224              		.thumb
 225              		.thumb_func
 226              		.type	_read, %function
 227              	_read:
 228              	.LFB65:
  74:main.c        **** 
  75:main.c        **** int _read (int file, char *ptr, int count)
  76:main.c        **** {
 229              		.loc 1 76 0
 230              		.cfi_startproc
 231              		@ args = 0, pretend = 0, frame = 0
 232              		@ frame_needed = 0, uses_anonymous_args = 0
 233              	.LVL26:
 234 0000 F8B5     		push	{r3, r4, r5, r6, r7, lr}
 235              		.cfi_def_cfa_offset 24
 236              		.cfi_offset 3, -24
 237              		.cfi_offset 4, -20
 238              		.cfi_offset 5, -16
 239              		.cfi_offset 6, -12
 240              		.cfi_offset 7, -8
 241              		.cfi_offset 14, -4
 242 0002 0F46     		mov	r7, r1
 243 0004 1446     		mov	r4, r2
 244              	.LVL27:
  77:main.c        ****     int chs = 0;
 245              		.loc 1 77 0
 246 0006 0026     		movs	r6, #0
  78:main.c        ****     char ch;
  79:main.c        ****  
  80:main.c        ****     (void)file; /* Parameter is not used, suppress unused argument warning */
  81:main.c        ****     while(count > 0) {
 247              		.loc 1 81 0
 248 0008 12E0     		b	.L18
 249              	.LVL28:
 250              	.L21:
  82:main.c        ****         ch = UART_1_GetChar();
 251              		.loc 1 82 0
 252 000a FFF7FEFF 		bl	UART_1_GetChar
 253              	.LVL29:
  83:main.c        ****         if(ch != 0) {
 254              		.loc 1 83 0
ARM GAS  C:\Users\vellu\AppData\Local\Temp\ccSlxXWs.s 			page 7


 255 000e 0546     		mov	r5, r0
 256 0010 70B1     		cbz	r0, .L18
  84:main.c        ****             UART_1_PutChar(ch);
 257              		.loc 1 84 0
 258 0012 FFF7FEFF 		bl	UART_1_PutChar
 259              	.LVL30:
  85:main.c        ****             chs++;
 260              		.loc 1 85 0
 261 0016 0136     		adds	r6, r6, #1
 262              	.LVL31:
  86:main.c        ****             if(ch == '\r') {
 263              		.loc 1 86 0
 264 0018 0D2D     		cmp	r5, #13
 265 001a 03D1     		bne	.L19
 266              	.LVL32:
  87:main.c        ****                 ch = '\n';
  88:main.c        ****                 UART_1_PutChar(ch);
 267              		.loc 1 88 0
 268 001c 0A20     		movs	r0, #10
 269 001e FFF7FEFF 		bl	UART_1_PutChar
 270              	.LVL33:
  87:main.c        ****                 ch = '\n';
 271              		.loc 1 87 0
 272 0022 0A25     		movs	r5, #10
 273              	.LVL34:
 274              	.L19:
  89:main.c        ****             }
  90:main.c        ****             *ptr++ = ch;
 275              		.loc 1 90 0
 276 0024 7B1C     		adds	r3, r7, #1
 277              	.LVL35:
 278 0026 3D70     		strb	r5, [r7]
  91:main.c        ****             count--;
 279              		.loc 1 91 0
 280 0028 013C     		subs	r4, r4, #1
 281              	.LVL36:
  92:main.c        ****             if(ch == '\n') break;
 282              		.loc 1 92 0
 283 002a 0A2D     		cmp	r5, #10
 284 002c 02D0     		beq	.L20
  90:main.c        ****             count--;
 285              		.loc 1 90 0
 286 002e 1F46     		mov	r7, r3
 287              	.LVL37:
 288              	.L18:
  81:main.c        ****         ch = UART_1_GetChar();
 289              		.loc 1 81 0
 290 0030 002C     		cmp	r4, #0
 291 0032 EADC     		bgt	.L21
 292              	.LVL38:
 293              	.L20:
  93:main.c        ****         }
  94:main.c        ****     }
  95:main.c        ****     return chs;
  96:main.c        **** }
 294              		.loc 1 96 0
 295 0034 3046     		mov	r0, r6
ARM GAS  C:\Users\vellu\AppData\Local\Temp\ccSlxXWs.s 			page 8


 296 0036 F8BD     		pop	{r3, r4, r5, r6, r7, pc}
 297              		.cfi_endproc
 298              	.LFE65:
 299              		.size	_read, .-_read
 300              		.section	.rodata
 301              		.align	2
 302              		.set	.LANCHOR0,. + 0
 303              	.LC0:
 304 0000 1F000000 		.word	31
 305 0004 1C000000 		.word	28
 306 0008 1F000000 		.word	31
 307 000c 1E000000 		.word	30
 308 0010 1F000000 		.word	31
 309 0014 1E000000 		.word	30
 310 0018 1F000000 		.word	31
 311 001c 1F000000 		.word	31
 312 0020 1E000000 		.word	30
 313 0024 1F000000 		.word	31
 314 0028 1E000000 		.word	30
 315 002c 1F000000 		.word	31
 316              		.section	.rodata.str1.4,"aMS",%progbits,1
 317              		.align	2
 318              	.LC1:
 319 0000 0A456E74 		.ascii	"\012Enter today's date (d.m.y): \000"
 319      65722074 
 319      6F646179 
 319      27732064 
 319      61746520 
 320 001e 0000     		.space	2
 321              	.LC2:
 322 0020 25642E25 		.ascii	"%d.%d.%d\012\000"
 322      642E2564 
 322      0A00
 323 002a 0000     		.space	2
 324              	.LC3:
 325 002c 546F6461 		.ascii	"Today's date is: %d.%d.%d\012\000"
 325      79277320 
 325      64617465 
 325      2069733A 
 325      2025642E 
 326 0047 00       		.space	1
 327              	.LC4:
 328 0048 546F6D6F 		.ascii	"Tomorrow is: %d.%d.%d\012\000"
 328      72726F77 
 328      2069733A 
 328      2025642E 
 328      25642E25 
 329 005f 00       		.text
 330              	.Letext0:
 331              		.file 2 "c:\\program files (x86)\\cypress\\psoc creator\\4.0\\psoc creator\\import\\gnu\\arm\\4.9.
 332              		.file 3 "c:\\program files (x86)\\cypress\\psoc creator\\4.0\\psoc creator\\import\\gnu\\arm\\4.9.
 333              		.file 4 "Generated_Source\\PSoC5/cytypes.h"
 334              		.file 5 "c:\\program files (x86)\\cypress\\psoc creator\\4.0\\psoc creator\\import\\gnu\\arm\\4.9.
 335              		.file 6 "Generated_Source\\PSoC5/core_cm3.h"
 336              		.file 7 "Generated_Source\\PSoC5/UART_1.h"
 337              		.section	.debug_info,"",%progbits
 338              	.Ldebug_info0:
ARM GAS  C:\Users\vellu\AppData\Local\Temp\ccSlxXWs.s 			page 9


 339 0000 2E030000 		.4byte	0x32e
 340 0004 0400     		.2byte	0x4
 341 0006 00000000 		.4byte	.Ldebug_abbrev0
 342 000a 04       		.byte	0x4
 343 000b 01       		.uleb128 0x1
 344 000c F7000000 		.4byte	.LASF31
 345 0010 01       		.byte	0x1
 346 0011 DE010000 		.4byte	.LASF32
 347 0015 A7000000 		.4byte	.LASF33
 348 0019 00000000 		.4byte	.Ldebug_ranges0+0
 349 001d 00000000 		.4byte	0
 350 0021 00000000 		.4byte	.Ldebug_line0
 351 0025 02       		.uleb128 0x2
 352 0026 01       		.byte	0x1
 353 0027 06       		.byte	0x6
 354 0028 1A020000 		.4byte	.LASF0
 355 002c 02       		.uleb128 0x2
 356 002d 01       		.byte	0x1
 357 002e 08       		.byte	0x8
 358 002f 87000000 		.4byte	.LASF1
 359 0033 02       		.uleb128 0x2
 360 0034 02       		.byte	0x2
 361 0035 05       		.byte	0x5
 362 0036 F7010000 		.4byte	.LASF2
 363 003a 02       		.uleb128 0x2
 364 003b 02       		.byte	0x2
 365 003c 07       		.byte	0x7
 366 003d 25000000 		.4byte	.LASF3
 367 0041 03       		.uleb128 0x3
 368 0042 14000000 		.4byte	.LASF9
 369 0046 02       		.byte	0x2
 370 0047 3F       		.byte	0x3f
 371 0048 4C000000 		.4byte	0x4c
 372 004c 02       		.uleb128 0x2
 373 004d 04       		.byte	0x4
 374 004e 05       		.byte	0x5
 375 004f 11020000 		.4byte	.LASF4
 376 0053 02       		.uleb128 0x2
 377 0054 04       		.byte	0x4
 378 0055 07       		.byte	0x7
 379 0056 62000000 		.4byte	.LASF5
 380 005a 02       		.uleb128 0x2
 381 005b 08       		.byte	0x8
 382 005c 05       		.byte	0x5
 383 005d D0010000 		.4byte	.LASF6
 384 0061 02       		.uleb128 0x2
 385 0062 08       		.byte	0x8
 386 0063 07       		.byte	0x7
 387 0064 A1010000 		.4byte	.LASF7
 388 0068 04       		.uleb128 0x4
 389 0069 04       		.byte	0x4
 390 006a 05       		.byte	0x5
 391 006b 696E7400 		.ascii	"int\000"
 392 006f 02       		.uleb128 0x2
 393 0070 04       		.byte	0x4
 394 0071 07       		.byte	0x7
 395 0072 94010000 		.4byte	.LASF8
ARM GAS  C:\Users\vellu\AppData\Local\Temp\ccSlxXWs.s 			page 10


 396 0076 03       		.uleb128 0x3
 397 0077 B8010000 		.4byte	.LASF10
 398 007b 03       		.byte	0x3
 399 007c 2C       		.byte	0x2c
 400 007d 41000000 		.4byte	0x41
 401 0081 05       		.uleb128 0x5
 402 0082 0B020000 		.4byte	.LASF11
 403 0086 04       		.byte	0x4
 404 0087 9201     		.2byte	0x192
 405 0089 2C000000 		.4byte	0x2c
 406 008d 02       		.uleb128 0x2
 407 008e 04       		.byte	0x4
 408 008f 04       		.byte	0x4
 409 0090 4B000000 		.4byte	.LASF12
 410 0094 02       		.uleb128 0x2
 411 0095 08       		.byte	0x8
 412 0096 04       		.byte	0x4
 413 0097 95000000 		.4byte	.LASF13
 414 009b 02       		.uleb128 0x2
 415 009c 01       		.byte	0x1
 416 009d 08       		.byte	0x8
 417 009e E5010000 		.4byte	.LASF14
 418 00a2 02       		.uleb128 0x2
 419 00a3 04       		.byte	0x4
 420 00a4 07       		.byte	0x7
 421 00a5 C7010000 		.4byte	.LASF15
 422 00a9 06       		.uleb128 0x6
 423 00aa 04       		.byte	0x4
 424 00ab 9B000000 		.4byte	0x9b
 425 00af 06       		.uleb128 0x6
 426 00b0 04       		.byte	0x4
 427 00b1 B5000000 		.4byte	0xb5
 428 00b5 07       		.uleb128 0x7
 429 00b6 9B000000 		.4byte	0x9b
 430 00ba 08       		.uleb128 0x8
 431 00bb A2000000 		.4byte	.LASF24
 432 00bf 01       		.byte	0x1
 433 00c0 0F       		.byte	0xf
 434 00c1 68000000 		.4byte	0x68
 435 00c5 00000000 		.4byte	.LFB63
 436 00c9 B0000000 		.4byte	.LFE63-.LFB63
 437 00cd 01       		.uleb128 0x1
 438 00ce 9C       		.byte	0x9c
 439 00cf C1010000 		.4byte	0x1c1
 440 00d3 09       		.uleb128 0x9
 441 00d4 38000000 		.4byte	.LASF16
 442 00d8 01       		.byte	0x1
 443 00d9 16       		.byte	0x16
 444 00da C1010000 		.4byte	0x1c1
 445 00de 02       		.uleb128 0x2
 446 00df 91       		.byte	0x91
 447 00e0 40       		.sleb128 -64
 448 00e1 09       		.uleb128 0x9
 449 00e2 5C000000 		.4byte	.LASF17
 450 00e6 01       		.byte	0x1
 451 00e7 17       		.byte	0x17
 452 00e8 68000000 		.4byte	0x68
ARM GAS  C:\Users\vellu\AppData\Local\Temp\ccSlxXWs.s 			page 11


 453 00ec 03       		.uleb128 0x3
 454 00ed 91       		.byte	0x91
 455 00ee BC7F     		.sleb128 -68
 456 00f0 09       		.uleb128 0x9
 457 00f1 74000000 		.4byte	.LASF18
 458 00f5 01       		.byte	0x1
 459 00f6 18       		.byte	0x18
 460 00f7 68000000 		.4byte	0x68
 461 00fb 03       		.uleb128 0x3
 462 00fc 91       		.byte	0x91
 463 00fd B87F     		.sleb128 -72
 464 00ff 09       		.uleb128 0x9
 465 0100 9C000000 		.4byte	.LASF19
 466 0104 01       		.byte	0x1
 467 0105 19       		.byte	0x19
 468 0106 68000000 		.4byte	0x68
 469 010a 03       		.uleb128 0x3
 470 010b 91       		.byte	0x91
 471 010c B47F     		.sleb128 -76
 472 010e 0A       		.uleb128 0xa
 473 010f 0D000000 		.4byte	.LASF20
 474 0113 01       		.byte	0x1
 475 0114 1A       		.byte	0x1a
 476 0115 68000000 		.4byte	0x68
 477 0119 00000000 		.4byte	.LLST0
 478 011d 0A       		.uleb128 0xa
 479 011e 1E000000 		.4byte	.LASF21
 480 0122 01       		.byte	0x1
 481 0123 1B       		.byte	0x1b
 482 0124 68000000 		.4byte	0x68
 483 0128 2A000000 		.4byte	.LLST1
 484 012c 0A       		.uleb128 0xa
 485 012d 3E000000 		.4byte	.LASF22
 486 0131 01       		.byte	0x1
 487 0132 1C       		.byte	0x1c
 488 0133 68000000 		.4byte	0x68
 489 0137 54000000 		.4byte	.LLST2
 490 013b 0A       		.uleb128 0xa
 491 013c 01020000 		.4byte	.LASF23
 492 0140 01       		.byte	0x1
 493 0141 1D       		.byte	0x1d
 494 0142 68000000 		.4byte	0x68
 495 0146 67000000 		.4byte	.LLST3
 496 014a 0B       		.uleb128 0xb
 497 014b 0A000000 		.4byte	.LVL0
 498 014f E2020000 		.4byte	0x2e2
 499 0153 0C       		.uleb128 0xc
 500 0154 24000000 		.4byte	.LVL1
 501 0158 E9020000 		.4byte	0x2e9
 502 015c 6A010000 		.4byte	0x16a
 503 0160 0D       		.uleb128 0xd
 504 0161 01       		.uleb128 0x1
 505 0162 50       		.byte	0x50
 506 0163 05       		.uleb128 0x5
 507 0164 03       		.byte	0x3
 508 0165 00000000 		.4byte	.LC1
 509 0169 00       		.byte	0
ARM GAS  C:\Users\vellu\AppData\Local\Temp\ccSlxXWs.s 			page 12


 510 016a 0C       		.uleb128 0xc
 511 016b 30000000 		.4byte	.LVL2
 512 016f FF020000 		.4byte	0x2ff
 513 0173 96010000 		.4byte	0x196
 514 0177 0D       		.uleb128 0xd
 515 0178 01       		.uleb128 0x1
 516 0179 53       		.byte	0x53
 517 017a 03       		.uleb128 0x3
 518 017b 91       		.byte	0x91
 519 017c B47F     		.sleb128 -76
 520 017e 0D       		.uleb128 0xd
 521 017f 01       		.uleb128 0x1
 522 0180 52       		.byte	0x52
 523 0181 03       		.uleb128 0x3
 524 0182 91       		.byte	0x91
 525 0183 B87F     		.sleb128 -72
 526 0185 0D       		.uleb128 0xd
 527 0186 01       		.uleb128 0x1
 528 0187 51       		.byte	0x51
 529 0188 03       		.uleb128 0x3
 530 0189 91       		.byte	0x91
 531 018a BC7F     		.sleb128 -68
 532 018c 0D       		.uleb128 0xd
 533 018d 01       		.uleb128 0x1
 534 018e 50       		.byte	0x50
 535 018f 05       		.uleb128 0x5
 536 0190 03       		.byte	0x3
 537 0191 20000000 		.4byte	.LC2
 538 0195 00       		.byte	0
 539 0196 0C       		.uleb128 0xc
 540 0197 3C000000 		.4byte	.LVL3
 541 019b E9020000 		.4byte	0x2e9
 542 019f AD010000 		.4byte	0x1ad
 543 01a3 0D       		.uleb128 0xd
 544 01a4 01       		.uleb128 0x1
 545 01a5 50       		.byte	0x50
 546 01a6 05       		.uleb128 0x5
 547 01a7 03       		.byte	0x3
 548 01a8 2C000000 		.4byte	.LC3
 549 01ac 00       		.byte	0
 550 01ad 0E       		.uleb128 0xe
 551 01ae 94000000 		.4byte	.LVL17
 552 01b2 E9020000 		.4byte	0x2e9
 553 01b6 0D       		.uleb128 0xd
 554 01b7 01       		.uleb128 0x1
 555 01b8 50       		.byte	0x50
 556 01b9 05       		.uleb128 0x5
 557 01ba 03       		.byte	0x3
 558 01bb 48000000 		.4byte	.LC4
 559 01bf 00       		.byte	0
 560 01c0 00       		.byte	0
 561 01c1 0F       		.uleb128 0xf
 562 01c2 68000000 		.4byte	0x68
 563 01c6 D1010000 		.4byte	0x1d1
 564 01ca 10       		.uleb128 0x10
 565 01cb A2000000 		.4byte	0xa2
 566 01cf 0B       		.byte	0xb
ARM GAS  C:\Users\vellu\AppData\Local\Temp\ccSlxXWs.s 			page 13


 567 01d0 00       		.byte	0
 568 01d1 08       		.uleb128 0x8
 569 01d2 C0010000 		.4byte	.LASF25
 570 01d6 01       		.byte	0x1
 571 01d7 40       		.byte	0x40
 572 01d8 68000000 		.4byte	0x68
 573 01dc 00000000 		.4byte	.LFB64
 574 01e0 2A000000 		.4byte	.LFE64-.LFB64
 575 01e4 01       		.uleb128 0x1
 576 01e5 9C       		.byte	0x9c
 577 01e6 41020000 		.4byte	0x241
 578 01ea 11       		.uleb128 0x11
 579 01eb 51000000 		.4byte	.LASF26
 580 01ef 01       		.byte	0x1
 581 01f0 40       		.byte	0x40
 582 01f1 68000000 		.4byte	0x68
 583 01f5 99000000 		.4byte	.LLST4
 584 01f9 12       		.uleb128 0x12
 585 01fa 70747200 		.ascii	"ptr\000"
 586 01fe 01       		.byte	0x1
 587 01ff 40       		.byte	0x40
 588 0200 A9000000 		.4byte	0xa9
 589 0204 BA000000 		.4byte	.LLST5
 590 0208 12       		.uleb128 0x12
 591 0209 6C656E00 		.ascii	"len\000"
 592 020d 01       		.byte	0x1
 593 020e 40       		.byte	0x40
 594 020f 68000000 		.4byte	0x68
 595 0213 EE000000 		.4byte	.LLST6
 596 0217 13       		.uleb128 0x13
 597 0218 6E00     		.ascii	"n\000"
 598 021a 01       		.byte	0x1
 599 021b 43       		.byte	0x43
 600 021c 68000000 		.4byte	0x68
 601 0220 0C010000 		.4byte	.LLST7
 602 0224 0C       		.uleb128 0xc
 603 0225 16000000 		.4byte	.LVL21
 604 0229 15030000 		.4byte	0x315
 605 022d 37020000 		.4byte	0x237
 606 0231 0D       		.uleb128 0xd
 607 0232 01       		.uleb128 0x1
 608 0233 50       		.byte	0x50
 609 0234 01       		.uleb128 0x1
 610 0235 3D       		.byte	0x3d
 611 0236 00       		.byte	0
 612 0237 0B       		.uleb128 0xb
 613 0238 1E000000 		.4byte	.LVL23
 614 023c 15030000 		.4byte	0x315
 615 0240 00       		.byte	0
 616 0241 08       		.uleb128 0x8
 617 0242 45000000 		.4byte	.LASF27
 618 0246 01       		.byte	0x1
 619 0247 4B       		.byte	0x4b
 620 0248 68000000 		.4byte	0x68
 621 024c 00000000 		.4byte	.LFB65
 622 0250 38000000 		.4byte	.LFE65-.LFB65
 623 0254 01       		.uleb128 0x1
ARM GAS  C:\Users\vellu\AppData\Local\Temp\ccSlxXWs.s 			page 14


 624 0255 9C       		.byte	0x9c
 625 0256 D1020000 		.4byte	0x2d1
 626 025a 11       		.uleb128 0x11
 627 025b 51000000 		.4byte	.LASF26
 628 025f 01       		.byte	0x1
 629 0260 4B       		.byte	0x4b
 630 0261 68000000 		.4byte	0x68
 631 0265 2B010000 		.4byte	.LLST8
 632 0269 12       		.uleb128 0x12
 633 026a 70747200 		.ascii	"ptr\000"
 634 026e 01       		.byte	0x1
 635 026f 4B       		.byte	0x4b
 636 0270 A9000000 		.4byte	0xa9
 637 0274 4C010000 		.4byte	.LLST9
 638 0278 11       		.uleb128 0x11
 639 0279 F1010000 		.4byte	.LASF28
 640 027d 01       		.byte	0x1
 641 027e 4B       		.byte	0x4b
 642 027f 68000000 		.4byte	0x68
 643 0283 80010000 		.4byte	.LLST10
 644 0287 13       		.uleb128 0x13
 645 0288 63687300 		.ascii	"chs\000"
 646 028c 01       		.byte	0x1
 647 028d 4D       		.byte	0x4d
 648 028e 68000000 		.4byte	0x68
 649 0292 9E010000 		.4byte	.LLST11
 650 0296 13       		.uleb128 0x13
 651 0297 636800   		.ascii	"ch\000"
 652 029a 01       		.byte	0x1
 653 029b 4E       		.byte	0x4e
 654 029c 9B000000 		.4byte	0x9b
 655 02a0 BD010000 		.4byte	.LLST12
 656 02a4 0B       		.uleb128 0xb
 657 02a5 0E000000 		.4byte	.LVL29
 658 02a9 26030000 		.4byte	0x326
 659 02ad 0C       		.uleb128 0xc
 660 02ae 16000000 		.4byte	.LVL30
 661 02b2 15030000 		.4byte	0x315
 662 02b6 C1020000 		.4byte	0x2c1
 663 02ba 0D       		.uleb128 0xd
 664 02bb 01       		.uleb128 0x1
 665 02bc 50       		.byte	0x50
 666 02bd 02       		.uleb128 0x2
 667 02be 75       		.byte	0x75
 668 02bf 00       		.sleb128 0
 669 02c0 00       		.byte	0
 670 02c1 0E       		.uleb128 0xe
 671 02c2 22000000 		.4byte	.LVL33
 672 02c6 15030000 		.4byte	0x315
 673 02ca 0D       		.uleb128 0xd
 674 02cb 01       		.uleb128 0x1
 675 02cc 50       		.byte	0x50
 676 02cd 01       		.uleb128 0x1
 677 02ce 3A       		.byte	0x3a
 678 02cf 00       		.byte	0
 679 02d0 00       		.byte	0
 680 02d1 14       		.uleb128 0x14
ARM GAS  C:\Users\vellu\AppData\Local\Temp\ccSlxXWs.s 			page 15


 681 02d2 7A000000 		.4byte	.LASF34
 682 02d6 06       		.byte	0x6
 683 02d7 9606     		.2byte	0x696
 684 02d9 DD020000 		.4byte	0x2dd
 685 02dd 15       		.uleb128 0x15
 686 02de 76000000 		.4byte	0x76
 687 02e2 16       		.uleb128 0x16
 688 02e3 00000000 		.4byte	.LASF35
 689 02e7 07       		.byte	0x7
 690 02e8 54       		.byte	0x54
 691 02e9 17       		.uleb128 0x17
 692 02ea EA010000 		.4byte	.LASF29
 693 02ee 05       		.byte	0x5
 694 02ef B2       		.byte	0xb2
 695 02f0 68000000 		.4byte	0x68
 696 02f4 FF020000 		.4byte	0x2ff
 697 02f8 18       		.uleb128 0x18
 698 02f9 AF000000 		.4byte	0xaf
 699 02fd 19       		.uleb128 0x19
 700 02fe 00       		.byte	0
 701 02ff 17       		.uleb128 0x17
 702 0300 56000000 		.4byte	.LASF30
 703 0304 05       		.byte	0x5
 704 0305 B4       		.byte	0xb4
 705 0306 68000000 		.4byte	0x68
 706 030a 15030000 		.4byte	0x315
 707 030e 18       		.uleb128 0x18
 708 030f AF000000 		.4byte	0xaf
 709 0313 19       		.uleb128 0x19
 710 0314 00       		.byte	0
 711 0315 1A       		.uleb128 0x1a
 712 0316 85010000 		.4byte	.LASF36
 713 031a 07       		.byte	0x7
 714 031b 8A       		.byte	0x8a
 715 031c 26030000 		.4byte	0x326
 716 0320 18       		.uleb128 0x18
 717 0321 81000000 		.4byte	0x81
 718 0325 00       		.byte	0
 719 0326 1B       		.uleb128 0x1b
 720 0327 26020000 		.4byte	.LASF37
 721 032b 07       		.byte	0x7
 722 032c 71       		.byte	0x71
 723 032d 81000000 		.4byte	0x81
 724 0331 00       		.byte	0
 725              		.section	.debug_abbrev,"",%progbits
 726              	.Ldebug_abbrev0:
 727 0000 01       		.uleb128 0x1
 728 0001 11       		.uleb128 0x11
 729 0002 01       		.byte	0x1
 730 0003 25       		.uleb128 0x25
 731 0004 0E       		.uleb128 0xe
 732 0005 13       		.uleb128 0x13
 733 0006 0B       		.uleb128 0xb
 734 0007 03       		.uleb128 0x3
 735 0008 0E       		.uleb128 0xe
 736 0009 1B       		.uleb128 0x1b
 737 000a 0E       		.uleb128 0xe
ARM GAS  C:\Users\vellu\AppData\Local\Temp\ccSlxXWs.s 			page 16


 738 000b 55       		.uleb128 0x55
 739 000c 17       		.uleb128 0x17
 740 000d 11       		.uleb128 0x11
 741 000e 01       		.uleb128 0x1
 742 000f 10       		.uleb128 0x10
 743 0010 17       		.uleb128 0x17
 744 0011 00       		.byte	0
 745 0012 00       		.byte	0
 746 0013 02       		.uleb128 0x2
 747 0014 24       		.uleb128 0x24
 748 0015 00       		.byte	0
 749 0016 0B       		.uleb128 0xb
 750 0017 0B       		.uleb128 0xb
 751 0018 3E       		.uleb128 0x3e
 752 0019 0B       		.uleb128 0xb
 753 001a 03       		.uleb128 0x3
 754 001b 0E       		.uleb128 0xe
 755 001c 00       		.byte	0
 756 001d 00       		.byte	0
 757 001e 03       		.uleb128 0x3
 758 001f 16       		.uleb128 0x16
 759 0020 00       		.byte	0
 760 0021 03       		.uleb128 0x3
 761 0022 0E       		.uleb128 0xe
 762 0023 3A       		.uleb128 0x3a
 763 0024 0B       		.uleb128 0xb
 764 0025 3B       		.uleb128 0x3b
 765 0026 0B       		.uleb128 0xb
 766 0027 49       		.uleb128 0x49
 767 0028 13       		.uleb128 0x13
 768 0029 00       		.byte	0
 769 002a 00       		.byte	0
 770 002b 04       		.uleb128 0x4
 771 002c 24       		.uleb128 0x24
 772 002d 00       		.byte	0
 773 002e 0B       		.uleb128 0xb
 774 002f 0B       		.uleb128 0xb
 775 0030 3E       		.uleb128 0x3e
 776 0031 0B       		.uleb128 0xb
 777 0032 03       		.uleb128 0x3
 778 0033 08       		.uleb128 0x8
 779 0034 00       		.byte	0
 780 0035 00       		.byte	0
 781 0036 05       		.uleb128 0x5
 782 0037 16       		.uleb128 0x16
 783 0038 00       		.byte	0
 784 0039 03       		.uleb128 0x3
 785 003a 0E       		.uleb128 0xe
 786 003b 3A       		.uleb128 0x3a
 787 003c 0B       		.uleb128 0xb
 788 003d 3B       		.uleb128 0x3b
 789 003e 05       		.uleb128 0x5
 790 003f 49       		.uleb128 0x49
 791 0040 13       		.uleb128 0x13
 792 0041 00       		.byte	0
 793 0042 00       		.byte	0
 794 0043 06       		.uleb128 0x6
ARM GAS  C:\Users\vellu\AppData\Local\Temp\ccSlxXWs.s 			page 17


 795 0044 0F       		.uleb128 0xf
 796 0045 00       		.byte	0
 797 0046 0B       		.uleb128 0xb
 798 0047 0B       		.uleb128 0xb
 799 0048 49       		.uleb128 0x49
 800 0049 13       		.uleb128 0x13
 801 004a 00       		.byte	0
 802 004b 00       		.byte	0
 803 004c 07       		.uleb128 0x7
 804 004d 26       		.uleb128 0x26
 805 004e 00       		.byte	0
 806 004f 49       		.uleb128 0x49
 807 0050 13       		.uleb128 0x13
 808 0051 00       		.byte	0
 809 0052 00       		.byte	0
 810 0053 08       		.uleb128 0x8
 811 0054 2E       		.uleb128 0x2e
 812 0055 01       		.byte	0x1
 813 0056 3F       		.uleb128 0x3f
 814 0057 19       		.uleb128 0x19
 815 0058 03       		.uleb128 0x3
 816 0059 0E       		.uleb128 0xe
 817 005a 3A       		.uleb128 0x3a
 818 005b 0B       		.uleb128 0xb
 819 005c 3B       		.uleb128 0x3b
 820 005d 0B       		.uleb128 0xb
 821 005e 27       		.uleb128 0x27
 822 005f 19       		.uleb128 0x19
 823 0060 49       		.uleb128 0x49
 824 0061 13       		.uleb128 0x13
 825 0062 11       		.uleb128 0x11
 826 0063 01       		.uleb128 0x1
 827 0064 12       		.uleb128 0x12
 828 0065 06       		.uleb128 0x6
 829 0066 40       		.uleb128 0x40
 830 0067 18       		.uleb128 0x18
 831 0068 9742     		.uleb128 0x2117
 832 006a 19       		.uleb128 0x19
 833 006b 01       		.uleb128 0x1
 834 006c 13       		.uleb128 0x13
 835 006d 00       		.byte	0
 836 006e 00       		.byte	0
 837 006f 09       		.uleb128 0x9
 838 0070 34       		.uleb128 0x34
 839 0071 00       		.byte	0
 840 0072 03       		.uleb128 0x3
 841 0073 0E       		.uleb128 0xe
 842 0074 3A       		.uleb128 0x3a
 843 0075 0B       		.uleb128 0xb
 844 0076 3B       		.uleb128 0x3b
 845 0077 0B       		.uleb128 0xb
 846 0078 49       		.uleb128 0x49
 847 0079 13       		.uleb128 0x13
 848 007a 02       		.uleb128 0x2
 849 007b 18       		.uleb128 0x18
 850 007c 00       		.byte	0
 851 007d 00       		.byte	0
ARM GAS  C:\Users\vellu\AppData\Local\Temp\ccSlxXWs.s 			page 18


 852 007e 0A       		.uleb128 0xa
 853 007f 34       		.uleb128 0x34
 854 0080 00       		.byte	0
 855 0081 03       		.uleb128 0x3
 856 0082 0E       		.uleb128 0xe
 857 0083 3A       		.uleb128 0x3a
 858 0084 0B       		.uleb128 0xb
 859 0085 3B       		.uleb128 0x3b
 860 0086 0B       		.uleb128 0xb
 861 0087 49       		.uleb128 0x49
 862 0088 13       		.uleb128 0x13
 863 0089 02       		.uleb128 0x2
 864 008a 17       		.uleb128 0x17
 865 008b 00       		.byte	0
 866 008c 00       		.byte	0
 867 008d 0B       		.uleb128 0xb
 868 008e 898201   		.uleb128 0x4109
 869 0091 00       		.byte	0
 870 0092 11       		.uleb128 0x11
 871 0093 01       		.uleb128 0x1
 872 0094 31       		.uleb128 0x31
 873 0095 13       		.uleb128 0x13
 874 0096 00       		.byte	0
 875 0097 00       		.byte	0
 876 0098 0C       		.uleb128 0xc
 877 0099 898201   		.uleb128 0x4109
 878 009c 01       		.byte	0x1
 879 009d 11       		.uleb128 0x11
 880 009e 01       		.uleb128 0x1
 881 009f 31       		.uleb128 0x31
 882 00a0 13       		.uleb128 0x13
 883 00a1 01       		.uleb128 0x1
 884 00a2 13       		.uleb128 0x13
 885 00a3 00       		.byte	0
 886 00a4 00       		.byte	0
 887 00a5 0D       		.uleb128 0xd
 888 00a6 8A8201   		.uleb128 0x410a
 889 00a9 00       		.byte	0
 890 00aa 02       		.uleb128 0x2
 891 00ab 18       		.uleb128 0x18
 892 00ac 9142     		.uleb128 0x2111
 893 00ae 18       		.uleb128 0x18
 894 00af 00       		.byte	0
 895 00b0 00       		.byte	0
 896 00b1 0E       		.uleb128 0xe
 897 00b2 898201   		.uleb128 0x4109
 898 00b5 01       		.byte	0x1
 899 00b6 11       		.uleb128 0x11
 900 00b7 01       		.uleb128 0x1
 901 00b8 31       		.uleb128 0x31
 902 00b9 13       		.uleb128 0x13
 903 00ba 00       		.byte	0
 904 00bb 00       		.byte	0
 905 00bc 0F       		.uleb128 0xf
 906 00bd 01       		.uleb128 0x1
 907 00be 01       		.byte	0x1
 908 00bf 49       		.uleb128 0x49
ARM GAS  C:\Users\vellu\AppData\Local\Temp\ccSlxXWs.s 			page 19


 909 00c0 13       		.uleb128 0x13
 910 00c1 01       		.uleb128 0x1
 911 00c2 13       		.uleb128 0x13
 912 00c3 00       		.byte	0
 913 00c4 00       		.byte	0
 914 00c5 10       		.uleb128 0x10
 915 00c6 21       		.uleb128 0x21
 916 00c7 00       		.byte	0
 917 00c8 49       		.uleb128 0x49
 918 00c9 13       		.uleb128 0x13
 919 00ca 2F       		.uleb128 0x2f
 920 00cb 0B       		.uleb128 0xb
 921 00cc 00       		.byte	0
 922 00cd 00       		.byte	0
 923 00ce 11       		.uleb128 0x11
 924 00cf 05       		.uleb128 0x5
 925 00d0 00       		.byte	0
 926 00d1 03       		.uleb128 0x3
 927 00d2 0E       		.uleb128 0xe
 928 00d3 3A       		.uleb128 0x3a
 929 00d4 0B       		.uleb128 0xb
 930 00d5 3B       		.uleb128 0x3b
 931 00d6 0B       		.uleb128 0xb
 932 00d7 49       		.uleb128 0x49
 933 00d8 13       		.uleb128 0x13
 934 00d9 02       		.uleb128 0x2
 935 00da 17       		.uleb128 0x17
 936 00db 00       		.byte	0
 937 00dc 00       		.byte	0
 938 00dd 12       		.uleb128 0x12
 939 00de 05       		.uleb128 0x5
 940 00df 00       		.byte	0
 941 00e0 03       		.uleb128 0x3
 942 00e1 08       		.uleb128 0x8
 943 00e2 3A       		.uleb128 0x3a
 944 00e3 0B       		.uleb128 0xb
 945 00e4 3B       		.uleb128 0x3b
 946 00e5 0B       		.uleb128 0xb
 947 00e6 49       		.uleb128 0x49
 948 00e7 13       		.uleb128 0x13
 949 00e8 02       		.uleb128 0x2
 950 00e9 17       		.uleb128 0x17
 951 00ea 00       		.byte	0
 952 00eb 00       		.byte	0
 953 00ec 13       		.uleb128 0x13
 954 00ed 34       		.uleb128 0x34
 955 00ee 00       		.byte	0
 956 00ef 03       		.uleb128 0x3
 957 00f0 08       		.uleb128 0x8
 958 00f1 3A       		.uleb128 0x3a
 959 00f2 0B       		.uleb128 0xb
 960 00f3 3B       		.uleb128 0x3b
 961 00f4 0B       		.uleb128 0xb
 962 00f5 49       		.uleb128 0x49
 963 00f6 13       		.uleb128 0x13
 964 00f7 02       		.uleb128 0x2
 965 00f8 17       		.uleb128 0x17
ARM GAS  C:\Users\vellu\AppData\Local\Temp\ccSlxXWs.s 			page 20


 966 00f9 00       		.byte	0
 967 00fa 00       		.byte	0
 968 00fb 14       		.uleb128 0x14
 969 00fc 34       		.uleb128 0x34
 970 00fd 00       		.byte	0
 971 00fe 03       		.uleb128 0x3
 972 00ff 0E       		.uleb128 0xe
 973 0100 3A       		.uleb128 0x3a
 974 0101 0B       		.uleb128 0xb
 975 0102 3B       		.uleb128 0x3b
 976 0103 05       		.uleb128 0x5
 977 0104 49       		.uleb128 0x49
 978 0105 13       		.uleb128 0x13
 979 0106 3F       		.uleb128 0x3f
 980 0107 19       		.uleb128 0x19
 981 0108 3C       		.uleb128 0x3c
 982 0109 19       		.uleb128 0x19
 983 010a 00       		.byte	0
 984 010b 00       		.byte	0
 985 010c 15       		.uleb128 0x15
 986 010d 35       		.uleb128 0x35
 987 010e 00       		.byte	0
 988 010f 49       		.uleb128 0x49
 989 0110 13       		.uleb128 0x13
 990 0111 00       		.byte	0
 991 0112 00       		.byte	0
 992 0113 16       		.uleb128 0x16
 993 0114 2E       		.uleb128 0x2e
 994 0115 00       		.byte	0
 995 0116 3F       		.uleb128 0x3f
 996 0117 19       		.uleb128 0x19
 997 0118 03       		.uleb128 0x3
 998 0119 0E       		.uleb128 0xe
 999 011a 3A       		.uleb128 0x3a
 1000 011b 0B       		.uleb128 0xb
 1001 011c 3B       		.uleb128 0x3b
 1002 011d 0B       		.uleb128 0xb
 1003 011e 27       		.uleb128 0x27
 1004 011f 19       		.uleb128 0x19
 1005 0120 3C       		.uleb128 0x3c
 1006 0121 19       		.uleb128 0x19
 1007 0122 00       		.byte	0
 1008 0123 00       		.byte	0
 1009 0124 17       		.uleb128 0x17
 1010 0125 2E       		.uleb128 0x2e
 1011 0126 01       		.byte	0x1
 1012 0127 3F       		.uleb128 0x3f
 1013 0128 19       		.uleb128 0x19
 1014 0129 03       		.uleb128 0x3
 1015 012a 0E       		.uleb128 0xe
 1016 012b 3A       		.uleb128 0x3a
 1017 012c 0B       		.uleb128 0xb
 1018 012d 3B       		.uleb128 0x3b
 1019 012e 0B       		.uleb128 0xb
 1020 012f 27       		.uleb128 0x27
 1021 0130 19       		.uleb128 0x19
 1022 0131 49       		.uleb128 0x49
ARM GAS  C:\Users\vellu\AppData\Local\Temp\ccSlxXWs.s 			page 21


 1023 0132 13       		.uleb128 0x13
 1024 0133 3C       		.uleb128 0x3c
 1025 0134 19       		.uleb128 0x19
 1026 0135 01       		.uleb128 0x1
 1027 0136 13       		.uleb128 0x13
 1028 0137 00       		.byte	0
 1029 0138 00       		.byte	0
 1030 0139 18       		.uleb128 0x18
 1031 013a 05       		.uleb128 0x5
 1032 013b 00       		.byte	0
 1033 013c 49       		.uleb128 0x49
 1034 013d 13       		.uleb128 0x13
 1035 013e 00       		.byte	0
 1036 013f 00       		.byte	0
 1037 0140 19       		.uleb128 0x19
 1038 0141 18       		.uleb128 0x18
 1039 0142 00       		.byte	0
 1040 0143 00       		.byte	0
 1041 0144 00       		.byte	0
 1042 0145 1A       		.uleb128 0x1a
 1043 0146 2E       		.uleb128 0x2e
 1044 0147 01       		.byte	0x1
 1045 0148 3F       		.uleb128 0x3f
 1046 0149 19       		.uleb128 0x19
 1047 014a 03       		.uleb128 0x3
 1048 014b 0E       		.uleb128 0xe
 1049 014c 3A       		.uleb128 0x3a
 1050 014d 0B       		.uleb128 0xb
 1051 014e 3B       		.uleb128 0x3b
 1052 014f 0B       		.uleb128 0xb
 1053 0150 27       		.uleb128 0x27
 1054 0151 19       		.uleb128 0x19
 1055 0152 3C       		.uleb128 0x3c
 1056 0153 19       		.uleb128 0x19
 1057 0154 01       		.uleb128 0x1
 1058 0155 13       		.uleb128 0x13
 1059 0156 00       		.byte	0
 1060 0157 00       		.byte	0
 1061 0158 1B       		.uleb128 0x1b
 1062 0159 2E       		.uleb128 0x2e
 1063 015a 00       		.byte	0
 1064 015b 3F       		.uleb128 0x3f
 1065 015c 19       		.uleb128 0x19
 1066 015d 03       		.uleb128 0x3
 1067 015e 0E       		.uleb128 0xe
 1068 015f 3A       		.uleb128 0x3a
 1069 0160 0B       		.uleb128 0xb
 1070 0161 3B       		.uleb128 0x3b
 1071 0162 0B       		.uleb128 0xb
 1072 0163 27       		.uleb128 0x27
 1073 0164 19       		.uleb128 0x19
 1074 0165 49       		.uleb128 0x49
 1075 0166 13       		.uleb128 0x13
 1076 0167 3C       		.uleb128 0x3c
 1077 0168 19       		.uleb128 0x19
 1078 0169 00       		.byte	0
 1079 016a 00       		.byte	0
ARM GAS  C:\Users\vellu\AppData\Local\Temp\ccSlxXWs.s 			page 22


 1080 016b 00       		.byte	0
 1081              		.section	.debug_loc,"",%progbits
 1082              	.Ldebug_loc0:
 1083              	.LLST0:
 1084 0000 7C000000 		.4byte	.LVL8
 1085 0004 82000000 		.4byte	.LVL10
 1086 0008 0100     		.2byte	0x1
 1087 000a 51       		.byte	0x51
 1088 000b 82000000 		.4byte	.LVL10
 1089 000f 86000000 		.4byte	.LVL12
 1090 0013 0200     		.2byte	0x2
 1091 0015 31       		.byte	0x31
 1092 0016 9F       		.byte	0x9f
 1093 0017 86000000 		.4byte	.LVL12
 1094 001b 93000000 		.4byte	.LVL17-1
 1095 001f 0100     		.2byte	0x1
 1096 0021 51       		.byte	0x51
 1097 0022 00000000 		.4byte	0
 1098 0026 00000000 		.4byte	0
 1099              	.LLST1:
 1100 002a 7C000000 		.4byte	.LVL8
 1101 002e 8A000000 		.4byte	.LVL13
 1102 0032 0100     		.2byte	0x1
 1103 0034 52       		.byte	0x52
 1104 0035 8A000000 		.4byte	.LVL13
 1105 0039 8E000000 		.4byte	.LVL15
 1106 003d 0200     		.2byte	0x2
 1107 003f 31       		.byte	0x31
 1108 0040 9F       		.byte	0x9f
 1109 0041 8E000000 		.4byte	.LVL15
 1110 0045 93000000 		.4byte	.LVL17-1
 1111 0049 0100     		.2byte	0x1
 1112 004b 52       		.byte	0x52
 1113 004c 00000000 		.4byte	0
 1114 0050 00000000 		.4byte	0
 1115              	.LLST2:
 1116 0054 7E000000 		.4byte	.LVL9
 1117 0058 93000000 		.4byte	.LVL17-1
 1118 005c 0100     		.2byte	0x1
 1119 005e 53       		.byte	0x53
 1120 005f 00000000 		.4byte	0
 1121 0063 00000000 		.4byte	0
 1122              	.LLST3:
 1123 0067 48000000 		.4byte	.LVL4
 1124 006b 74000000 		.4byte	.LVL5
 1125 006f 0100     		.2byte	0x1
 1126 0071 50       		.byte	0x50
 1127 0072 74000000 		.4byte	.LVL5
 1128 0076 76000000 		.4byte	.LVL6
 1129 007a 0A00     		.2byte	0xa
 1130 007c 72       		.byte	0x72
 1131 007d 00       		.sleb128 0
 1132 007e 32       		.byte	0x32
 1133 007f 24       		.byte	0x24
 1134 0080 91       		.byte	0x91
 1135 0081 00       		.sleb128 0
 1136 0082 22       		.byte	0x22
ARM GAS  C:\Users\vellu\AppData\Local\Temp\ccSlxXWs.s 			page 23


 1137 0083 08       		.byte	0x8
 1138 0084 44       		.byte	0x44
 1139 0085 1C       		.byte	0x1c
 1140 0086 76000000 		.4byte	.LVL6
 1141 008a 90000000 		.4byte	.LVL16
 1142 008e 0100     		.2byte	0x1
 1143 0090 50       		.byte	0x50
 1144 0091 00000000 		.4byte	0
 1145 0095 00000000 		.4byte	0
 1146              	.LLST4:
 1147 0099 00000000 		.4byte	.LVL18
 1148 009d 0A000000 		.4byte	.LVL20
 1149 00a1 0100     		.2byte	0x1
 1150 00a3 50       		.byte	0x50
 1151 00a4 0A000000 		.4byte	.LVL20
 1152 00a8 2A000000 		.4byte	.LFE64
 1153 00ac 0400     		.2byte	0x4
 1154 00ae F3       		.byte	0xf3
 1155 00af 01       		.uleb128 0x1
 1156 00b0 50       		.byte	0x50
 1157 00b1 9F       		.byte	0x9f
 1158 00b2 00000000 		.4byte	0
 1159 00b6 00000000 		.4byte	0
 1160              	.LLST5:
 1161 00ba 00000000 		.4byte	.LVL18
 1162 00be 0A000000 		.4byte	.LVL20
 1163 00c2 0100     		.2byte	0x1
 1164 00c4 51       		.byte	0x51
 1165 00c5 0A000000 		.4byte	.LVL20
 1166 00c9 18000000 		.4byte	.LVL22
 1167 00cd 0100     		.2byte	0x1
 1168 00cf 54       		.byte	0x54
 1169 00d0 18000000 		.4byte	.LVL22
 1170 00d4 22000000 		.4byte	.LVL25
 1171 00d8 0100     		.2byte	0x1
 1172 00da 56       		.byte	0x56
 1173 00db 22000000 		.4byte	.LVL25
 1174 00df 2A000000 		.4byte	.LFE64
 1175 00e3 0100     		.2byte	0x1
 1176 00e5 54       		.byte	0x54
 1177 00e6 00000000 		.4byte	0
 1178 00ea 00000000 		.4byte	0
 1179              	.LLST6:
 1180 00ee 00000000 		.4byte	.LVL18
 1181 00f2 0A000000 		.4byte	.LVL20
 1182 00f6 0100     		.2byte	0x1
 1183 00f8 52       		.byte	0x52
 1184 00f9 0A000000 		.4byte	.LVL20
 1185 00fd 2A000000 		.4byte	.LFE64
 1186 0101 0100     		.2byte	0x1
 1187 0103 57       		.byte	0x57
 1188 0104 00000000 		.4byte	0
 1189 0108 00000000 		.4byte	0
 1190              	.LLST7:
 1191 010c 06000000 		.4byte	.LVL19
 1192 0110 0A000000 		.4byte	.LVL20
 1193 0114 0200     		.2byte	0x2
ARM GAS  C:\Users\vellu\AppData\Local\Temp\ccSlxXWs.s 			page 24


 1194 0116 30       		.byte	0x30
 1195 0117 9F       		.byte	0x9f
 1196 0118 0A000000 		.4byte	.LVL20
 1197 011c 2A000000 		.4byte	.LFE64
 1198 0120 0100     		.2byte	0x1
 1199 0122 55       		.byte	0x55
 1200 0123 00000000 		.4byte	0
 1201 0127 00000000 		.4byte	0
 1202              	.LLST8:
 1203 012b 00000000 		.4byte	.LVL26
 1204 012f 0A000000 		.4byte	.LVL28
 1205 0133 0100     		.2byte	0x1
 1206 0135 50       		.byte	0x50
 1207 0136 0A000000 		.4byte	.LVL28
 1208 013a 38000000 		.4byte	.LFE65
 1209 013e 0400     		.2byte	0x4
 1210 0140 F3       		.byte	0xf3
 1211 0141 01       		.uleb128 0x1
 1212 0142 50       		.byte	0x50
 1213 0143 9F       		.byte	0x9f
 1214 0144 00000000 		.4byte	0
 1215 0148 00000000 		.4byte	0
 1216              	.LLST9:
 1217 014c 00000000 		.4byte	.LVL26
 1218 0150 0A000000 		.4byte	.LVL28
 1219 0154 0100     		.2byte	0x1
 1220 0156 51       		.byte	0x51
 1221 0157 0A000000 		.4byte	.LVL28
 1222 015b 26000000 		.4byte	.LVL35
 1223 015f 0100     		.2byte	0x1
 1224 0161 57       		.byte	0x57
 1225 0162 26000000 		.4byte	.LVL35
 1226 0166 30000000 		.4byte	.LVL37
 1227 016a 0100     		.2byte	0x1
 1228 016c 53       		.byte	0x53
 1229 016d 30000000 		.4byte	.LVL37
 1230 0171 34000000 		.4byte	.LVL38
 1231 0175 0100     		.2byte	0x1
 1232 0177 57       		.byte	0x57
 1233 0178 00000000 		.4byte	0
 1234 017c 00000000 		.4byte	0
 1235              	.LLST10:
 1236 0180 00000000 		.4byte	.LVL26
 1237 0184 0A000000 		.4byte	.LVL28
 1238 0188 0100     		.2byte	0x1
 1239 018a 52       		.byte	0x52
 1240 018b 0A000000 		.4byte	.LVL28
 1241 018f 38000000 		.4byte	.LFE65
 1242 0193 0100     		.2byte	0x1
 1243 0195 54       		.byte	0x54
 1244 0196 00000000 		.4byte	0
 1245 019a 00000000 		.4byte	0
 1246              	.LLST11:
 1247 019e 06000000 		.4byte	.LVL27
 1248 01a2 0A000000 		.4byte	.LVL28
 1249 01a6 0200     		.2byte	0x2
 1250 01a8 30       		.byte	0x30
ARM GAS  C:\Users\vellu\AppData\Local\Temp\ccSlxXWs.s 			page 25


 1251 01a9 9F       		.byte	0x9f
 1252 01aa 0A000000 		.4byte	.LVL28
 1253 01ae 38000000 		.4byte	.LFE65
 1254 01b2 0100     		.2byte	0x1
 1255 01b4 56       		.byte	0x56
 1256 01b5 00000000 		.4byte	0
 1257 01b9 00000000 		.4byte	0
 1258              	.LLST12:
 1259 01bd 0E000000 		.4byte	.LVL29
 1260 01c1 15000000 		.4byte	.LVL30-1
 1261 01c5 0100     		.2byte	0x1
 1262 01c7 50       		.byte	0x50
 1263 01c8 1C000000 		.4byte	.LVL32
 1264 01cc 24000000 		.4byte	.LVL34
 1265 01d0 0200     		.2byte	0x2
 1266 01d2 3A       		.byte	0x3a
 1267 01d3 9F       		.byte	0x9f
 1268 01d4 24000000 		.4byte	.LVL34
 1269 01d8 30000000 		.4byte	.LVL37
 1270 01dc 0100     		.2byte	0x1
 1271 01de 55       		.byte	0x55
 1272 01df 00000000 		.4byte	0
 1273 01e3 00000000 		.4byte	0
 1274              		.section	.debug_aranges,"",%progbits
 1275 0000 2C000000 		.4byte	0x2c
 1276 0004 0200     		.2byte	0x2
 1277 0006 00000000 		.4byte	.Ldebug_info0
 1278 000a 04       		.byte	0x4
 1279 000b 00       		.byte	0
 1280 000c 0000     		.2byte	0
 1281 000e 0000     		.2byte	0
 1282 0010 00000000 		.4byte	.LFB63
 1283 0014 B0000000 		.4byte	.LFE63-.LFB63
 1284 0018 00000000 		.4byte	.LFB64
 1285 001c 2A000000 		.4byte	.LFE64-.LFB64
 1286 0020 00000000 		.4byte	.LFB65
 1287 0024 38000000 		.4byte	.LFE65-.LFB65
 1288 0028 00000000 		.4byte	0
 1289 002c 00000000 		.4byte	0
 1290              		.section	.debug_ranges,"",%progbits
 1291              	.Ldebug_ranges0:
 1292 0000 00000000 		.4byte	.LFB63
 1293 0004 B0000000 		.4byte	.LFE63
 1294 0008 00000000 		.4byte	.LFB64
 1295 000c 2A000000 		.4byte	.LFE64
 1296 0010 00000000 		.4byte	.LFB65
 1297 0014 38000000 		.4byte	.LFE65
 1298 0018 00000000 		.4byte	0
 1299 001c 00000000 		.4byte	0
 1300              		.section	.debug_line,"",%progbits
 1301              	.Ldebug_line0:
 1302 0000 DD010000 		.section	.debug_str,"MS",%progbits,1
 1302      02005E01 
 1302      00000201 
 1302      FB0E0D00 
 1302      01010101 
 1303              	.LASF35:
ARM GAS  C:\Users\vellu\AppData\Local\Temp\ccSlxXWs.s 			page 26


 1304 0000 55415254 		.ascii	"UART_1_Start\000"
 1304      5F315F53 
 1304      74617274 
 1304      00
 1305              	.LASF20:
 1306 000d 6E657874 		.ascii	"next_d\000"
 1306      5F6400
 1307              	.LASF9:
 1308 0014 5F5F696E 		.ascii	"__int32_t\000"
 1308      7433325F 
 1308      7400
 1309              	.LASF21:
 1310 001e 6E657874 		.ascii	"next_m\000"
 1310      5F6D00
 1311              	.LASF3:
 1312 0025 73686F72 		.ascii	"short unsigned int\000"
 1312      7420756E 
 1312      7369676E 
 1312      65642069 
 1312      6E7400
 1313              	.LASF16:
 1314 0038 6D6F6E74 		.ascii	"month\000"
 1314      6800
 1315              	.LASF22:
 1316 003e 6E657874 		.ascii	"next_y\000"
 1316      5F7900
 1317              	.LASF27:
 1318 0045 5F726561 		.ascii	"_read\000"
 1318      6400
 1319              	.LASF12:
 1320 004b 666C6F61 		.ascii	"float\000"
 1320      7400
 1321              	.LASF26:
 1322 0051 66696C65 		.ascii	"file\000"
 1322      00
 1323              	.LASF30:
 1324 0056 7363616E 		.ascii	"scanf\000"
 1324      6600
 1325              	.LASF17:
 1326 005c 6375725F 		.ascii	"cur_d\000"
 1326      6400
 1327              	.LASF5:
 1328 0062 6C6F6E67 		.ascii	"long unsigned int\000"
 1328      20756E73 
 1328      69676E65 
 1328      6420696E 
 1328      7400
 1329              	.LASF18:
 1330 0074 6375725F 		.ascii	"cur_m\000"
 1330      6D00
 1331              	.LASF34:
 1332 007a 49544D5F 		.ascii	"ITM_RxBuffer\000"
 1332      52784275 
 1332      66666572 
 1332      00
 1333              	.LASF1:
 1334 0087 756E7369 		.ascii	"unsigned char\000"
ARM GAS  C:\Users\vellu\AppData\Local\Temp\ccSlxXWs.s 			page 27


 1334      676E6564 
 1334      20636861 
 1334      7200
 1335              	.LASF13:
 1336 0095 646F7562 		.ascii	"double\000"
 1336      6C6500
 1337              	.LASF19:
 1338 009c 6375725F 		.ascii	"cur_y\000"
 1338      7900
 1339              	.LASF24:
 1340 00a2 6D61696E 		.ascii	"main\000"
 1340      00
 1341              	.LASF33:
 1342 00a7 433A5C55 		.ascii	"C:\\Users\\vellu\\OneDrive\\Tiedostot\\PSoC Creator"
 1342      73657273 
 1342      5C76656C 
 1342      6C755C4F 
 1342      6E654472 
 1343 00d5 5C4B6F75 		.ascii	"\\KouluOhjelmointi\\Exercise4.cydsn\000"
 1343      6C754F68 
 1343      6A656C6D 
 1343      6F696E74 
 1343      695C4578 
 1344              	.LASF31:
 1345 00f7 474E5520 		.ascii	"GNU C 4.9.3 20150303 (release) [ARM/embedded-4_9-br"
 1345      4320342E 
 1345      392E3320 
 1345      32303135 
 1345      30333033 
 1346 012a 616E6368 		.ascii	"anch revision 221220] -mcpu=cortex-m3 -mthumb -g -O"
 1346      20726576 
 1346      6973696F 
 1346      6E203232 
 1346      31323230 
 1347 015d 67202D66 		.ascii	"g -ffunction-sections -ffat-lto-objects\000"
 1347      66756E63 
 1347      74696F6E 
 1347      2D736563 
 1347      74696F6E 
 1348              	.LASF36:
 1349 0185 55415254 		.ascii	"UART_1_PutChar\000"
 1349      5F315F50 
 1349      75744368 
 1349      617200
 1350              	.LASF8:
 1351 0194 756E7369 		.ascii	"unsigned int\000"
 1351      676E6564 
 1351      20696E74 
 1351      00
 1352              	.LASF7:
 1353 01a1 6C6F6E67 		.ascii	"long long unsigned int\000"
 1353      206C6F6E 
 1353      6720756E 
 1353      7369676E 
 1353      65642069 
 1354              	.LASF10:
 1355 01b8 696E7433 		.ascii	"int32_t\000"
ARM GAS  C:\Users\vellu\AppData\Local\Temp\ccSlxXWs.s 			page 28


 1355      325F7400 
 1356              	.LASF25:
 1357 01c0 5F777269 		.ascii	"_write\000"
 1357      746500
 1358              	.LASF15:
 1359 01c7 73697A65 		.ascii	"sizetype\000"
 1359      74797065 
 1359      00
 1360              	.LASF6:
 1361 01d0 6C6F6E67 		.ascii	"long long int\000"
 1361      206C6F6E 
 1361      6720696E 
 1361      7400
 1362              	.LASF32:
 1363 01de 6D61696E 		.ascii	"main.c\000"
 1363      2E6300
 1364              	.LASF14:
 1365 01e5 63686172 		.ascii	"char\000"
 1365      00
 1366              	.LASF29:
 1367 01ea 7072696E 		.ascii	"printf\000"
 1367      746600
 1368              	.LASF28:
 1369 01f1 636F756E 		.ascii	"count\000"
 1369      7400
 1370              	.LASF2:
 1371 01f7 73686F72 		.ascii	"short int\000"
 1371      7420696E 
 1371      7400
 1372              	.LASF23:
 1373 0201 6E657874 		.ascii	"next_days\000"
 1373      5F646179 
 1373      7300
 1374              	.LASF11:
 1375 020b 75696E74 		.ascii	"uint8\000"
 1375      3800
 1376              	.LASF4:
 1377 0211 6C6F6E67 		.ascii	"long int\000"
 1377      20696E74 
 1377      00
 1378              	.LASF0:
 1379 021a 7369676E 		.ascii	"signed char\000"
 1379      65642063 
 1379      68617200 
 1380              	.LASF37:
 1381 0226 55415254 		.ascii	"UART_1_GetChar\000"
 1381      5F315F47 
 1381      65744368 
 1381      617200
 1382              		.ident	"GCC: (GNU Tools for ARM Embedded Processors) 4.9.3 20150303 (release) [ARM/embedded-4_9-br
