ARM GAS  C:\Users\vellu\AppData\Local\Temp\ccTao2Bg.s 			page 1


   1              		.syntax unified
   2              		.cpu cortex-m3
   3              		.fpu softvfp
   4              		.eabi_attribute 20, 1
   5              		.eabi_attribute 21, 1
   6              		.eabi_attribute 23, 3
   7              		.eabi_attribute 24, 1
   8              		.eabi_attribute 25, 1
   9              		.eabi_attribute 26, 1
  10              		.eabi_attribute 30, 1
  11              		.eabi_attribute 34, 1
  12              		.eabi_attribute 18, 4
  13              		.thumb
  14              		.file	"main.c"
  15              		.text
  16              	.Ltext0:
  17              		.cfi_sections	.debug_frame
  18              		.global	__aeabi_fadd
  19              		.global	__aeabi_fmul
  20              		.global	__aeabi_fsub
  21              		.section	.text.numCalculator,"ax",%progbits
  22              		.align	2
  23              		.global	numCalculator
  24              		.thumb
  25              		.thumb_func
  26              		.type	numCalculator, %function
  27              	numCalculator:
  28              	.LFB64:
  29              		.file 1 "main.c"
   1:main.c        **** /* ========================================
   2:main.c        ****  *
   3:main.c        ****  * Copyright YOUR COMPANY, THE YEAR
   4:main.c        ****  * All Rights Reserved
   5:main.c        ****  * UNPUBLISHED, LICENSED SOFTWARE.
   6:main.c        ****  *
   7:main.c        ****  * CONFIDENTIAL AND PROPRIETARY INFORMATION
   8:main.c        ****  * WHICH IS THE PROPERTY OF your company.
   9:main.c        ****  *
  10:main.c        ****  * ========================================
  11:main.c        **** */
  12:main.c        **** #include "project.h"
  13:main.c        **** #include "stdio.h"
  14:main.c        **** #include <stdlib.h>
  15:main.c        **** #include <time.h>
  16:main.c        **** 
  17:main.c        **** 
  18:main.c        **** float numCalculator (float *num1, float *num2);
  19:main.c        **** 
  20:main.c        **** int main(void)
  21:main.c        **** {
  22:main.c        ****     CyGlobalIntEnable; /* Enable global interrupts. */
  23:main.c        **** 
  24:main.c        ****     /* Place your initialization/startup code here (e.g. MyInst_Start()) */
  25:main.c        ****     UART_1_Start();
  26:main.c        ****     
  27:main.c        ****        float number1 = 0;
  28:main.c        ****     float number2 = 0;
ARM GAS  C:\Users\vellu\AppData\Local\Temp\ccTao2Bg.s 			page 2


  29:main.c        ****     float *num1 = 0;
  30:main.c        ****     float *num2 = 0;
  31:main.c        ****     float averageNum = 0;
  32:main.c        ****     
  33:main.c        ****     do{
  34:main.c        ****     printf("\nEnter 1. number: ");
  35:main.c        ****     scanf("%f",&number1);
  36:main.c        ****     if (number1 >= 0)
  37:main.c        ****     {
  38:main.c        ****         num1 = &number1;
  39:main.c        ****     }
  40:main.c        ****     else
  41:main.c        ****     {
  42:main.c        ****         printf("\n\aNumber must be positive!");
  43:main.c        ****     }
  44:main.c        ****     }while(number1 <0);
  45:main.c        ****     do{
  46:main.c        ****     printf("\nEnter 2. number: ");
  47:main.c        ****     scanf("%f",&number2);
  48:main.c        ****     if (number2 >= 0)
  49:main.c        ****     {
  50:main.c        ****         num2 = &number2;
  51:main.c        ****     }
  52:main.c        ****     else
  53:main.c        ****     {
  54:main.c        ****         printf("\n\aNumber must be positive!");
  55:main.c        ****     }
  56:main.c        ****     }while(number2 <0);
  57:main.c        ****     averageNum = numCalculator(num1,num2);
  58:main.c        ****     
  59:main.c        ****     
  60:main.c        ****     printf("Average value is: %f\n",averageNum);
  61:main.c        ****     printf("deviation 1: %f\n", 0-*num2);
  62:main.c        ****     printf("deviation 2: %f\n", *num2);
  63:main.c        ****     return 0;
  64:main.c        **** }
  65:main.c        **** float numCalculator (float *num1, float *num2)
  66:main.c        **** {
  30              		.loc 1 66 0
  31              		.cfi_startproc
  32              		@ args = 0, pretend = 0, frame = 0
  33              		@ frame_needed = 0, uses_anonymous_args = 0
  34              	.LVL0:
  35 0000 70B5     		push	{r4, r5, r6, lr}
  36              		.cfi_def_cfa_offset 16
  37              		.cfi_offset 4, -16
  38              		.cfi_offset 5, -12
  39              		.cfi_offset 6, -8
  40              		.cfi_offset 14, -4
  41 0002 0646     		mov	r6, r0
  42 0004 0D46     		mov	r5, r1
  43              	.LVL1:
  67:main.c        ****     float average = 0;
  68:main.c        ****     average = (*num1 + *num2) / 2;
  44              		.loc 1 68 0
  45 0006 0068     		ldr	r0, [r0]	@ float
  46              	.LVL2:
ARM GAS  C:\Users\vellu\AppData\Local\Temp\ccTao2Bg.s 			page 3


  47 0008 0968     		ldr	r1, [r1]	@ float
  48              	.LVL3:
  49 000a FFF7FEFF 		bl	__aeabi_fadd
  50              	.LVL4:
  51 000e 4FF07C51 		mov	r1, #1056964608
  52 0012 FFF7FEFF 		bl	__aeabi_fmul
  53              	.LVL5:
  54 0016 0446     		mov	r4, r0
  55              	.LVL6:
  69:main.c        ****     *num1 = average;
  56              		.loc 1 69 0
  57 0018 3060     		str	r0, [r6]	@ float
  70:main.c        ****     *num2 -= *num1;
  58              		.loc 1 70 0
  59 001a 2868     		ldr	r0, [r5]	@ float
  60              	.LVL7:
  61 001c 2146     		mov	r1, r4
  62 001e FFF7FEFF 		bl	__aeabi_fsub
  63              	.LVL8:
  64 0022 2860     		str	r0, [r5]	@ float
  71:main.c        ****     return average;
  72:main.c        **** }
  65              		.loc 1 72 0
  66 0024 2046     		mov	r0, r4
  67 0026 70BD     		pop	{r4, r5, r6, pc}
  68              		.cfi_endproc
  69              	.LFE64:
  70              		.size	numCalculator, .-numCalculator
  71              		.global	__aeabi_fcmpge
  72              		.global	__aeabi_fcmplt
  73              		.global	__aeabi_f2d
  74              		.section	.text.main,"ax",%progbits
  75              		.align	2
  76              		.global	main
  77              		.thumb
  78              		.thumb_func
  79              		.type	main, %function
  80              	main:
  81              	.LFB63:
  21:main.c        ****     CyGlobalIntEnable; /* Enable global interrupts. */
  82              		.loc 1 21 0
  83              		.cfi_startproc
  84              		@ args = 0, pretend = 0, frame = 8
  85              		@ frame_needed = 0, uses_anonymous_args = 0
  86 0000 30B5     		push	{r4, r5, lr}
  87              		.cfi_def_cfa_offset 12
  88              		.cfi_offset 4, -12
  89              		.cfi_offset 5, -8
  90              		.cfi_offset 14, -4
  91 0002 83B0     		sub	sp, sp, #12
  92              		.cfi_def_cfa_offset 24
  22:main.c        **** 
  93              		.loc 1 22 0
  94              	@ 22 "main.c" 1
  95 0004 62B6     		CPSIE   i
  96              	@ 0 "" 2
  25:main.c        ****     
ARM GAS  C:\Users\vellu\AppData\Local\Temp\ccTao2Bg.s 			page 4


  97              		.loc 1 25 0
  98              		.thumb
  99 0006 FFF7FEFF 		bl	UART_1_Start
 100              	.LVL9:
  27:main.c        ****     float number2 = 0;
 101              		.loc 1 27 0
 102 000a 0023     		movs	r3, #0
 103 000c 0193     		str	r3, [sp, #4]	@ float
  28:main.c        ****     float *num1 = 0;
 104              		.loc 1 28 0
 105 000e 0093     		str	r3, [sp]	@ float
 106              	.LVL10:
  29:main.c        ****     float *num2 = 0;
 107              		.loc 1 29 0
 108 0010 0025     		movs	r5, #0
 109              	.LVL11:
 110              	.L5:
  34:main.c        ****     scanf("%f",&number1);
 111              		.loc 1 34 0
 112 0012 2848     		ldr	r0, .L11
 113 0014 FFF7FEFF 		bl	printf
 114              	.LVL12:
  35:main.c        ****     if (number1 >= 0)
 115              		.loc 1 35 0
 116 0018 2748     		ldr	r0, .L11+4
 117 001a 01A9     		add	r1, sp, #4
 118 001c FFF7FEFF 		bl	scanf
 119              	.LVL13:
  36:main.c        ****     {
 120              		.loc 1 36 0
 121 0020 0198     		ldr	r0, [sp, #4]	@ float
 122 0022 0021     		movs	r1, #0
 123 0024 FFF7FEFF 		bl	__aeabi_fcmpge
 124              	.LVL14:
 125 0028 18B9     		cbnz	r0, .L8
  42:main.c        ****     }
 126              		.loc 1 42 0
 127 002a 2448     		ldr	r0, .L11+8
 128 002c FFF7FEFF 		bl	printf
 129              	.LVL15:
 130 0030 00E0     		b	.L4
 131              	.L8:
  38:main.c        ****     }
 132              		.loc 1 38 0
 133 0032 01AD     		add	r5, sp, #4
 134              	.LVL16:
 135              	.L4:
  44:main.c        ****     do{
 136              		.loc 1 44 0
 137 0034 0198     		ldr	r0, [sp, #4]	@ float
 138 0036 0021     		movs	r1, #0
 139 0038 FFF7FEFF 		bl	__aeabi_fcmplt
 140              	.LVL17:
 141 003c 0028     		cmp	r0, #0
 142 003e E8D1     		bne	.L5
 143 0040 0024     		movs	r4, #0
 144              	.LVL18:
ARM GAS  C:\Users\vellu\AppData\Local\Temp\ccTao2Bg.s 			page 5


 145              	.L7:
  46:main.c        ****     scanf("%f",&number2);
 146              		.loc 1 46 0
 147 0042 1F48     		ldr	r0, .L11+12
 148 0044 FFF7FEFF 		bl	printf
 149              	.LVL19:
  47:main.c        ****     if (number2 >= 0)
 150              		.loc 1 47 0
 151 0048 1B48     		ldr	r0, .L11+4
 152 004a 6946     		mov	r1, sp
 153 004c FFF7FEFF 		bl	scanf
 154              	.LVL20:
  48:main.c        ****     {
 155              		.loc 1 48 0
 156 0050 0098     		ldr	r0, [sp]	@ float
 157 0052 0021     		movs	r1, #0
 158 0054 FFF7FEFF 		bl	__aeabi_fcmpge
 159              	.LVL21:
 160 0058 18B9     		cbnz	r0, .L9
  54:main.c        ****     }
 161              		.loc 1 54 0
 162 005a 1848     		ldr	r0, .L11+8
 163 005c FFF7FEFF 		bl	printf
 164              	.LVL22:
 165 0060 00E0     		b	.L6
 166              	.L9:
  50:main.c        ****     }
 167              		.loc 1 50 0
 168 0062 6C46     		mov	r4, sp
 169              	.LVL23:
 170              	.L6:
  56:main.c        ****     averageNum = numCalculator(num1,num2);
 171              		.loc 1 56 0
 172 0064 0098     		ldr	r0, [sp]	@ float
 173 0066 0021     		movs	r1, #0
 174 0068 FFF7FEFF 		bl	__aeabi_fcmplt
 175              	.LVL24:
 176 006c 0028     		cmp	r0, #0
 177 006e E8D1     		bne	.L7
  57:main.c        ****     
 178              		.loc 1 57 0
 179 0070 2846     		mov	r0, r5
 180 0072 2146     		mov	r1, r4
 181 0074 FFF7FEFF 		bl	numCalculator
 182              	.LVL25:
  60:main.c        ****     printf("deviation 1: %f\n", 0-*num2);
 183              		.loc 1 60 0
 184 0078 FFF7FEFF 		bl	__aeabi_f2d
 185              	.LVL26:
 186 007c 0246     		mov	r2, r0
 187 007e 0B46     		mov	r3, r1
 188 0080 1048     		ldr	r0, .L11+16
 189 0082 FFF7FEFF 		bl	printf
 190              	.LVL27:
  61:main.c        ****     printf("deviation 2: %f\n", *num2);
 191              		.loc 1 61 0
 192 0086 0020     		movs	r0, #0
ARM GAS  C:\Users\vellu\AppData\Local\Temp\ccTao2Bg.s 			page 6


 193 0088 2168     		ldr	r1, [r4]	@ float
 194 008a FFF7FEFF 		bl	__aeabi_fsub
 195              	.LVL28:
 196 008e FFF7FEFF 		bl	__aeabi_f2d
 197              	.LVL29:
 198 0092 0246     		mov	r2, r0
 199 0094 0B46     		mov	r3, r1
 200 0096 0C48     		ldr	r0, .L11+20
 201 0098 FFF7FEFF 		bl	printf
 202              	.LVL30:
  62:main.c        ****     return 0;
 203              		.loc 1 62 0
 204 009c 2068     		ldr	r0, [r4]	@ float
 205 009e FFF7FEFF 		bl	__aeabi_f2d
 206              	.LVL31:
 207 00a2 0246     		mov	r2, r0
 208 00a4 0B46     		mov	r3, r1
 209 00a6 0948     		ldr	r0, .L11+24
 210 00a8 FFF7FEFF 		bl	printf
 211              	.LVL32:
  64:main.c        **** float numCalculator (float *num1, float *num2)
 212              		.loc 1 64 0
 213 00ac 0020     		movs	r0, #0
 214 00ae 03B0     		add	sp, sp, #12
 215              		.cfi_def_cfa_offset 12
 216              		@ sp needed
 217 00b0 30BD     		pop	{r4, r5, pc}
 218              	.LVL33:
 219              	.L12:
 220 00b2 00BF     		.align	2
 221              	.L11:
 222 00b4 00000000 		.word	.LC0
 223 00b8 14000000 		.word	.LC1
 224 00bc 18000000 		.word	.LC2
 225 00c0 34000000 		.word	.LC3
 226 00c4 48000000 		.word	.LC4
 227 00c8 60000000 		.word	.LC5
 228 00cc 74000000 		.word	.LC6
 229              		.cfi_endproc
 230              	.LFE63:
 231              		.size	main, .-main
 232              		.section	.text._write,"ax",%progbits
 233              		.align	2
 234              		.global	_write
 235              		.thumb
 236              		.thumb_func
 237              		.type	_write, %function
 238              	_write:
 239              	.LFB65:
  73:main.c        **** 
  74:main.c        **** int _write(int file, char *ptr, int len)
  75:main.c        **** {
 240              		.loc 1 75 0
 241              		.cfi_startproc
 242              		@ args = 0, pretend = 0, frame = 0
 243              		@ frame_needed = 0, uses_anonymous_args = 0
 244              	.LVL34:
ARM GAS  C:\Users\vellu\AppData\Local\Temp\ccTao2Bg.s 			page 7


 245 0000 F8B5     		push	{r3, r4, r5, r6, r7, lr}
 246              		.cfi_def_cfa_offset 24
 247              		.cfi_offset 3, -24
 248              		.cfi_offset 4, -20
 249              		.cfi_offset 5, -16
 250              		.cfi_offset 6, -12
 251              		.cfi_offset 7, -8
 252              		.cfi_offset 14, -4
 253 0002 0C46     		mov	r4, r1
 254 0004 1746     		mov	r7, r2
 255              	.LVL35:
  76:main.c        ****     (void)file; /* Parameter is not used, suppress unused argument warning */
  77:main.c        **** 	int n;
  78:main.c        **** 	for(n = 0; n < len; n++) {
 256              		.loc 1 78 0
 257 0006 0025     		movs	r5, #0
 258 0008 0BE0     		b	.L14
 259              	.LVL36:
 260              	.L16:
  79:main.c        ****         if(*ptr == '\n') UART_1_PutChar('\r');
 261              		.loc 1 79 0
 262 000a 2378     		ldrb	r3, [r4]	@ zero_extendqisi2
 263 000c 0A2B     		cmp	r3, #10
 264 000e 02D1     		bne	.L15
 265              		.loc 1 79 0 is_stmt 0 discriminator 1
 266 0010 0D20     		movs	r0, #13
 267 0012 FFF7FEFF 		bl	UART_1_PutChar
 268              	.LVL37:
 269              	.L15:
  80:main.c        **** 		UART_1_PutChar(*ptr++);
 270              		.loc 1 80 0 is_stmt 1 discriminator 2
 271 0016 661C     		adds	r6, r4, #1
 272              	.LVL38:
 273 0018 2078     		ldrb	r0, [r4]	@ zero_extendqisi2
 274 001a FFF7FEFF 		bl	UART_1_PutChar
 275              	.LVL39:
  78:main.c        ****         if(*ptr == '\n') UART_1_PutChar('\r');
 276              		.loc 1 78 0 discriminator 2
 277 001e 0135     		adds	r5, r5, #1
 278              	.LVL40:
 279              		.loc 1 80 0 discriminator 2
 280 0020 3446     		mov	r4, r6
 281              	.LVL41:
 282              	.L14:
  78:main.c        ****         if(*ptr == '\n') UART_1_PutChar('\r');
 283              		.loc 1 78 0 discriminator 1
 284 0022 BD42     		cmp	r5, r7
 285 0024 F1DB     		blt	.L16
  81:main.c        **** 	}
  82:main.c        **** 	return len;
  83:main.c        **** }
 286              		.loc 1 83 0
 287 0026 3846     		mov	r0, r7
 288 0028 F8BD     		pop	{r3, r4, r5, r6, r7, pc}
 289              		.cfi_endproc
 290              	.LFE65:
 291              		.size	_write, .-_write
ARM GAS  C:\Users\vellu\AppData\Local\Temp\ccTao2Bg.s 			page 8


 292 002a 00BF     		.section	.text._read,"ax",%progbits
 293              		.align	2
 294              		.global	_read
 295              		.thumb
 296              		.thumb_func
 297              		.type	_read, %function
 298              	_read:
 299              	.LFB66:
  84:main.c        **** 
  85:main.c        **** int _read (int file, char *ptr, int count)
  86:main.c        **** {
 300              		.loc 1 86 0
 301              		.cfi_startproc
 302              		@ args = 0, pretend = 0, frame = 0
 303              		@ frame_needed = 0, uses_anonymous_args = 0
 304              	.LVL42:
 305 0000 F8B5     		push	{r3, r4, r5, r6, r7, lr}
 306              		.cfi_def_cfa_offset 24
 307              		.cfi_offset 3, -24
 308              		.cfi_offset 4, -20
 309              		.cfi_offset 5, -16
 310              		.cfi_offset 6, -12
 311              		.cfi_offset 7, -8
 312              		.cfi_offset 14, -4
 313 0002 0F46     		mov	r7, r1
 314 0004 1446     		mov	r4, r2
 315              	.LVL43:
  87:main.c        ****     int chs = 0;
 316              		.loc 1 87 0
 317 0006 0026     		movs	r6, #0
  88:main.c        ****     char ch;
  89:main.c        ****  
  90:main.c        ****     (void)file; /* Parameter is not used, suppress unused argument warning */
  91:main.c        ****     while(count > 0) {
 318              		.loc 1 91 0
 319 0008 12E0     		b	.L20
 320              	.LVL44:
 321              	.L23:
  92:main.c        ****         ch = UART_1_GetChar();
 322              		.loc 1 92 0
 323 000a FFF7FEFF 		bl	UART_1_GetChar
 324              	.LVL45:
  93:main.c        ****         if(ch != 0) {
 325              		.loc 1 93 0
 326 000e 0546     		mov	r5, r0
 327 0010 70B1     		cbz	r0, .L20
  94:main.c        ****             UART_1_PutChar(ch);
 328              		.loc 1 94 0
 329 0012 FFF7FEFF 		bl	UART_1_PutChar
 330              	.LVL46:
  95:main.c        ****             chs++;
 331              		.loc 1 95 0
 332 0016 0136     		adds	r6, r6, #1
 333              	.LVL47:
  96:main.c        ****             if(ch == '\r') {
 334              		.loc 1 96 0
 335 0018 0D2D     		cmp	r5, #13
ARM GAS  C:\Users\vellu\AppData\Local\Temp\ccTao2Bg.s 			page 9


 336 001a 03D1     		bne	.L21
 337              	.LVL48:
  97:main.c        ****                 ch = '\n';
  98:main.c        ****                 UART_1_PutChar(ch);
 338              		.loc 1 98 0
 339 001c 0A20     		movs	r0, #10
 340 001e FFF7FEFF 		bl	UART_1_PutChar
 341              	.LVL49:
  97:main.c        ****                 ch = '\n';
 342              		.loc 1 97 0
 343 0022 0A25     		movs	r5, #10
 344              	.LVL50:
 345              	.L21:
  99:main.c        ****             }
 100:main.c        ****             *ptr++ = ch;
 346              		.loc 1 100 0
 347 0024 7B1C     		adds	r3, r7, #1
 348              	.LVL51:
 349 0026 3D70     		strb	r5, [r7]
 101:main.c        ****             count--;
 350              		.loc 1 101 0
 351 0028 013C     		subs	r4, r4, #1
 352              	.LVL52:
 102:main.c        ****             if(ch == '\n') break;
 353              		.loc 1 102 0
 354 002a 0A2D     		cmp	r5, #10
 355 002c 02D0     		beq	.L22
 100:main.c        ****             count--;
 356              		.loc 1 100 0
 357 002e 1F46     		mov	r7, r3
 358              	.LVL53:
 359              	.L20:
  91:main.c        ****         ch = UART_1_GetChar();
 360              		.loc 1 91 0
 361 0030 002C     		cmp	r4, #0
 362 0032 EADC     		bgt	.L23
 363              	.LVL54:
 364              	.L22:
 103:main.c        ****         }
 104:main.c        ****     }
 105:main.c        ****     return chs;
 106:main.c        **** }
 365              		.loc 1 106 0
 366 0034 3046     		mov	r0, r6
 367 0036 F8BD     		pop	{r3, r4, r5, r6, r7, pc}
 368              		.cfi_endproc
 369              	.LFE66:
 370              		.size	_read, .-_read
 371              		.section	.rodata.str1.4,"aMS",%progbits,1
 372              		.align	2
 373              	.LC0:
 374 0000 0A456E74 		.ascii	"\012Enter 1. number: \000"
 374      65722031 
 374      2E206E75 
 374      6D626572 
 374      3A2000
 375 0013 00       		.space	1
ARM GAS  C:\Users\vellu\AppData\Local\Temp\ccTao2Bg.s 			page 10


 376              	.LC1:
 377 0014 256600   		.ascii	"%f\000"
 378 0017 00       		.space	1
 379              	.LC2:
 380 0018 0A074E75 		.ascii	"\012\007Number must be positive!\000"
 380      6D626572 
 380      206D7573 
 380      74206265 
 380      20706F73 
 381 0033 00       		.space	1
 382              	.LC3:
 383 0034 0A456E74 		.ascii	"\012Enter 2. number: \000"
 383      65722032 
 383      2E206E75 
 383      6D626572 
 383      3A2000
 384 0047 00       		.space	1
 385              	.LC4:
 386 0048 41766572 		.ascii	"Average value is: %f\012\000"
 386      61676520 
 386      76616C75 
 386      65206973 
 386      3A202566 
 387 005e 0000     		.space	2
 388              	.LC5:
 389 0060 64657669 		.ascii	"deviation 1: %f\012\000"
 389      6174696F 
 389      6E20313A 
 389      2025660A 
 389      00
 390 0071 000000   		.space	3
 391              	.LC6:
 392 0074 64657669 		.ascii	"deviation 2: %f\012\000"
 392      6174696F 
 392      6E20323A 
 392      2025660A 
 392      00
 393 0085 000000   		.text
 394              	.Letext0:
 395              		.file 2 "c:\\program files (x86)\\cypress\\psoc creator\\4.0\\psoc creator\\import\\gnu\\arm\\4.9.
 396              		.file 3 "c:\\program files (x86)\\cypress\\psoc creator\\4.0\\psoc creator\\import\\gnu\\arm\\4.9.
 397              		.file 4 "Generated_Source\\PSoC5/cytypes.h"
 398              		.file 5 "c:\\program files (x86)\\cypress\\psoc creator\\4.0\\psoc creator\\import\\gnu\\arm\\4.9.
 399              		.file 6 "Generated_Source\\PSoC5/core_cm3.h"
 400              		.file 7 "Generated_Source\\PSoC5/UART_1.h"
 401              		.section	.debug_info,"",%progbits
 402              	.Ldebug_info0:
 403 0000 C1030000 		.4byte	0x3c1
 404 0004 0400     		.2byte	0x4
 405 0006 00000000 		.4byte	.Ldebug_abbrev0
 406 000a 04       		.byte	0x4
 407 000b 01       		.uleb128 0x1
 408 000c DF000000 		.4byte	.LASF30
 409 0010 01       		.byte	0x1
 410 0011 A8010000 		.4byte	.LASF31
 411 0015 DA010000 		.4byte	.LASF32
 412 0019 00000000 		.4byte	.Ldebug_ranges0+0
ARM GAS  C:\Users\vellu\AppData\Local\Temp\ccTao2Bg.s 			page 11


 413 001d 00000000 		.4byte	0
 414 0021 00000000 		.4byte	.Ldebug_line0
 415 0025 02       		.uleb128 0x2
 416 0026 01       		.byte	0x1
 417 0027 06       		.byte	0x6
 418 0028 75010000 		.4byte	.LASF0
 419 002c 02       		.uleb128 0x2
 420 002d 01       		.byte	0x1
 421 002e 08       		.byte	0x8
 422 002f 4D000000 		.4byte	.LASF1
 423 0033 02       		.uleb128 0x2
 424 0034 02       		.byte	0x2
 425 0035 05       		.byte	0x5
 426 0036 C1010000 		.4byte	.LASF2
 427 003a 02       		.uleb128 0x2
 428 003b 02       		.byte	0x2
 429 003c 07       		.byte	0x7
 430 003d 17000000 		.4byte	.LASF3
 431 0041 03       		.uleb128 0x3
 432 0042 0D000000 		.4byte	.LASF9
 433 0046 02       		.byte	0x2
 434 0047 3F       		.byte	0x3f
 435 0048 4C000000 		.4byte	0x4c
 436 004c 02       		.uleb128 0x2
 437 004d 04       		.byte	0x4
 438 004e 05       		.byte	0x5
 439 004f D1010000 		.4byte	.LASF4
 440 0053 02       		.uleb128 0x2
 441 0054 04       		.byte	0x4
 442 0055 07       		.byte	0x7
 443 0056 60000000 		.4byte	.LASF5
 444 005a 02       		.uleb128 0x2
 445 005b 08       		.byte	0x8
 446 005c 05       		.byte	0x5
 447 005d 9A010000 		.4byte	.LASF6
 448 0061 02       		.uleb128 0x2
 449 0062 08       		.byte	0x8
 450 0063 07       		.byte	0x7
 451 0064 BA000000 		.4byte	.LASF7
 452 0068 04       		.uleb128 0x4
 453 0069 04       		.byte	0x4
 454 006a 05       		.byte	0x5
 455 006b 696E7400 		.ascii	"int\000"
 456 006f 02       		.uleb128 0x2
 457 0070 04       		.byte	0x4
 458 0071 07       		.byte	0x7
 459 0072 AD000000 		.4byte	.LASF8
 460 0076 03       		.uleb128 0x3
 461 0077 81010000 		.4byte	.LASF10
 462 007b 03       		.byte	0x3
 463 007c 2C       		.byte	0x2c
 464 007d 41000000 		.4byte	0x41
 465 0081 05       		.uleb128 0x5
 466 0082 CB010000 		.4byte	.LASF11
 467 0086 04       		.byte	0x4
 468 0087 9201     		.2byte	0x192
 469 0089 2C000000 		.4byte	0x2c
ARM GAS  C:\Users\vellu\AppData\Local\Temp\ccTao2Bg.s 			page 12


 470 008d 02       		.uleb128 0x2
 471 008e 04       		.byte	0x4
 472 008f 04       		.byte	0x4
 473 0090 3C000000 		.4byte	.LASF12
 474 0094 02       		.uleb128 0x2
 475 0095 08       		.byte	0x8
 476 0096 04       		.byte	0x4
 477 0097 7F000000 		.4byte	.LASF13
 478 009b 02       		.uleb128 0x2
 479 009c 01       		.byte	0x1
 480 009d 08       		.byte	0x8
 481 009e AF010000 		.4byte	.LASF14
 482 00a2 02       		.uleb128 0x2
 483 00a3 04       		.byte	0x4
 484 00a4 07       		.byte	0x7
 485 00a5 89010000 		.4byte	.LASF15
 486 00a9 06       		.uleb128 0x6
 487 00aa 04       		.byte	0x4
 488 00ab 9B000000 		.4byte	0x9b
 489 00af 06       		.uleb128 0x6
 490 00b0 04       		.byte	0x4
 491 00b1 B5000000 		.4byte	0xb5
 492 00b5 07       		.uleb128 0x7
 493 00b6 9B000000 		.4byte	0x9b
 494 00ba 08       		.uleb128 0x8
 495 00bb D1000000 		.4byte	.LASF18
 496 00bf 01       		.byte	0x1
 497 00c0 41       		.byte	0x41
 498 00c1 8D000000 		.4byte	0x8d
 499 00c5 00000000 		.4byte	.LFB64
 500 00c9 28000000 		.4byte	.LFE64-.LFB64
 501 00cd 01       		.uleb128 0x1
 502 00ce 9C       		.byte	0x9c
 503 00cf 01010000 		.4byte	0x101
 504 00d3 09       		.uleb128 0x9
 505 00d4 37000000 		.4byte	.LASF16
 506 00d8 01       		.byte	0x1
 507 00d9 41       		.byte	0x41
 508 00da 01010000 		.4byte	0x101
 509 00de 00000000 		.4byte	.LLST0
 510 00e2 09       		.uleb128 0x9
 511 00e3 5B000000 		.4byte	.LASF17
 512 00e7 01       		.byte	0x1
 513 00e8 41       		.byte	0x41
 514 00e9 01010000 		.4byte	0x101
 515 00ed 1E000000 		.4byte	.LLST1
 516 00f1 0A       		.uleb128 0xa
 517 00f2 6D010000 		.4byte	.LASF20
 518 00f6 01       		.byte	0x1
 519 00f7 43       		.byte	0x43
 520 00f8 8D000000 		.4byte	0x8d
 521 00fc 3C000000 		.4byte	.LLST2
 522 0100 00       		.byte	0
 523 0101 06       		.uleb128 0x6
 524 0102 04       		.byte	0x4
 525 0103 8D000000 		.4byte	0x8d
 526 0107 08       		.uleb128 0x8
ARM GAS  C:\Users\vellu\AppData\Local\Temp\ccTao2Bg.s 			page 13


 527 0108 86000000 		.4byte	.LASF19
 528 010c 01       		.byte	0x1
 529 010d 14       		.byte	0x14
 530 010e 68000000 		.4byte	0x68
 531 0112 00000000 		.4byte	.LFB63
 532 0116 D0000000 		.4byte	.LFE63-.LFB63
 533 011a 01       		.uleb128 0x1
 534 011b 9C       		.byte	0x9c
 535 011c 64020000 		.4byte	0x264
 536 0120 0B       		.uleb128 0xb
 537 0121 92010000 		.4byte	.LASF21
 538 0125 01       		.byte	0x1
 539 0126 1B       		.byte	0x1b
 540 0127 8D000000 		.4byte	0x8d
 541 012b 02       		.uleb128 0x2
 542 012c 91       		.byte	0x91
 543 012d 6C       		.sleb128 -20
 544 012e 0B       		.uleb128 0xb
 545 012f 96000000 		.4byte	.LASF22
 546 0133 01       		.byte	0x1
 547 0134 1C       		.byte	0x1c
 548 0135 8D000000 		.4byte	0x8d
 549 0139 02       		.uleb128 0x2
 550 013a 91       		.byte	0x91
 551 013b 68       		.sleb128 -24
 552 013c 0A       		.uleb128 0xa
 553 013d 37000000 		.4byte	.LASF16
 554 0141 01       		.byte	0x1
 555 0142 1D       		.byte	0x1d
 556 0143 01010000 		.4byte	0x101
 557 0147 6A000000 		.4byte	.LLST3
 558 014b 0A       		.uleb128 0xa
 559 014c 5B000000 		.4byte	.LASF17
 560 0150 01       		.byte	0x1
 561 0151 1E       		.byte	0x1e
 562 0152 01010000 		.4byte	0x101
 563 0156 89000000 		.4byte	.LLST4
 564 015a 0A       		.uleb128 0xa
 565 015b 8B000000 		.4byte	.LASF23
 566 015f 01       		.byte	0x1
 567 0160 1F       		.byte	0x1f
 568 0161 8D000000 		.4byte	0x8d
 569 0165 A8000000 		.4byte	.LLST5
 570 0169 0C       		.uleb128 0xc
 571 016a 0A000000 		.4byte	.LVL9
 572 016e 75030000 		.4byte	0x375
 573 0172 0D       		.uleb128 0xd
 574 0173 18000000 		.4byte	.LVL12
 575 0177 7C030000 		.4byte	0x37c
 576 017b 89010000 		.4byte	0x189
 577 017f 0E       		.uleb128 0xe
 578 0180 01       		.uleb128 0x1
 579 0181 50       		.byte	0x50
 580 0182 05       		.uleb128 0x5
 581 0183 03       		.byte	0x3
 582 0184 00000000 		.4byte	.LC0
 583 0188 00       		.byte	0
ARM GAS  C:\Users\vellu\AppData\Local\Temp\ccTao2Bg.s 			page 14


 584 0189 0D       		.uleb128 0xd
 585 018a 20000000 		.4byte	.LVL13
 586 018e 92030000 		.4byte	0x392
 587 0192 A6010000 		.4byte	0x1a6
 588 0196 0E       		.uleb128 0xe
 589 0197 01       		.uleb128 0x1
 590 0198 51       		.byte	0x51
 591 0199 02       		.uleb128 0x2
 592 019a 91       		.byte	0x91
 593 019b 6C       		.sleb128 -20
 594 019c 0E       		.uleb128 0xe
 595 019d 01       		.uleb128 0x1
 596 019e 50       		.byte	0x50
 597 019f 05       		.uleb128 0x5
 598 01a0 03       		.byte	0x3
 599 01a1 14000000 		.4byte	.LC1
 600 01a5 00       		.byte	0
 601 01a6 0D       		.uleb128 0xd
 602 01a7 30000000 		.4byte	.LVL15
 603 01ab 7C030000 		.4byte	0x37c
 604 01af BD010000 		.4byte	0x1bd
 605 01b3 0E       		.uleb128 0xe
 606 01b4 01       		.uleb128 0x1
 607 01b5 50       		.byte	0x50
 608 01b6 05       		.uleb128 0x5
 609 01b7 03       		.byte	0x3
 610 01b8 18000000 		.4byte	.LC2
 611 01bc 00       		.byte	0
 612 01bd 0D       		.uleb128 0xd
 613 01be 48000000 		.4byte	.LVL19
 614 01c2 7C030000 		.4byte	0x37c
 615 01c6 D4010000 		.4byte	0x1d4
 616 01ca 0E       		.uleb128 0xe
 617 01cb 01       		.uleb128 0x1
 618 01cc 50       		.byte	0x50
 619 01cd 05       		.uleb128 0x5
 620 01ce 03       		.byte	0x3
 621 01cf 34000000 		.4byte	.LC3
 622 01d3 00       		.byte	0
 623 01d4 0D       		.uleb128 0xd
 624 01d5 50000000 		.4byte	.LVL20
 625 01d9 92030000 		.4byte	0x392
 626 01dd F1010000 		.4byte	0x1f1
 627 01e1 0E       		.uleb128 0xe
 628 01e2 01       		.uleb128 0x1
 629 01e3 51       		.byte	0x51
 630 01e4 02       		.uleb128 0x2
 631 01e5 7D       		.byte	0x7d
 632 01e6 00       		.sleb128 0
 633 01e7 0E       		.uleb128 0xe
 634 01e8 01       		.uleb128 0x1
 635 01e9 50       		.byte	0x50
 636 01ea 05       		.uleb128 0x5
 637 01eb 03       		.byte	0x3
 638 01ec 14000000 		.4byte	.LC1
 639 01f0 00       		.byte	0
 640 01f1 0D       		.uleb128 0xd
ARM GAS  C:\Users\vellu\AppData\Local\Temp\ccTao2Bg.s 			page 15


 641 01f2 60000000 		.4byte	.LVL22
 642 01f6 7C030000 		.4byte	0x37c
 643 01fa 08020000 		.4byte	0x208
 644 01fe 0E       		.uleb128 0xe
 645 01ff 01       		.uleb128 0x1
 646 0200 50       		.byte	0x50
 647 0201 05       		.uleb128 0x5
 648 0202 03       		.byte	0x3
 649 0203 18000000 		.4byte	.LC2
 650 0207 00       		.byte	0
 651 0208 0D       		.uleb128 0xd
 652 0209 78000000 		.4byte	.LVL25
 653 020d BA000000 		.4byte	0xba
 654 0211 22020000 		.4byte	0x222
 655 0215 0E       		.uleb128 0xe
 656 0216 01       		.uleb128 0x1
 657 0217 51       		.byte	0x51
 658 0218 02       		.uleb128 0x2
 659 0219 74       		.byte	0x74
 660 021a 00       		.sleb128 0
 661 021b 0E       		.uleb128 0xe
 662 021c 01       		.uleb128 0x1
 663 021d 50       		.byte	0x50
 664 021e 02       		.uleb128 0x2
 665 021f 75       		.byte	0x75
 666 0220 00       		.sleb128 0
 667 0221 00       		.byte	0
 668 0222 0D       		.uleb128 0xd
 669 0223 86000000 		.4byte	.LVL27
 670 0227 7C030000 		.4byte	0x37c
 671 022b 39020000 		.4byte	0x239
 672 022f 0E       		.uleb128 0xe
 673 0230 01       		.uleb128 0x1
 674 0231 50       		.byte	0x50
 675 0232 05       		.uleb128 0x5
 676 0233 03       		.byte	0x3
 677 0234 48000000 		.4byte	.LC4
 678 0238 00       		.byte	0
 679 0239 0D       		.uleb128 0xd
 680 023a 9C000000 		.4byte	.LVL30
 681 023e 7C030000 		.4byte	0x37c
 682 0242 50020000 		.4byte	0x250
 683 0246 0E       		.uleb128 0xe
 684 0247 01       		.uleb128 0x1
 685 0248 50       		.byte	0x50
 686 0249 05       		.uleb128 0x5
 687 024a 03       		.byte	0x3
 688 024b 60000000 		.4byte	.LC5
 689 024f 00       		.byte	0
 690 0250 0F       		.uleb128 0xf
 691 0251 AC000000 		.4byte	.LVL32
 692 0255 7C030000 		.4byte	0x37c
 693 0259 0E       		.uleb128 0xe
 694 025a 01       		.uleb128 0x1
 695 025b 50       		.byte	0x50
 696 025c 05       		.uleb128 0x5
 697 025d 03       		.byte	0x3
ARM GAS  C:\Users\vellu\AppData\Local\Temp\ccTao2Bg.s 			page 16


 698 025e 74000000 		.4byte	.LC6
 699 0262 00       		.byte	0
 700 0263 00       		.byte	0
 701 0264 10       		.uleb128 0x10
 702 0265 B4010000 		.4byte	.LASF24
 703 0269 01       		.byte	0x1
 704 026a 4A       		.byte	0x4a
 705 026b 68000000 		.4byte	0x68
 706 026f 00000000 		.4byte	.LFB65
 707 0273 2A000000 		.4byte	.LFE65-.LFB65
 708 0277 01       		.uleb128 0x1
 709 0278 9C       		.byte	0x9c
 710 0279 D4020000 		.4byte	0x2d4
 711 027d 09       		.uleb128 0x9
 712 027e 42000000 		.4byte	.LASF25
 713 0282 01       		.byte	0x1
 714 0283 4A       		.byte	0x4a
 715 0284 68000000 		.4byte	0x68
 716 0288 CB000000 		.4byte	.LLST6
 717 028c 11       		.uleb128 0x11
 718 028d 70747200 		.ascii	"ptr\000"
 719 0291 01       		.byte	0x1
 720 0292 4A       		.byte	0x4a
 721 0293 A9000000 		.4byte	0xa9
 722 0297 EC000000 		.4byte	.LLST7
 723 029b 11       		.uleb128 0x11
 724 029c 6C656E00 		.ascii	"len\000"
 725 02a0 01       		.byte	0x1
 726 02a1 4A       		.byte	0x4a
 727 02a2 68000000 		.4byte	0x68
 728 02a6 20010000 		.4byte	.LLST8
 729 02aa 12       		.uleb128 0x12
 730 02ab 6E00     		.ascii	"n\000"
 731 02ad 01       		.byte	0x1
 732 02ae 4D       		.byte	0x4d
 733 02af 68000000 		.4byte	0x68
 734 02b3 3E010000 		.4byte	.LLST9
 735 02b7 0D       		.uleb128 0xd
 736 02b8 16000000 		.4byte	.LVL37
 737 02bc A8030000 		.4byte	0x3a8
 738 02c0 CA020000 		.4byte	0x2ca
 739 02c4 0E       		.uleb128 0xe
 740 02c5 01       		.uleb128 0x1
 741 02c6 50       		.byte	0x50
 742 02c7 01       		.uleb128 0x1
 743 02c8 3D       		.byte	0x3d
 744 02c9 00       		.byte	0
 745 02ca 0C       		.uleb128 0xc
 746 02cb 1E000000 		.4byte	.LVL39
 747 02cf A8030000 		.4byte	0x3a8
 748 02d3 00       		.byte	0
 749 02d4 10       		.uleb128 0x10
 750 02d5 31000000 		.4byte	.LASF26
 751 02d9 01       		.byte	0x1
 752 02da 55       		.byte	0x55
 753 02db 68000000 		.4byte	0x68
 754 02df 00000000 		.4byte	.LFB66
ARM GAS  C:\Users\vellu\AppData\Local\Temp\ccTao2Bg.s 			page 17


 755 02e3 38000000 		.4byte	.LFE66-.LFB66
 756 02e7 01       		.uleb128 0x1
 757 02e8 9C       		.byte	0x9c
 758 02e9 64030000 		.4byte	0x364
 759 02ed 09       		.uleb128 0x9
 760 02ee 42000000 		.4byte	.LASF25
 761 02f2 01       		.byte	0x1
 762 02f3 55       		.byte	0x55
 763 02f4 68000000 		.4byte	0x68
 764 02f8 5D010000 		.4byte	.LLST10
 765 02fc 11       		.uleb128 0x11
 766 02fd 70747200 		.ascii	"ptr\000"
 767 0301 01       		.byte	0x1
 768 0302 55       		.byte	0x55
 769 0303 A9000000 		.4byte	0xa9
 770 0307 7E010000 		.4byte	.LLST11
 771 030b 09       		.uleb128 0x9
 772 030c BB010000 		.4byte	.LASF27
 773 0310 01       		.byte	0x1
 774 0311 55       		.byte	0x55
 775 0312 68000000 		.4byte	0x68
 776 0316 B2010000 		.4byte	.LLST12
 777 031a 12       		.uleb128 0x12
 778 031b 63687300 		.ascii	"chs\000"
 779 031f 01       		.byte	0x1
 780 0320 57       		.byte	0x57
 781 0321 68000000 		.4byte	0x68
 782 0325 D0010000 		.4byte	.LLST13
 783 0329 12       		.uleb128 0x12
 784 032a 636800   		.ascii	"ch\000"
 785 032d 01       		.byte	0x1
 786 032e 58       		.byte	0x58
 787 032f 9B000000 		.4byte	0x9b
 788 0333 EF010000 		.4byte	.LLST14
 789 0337 0C       		.uleb128 0xc
 790 0338 0E000000 		.4byte	.LVL45
 791 033c B9030000 		.4byte	0x3b9
 792 0340 0D       		.uleb128 0xd
 793 0341 16000000 		.4byte	.LVL46
 794 0345 A8030000 		.4byte	0x3a8
 795 0349 54030000 		.4byte	0x354
 796 034d 0E       		.uleb128 0xe
 797 034e 01       		.uleb128 0x1
 798 034f 50       		.byte	0x50
 799 0350 02       		.uleb128 0x2
 800 0351 75       		.byte	0x75
 801 0352 00       		.sleb128 0
 802 0353 00       		.byte	0
 803 0354 0F       		.uleb128 0xf
 804 0355 22000000 		.4byte	.LVL49
 805 0359 A8030000 		.4byte	0x3a8
 806 035d 0E       		.uleb128 0xe
 807 035e 01       		.uleb128 0x1
 808 035f 50       		.byte	0x50
 809 0360 01       		.uleb128 0x1
 810 0361 3A       		.byte	0x3a
 811 0362 00       		.byte	0
ARM GAS  C:\Users\vellu\AppData\Local\Temp\ccTao2Bg.s 			page 18


 812 0363 00       		.byte	0
 813 0364 13       		.uleb128 0x13
 814 0365 72000000 		.4byte	.LASF33
 815 0369 06       		.byte	0x6
 816 036a 9606     		.2byte	0x696
 817 036c 70030000 		.4byte	0x370
 818 0370 14       		.uleb128 0x14
 819 0371 76000000 		.4byte	0x76
 820 0375 15       		.uleb128 0x15
 821 0376 00000000 		.4byte	.LASF34
 822 037a 07       		.byte	0x7
 823 037b 54       		.byte	0x54
 824 037c 16       		.uleb128 0x16
 825 037d 2A000000 		.4byte	.LASF28
 826 0381 05       		.byte	0x5
 827 0382 B2       		.byte	0xb2
 828 0383 68000000 		.4byte	0x68
 829 0387 92030000 		.4byte	0x392
 830 038b 17       		.uleb128 0x17
 831 038c AF000000 		.4byte	0xaf
 832 0390 18       		.uleb128 0x18
 833 0391 00       		.byte	0
 834 0392 16       		.uleb128 0x16
 835 0393 47000000 		.4byte	.LASF29
 836 0397 05       		.byte	0x5
 837 0398 B4       		.byte	0xb4
 838 0399 68000000 		.4byte	0x68
 839 039d A8030000 		.4byte	0x3a8
 840 03a1 17       		.uleb128 0x17
 841 03a2 AF000000 		.4byte	0xaf
 842 03a6 18       		.uleb128 0x18
 843 03a7 00       		.byte	0
 844 03a8 19       		.uleb128 0x19
 845 03a9 9E000000 		.4byte	.LASF35
 846 03ad 07       		.byte	0x7
 847 03ae 8A       		.byte	0x8a
 848 03af B9030000 		.4byte	0x3b9
 849 03b3 17       		.uleb128 0x17
 850 03b4 81000000 		.4byte	0x81
 851 03b8 00       		.byte	0
 852 03b9 1A       		.uleb128 0x1a
 853 03ba 2B020000 		.4byte	.LASF36
 854 03be 07       		.byte	0x7
 855 03bf 71       		.byte	0x71
 856 03c0 81000000 		.4byte	0x81
 857 03c4 00       		.byte	0
 858              		.section	.debug_abbrev,"",%progbits
 859              	.Ldebug_abbrev0:
 860 0000 01       		.uleb128 0x1
 861 0001 11       		.uleb128 0x11
 862 0002 01       		.byte	0x1
 863 0003 25       		.uleb128 0x25
 864 0004 0E       		.uleb128 0xe
 865 0005 13       		.uleb128 0x13
 866 0006 0B       		.uleb128 0xb
 867 0007 03       		.uleb128 0x3
 868 0008 0E       		.uleb128 0xe
ARM GAS  C:\Users\vellu\AppData\Local\Temp\ccTao2Bg.s 			page 19


 869 0009 1B       		.uleb128 0x1b
 870 000a 0E       		.uleb128 0xe
 871 000b 55       		.uleb128 0x55
 872 000c 17       		.uleb128 0x17
 873 000d 11       		.uleb128 0x11
 874 000e 01       		.uleb128 0x1
 875 000f 10       		.uleb128 0x10
 876 0010 17       		.uleb128 0x17
 877 0011 00       		.byte	0
 878 0012 00       		.byte	0
 879 0013 02       		.uleb128 0x2
 880 0014 24       		.uleb128 0x24
 881 0015 00       		.byte	0
 882 0016 0B       		.uleb128 0xb
 883 0017 0B       		.uleb128 0xb
 884 0018 3E       		.uleb128 0x3e
 885 0019 0B       		.uleb128 0xb
 886 001a 03       		.uleb128 0x3
 887 001b 0E       		.uleb128 0xe
 888 001c 00       		.byte	0
 889 001d 00       		.byte	0
 890 001e 03       		.uleb128 0x3
 891 001f 16       		.uleb128 0x16
 892 0020 00       		.byte	0
 893 0021 03       		.uleb128 0x3
 894 0022 0E       		.uleb128 0xe
 895 0023 3A       		.uleb128 0x3a
 896 0024 0B       		.uleb128 0xb
 897 0025 3B       		.uleb128 0x3b
 898 0026 0B       		.uleb128 0xb
 899 0027 49       		.uleb128 0x49
 900 0028 13       		.uleb128 0x13
 901 0029 00       		.byte	0
 902 002a 00       		.byte	0
 903 002b 04       		.uleb128 0x4
 904 002c 24       		.uleb128 0x24
 905 002d 00       		.byte	0
 906 002e 0B       		.uleb128 0xb
 907 002f 0B       		.uleb128 0xb
 908 0030 3E       		.uleb128 0x3e
 909 0031 0B       		.uleb128 0xb
 910 0032 03       		.uleb128 0x3
 911 0033 08       		.uleb128 0x8
 912 0034 00       		.byte	0
 913 0035 00       		.byte	0
 914 0036 05       		.uleb128 0x5
 915 0037 16       		.uleb128 0x16
 916 0038 00       		.byte	0
 917 0039 03       		.uleb128 0x3
 918 003a 0E       		.uleb128 0xe
 919 003b 3A       		.uleb128 0x3a
 920 003c 0B       		.uleb128 0xb
 921 003d 3B       		.uleb128 0x3b
 922 003e 05       		.uleb128 0x5
 923 003f 49       		.uleb128 0x49
 924 0040 13       		.uleb128 0x13
 925 0041 00       		.byte	0
ARM GAS  C:\Users\vellu\AppData\Local\Temp\ccTao2Bg.s 			page 20


 926 0042 00       		.byte	0
 927 0043 06       		.uleb128 0x6
 928 0044 0F       		.uleb128 0xf
 929 0045 00       		.byte	0
 930 0046 0B       		.uleb128 0xb
 931 0047 0B       		.uleb128 0xb
 932 0048 49       		.uleb128 0x49
 933 0049 13       		.uleb128 0x13
 934 004a 00       		.byte	0
 935 004b 00       		.byte	0
 936 004c 07       		.uleb128 0x7
 937 004d 26       		.uleb128 0x26
 938 004e 00       		.byte	0
 939 004f 49       		.uleb128 0x49
 940 0050 13       		.uleb128 0x13
 941 0051 00       		.byte	0
 942 0052 00       		.byte	0
 943 0053 08       		.uleb128 0x8
 944 0054 2E       		.uleb128 0x2e
 945 0055 01       		.byte	0x1
 946 0056 3F       		.uleb128 0x3f
 947 0057 19       		.uleb128 0x19
 948 0058 03       		.uleb128 0x3
 949 0059 0E       		.uleb128 0xe
 950 005a 3A       		.uleb128 0x3a
 951 005b 0B       		.uleb128 0xb
 952 005c 3B       		.uleb128 0x3b
 953 005d 0B       		.uleb128 0xb
 954 005e 27       		.uleb128 0x27
 955 005f 19       		.uleb128 0x19
 956 0060 49       		.uleb128 0x49
 957 0061 13       		.uleb128 0x13
 958 0062 11       		.uleb128 0x11
 959 0063 01       		.uleb128 0x1
 960 0064 12       		.uleb128 0x12
 961 0065 06       		.uleb128 0x6
 962 0066 40       		.uleb128 0x40
 963 0067 18       		.uleb128 0x18
 964 0068 9642     		.uleb128 0x2116
 965 006a 19       		.uleb128 0x19
 966 006b 01       		.uleb128 0x1
 967 006c 13       		.uleb128 0x13
 968 006d 00       		.byte	0
 969 006e 00       		.byte	0
 970 006f 09       		.uleb128 0x9
 971 0070 05       		.uleb128 0x5
 972 0071 00       		.byte	0
 973 0072 03       		.uleb128 0x3
 974 0073 0E       		.uleb128 0xe
 975 0074 3A       		.uleb128 0x3a
 976 0075 0B       		.uleb128 0xb
 977 0076 3B       		.uleb128 0x3b
 978 0077 0B       		.uleb128 0xb
 979 0078 49       		.uleb128 0x49
 980 0079 13       		.uleb128 0x13
 981 007a 02       		.uleb128 0x2
 982 007b 17       		.uleb128 0x17
ARM GAS  C:\Users\vellu\AppData\Local\Temp\ccTao2Bg.s 			page 21


 983 007c 00       		.byte	0
 984 007d 00       		.byte	0
 985 007e 0A       		.uleb128 0xa
 986 007f 34       		.uleb128 0x34
 987 0080 00       		.byte	0
 988 0081 03       		.uleb128 0x3
 989 0082 0E       		.uleb128 0xe
 990 0083 3A       		.uleb128 0x3a
 991 0084 0B       		.uleb128 0xb
 992 0085 3B       		.uleb128 0x3b
 993 0086 0B       		.uleb128 0xb
 994 0087 49       		.uleb128 0x49
 995 0088 13       		.uleb128 0x13
 996 0089 02       		.uleb128 0x2
 997 008a 17       		.uleb128 0x17
 998 008b 00       		.byte	0
 999 008c 00       		.byte	0
 1000 008d 0B       		.uleb128 0xb
 1001 008e 34       		.uleb128 0x34
 1002 008f 00       		.byte	0
 1003 0090 03       		.uleb128 0x3
 1004 0091 0E       		.uleb128 0xe
 1005 0092 3A       		.uleb128 0x3a
 1006 0093 0B       		.uleb128 0xb
 1007 0094 3B       		.uleb128 0x3b
 1008 0095 0B       		.uleb128 0xb
 1009 0096 49       		.uleb128 0x49
 1010 0097 13       		.uleb128 0x13
 1011 0098 02       		.uleb128 0x2
 1012 0099 18       		.uleb128 0x18
 1013 009a 00       		.byte	0
 1014 009b 00       		.byte	0
 1015 009c 0C       		.uleb128 0xc
 1016 009d 898201   		.uleb128 0x4109
 1017 00a0 00       		.byte	0
 1018 00a1 11       		.uleb128 0x11
 1019 00a2 01       		.uleb128 0x1
 1020 00a3 31       		.uleb128 0x31
 1021 00a4 13       		.uleb128 0x13
 1022 00a5 00       		.byte	0
 1023 00a6 00       		.byte	0
 1024 00a7 0D       		.uleb128 0xd
 1025 00a8 898201   		.uleb128 0x4109
 1026 00ab 01       		.byte	0x1
 1027 00ac 11       		.uleb128 0x11
 1028 00ad 01       		.uleb128 0x1
 1029 00ae 31       		.uleb128 0x31
 1030 00af 13       		.uleb128 0x13
 1031 00b0 01       		.uleb128 0x1
 1032 00b1 13       		.uleb128 0x13
 1033 00b2 00       		.byte	0
 1034 00b3 00       		.byte	0
 1035 00b4 0E       		.uleb128 0xe
 1036 00b5 8A8201   		.uleb128 0x410a
 1037 00b8 00       		.byte	0
 1038 00b9 02       		.uleb128 0x2
 1039 00ba 18       		.uleb128 0x18
ARM GAS  C:\Users\vellu\AppData\Local\Temp\ccTao2Bg.s 			page 22


 1040 00bb 9142     		.uleb128 0x2111
 1041 00bd 18       		.uleb128 0x18
 1042 00be 00       		.byte	0
 1043 00bf 00       		.byte	0
 1044 00c0 0F       		.uleb128 0xf
 1045 00c1 898201   		.uleb128 0x4109
 1046 00c4 01       		.byte	0x1
 1047 00c5 11       		.uleb128 0x11
 1048 00c6 01       		.uleb128 0x1
 1049 00c7 31       		.uleb128 0x31
 1050 00c8 13       		.uleb128 0x13
 1051 00c9 00       		.byte	0
 1052 00ca 00       		.byte	0
 1053 00cb 10       		.uleb128 0x10
 1054 00cc 2E       		.uleb128 0x2e
 1055 00cd 01       		.byte	0x1
 1056 00ce 3F       		.uleb128 0x3f
 1057 00cf 19       		.uleb128 0x19
 1058 00d0 03       		.uleb128 0x3
 1059 00d1 0E       		.uleb128 0xe
 1060 00d2 3A       		.uleb128 0x3a
 1061 00d3 0B       		.uleb128 0xb
 1062 00d4 3B       		.uleb128 0x3b
 1063 00d5 0B       		.uleb128 0xb
 1064 00d6 27       		.uleb128 0x27
 1065 00d7 19       		.uleb128 0x19
 1066 00d8 49       		.uleb128 0x49
 1067 00d9 13       		.uleb128 0x13
 1068 00da 11       		.uleb128 0x11
 1069 00db 01       		.uleb128 0x1
 1070 00dc 12       		.uleb128 0x12
 1071 00dd 06       		.uleb128 0x6
 1072 00de 40       		.uleb128 0x40
 1073 00df 18       		.uleb128 0x18
 1074 00e0 9742     		.uleb128 0x2117
 1075 00e2 19       		.uleb128 0x19
 1076 00e3 01       		.uleb128 0x1
 1077 00e4 13       		.uleb128 0x13
 1078 00e5 00       		.byte	0
 1079 00e6 00       		.byte	0
 1080 00e7 11       		.uleb128 0x11
 1081 00e8 05       		.uleb128 0x5
 1082 00e9 00       		.byte	0
 1083 00ea 03       		.uleb128 0x3
 1084 00eb 08       		.uleb128 0x8
 1085 00ec 3A       		.uleb128 0x3a
 1086 00ed 0B       		.uleb128 0xb
 1087 00ee 3B       		.uleb128 0x3b
 1088 00ef 0B       		.uleb128 0xb
 1089 00f0 49       		.uleb128 0x49
 1090 00f1 13       		.uleb128 0x13
 1091 00f2 02       		.uleb128 0x2
 1092 00f3 17       		.uleb128 0x17
 1093 00f4 00       		.byte	0
 1094 00f5 00       		.byte	0
 1095 00f6 12       		.uleb128 0x12
 1096 00f7 34       		.uleb128 0x34
ARM GAS  C:\Users\vellu\AppData\Local\Temp\ccTao2Bg.s 			page 23


 1097 00f8 00       		.byte	0
 1098 00f9 03       		.uleb128 0x3
 1099 00fa 08       		.uleb128 0x8
 1100 00fb 3A       		.uleb128 0x3a
 1101 00fc 0B       		.uleb128 0xb
 1102 00fd 3B       		.uleb128 0x3b
 1103 00fe 0B       		.uleb128 0xb
 1104 00ff 49       		.uleb128 0x49
 1105 0100 13       		.uleb128 0x13
 1106 0101 02       		.uleb128 0x2
 1107 0102 17       		.uleb128 0x17
 1108 0103 00       		.byte	0
 1109 0104 00       		.byte	0
 1110 0105 13       		.uleb128 0x13
 1111 0106 34       		.uleb128 0x34
 1112 0107 00       		.byte	0
 1113 0108 03       		.uleb128 0x3
 1114 0109 0E       		.uleb128 0xe
 1115 010a 3A       		.uleb128 0x3a
 1116 010b 0B       		.uleb128 0xb
 1117 010c 3B       		.uleb128 0x3b
 1118 010d 05       		.uleb128 0x5
 1119 010e 49       		.uleb128 0x49
 1120 010f 13       		.uleb128 0x13
 1121 0110 3F       		.uleb128 0x3f
 1122 0111 19       		.uleb128 0x19
 1123 0112 3C       		.uleb128 0x3c
 1124 0113 19       		.uleb128 0x19
 1125 0114 00       		.byte	0
 1126 0115 00       		.byte	0
 1127 0116 14       		.uleb128 0x14
 1128 0117 35       		.uleb128 0x35
 1129 0118 00       		.byte	0
 1130 0119 49       		.uleb128 0x49
 1131 011a 13       		.uleb128 0x13
 1132 011b 00       		.byte	0
 1133 011c 00       		.byte	0
 1134 011d 15       		.uleb128 0x15
 1135 011e 2E       		.uleb128 0x2e
 1136 011f 00       		.byte	0
 1137 0120 3F       		.uleb128 0x3f
 1138 0121 19       		.uleb128 0x19
 1139 0122 03       		.uleb128 0x3
 1140 0123 0E       		.uleb128 0xe
 1141 0124 3A       		.uleb128 0x3a
 1142 0125 0B       		.uleb128 0xb
 1143 0126 3B       		.uleb128 0x3b
 1144 0127 0B       		.uleb128 0xb
 1145 0128 27       		.uleb128 0x27
 1146 0129 19       		.uleb128 0x19
 1147 012a 3C       		.uleb128 0x3c
 1148 012b 19       		.uleb128 0x19
 1149 012c 00       		.byte	0
 1150 012d 00       		.byte	0
 1151 012e 16       		.uleb128 0x16
 1152 012f 2E       		.uleb128 0x2e
 1153 0130 01       		.byte	0x1
ARM GAS  C:\Users\vellu\AppData\Local\Temp\ccTao2Bg.s 			page 24


 1154 0131 3F       		.uleb128 0x3f
 1155 0132 19       		.uleb128 0x19
 1156 0133 03       		.uleb128 0x3
 1157 0134 0E       		.uleb128 0xe
 1158 0135 3A       		.uleb128 0x3a
 1159 0136 0B       		.uleb128 0xb
 1160 0137 3B       		.uleb128 0x3b
 1161 0138 0B       		.uleb128 0xb
 1162 0139 27       		.uleb128 0x27
 1163 013a 19       		.uleb128 0x19
 1164 013b 49       		.uleb128 0x49
 1165 013c 13       		.uleb128 0x13
 1166 013d 3C       		.uleb128 0x3c
 1167 013e 19       		.uleb128 0x19
 1168 013f 01       		.uleb128 0x1
 1169 0140 13       		.uleb128 0x13
 1170 0141 00       		.byte	0
 1171 0142 00       		.byte	0
 1172 0143 17       		.uleb128 0x17
 1173 0144 05       		.uleb128 0x5
 1174 0145 00       		.byte	0
 1175 0146 49       		.uleb128 0x49
 1176 0147 13       		.uleb128 0x13
 1177 0148 00       		.byte	0
 1178 0149 00       		.byte	0
 1179 014a 18       		.uleb128 0x18
 1180 014b 18       		.uleb128 0x18
 1181 014c 00       		.byte	0
 1182 014d 00       		.byte	0
 1183 014e 00       		.byte	0
 1184 014f 19       		.uleb128 0x19
 1185 0150 2E       		.uleb128 0x2e
 1186 0151 01       		.byte	0x1
 1187 0152 3F       		.uleb128 0x3f
 1188 0153 19       		.uleb128 0x19
 1189 0154 03       		.uleb128 0x3
 1190 0155 0E       		.uleb128 0xe
 1191 0156 3A       		.uleb128 0x3a
 1192 0157 0B       		.uleb128 0xb
 1193 0158 3B       		.uleb128 0x3b
 1194 0159 0B       		.uleb128 0xb
 1195 015a 27       		.uleb128 0x27
 1196 015b 19       		.uleb128 0x19
 1197 015c 3C       		.uleb128 0x3c
 1198 015d 19       		.uleb128 0x19
 1199 015e 01       		.uleb128 0x1
 1200 015f 13       		.uleb128 0x13
 1201 0160 00       		.byte	0
 1202 0161 00       		.byte	0
 1203 0162 1A       		.uleb128 0x1a
 1204 0163 2E       		.uleb128 0x2e
 1205 0164 00       		.byte	0
 1206 0165 3F       		.uleb128 0x3f
 1207 0166 19       		.uleb128 0x19
 1208 0167 03       		.uleb128 0x3
 1209 0168 0E       		.uleb128 0xe
 1210 0169 3A       		.uleb128 0x3a
ARM GAS  C:\Users\vellu\AppData\Local\Temp\ccTao2Bg.s 			page 25


 1211 016a 0B       		.uleb128 0xb
 1212 016b 3B       		.uleb128 0x3b
 1213 016c 0B       		.uleb128 0xb
 1214 016d 27       		.uleb128 0x27
 1215 016e 19       		.uleb128 0x19
 1216 016f 49       		.uleb128 0x49
 1217 0170 13       		.uleb128 0x13
 1218 0171 3C       		.uleb128 0x3c
 1219 0172 19       		.uleb128 0x19
 1220 0173 00       		.byte	0
 1221 0174 00       		.byte	0
 1222 0175 00       		.byte	0
 1223              		.section	.debug_loc,"",%progbits
 1224              	.Ldebug_loc0:
 1225              	.LLST0:
 1226 0000 00000000 		.4byte	.LVL0
 1227 0004 08000000 		.4byte	.LVL2
 1228 0008 0100     		.2byte	0x1
 1229 000a 50       		.byte	0x50
 1230 000b 08000000 		.4byte	.LVL2
 1231 000f 28000000 		.4byte	.LFE64
 1232 0013 0100     		.2byte	0x1
 1233 0015 56       		.byte	0x56
 1234 0016 00000000 		.4byte	0
 1235 001a 00000000 		.4byte	0
 1236              	.LLST1:
 1237 001e 00000000 		.4byte	.LVL0
 1238 0022 0A000000 		.4byte	.LVL3
 1239 0026 0100     		.2byte	0x1
 1240 0028 51       		.byte	0x51
 1241 0029 0A000000 		.4byte	.LVL3
 1242 002d 28000000 		.4byte	.LFE64
 1243 0031 0100     		.2byte	0x1
 1244 0033 55       		.byte	0x55
 1245 0034 00000000 		.4byte	0
 1246 0038 00000000 		.4byte	0
 1247              	.LLST2:
 1248 003c 06000000 		.4byte	.LVL1
 1249 0040 18000000 		.4byte	.LVL6
 1250 0044 0600     		.2byte	0x6
 1251 0046 9E       		.byte	0x9e
 1252 0047 04       		.uleb128 0x4
 1253 0048 00000000 		.4byte	0
 1254 004c 18000000 		.4byte	.LVL6
 1255 0050 1C000000 		.4byte	.LVL7
 1256 0054 0100     		.2byte	0x1
 1257 0056 50       		.byte	0x50
 1258 0057 1C000000 		.4byte	.LVL7
 1259 005b 28000000 		.4byte	.LFE64
 1260 005f 0100     		.2byte	0x1
 1261 0061 54       		.byte	0x54
 1262 0062 00000000 		.4byte	0
 1263 0066 00000000 		.4byte	0
 1264              	.LLST3:
 1265 006a 10000000 		.4byte	.LVL10
 1266 006e 12000000 		.4byte	.LVL11
 1267 0072 0200     		.2byte	0x2
ARM GAS  C:\Users\vellu\AppData\Local\Temp\ccTao2Bg.s 			page 26


 1268 0074 30       		.byte	0x30
 1269 0075 9F       		.byte	0x9f
 1270 0076 12000000 		.4byte	.LVL11
 1271 007a B2000000 		.4byte	.LVL33
 1272 007e 0100     		.2byte	0x1
 1273 0080 55       		.byte	0x55
 1274 0081 00000000 		.4byte	0
 1275 0085 00000000 		.4byte	0
 1276              	.LLST4:
 1277 0089 10000000 		.4byte	.LVL10
 1278 008d 42000000 		.4byte	.LVL18
 1279 0091 0200     		.2byte	0x2
 1280 0093 30       		.byte	0x30
 1281 0094 9F       		.byte	0x9f
 1282 0095 42000000 		.4byte	.LVL18
 1283 0099 B2000000 		.4byte	.LVL33
 1284 009d 0100     		.2byte	0x1
 1285 009f 54       		.byte	0x54
 1286 00a0 00000000 		.4byte	0
 1287 00a4 00000000 		.4byte	0
 1288              	.LLST5:
 1289 00a8 10000000 		.4byte	.LVL10
 1290 00ac 78000000 		.4byte	.LVL25
 1291 00b0 0600     		.2byte	0x6
 1292 00b2 9E       		.byte	0x9e
 1293 00b3 04       		.uleb128 0x4
 1294 00b4 00000000 		.4byte	0
 1295 00b8 78000000 		.4byte	.LVL25
 1296 00bc 7B000000 		.4byte	.LVL26-1
 1297 00c0 0100     		.2byte	0x1
 1298 00c2 50       		.byte	0x50
 1299 00c3 00000000 		.4byte	0
 1300 00c7 00000000 		.4byte	0
 1301              	.LLST6:
 1302 00cb 00000000 		.4byte	.LVL34
 1303 00cf 0A000000 		.4byte	.LVL36
 1304 00d3 0100     		.2byte	0x1
 1305 00d5 50       		.byte	0x50
 1306 00d6 0A000000 		.4byte	.LVL36
 1307 00da 2A000000 		.4byte	.LFE65
 1308 00de 0400     		.2byte	0x4
 1309 00e0 F3       		.byte	0xf3
 1310 00e1 01       		.uleb128 0x1
 1311 00e2 50       		.byte	0x50
 1312 00e3 9F       		.byte	0x9f
 1313 00e4 00000000 		.4byte	0
 1314 00e8 00000000 		.4byte	0
 1315              	.LLST7:
 1316 00ec 00000000 		.4byte	.LVL34
 1317 00f0 0A000000 		.4byte	.LVL36
 1318 00f4 0100     		.2byte	0x1
 1319 00f6 51       		.byte	0x51
 1320 00f7 0A000000 		.4byte	.LVL36
 1321 00fb 18000000 		.4byte	.LVL38
 1322 00ff 0100     		.2byte	0x1
 1323 0101 54       		.byte	0x54
 1324 0102 18000000 		.4byte	.LVL38
ARM GAS  C:\Users\vellu\AppData\Local\Temp\ccTao2Bg.s 			page 27


 1325 0106 22000000 		.4byte	.LVL41
 1326 010a 0100     		.2byte	0x1
 1327 010c 56       		.byte	0x56
 1328 010d 22000000 		.4byte	.LVL41
 1329 0111 2A000000 		.4byte	.LFE65
 1330 0115 0100     		.2byte	0x1
 1331 0117 54       		.byte	0x54
 1332 0118 00000000 		.4byte	0
 1333 011c 00000000 		.4byte	0
 1334              	.LLST8:
 1335 0120 00000000 		.4byte	.LVL34
 1336 0124 0A000000 		.4byte	.LVL36
 1337 0128 0100     		.2byte	0x1
 1338 012a 52       		.byte	0x52
 1339 012b 0A000000 		.4byte	.LVL36
 1340 012f 2A000000 		.4byte	.LFE65
 1341 0133 0100     		.2byte	0x1
 1342 0135 57       		.byte	0x57
 1343 0136 00000000 		.4byte	0
 1344 013a 00000000 		.4byte	0
 1345              	.LLST9:
 1346 013e 06000000 		.4byte	.LVL35
 1347 0142 0A000000 		.4byte	.LVL36
 1348 0146 0200     		.2byte	0x2
 1349 0148 30       		.byte	0x30
 1350 0149 9F       		.byte	0x9f
 1351 014a 0A000000 		.4byte	.LVL36
 1352 014e 2A000000 		.4byte	.LFE65
 1353 0152 0100     		.2byte	0x1
 1354 0154 55       		.byte	0x55
 1355 0155 00000000 		.4byte	0
 1356 0159 00000000 		.4byte	0
 1357              	.LLST10:
 1358 015d 00000000 		.4byte	.LVL42
 1359 0161 0A000000 		.4byte	.LVL44
 1360 0165 0100     		.2byte	0x1
 1361 0167 50       		.byte	0x50
 1362 0168 0A000000 		.4byte	.LVL44
 1363 016c 38000000 		.4byte	.LFE66
 1364 0170 0400     		.2byte	0x4
 1365 0172 F3       		.byte	0xf3
 1366 0173 01       		.uleb128 0x1
 1367 0174 50       		.byte	0x50
 1368 0175 9F       		.byte	0x9f
 1369 0176 00000000 		.4byte	0
 1370 017a 00000000 		.4byte	0
 1371              	.LLST11:
 1372 017e 00000000 		.4byte	.LVL42
 1373 0182 0A000000 		.4byte	.LVL44
 1374 0186 0100     		.2byte	0x1
 1375 0188 51       		.byte	0x51
 1376 0189 0A000000 		.4byte	.LVL44
 1377 018d 26000000 		.4byte	.LVL51
 1378 0191 0100     		.2byte	0x1
 1379 0193 57       		.byte	0x57
 1380 0194 26000000 		.4byte	.LVL51
 1381 0198 30000000 		.4byte	.LVL53
ARM GAS  C:\Users\vellu\AppData\Local\Temp\ccTao2Bg.s 			page 28


 1382 019c 0100     		.2byte	0x1
 1383 019e 53       		.byte	0x53
 1384 019f 30000000 		.4byte	.LVL53
 1385 01a3 34000000 		.4byte	.LVL54
 1386 01a7 0100     		.2byte	0x1
 1387 01a9 57       		.byte	0x57
 1388 01aa 00000000 		.4byte	0
 1389 01ae 00000000 		.4byte	0
 1390              	.LLST12:
 1391 01b2 00000000 		.4byte	.LVL42
 1392 01b6 0A000000 		.4byte	.LVL44
 1393 01ba 0100     		.2byte	0x1
 1394 01bc 52       		.byte	0x52
 1395 01bd 0A000000 		.4byte	.LVL44
 1396 01c1 38000000 		.4byte	.LFE66
 1397 01c5 0100     		.2byte	0x1
 1398 01c7 54       		.byte	0x54
 1399 01c8 00000000 		.4byte	0
 1400 01cc 00000000 		.4byte	0
 1401              	.LLST13:
 1402 01d0 06000000 		.4byte	.LVL43
 1403 01d4 0A000000 		.4byte	.LVL44
 1404 01d8 0200     		.2byte	0x2
 1405 01da 30       		.byte	0x30
 1406 01db 9F       		.byte	0x9f
 1407 01dc 0A000000 		.4byte	.LVL44
 1408 01e0 38000000 		.4byte	.LFE66
 1409 01e4 0100     		.2byte	0x1
 1410 01e6 56       		.byte	0x56
 1411 01e7 00000000 		.4byte	0
 1412 01eb 00000000 		.4byte	0
 1413              	.LLST14:
 1414 01ef 0E000000 		.4byte	.LVL45
 1415 01f3 15000000 		.4byte	.LVL46-1
 1416 01f7 0100     		.2byte	0x1
 1417 01f9 50       		.byte	0x50
 1418 01fa 1C000000 		.4byte	.LVL48
 1419 01fe 24000000 		.4byte	.LVL50
 1420 0202 0200     		.2byte	0x2
 1421 0204 3A       		.byte	0x3a
 1422 0205 9F       		.byte	0x9f
 1423 0206 24000000 		.4byte	.LVL50
 1424 020a 30000000 		.4byte	.LVL53
 1425 020e 0100     		.2byte	0x1
 1426 0210 55       		.byte	0x55
 1427 0211 00000000 		.4byte	0
 1428 0215 00000000 		.4byte	0
 1429              		.section	.debug_aranges,"",%progbits
 1430 0000 34000000 		.4byte	0x34
 1431 0004 0200     		.2byte	0x2
 1432 0006 00000000 		.4byte	.Ldebug_info0
 1433 000a 04       		.byte	0x4
 1434 000b 00       		.byte	0
 1435 000c 0000     		.2byte	0
 1436 000e 0000     		.2byte	0
 1437 0010 00000000 		.4byte	.LFB64
 1438 0014 28000000 		.4byte	.LFE64-.LFB64
ARM GAS  C:\Users\vellu\AppData\Local\Temp\ccTao2Bg.s 			page 29


 1439 0018 00000000 		.4byte	.LFB63
 1440 001c D0000000 		.4byte	.LFE63-.LFB63
 1441 0020 00000000 		.4byte	.LFB65
 1442 0024 2A000000 		.4byte	.LFE65-.LFB65
 1443 0028 00000000 		.4byte	.LFB66
 1444 002c 38000000 		.4byte	.LFE66-.LFB66
 1445 0030 00000000 		.4byte	0
 1446 0034 00000000 		.4byte	0
 1447              		.section	.debug_ranges,"",%progbits
 1448              	.Ldebug_ranges0:
 1449 0000 00000000 		.4byte	.LFB64
 1450 0004 28000000 		.4byte	.LFE64
 1451 0008 00000000 		.4byte	.LFB63
 1452 000c D0000000 		.4byte	.LFE63
 1453 0010 00000000 		.4byte	.LFB65
 1454 0014 2A000000 		.4byte	.LFE65
 1455 0018 00000000 		.4byte	.LFB66
 1456 001c 38000000 		.4byte	.LFE66
 1457 0020 00000000 		.4byte	0
 1458 0024 00000000 		.4byte	0
 1459              		.section	.debug_line,"",%progbits
 1460              	.Ldebug_line0:
 1461 0000 EE010000 		.section	.debug_str,"MS",%progbits,1
 1461      02005E01 
 1461      00000201 
 1461      FB0E0D00 
 1461      01010101 
 1462              	.LASF34:
 1463 0000 55415254 		.ascii	"UART_1_Start\000"
 1463      5F315F53 
 1463      74617274 
 1463      00
 1464              	.LASF9:
 1465 000d 5F5F696E 		.ascii	"__int32_t\000"
 1465      7433325F 
 1465      7400
 1466              	.LASF3:
 1467 0017 73686F72 		.ascii	"short unsigned int\000"
 1467      7420756E 
 1467      7369676E 
 1467      65642069 
 1467      6E7400
 1468              	.LASF28:
 1469 002a 7072696E 		.ascii	"printf\000"
 1469      746600
 1470              	.LASF26:
 1471 0031 5F726561 		.ascii	"_read\000"
 1471      6400
 1472              	.LASF16:
 1473 0037 6E756D31 		.ascii	"num1\000"
 1473      00
 1474              	.LASF12:
 1475 003c 666C6F61 		.ascii	"float\000"
 1475      7400
 1476              	.LASF25:
 1477 0042 66696C65 		.ascii	"file\000"
 1477      00
ARM GAS  C:\Users\vellu\AppData\Local\Temp\ccTao2Bg.s 			page 30


 1478              	.LASF29:
 1479 0047 7363616E 		.ascii	"scanf\000"
 1479      6600
 1480              	.LASF1:
 1481 004d 756E7369 		.ascii	"unsigned char\000"
 1481      676E6564 
 1481      20636861 
 1481      7200
 1482              	.LASF17:
 1483 005b 6E756D32 		.ascii	"num2\000"
 1483      00
 1484              	.LASF5:
 1485 0060 6C6F6E67 		.ascii	"long unsigned int\000"
 1485      20756E73 
 1485      69676E65 
 1485      6420696E 
 1485      7400
 1486              	.LASF33:
 1487 0072 49544D5F 		.ascii	"ITM_RxBuffer\000"
 1487      52784275 
 1487      66666572 
 1487      00
 1488              	.LASF13:
 1489 007f 646F7562 		.ascii	"double\000"
 1489      6C6500
 1490              	.LASF19:
 1491 0086 6D61696E 		.ascii	"main\000"
 1491      00
 1492              	.LASF23:
 1493 008b 61766572 		.ascii	"averageNum\000"
 1493      6167654E 
 1493      756D00
 1494              	.LASF22:
 1495 0096 6E756D62 		.ascii	"number2\000"
 1495      65723200 
 1496              	.LASF35:
 1497 009e 55415254 		.ascii	"UART_1_PutChar\000"
 1497      5F315F50 
 1497      75744368 
 1497      617200
 1498              	.LASF8:
 1499 00ad 756E7369 		.ascii	"unsigned int\000"
 1499      676E6564 
 1499      20696E74 
 1499      00
 1500              	.LASF7:
 1501 00ba 6C6F6E67 		.ascii	"long long unsigned int\000"
 1501      206C6F6E 
 1501      6720756E 
 1501      7369676E 
 1501      65642069 
 1502              	.LASF18:
 1503 00d1 6E756D43 		.ascii	"numCalculator\000"
 1503      616C6375 
 1503      6C61746F 
 1503      7200
 1504              	.LASF30:
ARM GAS  C:\Users\vellu\AppData\Local\Temp\ccTao2Bg.s 			page 31


 1505 00df 474E5520 		.ascii	"GNU C 4.9.3 20150303 (release) [ARM/embedded-4_9-br"
 1505      4320342E 
 1505      392E3320 
 1505      32303135 
 1505      30333033 
 1506 0112 616E6368 		.ascii	"anch revision 221220] -mcpu=cortex-m3 -mthumb -g -O"
 1506      20726576 
 1506      6973696F 
 1506      6E203232 
 1506      31323230 
 1507 0145 67202D66 		.ascii	"g -ffunction-sections -ffat-lto-objects\000"
 1507      66756E63 
 1507      74696F6E 
 1507      2D736563 
 1507      74696F6E 
 1508              	.LASF20:
 1509 016d 61766572 		.ascii	"average\000"
 1509      61676500 
 1510              	.LASF0:
 1511 0175 7369676E 		.ascii	"signed char\000"
 1511      65642063 
 1511      68617200 
 1512              	.LASF10:
 1513 0181 696E7433 		.ascii	"int32_t\000"
 1513      325F7400 
 1514              	.LASF15:
 1515 0189 73697A65 		.ascii	"sizetype\000"
 1515      74797065 
 1515      00
 1516              	.LASF21:
 1517 0192 6E756D62 		.ascii	"number1\000"
 1517      65723100 
 1518              	.LASF6:
 1519 019a 6C6F6E67 		.ascii	"long long int\000"
 1519      206C6F6E 
 1519      6720696E 
 1519      7400
 1520              	.LASF31:
 1521 01a8 6D61696E 		.ascii	"main.c\000"
 1521      2E6300
 1522              	.LASF14:
 1523 01af 63686172 		.ascii	"char\000"
 1523      00
 1524              	.LASF24:
 1525 01b4 5F777269 		.ascii	"_write\000"
 1525      746500
 1526              	.LASF27:
 1527 01bb 636F756E 		.ascii	"count\000"
 1527      7400
 1528              	.LASF2:
 1529 01c1 73686F72 		.ascii	"short int\000"
 1529      7420696E 
 1529      7400
 1530              	.LASF11:
 1531 01cb 75696E74 		.ascii	"uint8\000"
 1531      3800
 1532              	.LASF4:
ARM GAS  C:\Users\vellu\AppData\Local\Temp\ccTao2Bg.s 			page 32


 1533 01d1 6C6F6E67 		.ascii	"long int\000"
 1533      20696E74 
 1533      00
 1534              	.LASF32:
 1535 01da 433A5C55 		.ascii	"C:\\Users\\vellu\\OneDrive\\Tiedostot\\PSoC Creator"
 1535      73657273 
 1535      5C76656C 
 1535      6C755C4F 
 1535      6E654472 
 1536 0208 5C4B6F75 		.ascii	"\\KouluOhjelmointi\\Exercise16.cydsn\000"
 1536      6C754F68 
 1536      6A656C6D 
 1536      6F696E74 
 1536      695C4578 
 1537              	.LASF36:
 1538 022b 55415254 		.ascii	"UART_1_GetChar\000"
 1538      5F315F47 
 1538      65744368 
 1538      617200
 1539              		.ident	"GCC: (GNU Tools for ARM Embedded Processors) 4.9.3 20150303 (release) [ARM/embedded-4_9-br
