ARM GAS  C:\Users\vellu\AppData\Local\Temp\ccROobCL.s 			page 1


   1              		.syntax unified
   2              		.cpu cortex-m3
   3              		.fpu softvfp
   4              		.eabi_attribute 20, 1
   5              		.eabi_attribute 21, 1
   6              		.eabi_attribute 23, 3
   7              		.eabi_attribute 24, 1
   8              		.eabi_attribute 25, 1
   9              		.eabi_attribute 26, 1
  10              		.eabi_attribute 30, 1
  11              		.eabi_attribute 34, 1
  12              		.eabi_attribute 18, 4
  13              		.thumb
  14              		.file	"main.c"
  15              		.text
  16              	.Ltext0:
  17              		.cfi_sections	.debug_frame
  18              		.section	.text.hashTagPrinter,"ax",%progbits
  19              		.align	2
  20              		.global	hashTagPrinter
  21              		.thumb
  22              		.thumb_func
  23              		.type	hashTagPrinter, %function
  24              	hashTagPrinter:
  25              	.LFB64:
  26              		.file 1 "main.c"
   1:main.c        **** /* ========================================
   2:main.c        ****  *
   3:main.c        ****  * Copyright YOUR COMPANY, THE YEAR
   4:main.c        ****  * All Rights Reserved
   5:main.c        ****  * UNPUBLISHED, LICENSED SOFTWARE.
   6:main.c        ****  *
   7:main.c        ****  * CONFIDENTIAL AND PROPRIETARY INFORMATION
   8:main.c        ****  * WHICH IS THE PROPERTY OF your company.
   9:main.c        ****  *
  10:main.c        ****  * ========================================
  11:main.c        **** */
  12:main.c        **** #include "project.h"
  13:main.c        **** #include "stdio.h"
  14:main.c        **** #include <stdlib.h>
  15:main.c        **** #include <time.h>
  16:main.c        **** 
  17:main.c        **** void hashTagPrinter(int hash);
  18:main.c        **** 
  19:main.c        **** int main(void)
  20:main.c        **** {
  21:main.c        ****     CyGlobalIntEnable; /* Enable global interrupts. */
  22:main.c        **** 
  23:main.c        ****     /* Place your initialization/startup code here (e.g. MyInst_Start()) */
  24:main.c        ****     UART_1_Start();
  25:main.c        ****     srand(time(NULL));
  26:main.c        ****     int i;
  27:main.c        ****     for (i = 1; i<=10; i++)
  28:main.c        ****     {
  29:main.c        ****         int hash = rand() % 20+1;
  30:main.c        ****         hashTagPrinter(hash);
  31:main.c        ****     }
ARM GAS  C:\Users\vellu\AppData\Local\Temp\ccROobCL.s 			page 2


  32:main.c        ****     
  33:main.c        ****     
  34:main.c        ****     return 0;
  35:main.c        **** }
  36:main.c        **** void hashTagPrinter(int hash)
  37:main.c        **** {
  27              		.loc 1 37 0
  28              		.cfi_startproc
  29              		@ args = 0, pretend = 0, frame = 0
  30              		@ frame_needed = 0, uses_anonymous_args = 0
  31              	.LVL0:
  32 0000 38B5     		push	{r3, r4, r5, lr}
  33              		.cfi_def_cfa_offset 16
  34              		.cfi_offset 3, -16
  35              		.cfi_offset 4, -12
  36              		.cfi_offset 5, -8
  37              		.cfi_offset 14, -4
  38 0002 0546     		mov	r5, r0
  39              	.LVL1:
  38:main.c        ****     int j;
  39:main.c        ****     for (j=0;j<=hash;j++)
  40              		.loc 1 39 0
  41 0004 0024     		movs	r4, #0
  42 0006 03E0     		b	.L2
  43              	.LVL2:
  44              	.L3:
  40:main.c        ****     {
  41:main.c        ****     printf("#");
  45              		.loc 1 41 0 discriminator 3
  46 0008 2320     		movs	r0, #35
  47 000a FFF7FEFF 		bl	putchar
  48              	.LVL3:
  39:main.c        ****     {
  49              		.loc 1 39 0 discriminator 3
  50 000e 0134     		adds	r4, r4, #1
  51              	.LVL4:
  52              	.L2:
  39:main.c        ****     {
  53              		.loc 1 39 0 is_stmt 0 discriminator 1
  54 0010 AC42     		cmp	r4, r5
  55 0012 F9DD     		ble	.L3
  42:main.c        ****     }
  43:main.c        ****     printf("\n");
  56              		.loc 1 43 0 is_stmt 1
  57 0014 0A20     		movs	r0, #10
  58 0016 FFF7FEFF 		bl	putchar
  59              	.LVL5:
  60 001a 38BD     		pop	{r3, r4, r5, pc}
  61              		.cfi_endproc
  62              	.LFE64:
  63              		.size	hashTagPrinter, .-hashTagPrinter
  64              		.section	.text.main,"ax",%progbits
  65              		.align	2
  66              		.global	main
  67              		.thumb
  68              		.thumb_func
  69              		.type	main, %function
ARM GAS  C:\Users\vellu\AppData\Local\Temp\ccROobCL.s 			page 3


  70              	main:
  71              	.LFB63:
  20:main.c        ****     CyGlobalIntEnable; /* Enable global interrupts. */
  72              		.loc 1 20 0
  73              		.cfi_startproc
  74              		@ args = 0, pretend = 0, frame = 0
  75              		@ frame_needed = 0, uses_anonymous_args = 0
  76 0000 10B5     		push	{r4, lr}
  77              		.cfi_def_cfa_offset 8
  78              		.cfi_offset 4, -8
  79              		.cfi_offset 14, -4
  21:main.c        **** 
  80              		.loc 1 21 0
  81              	@ 21 "main.c" 1
  82 0002 62B6     		CPSIE   i
  83              	@ 0 "" 2
  24:main.c        ****     srand(time(NULL));
  84              		.loc 1 24 0
  85              		.thumb
  86 0004 FFF7FEFF 		bl	UART_1_Start
  87              	.LVL6:
  25:main.c        ****     int i;
  88              		.loc 1 25 0
  89 0008 0020     		movs	r0, #0
  90 000a FFF7FEFF 		bl	time
  91              	.LVL7:
  92 000e FFF7FEFF 		bl	srand
  93              	.LVL8:
  27:main.c        ****     {
  94              		.loc 1 27 0
  95 0012 0124     		movs	r4, #1
  96 0014 0FE0     		b	.L6
  97              	.LVL9:
  98              	.L7:
  99              	.LBB2:
  29:main.c        ****         hashTagPrinter(hash);
 100              		.loc 1 29 0 discriminator 3
 101 0016 FFF7FEFF 		bl	rand
 102              	.LVL10:
 103 001a 094B     		ldr	r3, .L9
 104 001c 83FB0032 		smull	r3, r2, r3, r0
 105 0020 C317     		asrs	r3, r0, #31
 106 0022 C3EBE203 		rsb	r3, r3, r2, asr #3
 107 0026 03EB8303 		add	r3, r3, r3, lsl #2
 108 002a 9B00     		lsls	r3, r3, #2
 109 002c C31A     		subs	r3, r0, r3
 110              	.LVL11:
  30:main.c        ****     }
 111              		.loc 1 30 0 discriminator 3
 112 002e 581C     		adds	r0, r3, #1
 113              	.LVL12:
 114 0030 FFF7FEFF 		bl	hashTagPrinter
 115              	.LVL13:
 116              	.LBE2:
  27:main.c        ****     {
 117              		.loc 1 27 0 discriminator 3
 118 0034 0134     		adds	r4, r4, #1
ARM GAS  C:\Users\vellu\AppData\Local\Temp\ccROobCL.s 			page 4


 119              	.LVL14:
 120              	.L6:
  27:main.c        ****     {
 121              		.loc 1 27 0 is_stmt 0 discriminator 1
 122 0036 0A2C     		cmp	r4, #10
 123 0038 EDDD     		ble	.L7
  35:main.c        **** void hashTagPrinter(int hash)
 124              		.loc 1 35 0 is_stmt 1
 125 003a 0020     		movs	r0, #0
 126 003c 10BD     		pop	{r4, pc}
 127              	.LVL15:
 128              	.L10:
 129 003e 00BF     		.align	2
 130              	.L9:
 131 0040 67666666 		.word	1717986919
 132              		.cfi_endproc
 133              	.LFE63:
 134              		.size	main, .-main
 135              		.section	.text._write,"ax",%progbits
 136              		.align	2
 137              		.global	_write
 138              		.thumb
 139              		.thumb_func
 140              		.type	_write, %function
 141              	_write:
 142              	.LFB65:
  44:main.c        **** }
  45:main.c        **** 
  46:main.c        **** int _write(int file, char *ptr, int len)
  47:main.c        **** {
 143              		.loc 1 47 0
 144              		.cfi_startproc
 145              		@ args = 0, pretend = 0, frame = 0
 146              		@ frame_needed = 0, uses_anonymous_args = 0
 147              	.LVL16:
 148 0000 F8B5     		push	{r3, r4, r5, r6, r7, lr}
 149              		.cfi_def_cfa_offset 24
 150              		.cfi_offset 3, -24
 151              		.cfi_offset 4, -20
 152              		.cfi_offset 5, -16
 153              		.cfi_offset 6, -12
 154              		.cfi_offset 7, -8
 155              		.cfi_offset 14, -4
 156 0002 0C46     		mov	r4, r1
 157 0004 1746     		mov	r7, r2
 158              	.LVL17:
  48:main.c        ****     (void)file; /* Parameter is not used, suppress unused argument warning */
  49:main.c        **** 	int n;
  50:main.c        **** 	for(n = 0; n < len; n++) {
 159              		.loc 1 50 0
 160 0006 0025     		movs	r5, #0
 161 0008 0BE0     		b	.L12
 162              	.LVL18:
 163              	.L14:
  51:main.c        ****         if(*ptr == '\n') UART_1_PutChar('\r');
 164              		.loc 1 51 0
 165 000a 2378     		ldrb	r3, [r4]	@ zero_extendqisi2
ARM GAS  C:\Users\vellu\AppData\Local\Temp\ccROobCL.s 			page 5


 166 000c 0A2B     		cmp	r3, #10
 167 000e 02D1     		bne	.L13
 168              		.loc 1 51 0 is_stmt 0 discriminator 1
 169 0010 0D20     		movs	r0, #13
 170 0012 FFF7FEFF 		bl	UART_1_PutChar
 171              	.LVL19:
 172              	.L13:
  52:main.c        **** 		UART_1_PutChar(*ptr++);
 173              		.loc 1 52 0 is_stmt 1 discriminator 2
 174 0016 661C     		adds	r6, r4, #1
 175              	.LVL20:
 176 0018 2078     		ldrb	r0, [r4]	@ zero_extendqisi2
 177 001a FFF7FEFF 		bl	UART_1_PutChar
 178              	.LVL21:
  50:main.c        ****         if(*ptr == '\n') UART_1_PutChar('\r');
 179              		.loc 1 50 0 discriminator 2
 180 001e 0135     		adds	r5, r5, #1
 181              	.LVL22:
 182              		.loc 1 52 0 discriminator 2
 183 0020 3446     		mov	r4, r6
 184              	.LVL23:
 185              	.L12:
  50:main.c        ****         if(*ptr == '\n') UART_1_PutChar('\r');
 186              		.loc 1 50 0 discriminator 1
 187 0022 BD42     		cmp	r5, r7
 188 0024 F1DB     		blt	.L14
  53:main.c        **** 	}
  54:main.c        **** 	return len;
  55:main.c        **** }
 189              		.loc 1 55 0
 190 0026 3846     		mov	r0, r7
 191 0028 F8BD     		pop	{r3, r4, r5, r6, r7, pc}
 192              		.cfi_endproc
 193              	.LFE65:
 194              		.size	_write, .-_write
 195 002a 00BF     		.section	.text._read,"ax",%progbits
 196              		.align	2
 197              		.global	_read
 198              		.thumb
 199              		.thumb_func
 200              		.type	_read, %function
 201              	_read:
 202              	.LFB66:
  56:main.c        **** 
  57:main.c        **** int _read (int file, char *ptr, int count)
  58:main.c        **** {
 203              		.loc 1 58 0
 204              		.cfi_startproc
 205              		@ args = 0, pretend = 0, frame = 0
 206              		@ frame_needed = 0, uses_anonymous_args = 0
 207              	.LVL24:
 208 0000 F8B5     		push	{r3, r4, r5, r6, r7, lr}
 209              		.cfi_def_cfa_offset 24
 210              		.cfi_offset 3, -24
 211              		.cfi_offset 4, -20
 212              		.cfi_offset 5, -16
 213              		.cfi_offset 6, -12
ARM GAS  C:\Users\vellu\AppData\Local\Temp\ccROobCL.s 			page 6


 214              		.cfi_offset 7, -8
 215              		.cfi_offset 14, -4
 216 0002 0F46     		mov	r7, r1
 217 0004 1446     		mov	r4, r2
 218              	.LVL25:
  59:main.c        ****     int chs = 0;
 219              		.loc 1 59 0
 220 0006 0026     		movs	r6, #0
  60:main.c        ****     char ch;
  61:main.c        ****  
  62:main.c        ****     (void)file; /* Parameter is not used, suppress unused argument warning */
  63:main.c        ****     while(count > 0) {
 221              		.loc 1 63 0
 222 0008 12E0     		b	.L18
 223              	.LVL26:
 224              	.L21:
  64:main.c        ****         ch = UART_1_GetChar();
 225              		.loc 1 64 0
 226 000a FFF7FEFF 		bl	UART_1_GetChar
 227              	.LVL27:
  65:main.c        ****         if(ch != 0) {
 228              		.loc 1 65 0
 229 000e 0546     		mov	r5, r0
 230 0010 70B1     		cbz	r0, .L18
  66:main.c        ****             UART_1_PutChar(ch);
 231              		.loc 1 66 0
 232 0012 FFF7FEFF 		bl	UART_1_PutChar
 233              	.LVL28:
  67:main.c        ****             chs++;
 234              		.loc 1 67 0
 235 0016 0136     		adds	r6, r6, #1
 236              	.LVL29:
  68:main.c        ****             if(ch == '\r') {
 237              		.loc 1 68 0
 238 0018 0D2D     		cmp	r5, #13
 239 001a 03D1     		bne	.L19
 240              	.LVL30:
  69:main.c        ****                 ch = '\n';
  70:main.c        ****                 UART_1_PutChar(ch);
 241              		.loc 1 70 0
 242 001c 0A20     		movs	r0, #10
 243 001e FFF7FEFF 		bl	UART_1_PutChar
 244              	.LVL31:
  69:main.c        ****                 ch = '\n';
 245              		.loc 1 69 0
 246 0022 0A25     		movs	r5, #10
 247              	.LVL32:
 248              	.L19:
  71:main.c        ****             }
  72:main.c        ****             *ptr++ = ch;
 249              		.loc 1 72 0
 250 0024 7B1C     		adds	r3, r7, #1
 251              	.LVL33:
 252 0026 3D70     		strb	r5, [r7]
  73:main.c        ****             count--;
 253              		.loc 1 73 0
 254 0028 013C     		subs	r4, r4, #1
ARM GAS  C:\Users\vellu\AppData\Local\Temp\ccROobCL.s 			page 7


 255              	.LVL34:
  74:main.c        ****             if(ch == '\n') break;
 256              		.loc 1 74 0
 257 002a 0A2D     		cmp	r5, #10
 258 002c 02D0     		beq	.L20
  72:main.c        ****             count--;
 259              		.loc 1 72 0
 260 002e 1F46     		mov	r7, r3
 261              	.LVL35:
 262              	.L18:
  63:main.c        ****         ch = UART_1_GetChar();
 263              		.loc 1 63 0
 264 0030 002C     		cmp	r4, #0
 265 0032 EADC     		bgt	.L21
 266              	.LVL36:
 267              	.L20:
  75:main.c        ****         }
  76:main.c        ****     }
  77:main.c        ****     return chs;
  78:main.c        **** }
 268              		.loc 1 78 0
 269 0034 3046     		mov	r0, r6
 270 0036 F8BD     		pop	{r3, r4, r5, r6, r7, pc}
 271              		.cfi_endproc
 272              	.LFE66:
 273              		.size	_read, .-_read
 274              		.text
 275              	.Letext0:
 276              		.file 2 "c:\\program files (x86)\\cypress\\psoc creator\\4.0\\psoc creator\\import\\gnu\\arm\\4.9.
 277              		.file 3 "c:\\program files (x86)\\cypress\\psoc creator\\4.0\\psoc creator\\import\\gnu\\arm\\4.9.
 278              		.file 4 "Generated_Source\\PSoC5/cytypes.h"
 279              		.file 5 "c:\\program files (x86)\\cypress\\psoc creator\\4.0\\psoc creator\\import\\gnu\\arm\\4.9.
 280              		.file 6 "c:\\program files (x86)\\cypress\\psoc creator\\4.0\\psoc creator\\import\\gnu\\arm\\4.9.
 281              		.file 7 "Generated_Source\\PSoC5/UART_1.h"
 282              		.file 8 "Generated_Source\\PSoC5/core_cm3.h"
 283              		.file 9 "<built-in>"
 284              		.file 10 "c:\\program files (x86)\\cypress\\psoc creator\\4.0\\psoc creator\\import\\gnu\\arm\\4.9
 285              		.section	.debug_info,"",%progbits
 286              	.Ldebug_info0:
 287 0000 0B030000 		.4byte	0x30b
 288 0004 0400     		.2byte	0x4
 289 0006 00000000 		.4byte	.Ldebug_abbrev0
 290 000a 04       		.byte	0x4
 291 000b 01       		.uleb128 0x1
 292 000c A3000000 		.4byte	.LASF27
 293 0010 01       		.byte	0x1
 294 0011 94010000 		.4byte	.LASF28
 295 0015 A0010000 		.4byte	.LASF29
 296 0019 00000000 		.4byte	.Ldebug_ranges0+0
 297 001d 00000000 		.4byte	0
 298 0021 00000000 		.4byte	.Ldebug_line0
 299 0025 02       		.uleb128 0x2
 300 0026 01       		.byte	0x1
 301 0027 06       		.byte	0x6
 302 0028 17020000 		.4byte	.LASF0
 303 002c 02       		.uleb128 0x2
 304 002d 01       		.byte	0x1
ARM GAS  C:\Users\vellu\AppData\Local\Temp\ccROobCL.s 			page 8


 305 002e 08       		.byte	0x8
 306 002f 4D000000 		.4byte	.LASF1
 307 0033 02       		.uleb128 0x2
 308 0034 02       		.byte	0x2
 309 0035 05       		.byte	0x5
 310 0036 FE010000 		.4byte	.LASF2
 311 003a 02       		.uleb128 0x2
 312 003b 02       		.byte	0x2
 313 003c 07       		.byte	0x7
 314 003d 17000000 		.4byte	.LASF3
 315 0041 03       		.uleb128 0x3
 316 0042 0D000000 		.4byte	.LASF9
 317 0046 02       		.byte	0x2
 318 0047 3F       		.byte	0x3f
 319 0048 4C000000 		.4byte	0x4c
 320 004c 02       		.uleb128 0x2
 321 004d 04       		.byte	0x4
 322 004e 05       		.byte	0x5
 323 004f 0E020000 		.4byte	.LASF4
 324 0053 02       		.uleb128 0x2
 325 0054 04       		.byte	0x4
 326 0055 07       		.byte	0x7
 327 0056 6A000000 		.4byte	.LASF5
 328 005a 02       		.uleb128 0x2
 329 005b 08       		.byte	0x8
 330 005c 05       		.byte	0x5
 331 005d 86010000 		.4byte	.LASF6
 332 0061 02       		.uleb128 0x2
 333 0062 08       		.byte	0x8
 334 0063 07       		.byte	0x7
 335 0064 4D010000 		.4byte	.LASF7
 336 0068 04       		.uleb128 0x4
 337 0069 04       		.byte	0x4
 338 006a 05       		.byte	0x5
 339 006b 696E7400 		.ascii	"int\000"
 340 006f 02       		.uleb128 0x2
 341 0070 04       		.byte	0x4
 342 0071 07       		.byte	0x7
 343 0072 40010000 		.4byte	.LASF8
 344 0076 03       		.uleb128 0x3
 345 0077 75010000 		.4byte	.LASF10
 346 007b 03       		.byte	0x3
 347 007c 2C       		.byte	0x2c
 348 007d 41000000 		.4byte	0x41
 349 0081 05       		.uleb128 0x5
 350 0082 08020000 		.4byte	.LASF11
 351 0086 04       		.byte	0x4
 352 0087 9201     		.2byte	0x192
 353 0089 2C000000 		.4byte	0x2c
 354 008d 02       		.uleb128 0x2
 355 008e 04       		.byte	0x4
 356 008f 04       		.byte	0x4
 357 0090 42000000 		.4byte	.LASF12
 358 0094 02       		.uleb128 0x2
 359 0095 08       		.byte	0x8
 360 0096 04       		.byte	0x4
 361 0097 91000000 		.4byte	.LASF13
ARM GAS  C:\Users\vellu\AppData\Local\Temp\ccROobCL.s 			page 9


 362 009b 02       		.uleb128 0x2
 363 009c 01       		.byte	0x1
 364 009d 08       		.byte	0x8
 365 009e 9B010000 		.4byte	.LASF14
 366 00a2 02       		.uleb128 0x2
 367 00a3 04       		.byte	0x4
 368 00a4 07       		.byte	0x7
 369 00a5 7D010000 		.4byte	.LASF15
 370 00a9 06       		.uleb128 0x6
 371 00aa 04       		.byte	0x4
 372 00ab 9B000000 		.4byte	0x9b
 373 00af 03       		.uleb128 0x3
 374 00b0 64010000 		.4byte	.LASF16
 375 00b4 05       		.byte	0x5
 376 00b5 7A       		.byte	0x7a
 377 00b6 4C000000 		.4byte	0x4c
 378 00ba 07       		.uleb128 0x7
 379 00bb 5B000000 		.4byte	.LASF30
 380 00bf 01       		.byte	0x1
 381 00c0 24       		.byte	0x24
 382 00c1 00000000 		.4byte	.LFB64
 383 00c5 1C000000 		.4byte	.LFE64-.LFB64
 384 00c9 01       		.uleb128 0x1
 385 00ca 9C       		.byte	0x9c
 386 00cb 0F010000 		.4byte	0x10f
 387 00cf 08       		.uleb128 0x8
 388 00d0 6B010000 		.4byte	.LASF17
 389 00d4 01       		.byte	0x1
 390 00d5 24       		.byte	0x24
 391 00d6 68000000 		.4byte	0x68
 392 00da 00000000 		.4byte	.LLST0
 393 00de 09       		.uleb128 0x9
 394 00df 6A00     		.ascii	"j\000"
 395 00e1 01       		.byte	0x1
 396 00e2 26       		.byte	0x26
 397 00e3 68000000 		.4byte	0x68
 398 00e7 1E000000 		.4byte	.LLST1
 399 00eb 0A       		.uleb128 0xa
 400 00ec 0E000000 		.4byte	.LVL3
 401 00f0 9B020000 		.4byte	0x29b
 402 00f4 FF000000 		.4byte	0xff
 403 00f8 0B       		.uleb128 0xb
 404 00f9 01       		.uleb128 0x1
 405 00fa 50       		.byte	0x50
 406 00fb 02       		.uleb128 0x2
 407 00fc 08       		.byte	0x8
 408 00fd 23       		.byte	0x23
 409 00fe 00       		.byte	0
 410 00ff 0C       		.uleb128 0xc
 411 0100 1A000000 		.4byte	.LVL5
 412 0104 9B020000 		.4byte	0x29b
 413 0108 0B       		.uleb128 0xb
 414 0109 01       		.uleb128 0x1
 415 010a 50       		.byte	0x50
 416 010b 01       		.uleb128 0x1
 417 010c 3A       		.byte	0x3a
 418 010d 00       		.byte	0
ARM GAS  C:\Users\vellu\AppData\Local\Temp\ccROobCL.s 			page 10


 419 010e 00       		.byte	0
 420 010f 0D       		.uleb128 0xd
 421 0110 9E000000 		.4byte	.LASF18
 422 0114 01       		.byte	0x1
 423 0115 13       		.byte	0x13
 424 0116 68000000 		.4byte	0x68
 425 011a 00000000 		.4byte	.LFB63
 426 011e 44000000 		.4byte	.LFE63-.LFB63
 427 0122 01       		.uleb128 0x1
 428 0123 9C       		.byte	0x9c
 429 0124 8A010000 		.4byte	0x18a
 430 0128 09       		.uleb128 0x9
 431 0129 6900     		.ascii	"i\000"
 432 012b 01       		.byte	0x1
 433 012c 1A       		.byte	0x1a
 434 012d 68000000 		.4byte	0x68
 435 0131 3D000000 		.4byte	.LLST2
 436 0135 0E       		.uleb128 0xe
 437 0136 16000000 		.4byte	.LBB2
 438 013a 1E000000 		.4byte	.LBE2-.LBB2
 439 013e 64010000 		.4byte	0x164
 440 0142 0F       		.uleb128 0xf
 441 0143 6B010000 		.4byte	.LASF17
 442 0147 01       		.byte	0x1
 443 0148 1D       		.byte	0x1d
 444 0149 68000000 		.4byte	0x68
 445 014d 5C000000 		.4byte	.LLST3
 446 0151 10       		.uleb128 0x10
 447 0152 1A000000 		.4byte	.LVL10
 448 0156 B4020000 		.4byte	0x2b4
 449 015a 10       		.uleb128 0x10
 450 015b 34000000 		.4byte	.LVL13
 451 015f BA000000 		.4byte	0xba
 452 0163 00       		.byte	0
 453 0164 10       		.uleb128 0x10
 454 0165 08000000 		.4byte	.LVL6
 455 0169 BF020000 		.4byte	0x2bf
 456 016d 0A       		.uleb128 0xa
 457 016e 0E000000 		.4byte	.LVL7
 458 0172 C6020000 		.4byte	0x2c6
 459 0176 80010000 		.4byte	0x180
 460 017a 0B       		.uleb128 0xb
 461 017b 01       		.uleb128 0x1
 462 017c 50       		.byte	0x50
 463 017d 01       		.uleb128 0x1
 464 017e 30       		.byte	0x30
 465 017f 00       		.byte	0
 466 0180 10       		.uleb128 0x10
 467 0181 12000000 		.4byte	.LVL8
 468 0185 E1020000 		.4byte	0x2e1
 469 0189 00       		.byte	0
 470 018a 0D       		.uleb128 0xd
 471 018b F1010000 		.4byte	.LASF19
 472 018f 01       		.byte	0x1
 473 0190 2E       		.byte	0x2e
 474 0191 68000000 		.4byte	0x68
 475 0195 00000000 		.4byte	.LFB65
ARM GAS  C:\Users\vellu\AppData\Local\Temp\ccROobCL.s 			page 11


 476 0199 2A000000 		.4byte	.LFE65-.LFB65
 477 019d 01       		.uleb128 0x1
 478 019e 9C       		.byte	0x9c
 479 019f FA010000 		.4byte	0x1fa
 480 01a3 08       		.uleb128 0x8
 481 01a4 48000000 		.4byte	.LASF20
 482 01a8 01       		.byte	0x1
 483 01a9 2E       		.byte	0x2e
 484 01aa 68000000 		.4byte	0x68
 485 01ae 7C000000 		.4byte	.LLST4
 486 01b2 11       		.uleb128 0x11
 487 01b3 70747200 		.ascii	"ptr\000"
 488 01b7 01       		.byte	0x1
 489 01b8 2E       		.byte	0x2e
 490 01b9 A9000000 		.4byte	0xa9
 491 01bd 9D000000 		.4byte	.LLST5
 492 01c1 11       		.uleb128 0x11
 493 01c2 6C656E00 		.ascii	"len\000"
 494 01c6 01       		.byte	0x1
 495 01c7 2E       		.byte	0x2e
 496 01c8 68000000 		.4byte	0x68
 497 01cc D1000000 		.4byte	.LLST6
 498 01d0 09       		.uleb128 0x9
 499 01d1 6E00     		.ascii	"n\000"
 500 01d3 01       		.byte	0x1
 501 01d4 31       		.byte	0x31
 502 01d5 68000000 		.4byte	0x68
 503 01d9 EF000000 		.4byte	.LLST7
 504 01dd 0A       		.uleb128 0xa
 505 01de 16000000 		.4byte	.LVL19
 506 01e2 F2020000 		.4byte	0x2f2
 507 01e6 F0010000 		.4byte	0x1f0
 508 01ea 0B       		.uleb128 0xb
 509 01eb 01       		.uleb128 0x1
 510 01ec 50       		.byte	0x50
 511 01ed 01       		.uleb128 0x1
 512 01ee 3D       		.byte	0x3d
 513 01ef 00       		.byte	0
 514 01f0 10       		.uleb128 0x10
 515 01f1 1E000000 		.4byte	.LVL21
 516 01f5 F2020000 		.4byte	0x2f2
 517 01f9 00       		.byte	0
 518 01fa 0D       		.uleb128 0xd
 519 01fb 3C000000 		.4byte	.LASF21
 520 01ff 01       		.byte	0x1
 521 0200 39       		.byte	0x39
 522 0201 68000000 		.4byte	0x68
 523 0205 00000000 		.4byte	.LFB66
 524 0209 38000000 		.4byte	.LFE66-.LFB66
 525 020d 01       		.uleb128 0x1
 526 020e 9C       		.byte	0x9c
 527 020f 8A020000 		.4byte	0x28a
 528 0213 08       		.uleb128 0x8
 529 0214 48000000 		.4byte	.LASF20
 530 0218 01       		.byte	0x1
 531 0219 39       		.byte	0x39
 532 021a 68000000 		.4byte	0x68
ARM GAS  C:\Users\vellu\AppData\Local\Temp\ccROobCL.s 			page 12


 533 021e 0E010000 		.4byte	.LLST8
 534 0222 11       		.uleb128 0x11
 535 0223 70747200 		.ascii	"ptr\000"
 536 0227 01       		.byte	0x1
 537 0228 39       		.byte	0x39
 538 0229 A9000000 		.4byte	0xa9
 539 022d 2F010000 		.4byte	.LLST9
 540 0231 08       		.uleb128 0x8
 541 0232 F8010000 		.4byte	.LASF22
 542 0236 01       		.byte	0x1
 543 0237 39       		.byte	0x39
 544 0238 68000000 		.4byte	0x68
 545 023c 63010000 		.4byte	.LLST10
 546 0240 09       		.uleb128 0x9
 547 0241 63687300 		.ascii	"chs\000"
 548 0245 01       		.byte	0x1
 549 0246 3B       		.byte	0x3b
 550 0247 68000000 		.4byte	0x68
 551 024b 81010000 		.4byte	.LLST11
 552 024f 09       		.uleb128 0x9
 553 0250 636800   		.ascii	"ch\000"
 554 0253 01       		.byte	0x1
 555 0254 3C       		.byte	0x3c
 556 0255 9B000000 		.4byte	0x9b
 557 0259 A0010000 		.4byte	.LLST12
 558 025d 10       		.uleb128 0x10
 559 025e 0E000000 		.4byte	.LVL27
 560 0262 03030000 		.4byte	0x303
 561 0266 0A       		.uleb128 0xa
 562 0267 16000000 		.4byte	.LVL28
 563 026b F2020000 		.4byte	0x2f2
 564 026f 7A020000 		.4byte	0x27a
 565 0273 0B       		.uleb128 0xb
 566 0274 01       		.uleb128 0x1
 567 0275 50       		.byte	0x50
 568 0276 02       		.uleb128 0x2
 569 0277 75       		.byte	0x75
 570 0278 00       		.sleb128 0
 571 0279 00       		.byte	0
 572 027a 0C       		.uleb128 0xc
 573 027b 22000000 		.4byte	.LVL31
 574 027f F2020000 		.4byte	0x2f2
 575 0283 0B       		.uleb128 0xb
 576 0284 01       		.uleb128 0x1
 577 0285 50       		.byte	0x50
 578 0286 01       		.uleb128 0x1
 579 0287 3A       		.byte	0x3a
 580 0288 00       		.byte	0
 581 0289 00       		.byte	0
 582 028a 12       		.uleb128 0x12
 583 028b 84000000 		.4byte	.LASF31
 584 028f 08       		.byte	0x8
 585 0290 9606     		.2byte	0x696
 586 0292 96020000 		.4byte	0x296
 587 0296 13       		.uleb128 0x13
 588 0297 76000000 		.4byte	0x76
 589 029b 14       		.uleb128 0x14
ARM GAS  C:\Users\vellu\AppData\Local\Temp\ccROobCL.s 			page 13


 590 029c 2A000000 		.4byte	.LASF32
 591 02a0 09       		.byte	0x9
 592 02a1 00       		.byte	0
 593 02a2 7C000000 		.4byte	.LASF33
 594 02a6 68000000 		.4byte	0x68
 595 02aa B4020000 		.4byte	0x2b4
 596 02ae 15       		.uleb128 0x15
 597 02af 68000000 		.4byte	0x68
 598 02b3 00       		.byte	0
 599 02b4 16       		.uleb128 0x16
 600 02b5 32020000 		.4byte	.LASF25
 601 02b9 06       		.byte	0x6
 602 02ba 7D       		.byte	0x7d
 603 02bb 68000000 		.4byte	0x68
 604 02bf 17       		.uleb128 0x17
 605 02c0 00000000 		.4byte	.LASF34
 606 02c4 07       		.byte	0x7
 607 02c5 54       		.byte	0x54
 608 02c6 18       		.uleb128 0x18
 609 02c7 70010000 		.4byte	.LASF35
 610 02cb 0A       		.byte	0xa
 611 02cc 35       		.byte	0x35
 612 02cd AF000000 		.4byte	0xaf
 613 02d1 DB020000 		.4byte	0x2db
 614 02d5 15       		.uleb128 0x15
 615 02d6 DB020000 		.4byte	0x2db
 616 02da 00       		.byte	0
 617 02db 06       		.uleb128 0x6
 618 02dc 04       		.byte	0x4
 619 02dd AF000000 		.4byte	0xaf
 620 02e1 19       		.uleb128 0x19
 621 02e2 98000000 		.4byte	.LASF23
 622 02e6 06       		.byte	0x6
 623 02e7 83       		.byte	0x83
 624 02e8 F2020000 		.4byte	0x2f2
 625 02ec 15       		.uleb128 0x15
 626 02ed 6F000000 		.4byte	0x6f
 627 02f1 00       		.byte	0
 628 02f2 19       		.uleb128 0x19
 629 02f3 31010000 		.4byte	.LASF24
 630 02f7 07       		.byte	0x7
 631 02f8 8A       		.byte	0x8a
 632 02f9 03030000 		.4byte	0x303
 633 02fd 15       		.uleb128 0x15
 634 02fe 81000000 		.4byte	0x81
 635 0302 00       		.byte	0
 636 0303 16       		.uleb128 0x16
 637 0304 23020000 		.4byte	.LASF26
 638 0308 07       		.byte	0x7
 639 0309 71       		.byte	0x71
 640 030a 81000000 		.4byte	0x81
 641 030e 00       		.byte	0
 642              		.section	.debug_abbrev,"",%progbits
 643              	.Ldebug_abbrev0:
 644 0000 01       		.uleb128 0x1
 645 0001 11       		.uleb128 0x11
 646 0002 01       		.byte	0x1
ARM GAS  C:\Users\vellu\AppData\Local\Temp\ccROobCL.s 			page 14


 647 0003 25       		.uleb128 0x25
 648 0004 0E       		.uleb128 0xe
 649 0005 13       		.uleb128 0x13
 650 0006 0B       		.uleb128 0xb
 651 0007 03       		.uleb128 0x3
 652 0008 0E       		.uleb128 0xe
 653 0009 1B       		.uleb128 0x1b
 654 000a 0E       		.uleb128 0xe
 655 000b 55       		.uleb128 0x55
 656 000c 17       		.uleb128 0x17
 657 000d 11       		.uleb128 0x11
 658 000e 01       		.uleb128 0x1
 659 000f 10       		.uleb128 0x10
 660 0010 17       		.uleb128 0x17
 661 0011 00       		.byte	0
 662 0012 00       		.byte	0
 663 0013 02       		.uleb128 0x2
 664 0014 24       		.uleb128 0x24
 665 0015 00       		.byte	0
 666 0016 0B       		.uleb128 0xb
 667 0017 0B       		.uleb128 0xb
 668 0018 3E       		.uleb128 0x3e
 669 0019 0B       		.uleb128 0xb
 670 001a 03       		.uleb128 0x3
 671 001b 0E       		.uleb128 0xe
 672 001c 00       		.byte	0
 673 001d 00       		.byte	0
 674 001e 03       		.uleb128 0x3
 675 001f 16       		.uleb128 0x16
 676 0020 00       		.byte	0
 677 0021 03       		.uleb128 0x3
 678 0022 0E       		.uleb128 0xe
 679 0023 3A       		.uleb128 0x3a
 680 0024 0B       		.uleb128 0xb
 681 0025 3B       		.uleb128 0x3b
 682 0026 0B       		.uleb128 0xb
 683 0027 49       		.uleb128 0x49
 684 0028 13       		.uleb128 0x13
 685 0029 00       		.byte	0
 686 002a 00       		.byte	0
 687 002b 04       		.uleb128 0x4
 688 002c 24       		.uleb128 0x24
 689 002d 00       		.byte	0
 690 002e 0B       		.uleb128 0xb
 691 002f 0B       		.uleb128 0xb
 692 0030 3E       		.uleb128 0x3e
 693 0031 0B       		.uleb128 0xb
 694 0032 03       		.uleb128 0x3
 695 0033 08       		.uleb128 0x8
 696 0034 00       		.byte	0
 697 0035 00       		.byte	0
 698 0036 05       		.uleb128 0x5
 699 0037 16       		.uleb128 0x16
 700 0038 00       		.byte	0
 701 0039 03       		.uleb128 0x3
 702 003a 0E       		.uleb128 0xe
 703 003b 3A       		.uleb128 0x3a
ARM GAS  C:\Users\vellu\AppData\Local\Temp\ccROobCL.s 			page 15


 704 003c 0B       		.uleb128 0xb
 705 003d 3B       		.uleb128 0x3b
 706 003e 05       		.uleb128 0x5
 707 003f 49       		.uleb128 0x49
 708 0040 13       		.uleb128 0x13
 709 0041 00       		.byte	0
 710 0042 00       		.byte	0
 711 0043 06       		.uleb128 0x6
 712 0044 0F       		.uleb128 0xf
 713 0045 00       		.byte	0
 714 0046 0B       		.uleb128 0xb
 715 0047 0B       		.uleb128 0xb
 716 0048 49       		.uleb128 0x49
 717 0049 13       		.uleb128 0x13
 718 004a 00       		.byte	0
 719 004b 00       		.byte	0
 720 004c 07       		.uleb128 0x7
 721 004d 2E       		.uleb128 0x2e
 722 004e 01       		.byte	0x1
 723 004f 3F       		.uleb128 0x3f
 724 0050 19       		.uleb128 0x19
 725 0051 03       		.uleb128 0x3
 726 0052 0E       		.uleb128 0xe
 727 0053 3A       		.uleb128 0x3a
 728 0054 0B       		.uleb128 0xb
 729 0055 3B       		.uleb128 0x3b
 730 0056 0B       		.uleb128 0xb
 731 0057 27       		.uleb128 0x27
 732 0058 19       		.uleb128 0x19
 733 0059 11       		.uleb128 0x11
 734 005a 01       		.uleb128 0x1
 735 005b 12       		.uleb128 0x12
 736 005c 06       		.uleb128 0x6
 737 005d 40       		.uleb128 0x40
 738 005e 18       		.uleb128 0x18
 739 005f 9742     		.uleb128 0x2117
 740 0061 19       		.uleb128 0x19
 741 0062 01       		.uleb128 0x1
 742 0063 13       		.uleb128 0x13
 743 0064 00       		.byte	0
 744 0065 00       		.byte	0
 745 0066 08       		.uleb128 0x8
 746 0067 05       		.uleb128 0x5
 747 0068 00       		.byte	0
 748 0069 03       		.uleb128 0x3
 749 006a 0E       		.uleb128 0xe
 750 006b 3A       		.uleb128 0x3a
 751 006c 0B       		.uleb128 0xb
 752 006d 3B       		.uleb128 0x3b
 753 006e 0B       		.uleb128 0xb
 754 006f 49       		.uleb128 0x49
 755 0070 13       		.uleb128 0x13
 756 0071 02       		.uleb128 0x2
 757 0072 17       		.uleb128 0x17
 758 0073 00       		.byte	0
 759 0074 00       		.byte	0
 760 0075 09       		.uleb128 0x9
ARM GAS  C:\Users\vellu\AppData\Local\Temp\ccROobCL.s 			page 16


 761 0076 34       		.uleb128 0x34
 762 0077 00       		.byte	0
 763 0078 03       		.uleb128 0x3
 764 0079 08       		.uleb128 0x8
 765 007a 3A       		.uleb128 0x3a
 766 007b 0B       		.uleb128 0xb
 767 007c 3B       		.uleb128 0x3b
 768 007d 0B       		.uleb128 0xb
 769 007e 49       		.uleb128 0x49
 770 007f 13       		.uleb128 0x13
 771 0080 02       		.uleb128 0x2
 772 0081 17       		.uleb128 0x17
 773 0082 00       		.byte	0
 774 0083 00       		.byte	0
 775 0084 0A       		.uleb128 0xa
 776 0085 898201   		.uleb128 0x4109
 777 0088 01       		.byte	0x1
 778 0089 11       		.uleb128 0x11
 779 008a 01       		.uleb128 0x1
 780 008b 31       		.uleb128 0x31
 781 008c 13       		.uleb128 0x13
 782 008d 01       		.uleb128 0x1
 783 008e 13       		.uleb128 0x13
 784 008f 00       		.byte	0
 785 0090 00       		.byte	0
 786 0091 0B       		.uleb128 0xb
 787 0092 8A8201   		.uleb128 0x410a
 788 0095 00       		.byte	0
 789 0096 02       		.uleb128 0x2
 790 0097 18       		.uleb128 0x18
 791 0098 9142     		.uleb128 0x2111
 792 009a 18       		.uleb128 0x18
 793 009b 00       		.byte	0
 794 009c 00       		.byte	0
 795 009d 0C       		.uleb128 0xc
 796 009e 898201   		.uleb128 0x4109
 797 00a1 01       		.byte	0x1
 798 00a2 11       		.uleb128 0x11
 799 00a3 01       		.uleb128 0x1
 800 00a4 31       		.uleb128 0x31
 801 00a5 13       		.uleb128 0x13
 802 00a6 00       		.byte	0
 803 00a7 00       		.byte	0
 804 00a8 0D       		.uleb128 0xd
 805 00a9 2E       		.uleb128 0x2e
 806 00aa 01       		.byte	0x1
 807 00ab 3F       		.uleb128 0x3f
 808 00ac 19       		.uleb128 0x19
 809 00ad 03       		.uleb128 0x3
 810 00ae 0E       		.uleb128 0xe
 811 00af 3A       		.uleb128 0x3a
 812 00b0 0B       		.uleb128 0xb
 813 00b1 3B       		.uleb128 0x3b
 814 00b2 0B       		.uleb128 0xb
 815 00b3 27       		.uleb128 0x27
 816 00b4 19       		.uleb128 0x19
 817 00b5 49       		.uleb128 0x49
ARM GAS  C:\Users\vellu\AppData\Local\Temp\ccROobCL.s 			page 17


 818 00b6 13       		.uleb128 0x13
 819 00b7 11       		.uleb128 0x11
 820 00b8 01       		.uleb128 0x1
 821 00b9 12       		.uleb128 0x12
 822 00ba 06       		.uleb128 0x6
 823 00bb 40       		.uleb128 0x40
 824 00bc 18       		.uleb128 0x18
 825 00bd 9742     		.uleb128 0x2117
 826 00bf 19       		.uleb128 0x19
 827 00c0 01       		.uleb128 0x1
 828 00c1 13       		.uleb128 0x13
 829 00c2 00       		.byte	0
 830 00c3 00       		.byte	0
 831 00c4 0E       		.uleb128 0xe
 832 00c5 0B       		.uleb128 0xb
 833 00c6 01       		.byte	0x1
 834 00c7 11       		.uleb128 0x11
 835 00c8 01       		.uleb128 0x1
 836 00c9 12       		.uleb128 0x12
 837 00ca 06       		.uleb128 0x6
 838 00cb 01       		.uleb128 0x1
 839 00cc 13       		.uleb128 0x13
 840 00cd 00       		.byte	0
 841 00ce 00       		.byte	0
 842 00cf 0F       		.uleb128 0xf
 843 00d0 34       		.uleb128 0x34
 844 00d1 00       		.byte	0
 845 00d2 03       		.uleb128 0x3
 846 00d3 0E       		.uleb128 0xe
 847 00d4 3A       		.uleb128 0x3a
 848 00d5 0B       		.uleb128 0xb
 849 00d6 3B       		.uleb128 0x3b
 850 00d7 0B       		.uleb128 0xb
 851 00d8 49       		.uleb128 0x49
 852 00d9 13       		.uleb128 0x13
 853 00da 02       		.uleb128 0x2
 854 00db 17       		.uleb128 0x17
 855 00dc 00       		.byte	0
 856 00dd 00       		.byte	0
 857 00de 10       		.uleb128 0x10
 858 00df 898201   		.uleb128 0x4109
 859 00e2 00       		.byte	0
 860 00e3 11       		.uleb128 0x11
 861 00e4 01       		.uleb128 0x1
 862 00e5 31       		.uleb128 0x31
 863 00e6 13       		.uleb128 0x13
 864 00e7 00       		.byte	0
 865 00e8 00       		.byte	0
 866 00e9 11       		.uleb128 0x11
 867 00ea 05       		.uleb128 0x5
 868 00eb 00       		.byte	0
 869 00ec 03       		.uleb128 0x3
 870 00ed 08       		.uleb128 0x8
 871 00ee 3A       		.uleb128 0x3a
 872 00ef 0B       		.uleb128 0xb
 873 00f0 3B       		.uleb128 0x3b
 874 00f1 0B       		.uleb128 0xb
ARM GAS  C:\Users\vellu\AppData\Local\Temp\ccROobCL.s 			page 18


 875 00f2 49       		.uleb128 0x49
 876 00f3 13       		.uleb128 0x13
 877 00f4 02       		.uleb128 0x2
 878 00f5 17       		.uleb128 0x17
 879 00f6 00       		.byte	0
 880 00f7 00       		.byte	0
 881 00f8 12       		.uleb128 0x12
 882 00f9 34       		.uleb128 0x34
 883 00fa 00       		.byte	0
 884 00fb 03       		.uleb128 0x3
 885 00fc 0E       		.uleb128 0xe
 886 00fd 3A       		.uleb128 0x3a
 887 00fe 0B       		.uleb128 0xb
 888 00ff 3B       		.uleb128 0x3b
 889 0100 05       		.uleb128 0x5
 890 0101 49       		.uleb128 0x49
 891 0102 13       		.uleb128 0x13
 892 0103 3F       		.uleb128 0x3f
 893 0104 19       		.uleb128 0x19
 894 0105 3C       		.uleb128 0x3c
 895 0106 19       		.uleb128 0x19
 896 0107 00       		.byte	0
 897 0108 00       		.byte	0
 898 0109 13       		.uleb128 0x13
 899 010a 35       		.uleb128 0x35
 900 010b 00       		.byte	0
 901 010c 49       		.uleb128 0x49
 902 010d 13       		.uleb128 0x13
 903 010e 00       		.byte	0
 904 010f 00       		.byte	0
 905 0110 14       		.uleb128 0x14
 906 0111 2E       		.uleb128 0x2e
 907 0112 01       		.byte	0x1
 908 0113 3F       		.uleb128 0x3f
 909 0114 19       		.uleb128 0x19
 910 0115 03       		.uleb128 0x3
 911 0116 0E       		.uleb128 0xe
 912 0117 3A       		.uleb128 0x3a
 913 0118 0B       		.uleb128 0xb
 914 0119 3B       		.uleb128 0x3b
 915 011a 0B       		.uleb128 0xb
 916 011b 6E       		.uleb128 0x6e
 917 011c 0E       		.uleb128 0xe
 918 011d 27       		.uleb128 0x27
 919 011e 19       		.uleb128 0x19
 920 011f 49       		.uleb128 0x49
 921 0120 13       		.uleb128 0x13
 922 0121 3C       		.uleb128 0x3c
 923 0122 19       		.uleb128 0x19
 924 0123 01       		.uleb128 0x1
 925 0124 13       		.uleb128 0x13
 926 0125 00       		.byte	0
 927 0126 00       		.byte	0
 928 0127 15       		.uleb128 0x15
 929 0128 05       		.uleb128 0x5
 930 0129 00       		.byte	0
 931 012a 49       		.uleb128 0x49
ARM GAS  C:\Users\vellu\AppData\Local\Temp\ccROobCL.s 			page 19


 932 012b 13       		.uleb128 0x13
 933 012c 00       		.byte	0
 934 012d 00       		.byte	0
 935 012e 16       		.uleb128 0x16
 936 012f 2E       		.uleb128 0x2e
 937 0130 00       		.byte	0
 938 0131 3F       		.uleb128 0x3f
 939 0132 19       		.uleb128 0x19
 940 0133 03       		.uleb128 0x3
 941 0134 0E       		.uleb128 0xe
 942 0135 3A       		.uleb128 0x3a
 943 0136 0B       		.uleb128 0xb
 944 0137 3B       		.uleb128 0x3b
 945 0138 0B       		.uleb128 0xb
 946 0139 27       		.uleb128 0x27
 947 013a 19       		.uleb128 0x19
 948 013b 49       		.uleb128 0x49
 949 013c 13       		.uleb128 0x13
 950 013d 3C       		.uleb128 0x3c
 951 013e 19       		.uleb128 0x19
 952 013f 00       		.byte	0
 953 0140 00       		.byte	0
 954 0141 17       		.uleb128 0x17
 955 0142 2E       		.uleb128 0x2e
 956 0143 00       		.byte	0
 957 0144 3F       		.uleb128 0x3f
 958 0145 19       		.uleb128 0x19
 959 0146 03       		.uleb128 0x3
 960 0147 0E       		.uleb128 0xe
 961 0148 3A       		.uleb128 0x3a
 962 0149 0B       		.uleb128 0xb
 963 014a 3B       		.uleb128 0x3b
 964 014b 0B       		.uleb128 0xb
 965 014c 27       		.uleb128 0x27
 966 014d 19       		.uleb128 0x19
 967 014e 3C       		.uleb128 0x3c
 968 014f 19       		.uleb128 0x19
 969 0150 00       		.byte	0
 970 0151 00       		.byte	0
 971 0152 18       		.uleb128 0x18
 972 0153 2E       		.uleb128 0x2e
 973 0154 01       		.byte	0x1
 974 0155 3F       		.uleb128 0x3f
 975 0156 19       		.uleb128 0x19
 976 0157 03       		.uleb128 0x3
 977 0158 0E       		.uleb128 0xe
 978 0159 3A       		.uleb128 0x3a
 979 015a 0B       		.uleb128 0xb
 980 015b 3B       		.uleb128 0x3b
 981 015c 0B       		.uleb128 0xb
 982 015d 27       		.uleb128 0x27
 983 015e 19       		.uleb128 0x19
 984 015f 49       		.uleb128 0x49
 985 0160 13       		.uleb128 0x13
 986 0161 3C       		.uleb128 0x3c
 987 0162 19       		.uleb128 0x19
 988 0163 01       		.uleb128 0x1
ARM GAS  C:\Users\vellu\AppData\Local\Temp\ccROobCL.s 			page 20


 989 0164 13       		.uleb128 0x13
 990 0165 00       		.byte	0
 991 0166 00       		.byte	0
 992 0167 19       		.uleb128 0x19
 993 0168 2E       		.uleb128 0x2e
 994 0169 01       		.byte	0x1
 995 016a 3F       		.uleb128 0x3f
 996 016b 19       		.uleb128 0x19
 997 016c 03       		.uleb128 0x3
 998 016d 0E       		.uleb128 0xe
 999 016e 3A       		.uleb128 0x3a
 1000 016f 0B       		.uleb128 0xb
 1001 0170 3B       		.uleb128 0x3b
 1002 0171 0B       		.uleb128 0xb
 1003 0172 27       		.uleb128 0x27
 1004 0173 19       		.uleb128 0x19
 1005 0174 3C       		.uleb128 0x3c
 1006 0175 19       		.uleb128 0x19
 1007 0176 01       		.uleb128 0x1
 1008 0177 13       		.uleb128 0x13
 1009 0178 00       		.byte	0
 1010 0179 00       		.byte	0
 1011 017a 00       		.byte	0
 1012              		.section	.debug_loc,"",%progbits
 1013              	.Ldebug_loc0:
 1014              	.LLST0:
 1015 0000 00000000 		.4byte	.LVL0
 1016 0004 08000000 		.4byte	.LVL2
 1017 0008 0100     		.2byte	0x1
 1018 000a 50       		.byte	0x50
 1019 000b 08000000 		.4byte	.LVL2
 1020 000f 1C000000 		.4byte	.LFE64
 1021 0013 0100     		.2byte	0x1
 1022 0015 55       		.byte	0x55
 1023 0016 00000000 		.4byte	0
 1024 001a 00000000 		.4byte	0
 1025              	.LLST1:
 1026 001e 04000000 		.4byte	.LVL1
 1027 0022 08000000 		.4byte	.LVL2
 1028 0026 0200     		.2byte	0x2
 1029 0028 30       		.byte	0x30
 1030 0029 9F       		.byte	0x9f
 1031 002a 08000000 		.4byte	.LVL2
 1032 002e 1C000000 		.4byte	.LFE64
 1033 0032 0100     		.2byte	0x1
 1034 0034 54       		.byte	0x54
 1035 0035 00000000 		.4byte	0
 1036 0039 00000000 		.4byte	0
 1037              	.LLST2:
 1038 003d 12000000 		.4byte	.LVL8
 1039 0041 16000000 		.4byte	.LVL9
 1040 0045 0200     		.2byte	0x2
 1041 0047 31       		.byte	0x31
 1042 0048 9F       		.byte	0x9f
 1043 0049 16000000 		.4byte	.LVL9
 1044 004d 3E000000 		.4byte	.LVL15
 1045 0051 0100     		.2byte	0x1
ARM GAS  C:\Users\vellu\AppData\Local\Temp\ccROobCL.s 			page 21


 1046 0053 54       		.byte	0x54
 1047 0054 00000000 		.4byte	0
 1048 0058 00000000 		.4byte	0
 1049              	.LLST3:
 1050 005c 2E000000 		.4byte	.LVL11
 1051 0060 30000000 		.4byte	.LVL12
 1052 0064 0300     		.2byte	0x3
 1053 0066 73       		.byte	0x73
 1054 0067 01       		.sleb128 1
 1055 0068 9F       		.byte	0x9f
 1056 0069 30000000 		.4byte	.LVL12
 1057 006d 33000000 		.4byte	.LVL13-1
 1058 0071 0100     		.2byte	0x1
 1059 0073 50       		.byte	0x50
 1060 0074 00000000 		.4byte	0
 1061 0078 00000000 		.4byte	0
 1062              	.LLST4:
 1063 007c 00000000 		.4byte	.LVL16
 1064 0080 0A000000 		.4byte	.LVL18
 1065 0084 0100     		.2byte	0x1
 1066 0086 50       		.byte	0x50
 1067 0087 0A000000 		.4byte	.LVL18
 1068 008b 2A000000 		.4byte	.LFE65
 1069 008f 0400     		.2byte	0x4
 1070 0091 F3       		.byte	0xf3
 1071 0092 01       		.uleb128 0x1
 1072 0093 50       		.byte	0x50
 1073 0094 9F       		.byte	0x9f
 1074 0095 00000000 		.4byte	0
 1075 0099 00000000 		.4byte	0
 1076              	.LLST5:
 1077 009d 00000000 		.4byte	.LVL16
 1078 00a1 0A000000 		.4byte	.LVL18
 1079 00a5 0100     		.2byte	0x1
 1080 00a7 51       		.byte	0x51
 1081 00a8 0A000000 		.4byte	.LVL18
 1082 00ac 18000000 		.4byte	.LVL20
 1083 00b0 0100     		.2byte	0x1
 1084 00b2 54       		.byte	0x54
 1085 00b3 18000000 		.4byte	.LVL20
 1086 00b7 22000000 		.4byte	.LVL23
 1087 00bb 0100     		.2byte	0x1
 1088 00bd 56       		.byte	0x56
 1089 00be 22000000 		.4byte	.LVL23
 1090 00c2 2A000000 		.4byte	.LFE65
 1091 00c6 0100     		.2byte	0x1
 1092 00c8 54       		.byte	0x54
 1093 00c9 00000000 		.4byte	0
 1094 00cd 00000000 		.4byte	0
 1095              	.LLST6:
 1096 00d1 00000000 		.4byte	.LVL16
 1097 00d5 0A000000 		.4byte	.LVL18
 1098 00d9 0100     		.2byte	0x1
 1099 00db 52       		.byte	0x52
 1100 00dc 0A000000 		.4byte	.LVL18
 1101 00e0 2A000000 		.4byte	.LFE65
 1102 00e4 0100     		.2byte	0x1
ARM GAS  C:\Users\vellu\AppData\Local\Temp\ccROobCL.s 			page 22


 1103 00e6 57       		.byte	0x57
 1104 00e7 00000000 		.4byte	0
 1105 00eb 00000000 		.4byte	0
 1106              	.LLST7:
 1107 00ef 06000000 		.4byte	.LVL17
 1108 00f3 0A000000 		.4byte	.LVL18
 1109 00f7 0200     		.2byte	0x2
 1110 00f9 30       		.byte	0x30
 1111 00fa 9F       		.byte	0x9f
 1112 00fb 0A000000 		.4byte	.LVL18
 1113 00ff 2A000000 		.4byte	.LFE65
 1114 0103 0100     		.2byte	0x1
 1115 0105 55       		.byte	0x55
 1116 0106 00000000 		.4byte	0
 1117 010a 00000000 		.4byte	0
 1118              	.LLST8:
 1119 010e 00000000 		.4byte	.LVL24
 1120 0112 0A000000 		.4byte	.LVL26
 1121 0116 0100     		.2byte	0x1
 1122 0118 50       		.byte	0x50
 1123 0119 0A000000 		.4byte	.LVL26
 1124 011d 38000000 		.4byte	.LFE66
 1125 0121 0400     		.2byte	0x4
 1126 0123 F3       		.byte	0xf3
 1127 0124 01       		.uleb128 0x1
 1128 0125 50       		.byte	0x50
 1129 0126 9F       		.byte	0x9f
 1130 0127 00000000 		.4byte	0
 1131 012b 00000000 		.4byte	0
 1132              	.LLST9:
 1133 012f 00000000 		.4byte	.LVL24
 1134 0133 0A000000 		.4byte	.LVL26
 1135 0137 0100     		.2byte	0x1
 1136 0139 51       		.byte	0x51
 1137 013a 0A000000 		.4byte	.LVL26
 1138 013e 26000000 		.4byte	.LVL33
 1139 0142 0100     		.2byte	0x1
 1140 0144 57       		.byte	0x57
 1141 0145 26000000 		.4byte	.LVL33
 1142 0149 30000000 		.4byte	.LVL35
 1143 014d 0100     		.2byte	0x1
 1144 014f 53       		.byte	0x53
 1145 0150 30000000 		.4byte	.LVL35
 1146 0154 34000000 		.4byte	.LVL36
 1147 0158 0100     		.2byte	0x1
 1148 015a 57       		.byte	0x57
 1149 015b 00000000 		.4byte	0
 1150 015f 00000000 		.4byte	0
 1151              	.LLST10:
 1152 0163 00000000 		.4byte	.LVL24
 1153 0167 0A000000 		.4byte	.LVL26
 1154 016b 0100     		.2byte	0x1
 1155 016d 52       		.byte	0x52
 1156 016e 0A000000 		.4byte	.LVL26
 1157 0172 38000000 		.4byte	.LFE66
 1158 0176 0100     		.2byte	0x1
 1159 0178 54       		.byte	0x54
ARM GAS  C:\Users\vellu\AppData\Local\Temp\ccROobCL.s 			page 23


 1160 0179 00000000 		.4byte	0
 1161 017d 00000000 		.4byte	0
 1162              	.LLST11:
 1163 0181 06000000 		.4byte	.LVL25
 1164 0185 0A000000 		.4byte	.LVL26
 1165 0189 0200     		.2byte	0x2
 1166 018b 30       		.byte	0x30
 1167 018c 9F       		.byte	0x9f
 1168 018d 0A000000 		.4byte	.LVL26
 1169 0191 38000000 		.4byte	.LFE66
 1170 0195 0100     		.2byte	0x1
 1171 0197 56       		.byte	0x56
 1172 0198 00000000 		.4byte	0
 1173 019c 00000000 		.4byte	0
 1174              	.LLST12:
 1175 01a0 0E000000 		.4byte	.LVL27
 1176 01a4 15000000 		.4byte	.LVL28-1
 1177 01a8 0100     		.2byte	0x1
 1178 01aa 50       		.byte	0x50
 1179 01ab 1C000000 		.4byte	.LVL30
 1180 01af 24000000 		.4byte	.LVL32
 1181 01b3 0200     		.2byte	0x2
 1182 01b5 3A       		.byte	0x3a
 1183 01b6 9F       		.byte	0x9f
 1184 01b7 24000000 		.4byte	.LVL32
 1185 01bb 30000000 		.4byte	.LVL35
 1186 01bf 0100     		.2byte	0x1
 1187 01c1 55       		.byte	0x55
 1188 01c2 00000000 		.4byte	0
 1189 01c6 00000000 		.4byte	0
 1190              		.section	.debug_aranges,"",%progbits
 1191 0000 34000000 		.4byte	0x34
 1192 0004 0200     		.2byte	0x2
 1193 0006 00000000 		.4byte	.Ldebug_info0
 1194 000a 04       		.byte	0x4
 1195 000b 00       		.byte	0
 1196 000c 0000     		.2byte	0
 1197 000e 0000     		.2byte	0
 1198 0010 00000000 		.4byte	.LFB64
 1199 0014 1C000000 		.4byte	.LFE64-.LFB64
 1200 0018 00000000 		.4byte	.LFB63
 1201 001c 44000000 		.4byte	.LFE63-.LFB63
 1202 0020 00000000 		.4byte	.LFB65
 1203 0024 2A000000 		.4byte	.LFE65-.LFB65
 1204 0028 00000000 		.4byte	.LFB66
 1205 002c 38000000 		.4byte	.LFE66-.LFB66
 1206 0030 00000000 		.4byte	0
 1207 0034 00000000 		.4byte	0
 1208              		.section	.debug_ranges,"",%progbits
 1209              	.Ldebug_ranges0:
 1210 0000 00000000 		.4byte	.LFB64
 1211 0004 1C000000 		.4byte	.LFE64
 1212 0008 00000000 		.4byte	.LFB63
 1213 000c 44000000 		.4byte	.LFE63
 1214 0010 00000000 		.4byte	.LFB65
 1215 0014 2A000000 		.4byte	.LFE65
 1216 0018 00000000 		.4byte	.LFB66
ARM GAS  C:\Users\vellu\AppData\Local\Temp\ccROobCL.s 			page 24


 1217 001c 38000000 		.4byte	.LFE66
 1218 0020 00000000 		.4byte	0
 1219 0024 00000000 		.4byte	0
 1220              		.section	.debug_line,"",%progbits
 1221              	.Ldebug_line0:
 1222 0000 8F020000 		.section	.debug_str,"MS",%progbits,1
 1222      0200EE01 
 1222      00000201 
 1222      FB0E0D00 
 1222      01010101 
 1223              	.LASF34:
 1224 0000 55415254 		.ascii	"UART_1_Start\000"
 1224      5F315F53 
 1224      74617274 
 1224      00
 1225              	.LASF9:
 1226 000d 5F5F696E 		.ascii	"__int32_t\000"
 1226      7433325F 
 1226      7400
 1227              	.LASF3:
 1228 0017 73686F72 		.ascii	"short unsigned int\000"
 1228      7420756E 
 1228      7369676E 
 1228      65642069 
 1228      6E7400
 1229              	.LASF32:
 1230 002a 5F5F6275 		.ascii	"__builtin_putchar\000"
 1230      696C7469 
 1230      6E5F7075 
 1230      74636861 
 1230      7200
 1231              	.LASF21:
 1232 003c 5F726561 		.ascii	"_read\000"
 1232      6400
 1233              	.LASF12:
 1234 0042 666C6F61 		.ascii	"float\000"
 1234      7400
 1235              	.LASF20:
 1236 0048 66696C65 		.ascii	"file\000"
 1236      00
 1237              	.LASF1:
 1238 004d 756E7369 		.ascii	"unsigned char\000"
 1238      676E6564 
 1238      20636861 
 1238      7200
 1239              	.LASF30:
 1240 005b 68617368 		.ascii	"hashTagPrinter\000"
 1240      54616750 
 1240      72696E74 
 1240      657200
 1241              	.LASF5:
 1242 006a 6C6F6E67 		.ascii	"long unsigned int\000"
 1242      20756E73 
 1242      69676E65 
 1242      6420696E 
 1242      7400
 1243              	.LASF33:
ARM GAS  C:\Users\vellu\AppData\Local\Temp\ccROobCL.s 			page 25


 1244 007c 70757463 		.ascii	"putchar\000"
 1244      68617200 
 1245              	.LASF31:
 1246 0084 49544D5F 		.ascii	"ITM_RxBuffer\000"
 1246      52784275 
 1246      66666572 
 1246      00
 1247              	.LASF13:
 1248 0091 646F7562 		.ascii	"double\000"
 1248      6C6500
 1249              	.LASF23:
 1250 0098 7372616E 		.ascii	"srand\000"
 1250      6400
 1251              	.LASF18:
 1252 009e 6D61696E 		.ascii	"main\000"
 1252      00
 1253              	.LASF27:
 1254 00a3 474E5520 		.ascii	"GNU C 4.9.3 20150303 (release) [ARM/embedded-4_9-br"
 1254      4320342E 
 1254      392E3320 
 1254      32303135 
 1254      30333033 
 1255 00d6 616E6368 		.ascii	"anch revision 221220] -mcpu=cortex-m3 -mthumb -g -O"
 1255      20726576 
 1255      6973696F 
 1255      6E203232 
 1255      31323230 
 1256 0109 67202D66 		.ascii	"g -ffunction-sections -ffat-lto-objects\000"
 1256      66756E63 
 1256      74696F6E 
 1256      2D736563 
 1256      74696F6E 
 1257              	.LASF24:
 1258 0131 55415254 		.ascii	"UART_1_PutChar\000"
 1258      5F315F50 
 1258      75744368 
 1258      617200
 1259              	.LASF8:
 1260 0140 756E7369 		.ascii	"unsigned int\000"
 1260      676E6564 
 1260      20696E74 
 1260      00
 1261              	.LASF7:
 1262 014d 6C6F6E67 		.ascii	"long long unsigned int\000"
 1262      206C6F6E 
 1262      6720756E 
 1262      7369676E 
 1262      65642069 
 1263              	.LASF16:
 1264 0164 74696D65 		.ascii	"time_t\000"
 1264      5F7400
 1265              	.LASF17:
 1266 016b 68617368 		.ascii	"hash\000"
 1266      00
 1267              	.LASF35:
 1268 0170 74696D65 		.ascii	"time\000"
 1268      00
ARM GAS  C:\Users\vellu\AppData\Local\Temp\ccROobCL.s 			page 26


 1269              	.LASF10:
 1270 0175 696E7433 		.ascii	"int32_t\000"
 1270      325F7400 
 1271              	.LASF15:
 1272 017d 73697A65 		.ascii	"sizetype\000"
 1272      74797065 
 1272      00
 1273              	.LASF6:
 1274 0186 6C6F6E67 		.ascii	"long long int\000"
 1274      206C6F6E 
 1274      6720696E 
 1274      7400
 1275              	.LASF28:
 1276 0194 6D61696E 		.ascii	"main.c\000"
 1276      2E6300
 1277              	.LASF14:
 1278 019b 63686172 		.ascii	"char\000"
 1278      00
 1279              	.LASF29:
 1280 01a0 433A5C55 		.ascii	"C:\\Users\\vellu\\OneDrive\\Tiedostot\\PSoC Creator"
 1280      73657273 
 1280      5C76656C 
 1280      6C755C4F 
 1280      6E654472 
 1281 01ce 5C4B6F75 		.ascii	"\\KouluOhjelmointi\\Exercise13.cydsn\000"
 1281      6C754F68 
 1281      6A656C6D 
 1281      6F696E74 
 1281      695C4578 
 1282              	.LASF19:
 1283 01f1 5F777269 		.ascii	"_write\000"
 1283      746500
 1284              	.LASF22:
 1285 01f8 636F756E 		.ascii	"count\000"
 1285      7400
 1286              	.LASF2:
 1287 01fe 73686F72 		.ascii	"short int\000"
 1287      7420696E 
 1287      7400
 1288              	.LASF11:
 1289 0208 75696E74 		.ascii	"uint8\000"
 1289      3800
 1290              	.LASF4:
 1291 020e 6C6F6E67 		.ascii	"long int\000"
 1291      20696E74 
 1291      00
 1292              	.LASF0:
 1293 0217 7369676E 		.ascii	"signed char\000"
 1293      65642063 
 1293      68617200 
 1294              	.LASF26:
 1295 0223 55415254 		.ascii	"UART_1_GetChar\000"
 1295      5F315F47 
 1295      65744368 
 1295      617200
 1296              	.LASF25:
 1297 0232 72616E64 		.ascii	"rand\000"
ARM GAS  C:\Users\vellu\AppData\Local\Temp\ccROobCL.s 			page 27


 1297      00
 1298              		.ident	"GCC: (GNU Tools for ARM Embedded Processors) 4.9.3 20150303 (release) [ARM/embedded-4_9-br
