ARM GAS  C:\Users\vellu\AppData\Local\Temp\ccgRVf4c.s 			page 1


   1              		.syntax unified
   2              		.cpu cortex-m3
   3              		.fpu softvfp
   4              		.eabi_attribute 20, 1
   5              		.eabi_attribute 21, 1
   6              		.eabi_attribute 23, 3
   7              		.eabi_attribute 24, 1
   8              		.eabi_attribute 25, 1
   9              		.eabi_attribute 26, 1
  10              		.eabi_attribute 30, 1
  11              		.eabi_attribute 34, 1
  12              		.eabi_attribute 18, 4
  13              		.thumb
  14              		.file	"main.c"
  15              		.text
  16              	.Ltext0:
  17              		.cfi_sections	.debug_frame
  18              		.section	.text.main,"ax",%progbits
  19              		.align	2
  20              		.global	main
  21              		.thumb
  22              		.thumb_func
  23              		.type	main, %function
  24              	main:
  25              	.LFB63:
  26              		.file 1 "main.c"
   1:main.c        **** /* ========================================
   2:main.c        ****  *
   3:main.c        ****  * Copyright YOUR COMPANY, THE YEAR
   4:main.c        ****  * All Rights Reserved
   5:main.c        ****  * UNPUBLISHED, LICENSED SOFTWARE.
   6:main.c        ****  *
   7:main.c        ****  * CONFIDENTIAL AND PROPRIETARY INFORMATION
   8:main.c        ****  * WHICH IS THE PROPERTY OF your company.
   9:main.c        ****  *
  10:main.c        ****  * ========================================
  11:main.c        **** */
  12:main.c        **** #include "project.h"
  13:main.c        **** #include "stdio.h"
  14:main.c        **** #include "string.h"
  15:main.c        **** #include <stdlib.h>
  16:main.c        **** #include <time.h>
  17:main.c        **** 
  18:main.c        **** #define studentAmount 5
  19:main.c        **** 
  20:main.c        **** struct Students {
  21:main.c        ****     char firstN[22];
  22:main.c        ****     char LastN[22];
  23:main.c        ****     int courseCredit;
  24:main.c        **** };
  25:main.c        **** 
  26:main.c        **** 
  27:main.c        **** int main(void)
  28:main.c        **** {
  27              		.loc 1 28 0
  28              		.cfi_startproc
  29              		@ args = 0, pretend = 0, frame = 240
ARM GAS  C:\Users\vellu\AppData\Local\Temp\ccgRVf4c.s 			page 2


  30              		@ frame_needed = 0, uses_anonymous_args = 0
  31 0000 2DE9F041 		push	{r4, r5, r6, r7, r8, lr}
  32              		.cfi_def_cfa_offset 24
  33              		.cfi_offset 4, -24
  34              		.cfi_offset 5, -20
  35              		.cfi_offset 6, -16
  36              		.cfi_offset 7, -12
  37              		.cfi_offset 8, -8
  38              		.cfi_offset 14, -4
  39 0004 BCB0     		sub	sp, sp, #240
  40              		.cfi_def_cfa_offset 264
  29:main.c        ****     CyGlobalIntEnable; /* Enable global interrupts. */
  41              		.loc 1 29 0
  42              	@ 29 "main.c" 1
  43 0006 62B6     		CPSIE   i
  44              	@ 0 "" 2
  30:main.c        **** 
  31:main.c        ****     /* Place your initialization/startup code here (e.g. MyInst_Start()) */
  32:main.c        ****     UART_1_Start();
  45              		.loc 1 32 0
  46              		.thumb
  47 0008 FFF7FEFF 		bl	UART_1_Start
  48              	.LVL0:
  33:main.c        ****     
  34:main.c        ****     struct Students name1[studentAmount] = {"","",0};
  49              		.loc 1 34 0
  50 000c 6846     		mov	r0, sp
  51 000e 0021     		movs	r1, #0
  52 0010 F022     		movs	r2, #240
  53 0012 FFF7FEFF 		bl	memset
  54              	.LVL1:
  35:main.c        ****     
  36:main.c        ****     int fillData;
  37:main.c        ****     
  38:main.c        ****     
  39:main.c        ****     for(fillData=0;fillData<studentAmount;fillData++){
  55              		.loc 1 39 0
  56 0016 0024     		movs	r4, #0
  57 0018 2FE0     		b	.L2
  58              	.LVL2:
  59              	.L3:
  40:main.c        ****     
  41:main.c        ****         printf("Enter first name of \n");
  60              		.loc 1 41 0 discriminator 3
  61 001a 2548     		ldr	r0, .L7
  62 001c FFF7FEFF 		bl	puts
  63              	.LVL3:
  42:main.c        ****         printf("Student %d: ",fillData+1);
  64              		.loc 1 42 0 discriminator 3
  65 0020 651C     		adds	r5, r4, #1
  66 0022 244F     		ldr	r7, .L7+4
  67 0024 3846     		mov	r0, r7
  68 0026 2946     		mov	r1, r5
  69 0028 FFF7FEFF 		bl	printf
  70              	.LVL4:
  43:main.c        ****         scanf("%s",name1[fillData].firstN);
  71              		.loc 1 43 0 discriminator 3
ARM GAS  C:\Users\vellu\AppData\Local\Temp\ccgRVf4c.s 			page 3


  72 002c 6600     		lsls	r6, r4, #1
  73 002e 3119     		adds	r1, r6, r4
  74 0030 0901     		lsls	r1, r1, #4
  75 0032 DFF89480 		ldr	r8, .L7+24
  76 0036 4046     		mov	r0, r8
  77 0038 6944     		add	r1, r1, sp
  78 003a FFF7FEFF 		bl	scanf
  79              	.LVL5:
  44:main.c        ****         printf("Enter last name of \n");
  80              		.loc 1 44 0 discriminator 3
  81 003e 1E48     		ldr	r0, .L7+8
  82 0040 FFF7FEFF 		bl	puts
  83              	.LVL6:
  45:main.c        ****         printf("Student %d: ",fillData+1);
  84              		.loc 1 45 0 discriminator 3
  85 0044 3846     		mov	r0, r7
  86 0046 2946     		mov	r1, r5
  87 0048 FFF7FEFF 		bl	printf
  88              	.LVL7:
  46:main.c        ****         scanf("%s",name1[fillData].LastN);
  89              		.loc 1 46 0 discriminator 3
  90 004c 3119     		adds	r1, r6, r4
  91 004e 0901     		lsls	r1, r1, #4
  92 0050 6944     		add	r1, r1, sp
  93 0052 4046     		mov	r0, r8
  94 0054 1631     		adds	r1, r1, #22
  95 0056 FFF7FEFF 		bl	scanf
  96              	.LVL8:
  47:main.c        ****         printf("Enter number of credits of \n");
  97              		.loc 1 47 0 discriminator 3
  98 005a 1848     		ldr	r0, .L7+12
  99 005c FFF7FEFF 		bl	puts
 100              	.LVL9:
  48:main.c        ****         printf("Student %d: ",fillData+1);
 101              		.loc 1 48 0 discriminator 3
 102 0060 3846     		mov	r0, r7
 103 0062 2946     		mov	r1, r5
 104 0064 FFF7FEFF 		bl	printf
 105              	.LVL10:
  49:main.c        ****         scanf("%d",&name1[fillData].courseCredit);
 106              		.loc 1 49 0 discriminator 3
 107 0068 3444     		add	r4, r4, r6
 108              	.LVL11:
 109 006a 2401     		lsls	r4, r4, #4
 110 006c 0DEB0401 		add	r1, sp, r4
 111 0070 1348     		ldr	r0, .L7+16
 112 0072 2C31     		adds	r1, r1, #44
 113 0074 FFF7FEFF 		bl	scanf
 114              	.LVL12:
  39:main.c        ****     
 115              		.loc 1 39 0 discriminator 3
 116 0078 2C46     		mov	r4, r5
 117              	.LVL13:
 118              	.L2:
  39:main.c        ****     
 119              		.loc 1 39 0 is_stmt 0 discriminator 1
 120 007a 042C     		cmp	r4, #4
ARM GAS  C:\Users\vellu\AppData\Local\Temp\ccgRVf4c.s 			page 4


 121 007c CDDD     		ble	.L3
 122 007e 0024     		movs	r4, #0
 123              	.LVL14:
 124 0080 0FE0     		b	.L4
 125              	.LVL15:
 126              	.L5:
  50:main.c        ****     }
  51:main.c        ****     
  52:main.c        ****     for(fillData=0;fillData<studentAmount;fillData++){
  53:main.c        ****         printf("%-20s%-20s%10d\n",
  54:main.c        ****         name1[fillData].firstN,name1[fillData].LastN,name1[fillData].courseCredit);
 127              		.loc 1 54 0 is_stmt 1 discriminator 3
 128 0082 6300     		lsls	r3, r4, #1
 129 0084 1919     		adds	r1, r3, r4
 130 0086 0901     		lsls	r1, r1, #4
 131 0088 0A46     		mov	r2, r1
 132 008a 6A44     		add	r2, r2, sp
  53:main.c        ****         name1[fillData].firstN,name1[fillData].LastN,name1[fillData].courseCredit);
 133              		.loc 1 53 0 discriminator 3
 134 008c 0B46     		mov	r3, r1
 135 008e 3CA8     		add	r0, sp, #240
 136 0090 0344     		add	r3, r3, r0
 137 0092 0C48     		ldr	r0, .L7+20
 138 0094 1146     		mov	r1, r2
 139 0096 1632     		adds	r2, r2, #22
 140 0098 53F8C43C 		ldr	r3, [r3, #-196]
 141 009c FFF7FEFF 		bl	printf
 142              	.LVL16:
  52:main.c        ****         printf("%-20s%-20s%10d\n",
 143              		.loc 1 52 0 discriminator 3
 144 00a0 0134     		adds	r4, r4, #1
 145              	.LVL17:
 146              	.L4:
  52:main.c        ****         printf("%-20s%-20s%10d\n",
 147              		.loc 1 52 0 is_stmt 0 discriminator 1
 148 00a2 042C     		cmp	r4, #4
 149 00a4 EDDD     		ble	.L5
  55:main.c        ****     }
  56:main.c        ****     
  57:main.c        ****     
  58:main.c        ****    
  59:main.c        ****     return 0;
  60:main.c        **** 
  61:main.c        **** }
 150              		.loc 1 61 0 is_stmt 1
 151 00a6 0020     		movs	r0, #0
 152 00a8 3CB0     		add	sp, sp, #240
 153              		.cfi_def_cfa_offset 24
 154              		@ sp needed
 155 00aa BDE8F081 		pop	{r4, r5, r6, r7, r8, pc}
 156              	.LVL18:
 157              	.L8:
 158 00ae 00BF     		.align	2
 159              	.L7:
 160 00b0 00000000 		.word	.LC0
 161 00b4 18000000 		.word	.LC1
 162 00b8 2C000000 		.word	.LC3
ARM GAS  C:\Users\vellu\AppData\Local\Temp\ccgRVf4c.s 			page 5


 163 00bc 40000000 		.word	.LC4
 164 00c0 5C000000 		.word	.LC5
 165 00c4 60000000 		.word	.LC6
 166 00c8 28000000 		.word	.LC2
 167              		.cfi_endproc
 168              	.LFE63:
 169              		.size	main, .-main
 170              		.section	.text._write,"ax",%progbits
 171              		.align	2
 172              		.global	_write
 173              		.thumb
 174              		.thumb_func
 175              		.type	_write, %function
 176              	_write:
 177              	.LFB64:
  62:main.c        **** 
  63:main.c        **** 
  64:main.c        **** int _write(int file, char *ptr, int len)
  65:main.c        **** {
 178              		.loc 1 65 0
 179              		.cfi_startproc
 180              		@ args = 0, pretend = 0, frame = 0
 181              		@ frame_needed = 0, uses_anonymous_args = 0
 182              	.LVL19:
 183 0000 F8B5     		push	{r3, r4, r5, r6, r7, lr}
 184              		.cfi_def_cfa_offset 24
 185              		.cfi_offset 3, -24
 186              		.cfi_offset 4, -20
 187              		.cfi_offset 5, -16
 188              		.cfi_offset 6, -12
 189              		.cfi_offset 7, -8
 190              		.cfi_offset 14, -4
 191 0002 0C46     		mov	r4, r1
 192 0004 1746     		mov	r7, r2
 193              	.LVL20:
  66:main.c        ****     (void)file; /* Parameter is not used, suppress unused argument warning */
  67:main.c        **** 	int n;
  68:main.c        **** 	for(n = 0; n < len; n++) {
 194              		.loc 1 68 0
 195 0006 0025     		movs	r5, #0
 196 0008 0BE0     		b	.L10
 197              	.LVL21:
 198              	.L12:
  69:main.c        ****         if(*ptr == '\n') UART_1_PutChar('\r');
 199              		.loc 1 69 0
 200 000a 2378     		ldrb	r3, [r4]	@ zero_extendqisi2
 201 000c 0A2B     		cmp	r3, #10
 202 000e 02D1     		bne	.L11
 203              		.loc 1 69 0 is_stmt 0 discriminator 1
 204 0010 0D20     		movs	r0, #13
 205 0012 FFF7FEFF 		bl	UART_1_PutChar
 206              	.LVL22:
 207              	.L11:
  70:main.c        **** 		UART_1_PutChar(*ptr++);
 208              		.loc 1 70 0 is_stmt 1 discriminator 2
 209 0016 661C     		adds	r6, r4, #1
 210              	.LVL23:
ARM GAS  C:\Users\vellu\AppData\Local\Temp\ccgRVf4c.s 			page 6


 211 0018 2078     		ldrb	r0, [r4]	@ zero_extendqisi2
 212 001a FFF7FEFF 		bl	UART_1_PutChar
 213              	.LVL24:
  68:main.c        ****         if(*ptr == '\n') UART_1_PutChar('\r');
 214              		.loc 1 68 0 discriminator 2
 215 001e 0135     		adds	r5, r5, #1
 216              	.LVL25:
 217              		.loc 1 70 0 discriminator 2
 218 0020 3446     		mov	r4, r6
 219              	.LVL26:
 220              	.L10:
  68:main.c        ****         if(*ptr == '\n') UART_1_PutChar('\r');
 221              		.loc 1 68 0 discriminator 1
 222 0022 BD42     		cmp	r5, r7
 223 0024 F1DB     		blt	.L12
  71:main.c        **** 	}
  72:main.c        **** 	return len;
  73:main.c        **** }
 224              		.loc 1 73 0
 225 0026 3846     		mov	r0, r7
 226 0028 F8BD     		pop	{r3, r4, r5, r6, r7, pc}
 227              		.cfi_endproc
 228              	.LFE64:
 229              		.size	_write, .-_write
 230 002a 00BF     		.section	.text._read,"ax",%progbits
 231              		.align	2
 232              		.global	_read
 233              		.thumb
 234              		.thumb_func
 235              		.type	_read, %function
 236              	_read:
 237              	.LFB65:
  74:main.c        **** 
  75:main.c        **** int _read (int file, char *ptr, int count)
  76:main.c        **** {
 238              		.loc 1 76 0
 239              		.cfi_startproc
 240              		@ args = 0, pretend = 0, frame = 0
 241              		@ frame_needed = 0, uses_anonymous_args = 0
 242              	.LVL27:
 243 0000 F8B5     		push	{r3, r4, r5, r6, r7, lr}
 244              		.cfi_def_cfa_offset 24
 245              		.cfi_offset 3, -24
 246              		.cfi_offset 4, -20
 247              		.cfi_offset 5, -16
 248              		.cfi_offset 6, -12
 249              		.cfi_offset 7, -8
 250              		.cfi_offset 14, -4
 251 0002 0F46     		mov	r7, r1
 252 0004 1446     		mov	r4, r2
 253              	.LVL28:
  77:main.c        ****     int chs = 0;
 254              		.loc 1 77 0
 255 0006 0026     		movs	r6, #0
  78:main.c        ****     char ch;
  79:main.c        ****  
  80:main.c        ****     (void)file; /* Parameter is not used, suppress unused argument warning */
ARM GAS  C:\Users\vellu\AppData\Local\Temp\ccgRVf4c.s 			page 7


  81:main.c        ****     while(count > 0) {
 256              		.loc 1 81 0
 257 0008 12E0     		b	.L16
 258              	.LVL29:
 259              	.L19:
  82:main.c        ****         ch = UART_1_GetChar();
 260              		.loc 1 82 0
 261 000a FFF7FEFF 		bl	UART_1_GetChar
 262              	.LVL30:
  83:main.c        ****         if(ch != 0) {
 263              		.loc 1 83 0
 264 000e 0546     		mov	r5, r0
 265 0010 70B1     		cbz	r0, .L16
  84:main.c        ****             UART_1_PutChar(ch);
 266              		.loc 1 84 0
 267 0012 FFF7FEFF 		bl	UART_1_PutChar
 268              	.LVL31:
  85:main.c        ****             chs++;
 269              		.loc 1 85 0
 270 0016 0136     		adds	r6, r6, #1
 271              	.LVL32:
  86:main.c        ****             if(ch == '\r') {
 272              		.loc 1 86 0
 273 0018 0D2D     		cmp	r5, #13
 274 001a 03D1     		bne	.L17
 275              	.LVL33:
  87:main.c        ****                 ch = '\n';
  88:main.c        ****                 UART_1_PutChar(ch);
 276              		.loc 1 88 0
 277 001c 0A20     		movs	r0, #10
 278 001e FFF7FEFF 		bl	UART_1_PutChar
 279              	.LVL34:
  87:main.c        ****                 ch = '\n';
 280              		.loc 1 87 0
 281 0022 0A25     		movs	r5, #10
 282              	.LVL35:
 283              	.L17:
  89:main.c        ****             }
  90:main.c        ****             *ptr++ = ch;
 284              		.loc 1 90 0
 285 0024 7B1C     		adds	r3, r7, #1
 286              	.LVL36:
 287 0026 3D70     		strb	r5, [r7]
  91:main.c        ****             count--;
 288              		.loc 1 91 0
 289 0028 013C     		subs	r4, r4, #1
 290              	.LVL37:
  92:main.c        ****             if(ch == '\n') break;
 291              		.loc 1 92 0
 292 002a 0A2D     		cmp	r5, #10
 293 002c 02D0     		beq	.L18
  90:main.c        ****             count--;
 294              		.loc 1 90 0
 295 002e 1F46     		mov	r7, r3
 296              	.LVL38:
 297              	.L16:
  81:main.c        ****         ch = UART_1_GetChar();
ARM GAS  C:\Users\vellu\AppData\Local\Temp\ccgRVf4c.s 			page 8


 298              		.loc 1 81 0
 299 0030 002C     		cmp	r4, #0
 300 0032 EADC     		bgt	.L19
 301              	.LVL39:
 302              	.L18:
  93:main.c        ****         }
  94:main.c        ****     }
  95:main.c        ****     return chs;
  96:main.c        **** }
 303              		.loc 1 96 0
 304 0034 3046     		mov	r0, r6
 305 0036 F8BD     		pop	{r3, r4, r5, r6, r7, pc}
 306              		.cfi_endproc
 307              	.LFE65:
 308              		.size	_read, .-_read
 309              		.section	.rodata.str1.4,"aMS",%progbits,1
 310              		.align	2
 311              	.LC0:
 312 0000 456E7465 		.ascii	"Enter first name of \000"
 312      72206669 
 312      72737420 
 312      6E616D65 
 312      206F6620 
 313 0015 000000   		.space	3
 314              	.LC1:
 315 0018 53747564 		.ascii	"Student %d: \000"
 315      656E7420 
 315      25643A20 
 315      00
 316 0025 000000   		.space	3
 317              	.LC2:
 318 0028 257300   		.ascii	"%s\000"
 319 002b 00       		.space	1
 320              	.LC3:
 321 002c 456E7465 		.ascii	"Enter last name of \000"
 321      72206C61 
 321      7374206E 
 321      616D6520 
 321      6F662000 
 322              	.LC4:
 323 0040 456E7465 		.ascii	"Enter number of credits of \000"
 323      72206E75 
 323      6D626572 
 323      206F6620 
 323      63726564 
 324              	.LC5:
 325 005c 256400   		.ascii	"%d\000"
 326 005f 00       		.space	1
 327              	.LC6:
 328 0060 252D3230 		.ascii	"%-20s%-20s%10d\012\000"
 328      73252D32 
 328      30732531 
 328      30640A00 
 329              		.text
 330              	.Letext0:
 331              		.file 2 "c:\\program files (x86)\\cypress\\psoc creator\\4.0\\psoc creator\\import\\gnu\\arm\\4.9.
 332              		.file 3 "c:\\program files (x86)\\cypress\\psoc creator\\4.0\\psoc creator\\import\\gnu\\arm\\4.9.
ARM GAS  C:\Users\vellu\AppData\Local\Temp\ccgRVf4c.s 			page 9


 333              		.file 4 "Generated_Source\\PSoC5/cytypes.h"
 334              		.file 5 "c:\\program files (x86)\\cypress\\psoc creator\\4.0\\psoc creator\\import\\gnu\\arm\\4.9.
 335              		.file 6 "Generated_Source\\PSoC5/core_cm3.h"
 336              		.file 7 "Generated_Source\\PSoC5/UART_1.h"
 337              		.file 8 "<built-in>"
 338              		.section	.debug_info,"",%progbits
 339              	.Ldebug_info0:
 340 0000 3B040000 		.4byte	0x43b
 341 0004 0400     		.2byte	0x4
 342 0006 00000000 		.4byte	.Ldebug_abbrev0
 343 000a 04       		.byte	0x4
 344 000b 01       		.uleb128 0x1
 345 000c EF000000 		.4byte	.LASF30
 346 0010 01       		.byte	0x1
 347 0011 DF010000 		.4byte	.LASF31
 348 0015 78000000 		.4byte	.LASF32
 349 0019 00000000 		.4byte	.Ldebug_ranges0+0
 350 001d 00000000 		.4byte	0
 351 0021 00000000 		.4byte	.Ldebug_line0
 352 0025 02       		.uleb128 0x2
 353 0026 01       		.byte	0x1
 354 0027 06       		.byte	0x6
 355 0028 22020000 		.4byte	.LASF0
 356 002c 02       		.uleb128 0x2
 357 002d 01       		.byte	0x1
 358 002e 08       		.byte	0x8
 359 002f 58000000 		.4byte	.LASF1
 360 0033 02       		.uleb128 0x2
 361 0034 02       		.byte	0x2
 362 0035 05       		.byte	0x5
 363 0036 FD010000 		.4byte	.LASF2
 364 003a 02       		.uleb128 0x2
 365 003b 02       		.byte	0x2
 366 003c 07       		.byte	0x7
 367 003d 20000000 		.4byte	.LASF3
 368 0041 03       		.uleb128 0x3
 369 0042 16000000 		.4byte	.LASF9
 370 0046 02       		.byte	0x2
 371 0047 3F       		.byte	0x3f
 372 0048 4C000000 		.4byte	0x4c
 373 004c 02       		.uleb128 0x2
 374 004d 04       		.byte	0x4
 375 004e 05       		.byte	0x5
 376 004f 14020000 		.4byte	.LASF4
 377 0053 02       		.uleb128 0x2
 378 0054 04       		.byte	0x4
 379 0055 07       		.byte	0x7
 380 0056 66000000 		.4byte	.LASF5
 381 005a 02       		.uleb128 0x2
 382 005b 08       		.byte	0x8
 383 005c 05       		.byte	0x5
 384 005d D1010000 		.4byte	.LASF6
 385 0061 02       		.uleb128 0x2
 386 0062 08       		.byte	0x8
 387 0063 07       		.byte	0x7
 388 0064 99010000 		.4byte	.LASF7
 389 0068 04       		.uleb128 0x4
ARM GAS  C:\Users\vellu\AppData\Local\Temp\ccgRVf4c.s 			page 10


 390 0069 04       		.byte	0x4
 391 006a 05       		.byte	0x5
 392 006b 696E7400 		.ascii	"int\000"
 393 006f 02       		.uleb128 0x2
 394 0070 04       		.byte	0x4
 395 0071 07       		.byte	0x7
 396 0072 8C010000 		.4byte	.LASF8
 397 0076 03       		.uleb128 0x3
 398 0077 B9010000 		.4byte	.LASF10
 399 007b 03       		.byte	0x3
 400 007c 2C       		.byte	0x2c
 401 007d 41000000 		.4byte	0x41
 402 0081 05       		.uleb128 0x5
 403 0082 07020000 		.4byte	.LASF11
 404 0086 04       		.byte	0x4
 405 0087 9201     		.2byte	0x192
 406 0089 2C000000 		.4byte	0x2c
 407 008d 02       		.uleb128 0x2
 408 008e 04       		.byte	0x4
 409 008f 04       		.byte	0x4
 410 0090 47000000 		.4byte	.LASF12
 411 0094 02       		.uleb128 0x2
 412 0095 08       		.byte	0x8
 413 0096 04       		.byte	0x4
 414 0097 33000000 		.4byte	.LASF13
 415 009b 02       		.uleb128 0x2
 416 009c 01       		.byte	0x1
 417 009d 08       		.byte	0x8
 418 009e E6010000 		.4byte	.LASF14
 419 00a2 02       		.uleb128 0x2
 420 00a3 04       		.byte	0x4
 421 00a4 07       		.byte	0x7
 422 00a5 C8010000 		.4byte	.LASF15
 423 00a9 06       		.uleb128 0x6
 424 00aa 04       		.byte	0x4
 425 00ab 07       		.uleb128 0x7
 426 00ac 04       		.byte	0x4
 427 00ad 9B000000 		.4byte	0x9b
 428 00b1 07       		.uleb128 0x7
 429 00b2 04       		.byte	0x4
 430 00b3 B7000000 		.4byte	0xb7
 431 00b7 08       		.uleb128 0x8
 432 00b8 9B000000 		.4byte	0x9b
 433 00bc 09       		.uleb128 0x9
 434 00bd B0010000 		.4byte	.LASF33
 435 00c1 30       		.byte	0x30
 436 00c2 01       		.byte	0x1
 437 00c3 14       		.byte	0x14
 438 00c4 ED000000 		.4byte	0xed
 439 00c8 0A       		.uleb128 0xa
 440 00c9 0D020000 		.4byte	.LASF16
 441 00cd 01       		.byte	0x1
 442 00ce 15       		.byte	0x15
 443 00cf ED000000 		.4byte	0xed
 444 00d3 00       		.byte	0
 445 00d4 0A       		.uleb128 0xa
 446 00d5 F7010000 		.4byte	.LASF17
ARM GAS  C:\Users\vellu\AppData\Local\Temp\ccgRVf4c.s 			page 11


 447 00d9 01       		.byte	0x1
 448 00da 16       		.byte	0x16
 449 00db ED000000 		.4byte	0xed
 450 00df 16       		.byte	0x16
 451 00e0 0A       		.uleb128 0xa
 452 00e1 DD000000 		.4byte	.LASF18
 453 00e5 01       		.byte	0x1
 454 00e6 17       		.byte	0x17
 455 00e7 68000000 		.4byte	0x68
 456 00eb 2C       		.byte	0x2c
 457 00ec 00       		.byte	0
 458 00ed 0B       		.uleb128 0xb
 459 00ee 9B000000 		.4byte	0x9b
 460 00f2 FD000000 		.4byte	0xfd
 461 00f6 0C       		.uleb128 0xc
 462 00f7 A2000000 		.4byte	0xa2
 463 00fb 15       		.byte	0x15
 464 00fc 00       		.byte	0
 465 00fd 0D       		.uleb128 0xd
 466 00fe EA000000 		.4byte	.LASF21
 467 0102 01       		.byte	0x1
 468 0103 1B       		.byte	0x1b
 469 0104 68000000 		.4byte	0x68
 470 0108 00000000 		.4byte	.LFB63
 471 010c CC000000 		.4byte	.LFE63-.LFB63
 472 0110 01       		.uleb128 0x1
 473 0111 9C       		.byte	0x9c
 474 0112 98020000 		.4byte	0x298
 475 0116 0E       		.uleb128 0xe
 476 0117 EB010000 		.4byte	.LASF19
 477 011b 01       		.byte	0x1
 478 011c 22       		.byte	0x22
 479 011d 98020000 		.4byte	0x298
 480 0121 03       		.uleb128 0x3
 481 0122 91       		.byte	0x91
 482 0123 F87D     		.sleb128 -264
 483 0125 0F       		.uleb128 0xf
 484 0126 00000000 		.4byte	.LASF20
 485 012a 01       		.byte	0x1
 486 012b 24       		.byte	0x24
 487 012c 68000000 		.4byte	0x68
 488 0130 00000000 		.4byte	.LLST0
 489 0134 10       		.uleb128 0x10
 490 0135 0C000000 		.4byte	.LVL0
 491 0139 B9030000 		.4byte	0x3b9
 492 013d 11       		.uleb128 0x11
 493 013e 16000000 		.4byte	.LVL1
 494 0142 C0030000 		.4byte	0x3c0
 495 0146 5C010000 		.4byte	0x15c
 496 014a 12       		.uleb128 0x12
 497 014b 01       		.uleb128 0x1
 498 014c 52       		.byte	0x52
 499 014d 02       		.uleb128 0x2
 500 014e 08       		.byte	0x8
 501 014f F0       		.byte	0xf0
 502 0150 12       		.uleb128 0x12
 503 0151 01       		.uleb128 0x1
ARM GAS  C:\Users\vellu\AppData\Local\Temp\ccgRVf4c.s 			page 12


 504 0152 51       		.byte	0x51
 505 0153 01       		.uleb128 0x1
 506 0154 30       		.byte	0x30
 507 0155 12       		.uleb128 0x12
 508 0156 01       		.uleb128 0x1
 509 0157 50       		.byte	0x50
 510 0158 02       		.uleb128 0x2
 511 0159 7D       		.byte	0x7d
 512 015a 00       		.sleb128 0
 513 015b 00       		.byte	0
 514 015c 11       		.uleb128 0x11
 515 015d 20000000 		.4byte	.LVL3
 516 0161 DD030000 		.4byte	0x3dd
 517 0165 73010000 		.4byte	0x173
 518 0169 12       		.uleb128 0x12
 519 016a 01       		.uleb128 0x1
 520 016b 50       		.byte	0x50
 521 016c 05       		.uleb128 0x5
 522 016d 03       		.byte	0x3
 523 016e 00000000 		.4byte	.LC0
 524 0172 00       		.byte	0
 525 0173 11       		.uleb128 0x11
 526 0174 2C000000 		.4byte	.LVL4
 527 0178 F6030000 		.4byte	0x3f6
 528 017c 8D010000 		.4byte	0x18d
 529 0180 12       		.uleb128 0x12
 530 0181 01       		.uleb128 0x1
 531 0182 51       		.byte	0x51
 532 0183 02       		.uleb128 0x2
 533 0184 75       		.byte	0x75
 534 0185 00       		.sleb128 0
 535 0186 12       		.uleb128 0x12
 536 0187 01       		.uleb128 0x1
 537 0188 50       		.byte	0x50
 538 0189 02       		.uleb128 0x2
 539 018a 77       		.byte	0x77
 540 018b 00       		.sleb128 0
 541 018c 00       		.byte	0
 542 018d 11       		.uleb128 0x11
 543 018e 3E000000 		.4byte	.LVL5
 544 0192 0C040000 		.4byte	0x40c
 545 0196 B3010000 		.4byte	0x1b3
 546 019a 12       		.uleb128 0x12
 547 019b 01       		.uleb128 0x1
 548 019c 51       		.byte	0x51
 549 019d 0E       		.uleb128 0xe
 550 019e 76       		.byte	0x76
 551 019f 00       		.sleb128 0
 552 01a0 74       		.byte	0x74
 553 01a1 00       		.sleb128 0
 554 01a2 22       		.byte	0x22
 555 01a3 34       		.byte	0x34
 556 01a4 24       		.byte	0x24
 557 01a5 91       		.byte	0x91
 558 01a6 00       		.sleb128 0
 559 01a7 22       		.byte	0x22
 560 01a8 0A       		.byte	0xa
ARM GAS  C:\Users\vellu\AppData\Local\Temp\ccgRVf4c.s 			page 13


 561 01a9 0801     		.2byte	0x108
 562 01ab 1C       		.byte	0x1c
 563 01ac 12       		.uleb128 0x12
 564 01ad 01       		.uleb128 0x1
 565 01ae 50       		.byte	0x50
 566 01af 02       		.uleb128 0x2
 567 01b0 78       		.byte	0x78
 568 01b1 00       		.sleb128 0
 569 01b2 00       		.byte	0
 570 01b3 11       		.uleb128 0x11
 571 01b4 44000000 		.4byte	.LVL6
 572 01b8 DD030000 		.4byte	0x3dd
 573 01bc CA010000 		.4byte	0x1ca
 574 01c0 12       		.uleb128 0x12
 575 01c1 01       		.uleb128 0x1
 576 01c2 50       		.byte	0x50
 577 01c3 05       		.uleb128 0x5
 578 01c4 03       		.byte	0x3
 579 01c5 2C000000 		.4byte	.LC3
 580 01c9 00       		.byte	0
 581 01ca 11       		.uleb128 0x11
 582 01cb 4C000000 		.4byte	.LVL7
 583 01cf F6030000 		.4byte	0x3f6
 584 01d3 E4010000 		.4byte	0x1e4
 585 01d7 12       		.uleb128 0x12
 586 01d8 01       		.uleb128 0x1
 587 01d9 51       		.byte	0x51
 588 01da 02       		.uleb128 0x2
 589 01db 75       		.byte	0x75
 590 01dc 00       		.sleb128 0
 591 01dd 12       		.uleb128 0x12
 592 01de 01       		.uleb128 0x1
 593 01df 50       		.byte	0x50
 594 01e0 02       		.uleb128 0x2
 595 01e1 77       		.byte	0x77
 596 01e2 00       		.sleb128 0
 597 01e3 00       		.byte	0
 598 01e4 11       		.uleb128 0x11
 599 01e5 5A000000 		.4byte	.LVL8
 600 01e9 0C040000 		.4byte	0x40c
 601 01ed 09020000 		.4byte	0x209
 602 01f1 12       		.uleb128 0x12
 603 01f2 01       		.uleb128 0x1
 604 01f3 51       		.byte	0x51
 605 01f4 0D       		.uleb128 0xd
 606 01f5 76       		.byte	0x76
 607 01f6 00       		.sleb128 0
 608 01f7 74       		.byte	0x74
 609 01f8 00       		.sleb128 0
 610 01f9 22       		.byte	0x22
 611 01fa 34       		.byte	0x34
 612 01fb 24       		.byte	0x24
 613 01fc 91       		.byte	0x91
 614 01fd 00       		.sleb128 0
 615 01fe 22       		.byte	0x22
 616 01ff 08       		.byte	0x8
 617 0200 F2       		.byte	0xf2
ARM GAS  C:\Users\vellu\AppData\Local\Temp\ccgRVf4c.s 			page 14


 618 0201 1C       		.byte	0x1c
 619 0202 12       		.uleb128 0x12
 620 0203 01       		.uleb128 0x1
 621 0204 50       		.byte	0x50
 622 0205 02       		.uleb128 0x2
 623 0206 78       		.byte	0x78
 624 0207 00       		.sleb128 0
 625 0208 00       		.byte	0
 626 0209 11       		.uleb128 0x11
 627 020a 60000000 		.4byte	.LVL9
 628 020e DD030000 		.4byte	0x3dd
 629 0212 20020000 		.4byte	0x220
 630 0216 12       		.uleb128 0x12
 631 0217 01       		.uleb128 0x1
 632 0218 50       		.byte	0x50
 633 0219 05       		.uleb128 0x5
 634 021a 03       		.byte	0x3
 635 021b 40000000 		.4byte	.LC4
 636 021f 00       		.byte	0
 637 0220 11       		.uleb128 0x11
 638 0221 68000000 		.4byte	.LVL10
 639 0225 F6030000 		.4byte	0x3f6
 640 0229 3A020000 		.4byte	0x23a
 641 022d 12       		.uleb128 0x12
 642 022e 01       		.uleb128 0x1
 643 022f 51       		.byte	0x51
 644 0230 02       		.uleb128 0x2
 645 0231 75       		.byte	0x75
 646 0232 00       		.sleb128 0
 647 0233 12       		.uleb128 0x12
 648 0234 01       		.uleb128 0x1
 649 0235 50       		.byte	0x50
 650 0236 02       		.uleb128 0x2
 651 0237 77       		.byte	0x77
 652 0238 00       		.sleb128 0
 653 0239 00       		.byte	0
 654 023a 11       		.uleb128 0x11
 655 023b 78000000 		.4byte	.LVL12
 656 023f 0C040000 		.4byte	0x40c
 657 0243 5D020000 		.4byte	0x25d
 658 0247 12       		.uleb128 0x12
 659 0248 01       		.uleb128 0x1
 660 0249 51       		.byte	0x51
 661 024a 08       		.uleb128 0x8
 662 024b 91       		.byte	0x91
 663 024c 00       		.sleb128 0
 664 024d 74       		.byte	0x74
 665 024e 00       		.sleb128 0
 666 024f 22       		.byte	0x22
 667 0250 08       		.byte	0x8
 668 0251 DC       		.byte	0xdc
 669 0252 1C       		.byte	0x1c
 670 0253 12       		.uleb128 0x12
 671 0254 01       		.uleb128 0x1
 672 0255 50       		.byte	0x50
 673 0256 05       		.uleb128 0x5
 674 0257 03       		.byte	0x3
ARM GAS  C:\Users\vellu\AppData\Local\Temp\ccgRVf4c.s 			page 15


 675 0258 5C000000 		.4byte	.LC5
 676 025c 00       		.byte	0
 677 025d 13       		.uleb128 0x13
 678 025e A0000000 		.4byte	.LVL16
 679 0262 F6030000 		.4byte	0x3f6
 680 0266 12       		.uleb128 0x12
 681 0267 01       		.uleb128 0x1
 682 0268 52       		.byte	0x52
 683 0269 0F       		.uleb128 0xf
 684 026a 74       		.byte	0x74
 685 026b 00       		.sleb128 0
 686 026c 31       		.byte	0x31
 687 026d 24       		.byte	0x24
 688 026e 74       		.byte	0x74
 689 026f 00       		.sleb128 0
 690 0270 22       		.byte	0x22
 691 0271 34       		.byte	0x34
 692 0272 24       		.byte	0x24
 693 0273 91       		.byte	0x91
 694 0274 00       		.sleb128 0
 695 0275 22       		.byte	0x22
 696 0276 08       		.byte	0x8
 697 0277 F2       		.byte	0xf2
 698 0278 1C       		.byte	0x1c
 699 0279 12       		.uleb128 0x12
 700 027a 01       		.uleb128 0x1
 701 027b 51       		.byte	0x51
 702 027c 10       		.uleb128 0x10
 703 027d 74       		.byte	0x74
 704 027e 00       		.sleb128 0
 705 027f 31       		.byte	0x31
 706 0280 24       		.byte	0x24
 707 0281 74       		.byte	0x74
 708 0282 00       		.sleb128 0
 709 0283 22       		.byte	0x22
 710 0284 34       		.byte	0x34
 711 0285 24       		.byte	0x24
 712 0286 91       		.byte	0x91
 713 0287 00       		.sleb128 0
 714 0288 22       		.byte	0x22
 715 0289 0A       		.byte	0xa
 716 028a 0801     		.2byte	0x108
 717 028c 1C       		.byte	0x1c
 718 028d 12       		.uleb128 0x12
 719 028e 01       		.uleb128 0x1
 720 028f 50       		.byte	0x50
 721 0290 05       		.uleb128 0x5
 722 0291 03       		.byte	0x3
 723 0292 60000000 		.4byte	.LC6
 724 0296 00       		.byte	0
 725 0297 00       		.byte	0
 726 0298 0B       		.uleb128 0xb
 727 0299 BC000000 		.4byte	0xbc
 728 029d A8020000 		.4byte	0x2a8
 729 02a1 0C       		.uleb128 0xc
 730 02a2 A2000000 		.4byte	0xa2
 731 02a6 04       		.byte	0x4
ARM GAS  C:\Users\vellu\AppData\Local\Temp\ccgRVf4c.s 			page 16


 732 02a7 00       		.byte	0
 733 02a8 0D       		.uleb128 0xd
 734 02a9 C1010000 		.4byte	.LASF22
 735 02ad 01       		.byte	0x1
 736 02ae 40       		.byte	0x40
 737 02af 68000000 		.4byte	0x68
 738 02b3 00000000 		.4byte	.LFB64
 739 02b7 2A000000 		.4byte	.LFE64-.LFB64
 740 02bb 01       		.uleb128 0x1
 741 02bc 9C       		.byte	0x9c
 742 02bd 18030000 		.4byte	0x318
 743 02c1 14       		.uleb128 0x14
 744 02c2 4D000000 		.4byte	.LASF23
 745 02c6 01       		.byte	0x1
 746 02c7 40       		.byte	0x40
 747 02c8 68000000 		.4byte	0x68
 748 02cc 4D000000 		.4byte	.LLST1
 749 02d0 15       		.uleb128 0x15
 750 02d1 70747200 		.ascii	"ptr\000"
 751 02d5 01       		.byte	0x1
 752 02d6 40       		.byte	0x40
 753 02d7 AB000000 		.4byte	0xab
 754 02db 6E000000 		.4byte	.LLST2
 755 02df 15       		.uleb128 0x15
 756 02e0 6C656E00 		.ascii	"len\000"
 757 02e4 01       		.byte	0x1
 758 02e5 40       		.byte	0x40
 759 02e6 68000000 		.4byte	0x68
 760 02ea A2000000 		.4byte	.LLST3
 761 02ee 16       		.uleb128 0x16
 762 02ef 6E00     		.ascii	"n\000"
 763 02f1 01       		.byte	0x1
 764 02f2 43       		.byte	0x43
 765 02f3 68000000 		.4byte	0x68
 766 02f7 C0000000 		.4byte	.LLST4
 767 02fb 11       		.uleb128 0x11
 768 02fc 16000000 		.4byte	.LVL22
 769 0300 22040000 		.4byte	0x422
 770 0304 0E030000 		.4byte	0x30e
 771 0308 12       		.uleb128 0x12
 772 0309 01       		.uleb128 0x1
 773 030a 50       		.byte	0x50
 774 030b 01       		.uleb128 0x1
 775 030c 3D       		.byte	0x3d
 776 030d 00       		.byte	0
 777 030e 10       		.uleb128 0x10
 778 030f 1E000000 		.4byte	.LVL24
 779 0313 22040000 		.4byte	0x422
 780 0317 00       		.byte	0
 781 0318 0D       		.uleb128 0xd
 782 0319 41000000 		.4byte	.LASF24
 783 031d 01       		.byte	0x1
 784 031e 4B       		.byte	0x4b
 785 031f 68000000 		.4byte	0x68
 786 0323 00000000 		.4byte	.LFB65
 787 0327 38000000 		.4byte	.LFE65-.LFB65
 788 032b 01       		.uleb128 0x1
ARM GAS  C:\Users\vellu\AppData\Local\Temp\ccgRVf4c.s 			page 17


 789 032c 9C       		.byte	0x9c
 790 032d A8030000 		.4byte	0x3a8
 791 0331 14       		.uleb128 0x14
 792 0332 4D000000 		.4byte	.LASF23
 793 0336 01       		.byte	0x1
 794 0337 4B       		.byte	0x4b
 795 0338 68000000 		.4byte	0x68
 796 033c DF000000 		.4byte	.LLST5
 797 0340 15       		.uleb128 0x15
 798 0341 70747200 		.ascii	"ptr\000"
 799 0345 01       		.byte	0x1
 800 0346 4B       		.byte	0x4b
 801 0347 AB000000 		.4byte	0xab
 802 034b 00010000 		.4byte	.LLST6
 803 034f 14       		.uleb128 0x14
 804 0350 F1010000 		.4byte	.LASF25
 805 0354 01       		.byte	0x1
 806 0355 4B       		.byte	0x4b
 807 0356 68000000 		.4byte	0x68
 808 035a 34010000 		.4byte	.LLST7
 809 035e 16       		.uleb128 0x16
 810 035f 63687300 		.ascii	"chs\000"
 811 0363 01       		.byte	0x1
 812 0364 4D       		.byte	0x4d
 813 0365 68000000 		.4byte	0x68
 814 0369 52010000 		.4byte	.LLST8
 815 036d 16       		.uleb128 0x16
 816 036e 636800   		.ascii	"ch\000"
 817 0371 01       		.byte	0x1
 818 0372 4E       		.byte	0x4e
 819 0373 9B000000 		.4byte	0x9b
 820 0377 71010000 		.4byte	.LLST9
 821 037b 10       		.uleb128 0x10
 822 037c 0E000000 		.4byte	.LVL30
 823 0380 33040000 		.4byte	0x433
 824 0384 11       		.uleb128 0x11
 825 0385 16000000 		.4byte	.LVL31
 826 0389 22040000 		.4byte	0x422
 827 038d 98030000 		.4byte	0x398
 828 0391 12       		.uleb128 0x12
 829 0392 01       		.uleb128 0x1
 830 0393 50       		.byte	0x50
 831 0394 02       		.uleb128 0x2
 832 0395 75       		.byte	0x75
 833 0396 00       		.sleb128 0
 834 0397 00       		.byte	0
 835 0398 13       		.uleb128 0x13
 836 0399 22000000 		.4byte	.LVL34
 837 039d 22040000 		.4byte	0x422
 838 03a1 12       		.uleb128 0x12
 839 03a2 01       		.uleb128 0x1
 840 03a3 50       		.byte	0x50
 841 03a4 01       		.uleb128 0x1
 842 03a5 3A       		.byte	0x3a
 843 03a6 00       		.byte	0
 844 03a7 00       		.byte	0
 845 03a8 17       		.uleb128 0x17
ARM GAS  C:\Users\vellu\AppData\Local\Temp\ccgRVf4c.s 			page 18


 846 03a9 C9000000 		.4byte	.LASF34
 847 03ad 06       		.byte	0x6
 848 03ae 9606     		.2byte	0x696
 849 03b0 B4030000 		.4byte	0x3b4
 850 03b4 18       		.uleb128 0x18
 851 03b5 76000000 		.4byte	0x76
 852 03b9 19       		.uleb128 0x19
 853 03ba 09000000 		.4byte	.LASF35
 854 03be 07       		.byte	0x7
 855 03bf 54       		.byte	0x54
 856 03c0 1A       		.uleb128 0x1a
 857 03c1 D6000000 		.4byte	.LASF28
 858 03c5 A9000000 		.4byte	0xa9
 859 03c9 DD030000 		.4byte	0x3dd
 860 03cd 1B       		.uleb128 0x1b
 861 03ce A9000000 		.4byte	0xa9
 862 03d2 1B       		.uleb128 0x1b
 863 03d3 68000000 		.4byte	0x68
 864 03d7 1B       		.uleb128 0x1b
 865 03d8 A2000000 		.4byte	0xa2
 866 03dc 00       		.byte	0
 867 03dd 1C       		.uleb128 0x1c
 868 03de 2E020000 		.4byte	.LASF36
 869 03e2 08       		.byte	0x8
 870 03e3 00       		.byte	0
 871 03e4 1D020000 		.4byte	.LASF37
 872 03e8 68000000 		.4byte	0x68
 873 03ec F6030000 		.4byte	0x3f6
 874 03f0 1B       		.uleb128 0x1b
 875 03f1 B1000000 		.4byte	0xb1
 876 03f5 00       		.byte	0
 877 03f6 1D       		.uleb128 0x1d
 878 03f7 3A000000 		.4byte	.LASF26
 879 03fb 05       		.byte	0x5
 880 03fc B2       		.byte	0xb2
 881 03fd 68000000 		.4byte	0x68
 882 0401 0C040000 		.4byte	0x40c
 883 0405 1B       		.uleb128 0x1b
 884 0406 B1000000 		.4byte	0xb1
 885 040a 1E       		.uleb128 0x1e
 886 040b 00       		.byte	0
 887 040c 1D       		.uleb128 0x1d
 888 040d 52000000 		.4byte	.LASF27
 889 0411 05       		.byte	0x5
 890 0412 B4       		.byte	0xb4
 891 0413 68000000 		.4byte	0x68
 892 0417 22040000 		.4byte	0x422
 893 041b 1B       		.uleb128 0x1b
 894 041c B1000000 		.4byte	0xb1
 895 0420 1E       		.uleb128 0x1e
 896 0421 00       		.byte	0
 897 0422 1F       		.uleb128 0x1f
 898 0423 7D010000 		.4byte	.LASF29
 899 0427 07       		.byte	0x7
 900 0428 8A       		.byte	0x8a
 901 0429 33040000 		.4byte	0x433
 902 042d 1B       		.uleb128 0x1b
ARM GAS  C:\Users\vellu\AppData\Local\Temp\ccgRVf4c.s 			page 19


 903 042e 81000000 		.4byte	0x81
 904 0432 00       		.byte	0
 905 0433 20       		.uleb128 0x20
 906 0434 3D020000 		.4byte	.LASF38
 907 0438 07       		.byte	0x7
 908 0439 71       		.byte	0x71
 909 043a 81000000 		.4byte	0x81
 910 043e 00       		.byte	0
 911              		.section	.debug_abbrev,"",%progbits
 912              	.Ldebug_abbrev0:
 913 0000 01       		.uleb128 0x1
 914 0001 11       		.uleb128 0x11
 915 0002 01       		.byte	0x1
 916 0003 25       		.uleb128 0x25
 917 0004 0E       		.uleb128 0xe
 918 0005 13       		.uleb128 0x13
 919 0006 0B       		.uleb128 0xb
 920 0007 03       		.uleb128 0x3
 921 0008 0E       		.uleb128 0xe
 922 0009 1B       		.uleb128 0x1b
 923 000a 0E       		.uleb128 0xe
 924 000b 55       		.uleb128 0x55
 925 000c 17       		.uleb128 0x17
 926 000d 11       		.uleb128 0x11
 927 000e 01       		.uleb128 0x1
 928 000f 10       		.uleb128 0x10
 929 0010 17       		.uleb128 0x17
 930 0011 00       		.byte	0
 931 0012 00       		.byte	0
 932 0013 02       		.uleb128 0x2
 933 0014 24       		.uleb128 0x24
 934 0015 00       		.byte	0
 935 0016 0B       		.uleb128 0xb
 936 0017 0B       		.uleb128 0xb
 937 0018 3E       		.uleb128 0x3e
 938 0019 0B       		.uleb128 0xb
 939 001a 03       		.uleb128 0x3
 940 001b 0E       		.uleb128 0xe
 941 001c 00       		.byte	0
 942 001d 00       		.byte	0
 943 001e 03       		.uleb128 0x3
 944 001f 16       		.uleb128 0x16
 945 0020 00       		.byte	0
 946 0021 03       		.uleb128 0x3
 947 0022 0E       		.uleb128 0xe
 948 0023 3A       		.uleb128 0x3a
 949 0024 0B       		.uleb128 0xb
 950 0025 3B       		.uleb128 0x3b
 951 0026 0B       		.uleb128 0xb
 952 0027 49       		.uleb128 0x49
 953 0028 13       		.uleb128 0x13
 954 0029 00       		.byte	0
 955 002a 00       		.byte	0
 956 002b 04       		.uleb128 0x4
 957 002c 24       		.uleb128 0x24
 958 002d 00       		.byte	0
 959 002e 0B       		.uleb128 0xb
ARM GAS  C:\Users\vellu\AppData\Local\Temp\ccgRVf4c.s 			page 20


 960 002f 0B       		.uleb128 0xb
 961 0030 3E       		.uleb128 0x3e
 962 0031 0B       		.uleb128 0xb
 963 0032 03       		.uleb128 0x3
 964 0033 08       		.uleb128 0x8
 965 0034 00       		.byte	0
 966 0035 00       		.byte	0
 967 0036 05       		.uleb128 0x5
 968 0037 16       		.uleb128 0x16
 969 0038 00       		.byte	0
 970 0039 03       		.uleb128 0x3
 971 003a 0E       		.uleb128 0xe
 972 003b 3A       		.uleb128 0x3a
 973 003c 0B       		.uleb128 0xb
 974 003d 3B       		.uleb128 0x3b
 975 003e 05       		.uleb128 0x5
 976 003f 49       		.uleb128 0x49
 977 0040 13       		.uleb128 0x13
 978 0041 00       		.byte	0
 979 0042 00       		.byte	0
 980 0043 06       		.uleb128 0x6
 981 0044 0F       		.uleb128 0xf
 982 0045 00       		.byte	0
 983 0046 0B       		.uleb128 0xb
 984 0047 0B       		.uleb128 0xb
 985 0048 00       		.byte	0
 986 0049 00       		.byte	0
 987 004a 07       		.uleb128 0x7
 988 004b 0F       		.uleb128 0xf
 989 004c 00       		.byte	0
 990 004d 0B       		.uleb128 0xb
 991 004e 0B       		.uleb128 0xb
 992 004f 49       		.uleb128 0x49
 993 0050 13       		.uleb128 0x13
 994 0051 00       		.byte	0
 995 0052 00       		.byte	0
 996 0053 08       		.uleb128 0x8
 997 0054 26       		.uleb128 0x26
 998 0055 00       		.byte	0
 999 0056 49       		.uleb128 0x49
 1000 0057 13       		.uleb128 0x13
 1001 0058 00       		.byte	0
 1002 0059 00       		.byte	0
 1003 005a 09       		.uleb128 0x9
 1004 005b 13       		.uleb128 0x13
 1005 005c 01       		.byte	0x1
 1006 005d 03       		.uleb128 0x3
 1007 005e 0E       		.uleb128 0xe
 1008 005f 0B       		.uleb128 0xb
 1009 0060 0B       		.uleb128 0xb
 1010 0061 3A       		.uleb128 0x3a
 1011 0062 0B       		.uleb128 0xb
 1012 0063 3B       		.uleb128 0x3b
 1013 0064 0B       		.uleb128 0xb
 1014 0065 01       		.uleb128 0x1
 1015 0066 13       		.uleb128 0x13
 1016 0067 00       		.byte	0
ARM GAS  C:\Users\vellu\AppData\Local\Temp\ccgRVf4c.s 			page 21


 1017 0068 00       		.byte	0
 1018 0069 0A       		.uleb128 0xa
 1019 006a 0D       		.uleb128 0xd
 1020 006b 00       		.byte	0
 1021 006c 03       		.uleb128 0x3
 1022 006d 0E       		.uleb128 0xe
 1023 006e 3A       		.uleb128 0x3a
 1024 006f 0B       		.uleb128 0xb
 1025 0070 3B       		.uleb128 0x3b
 1026 0071 0B       		.uleb128 0xb
 1027 0072 49       		.uleb128 0x49
 1028 0073 13       		.uleb128 0x13
 1029 0074 38       		.uleb128 0x38
 1030 0075 0B       		.uleb128 0xb
 1031 0076 00       		.byte	0
 1032 0077 00       		.byte	0
 1033 0078 0B       		.uleb128 0xb
 1034 0079 01       		.uleb128 0x1
 1035 007a 01       		.byte	0x1
 1036 007b 49       		.uleb128 0x49
 1037 007c 13       		.uleb128 0x13
 1038 007d 01       		.uleb128 0x1
 1039 007e 13       		.uleb128 0x13
 1040 007f 00       		.byte	0
 1041 0080 00       		.byte	0
 1042 0081 0C       		.uleb128 0xc
 1043 0082 21       		.uleb128 0x21
 1044 0083 00       		.byte	0
 1045 0084 49       		.uleb128 0x49
 1046 0085 13       		.uleb128 0x13
 1047 0086 2F       		.uleb128 0x2f
 1048 0087 0B       		.uleb128 0xb
 1049 0088 00       		.byte	0
 1050 0089 00       		.byte	0
 1051 008a 0D       		.uleb128 0xd
 1052 008b 2E       		.uleb128 0x2e
 1053 008c 01       		.byte	0x1
 1054 008d 3F       		.uleb128 0x3f
 1055 008e 19       		.uleb128 0x19
 1056 008f 03       		.uleb128 0x3
 1057 0090 0E       		.uleb128 0xe
 1058 0091 3A       		.uleb128 0x3a
 1059 0092 0B       		.uleb128 0xb
 1060 0093 3B       		.uleb128 0x3b
 1061 0094 0B       		.uleb128 0xb
 1062 0095 27       		.uleb128 0x27
 1063 0096 19       		.uleb128 0x19
 1064 0097 49       		.uleb128 0x49
 1065 0098 13       		.uleb128 0x13
 1066 0099 11       		.uleb128 0x11
 1067 009a 01       		.uleb128 0x1
 1068 009b 12       		.uleb128 0x12
 1069 009c 06       		.uleb128 0x6
 1070 009d 40       		.uleb128 0x40
 1071 009e 18       		.uleb128 0x18
 1072 009f 9742     		.uleb128 0x2117
 1073 00a1 19       		.uleb128 0x19
ARM GAS  C:\Users\vellu\AppData\Local\Temp\ccgRVf4c.s 			page 22


 1074 00a2 01       		.uleb128 0x1
 1075 00a3 13       		.uleb128 0x13
 1076 00a4 00       		.byte	0
 1077 00a5 00       		.byte	0
 1078 00a6 0E       		.uleb128 0xe
 1079 00a7 34       		.uleb128 0x34
 1080 00a8 00       		.byte	0
 1081 00a9 03       		.uleb128 0x3
 1082 00aa 0E       		.uleb128 0xe
 1083 00ab 3A       		.uleb128 0x3a
 1084 00ac 0B       		.uleb128 0xb
 1085 00ad 3B       		.uleb128 0x3b
 1086 00ae 0B       		.uleb128 0xb
 1087 00af 49       		.uleb128 0x49
 1088 00b0 13       		.uleb128 0x13
 1089 00b1 02       		.uleb128 0x2
 1090 00b2 18       		.uleb128 0x18
 1091 00b3 00       		.byte	0
 1092 00b4 00       		.byte	0
 1093 00b5 0F       		.uleb128 0xf
 1094 00b6 34       		.uleb128 0x34
 1095 00b7 00       		.byte	0
 1096 00b8 03       		.uleb128 0x3
 1097 00b9 0E       		.uleb128 0xe
 1098 00ba 3A       		.uleb128 0x3a
 1099 00bb 0B       		.uleb128 0xb
 1100 00bc 3B       		.uleb128 0x3b
 1101 00bd 0B       		.uleb128 0xb
 1102 00be 49       		.uleb128 0x49
 1103 00bf 13       		.uleb128 0x13
 1104 00c0 02       		.uleb128 0x2
 1105 00c1 17       		.uleb128 0x17
 1106 00c2 00       		.byte	0
 1107 00c3 00       		.byte	0
 1108 00c4 10       		.uleb128 0x10
 1109 00c5 898201   		.uleb128 0x4109
 1110 00c8 00       		.byte	0
 1111 00c9 11       		.uleb128 0x11
 1112 00ca 01       		.uleb128 0x1
 1113 00cb 31       		.uleb128 0x31
 1114 00cc 13       		.uleb128 0x13
 1115 00cd 00       		.byte	0
 1116 00ce 00       		.byte	0
 1117 00cf 11       		.uleb128 0x11
 1118 00d0 898201   		.uleb128 0x4109
 1119 00d3 01       		.byte	0x1
 1120 00d4 11       		.uleb128 0x11
 1121 00d5 01       		.uleb128 0x1
 1122 00d6 31       		.uleb128 0x31
 1123 00d7 13       		.uleb128 0x13
 1124 00d8 01       		.uleb128 0x1
 1125 00d9 13       		.uleb128 0x13
 1126 00da 00       		.byte	0
 1127 00db 00       		.byte	0
 1128 00dc 12       		.uleb128 0x12
 1129 00dd 8A8201   		.uleb128 0x410a
 1130 00e0 00       		.byte	0
ARM GAS  C:\Users\vellu\AppData\Local\Temp\ccgRVf4c.s 			page 23


 1131 00e1 02       		.uleb128 0x2
 1132 00e2 18       		.uleb128 0x18
 1133 00e3 9142     		.uleb128 0x2111
 1134 00e5 18       		.uleb128 0x18
 1135 00e6 00       		.byte	0
 1136 00e7 00       		.byte	0
 1137 00e8 13       		.uleb128 0x13
 1138 00e9 898201   		.uleb128 0x4109
 1139 00ec 01       		.byte	0x1
 1140 00ed 11       		.uleb128 0x11
 1141 00ee 01       		.uleb128 0x1
 1142 00ef 31       		.uleb128 0x31
 1143 00f0 13       		.uleb128 0x13
 1144 00f1 00       		.byte	0
 1145 00f2 00       		.byte	0
 1146 00f3 14       		.uleb128 0x14
 1147 00f4 05       		.uleb128 0x5
 1148 00f5 00       		.byte	0
 1149 00f6 03       		.uleb128 0x3
 1150 00f7 0E       		.uleb128 0xe
 1151 00f8 3A       		.uleb128 0x3a
 1152 00f9 0B       		.uleb128 0xb
 1153 00fa 3B       		.uleb128 0x3b
 1154 00fb 0B       		.uleb128 0xb
 1155 00fc 49       		.uleb128 0x49
 1156 00fd 13       		.uleb128 0x13
 1157 00fe 02       		.uleb128 0x2
 1158 00ff 17       		.uleb128 0x17
 1159 0100 00       		.byte	0
 1160 0101 00       		.byte	0
 1161 0102 15       		.uleb128 0x15
 1162 0103 05       		.uleb128 0x5
 1163 0104 00       		.byte	0
 1164 0105 03       		.uleb128 0x3
 1165 0106 08       		.uleb128 0x8
 1166 0107 3A       		.uleb128 0x3a
 1167 0108 0B       		.uleb128 0xb
 1168 0109 3B       		.uleb128 0x3b
 1169 010a 0B       		.uleb128 0xb
 1170 010b 49       		.uleb128 0x49
 1171 010c 13       		.uleb128 0x13
 1172 010d 02       		.uleb128 0x2
 1173 010e 17       		.uleb128 0x17
 1174 010f 00       		.byte	0
 1175 0110 00       		.byte	0
 1176 0111 16       		.uleb128 0x16
 1177 0112 34       		.uleb128 0x34
 1178 0113 00       		.byte	0
 1179 0114 03       		.uleb128 0x3
 1180 0115 08       		.uleb128 0x8
 1181 0116 3A       		.uleb128 0x3a
 1182 0117 0B       		.uleb128 0xb
 1183 0118 3B       		.uleb128 0x3b
 1184 0119 0B       		.uleb128 0xb
 1185 011a 49       		.uleb128 0x49
 1186 011b 13       		.uleb128 0x13
 1187 011c 02       		.uleb128 0x2
ARM GAS  C:\Users\vellu\AppData\Local\Temp\ccgRVf4c.s 			page 24


 1188 011d 17       		.uleb128 0x17
 1189 011e 00       		.byte	0
 1190 011f 00       		.byte	0
 1191 0120 17       		.uleb128 0x17
 1192 0121 34       		.uleb128 0x34
 1193 0122 00       		.byte	0
 1194 0123 03       		.uleb128 0x3
 1195 0124 0E       		.uleb128 0xe
 1196 0125 3A       		.uleb128 0x3a
 1197 0126 0B       		.uleb128 0xb
 1198 0127 3B       		.uleb128 0x3b
 1199 0128 05       		.uleb128 0x5
 1200 0129 49       		.uleb128 0x49
 1201 012a 13       		.uleb128 0x13
 1202 012b 3F       		.uleb128 0x3f
 1203 012c 19       		.uleb128 0x19
 1204 012d 3C       		.uleb128 0x3c
 1205 012e 19       		.uleb128 0x19
 1206 012f 00       		.byte	0
 1207 0130 00       		.byte	0
 1208 0131 18       		.uleb128 0x18
 1209 0132 35       		.uleb128 0x35
 1210 0133 00       		.byte	0
 1211 0134 49       		.uleb128 0x49
 1212 0135 13       		.uleb128 0x13
 1213 0136 00       		.byte	0
 1214 0137 00       		.byte	0
 1215 0138 19       		.uleb128 0x19
 1216 0139 2E       		.uleb128 0x2e
 1217 013a 00       		.byte	0
 1218 013b 3F       		.uleb128 0x3f
 1219 013c 19       		.uleb128 0x19
 1220 013d 03       		.uleb128 0x3
 1221 013e 0E       		.uleb128 0xe
 1222 013f 3A       		.uleb128 0x3a
 1223 0140 0B       		.uleb128 0xb
 1224 0141 3B       		.uleb128 0x3b
 1225 0142 0B       		.uleb128 0xb
 1226 0143 27       		.uleb128 0x27
 1227 0144 19       		.uleb128 0x19
 1228 0145 3C       		.uleb128 0x3c
 1229 0146 19       		.uleb128 0x19
 1230 0147 00       		.byte	0
 1231 0148 00       		.byte	0
 1232 0149 1A       		.uleb128 0x1a
 1233 014a 2E       		.uleb128 0x2e
 1234 014b 01       		.byte	0x1
 1235 014c 3F       		.uleb128 0x3f
 1236 014d 19       		.uleb128 0x19
 1237 014e 03       		.uleb128 0x3
 1238 014f 0E       		.uleb128 0xe
 1239 0150 27       		.uleb128 0x27
 1240 0151 19       		.uleb128 0x19
 1241 0152 49       		.uleb128 0x49
 1242 0153 13       		.uleb128 0x13
 1243 0154 34       		.uleb128 0x34
 1244 0155 19       		.uleb128 0x19
ARM GAS  C:\Users\vellu\AppData\Local\Temp\ccgRVf4c.s 			page 25


 1245 0156 3C       		.uleb128 0x3c
 1246 0157 19       		.uleb128 0x19
 1247 0158 01       		.uleb128 0x1
 1248 0159 13       		.uleb128 0x13
 1249 015a 00       		.byte	0
 1250 015b 00       		.byte	0
 1251 015c 1B       		.uleb128 0x1b
 1252 015d 05       		.uleb128 0x5
 1253 015e 00       		.byte	0
 1254 015f 49       		.uleb128 0x49
 1255 0160 13       		.uleb128 0x13
 1256 0161 00       		.byte	0
 1257 0162 00       		.byte	0
 1258 0163 1C       		.uleb128 0x1c
 1259 0164 2E       		.uleb128 0x2e
 1260 0165 01       		.byte	0x1
 1261 0166 3F       		.uleb128 0x3f
 1262 0167 19       		.uleb128 0x19
 1263 0168 03       		.uleb128 0x3
 1264 0169 0E       		.uleb128 0xe
 1265 016a 3A       		.uleb128 0x3a
 1266 016b 0B       		.uleb128 0xb
 1267 016c 3B       		.uleb128 0x3b
 1268 016d 0B       		.uleb128 0xb
 1269 016e 6E       		.uleb128 0x6e
 1270 016f 0E       		.uleb128 0xe
 1271 0170 27       		.uleb128 0x27
 1272 0171 19       		.uleb128 0x19
 1273 0172 49       		.uleb128 0x49
 1274 0173 13       		.uleb128 0x13
 1275 0174 3C       		.uleb128 0x3c
 1276 0175 19       		.uleb128 0x19
 1277 0176 01       		.uleb128 0x1
 1278 0177 13       		.uleb128 0x13
 1279 0178 00       		.byte	0
 1280 0179 00       		.byte	0
 1281 017a 1D       		.uleb128 0x1d
 1282 017b 2E       		.uleb128 0x2e
 1283 017c 01       		.byte	0x1
 1284 017d 3F       		.uleb128 0x3f
 1285 017e 19       		.uleb128 0x19
 1286 017f 03       		.uleb128 0x3
 1287 0180 0E       		.uleb128 0xe
 1288 0181 3A       		.uleb128 0x3a
 1289 0182 0B       		.uleb128 0xb
 1290 0183 3B       		.uleb128 0x3b
 1291 0184 0B       		.uleb128 0xb
 1292 0185 27       		.uleb128 0x27
 1293 0186 19       		.uleb128 0x19
 1294 0187 49       		.uleb128 0x49
 1295 0188 13       		.uleb128 0x13
 1296 0189 3C       		.uleb128 0x3c
 1297 018a 19       		.uleb128 0x19
 1298 018b 01       		.uleb128 0x1
 1299 018c 13       		.uleb128 0x13
 1300 018d 00       		.byte	0
 1301 018e 00       		.byte	0
ARM GAS  C:\Users\vellu\AppData\Local\Temp\ccgRVf4c.s 			page 26


 1302 018f 1E       		.uleb128 0x1e
 1303 0190 18       		.uleb128 0x18
 1304 0191 00       		.byte	0
 1305 0192 00       		.byte	0
 1306 0193 00       		.byte	0
 1307 0194 1F       		.uleb128 0x1f
 1308 0195 2E       		.uleb128 0x2e
 1309 0196 01       		.byte	0x1
 1310 0197 3F       		.uleb128 0x3f
 1311 0198 19       		.uleb128 0x19
 1312 0199 03       		.uleb128 0x3
 1313 019a 0E       		.uleb128 0xe
 1314 019b 3A       		.uleb128 0x3a
 1315 019c 0B       		.uleb128 0xb
 1316 019d 3B       		.uleb128 0x3b
 1317 019e 0B       		.uleb128 0xb
 1318 019f 27       		.uleb128 0x27
 1319 01a0 19       		.uleb128 0x19
 1320 01a1 3C       		.uleb128 0x3c
 1321 01a2 19       		.uleb128 0x19
 1322 01a3 01       		.uleb128 0x1
 1323 01a4 13       		.uleb128 0x13
 1324 01a5 00       		.byte	0
 1325 01a6 00       		.byte	0
 1326 01a7 20       		.uleb128 0x20
 1327 01a8 2E       		.uleb128 0x2e
 1328 01a9 00       		.byte	0
 1329 01aa 3F       		.uleb128 0x3f
 1330 01ab 19       		.uleb128 0x19
 1331 01ac 03       		.uleb128 0x3
 1332 01ad 0E       		.uleb128 0xe
 1333 01ae 3A       		.uleb128 0x3a
 1334 01af 0B       		.uleb128 0xb
 1335 01b0 3B       		.uleb128 0x3b
 1336 01b1 0B       		.uleb128 0xb
 1337 01b2 27       		.uleb128 0x27
 1338 01b3 19       		.uleb128 0x19
 1339 01b4 49       		.uleb128 0x49
 1340 01b5 13       		.uleb128 0x13
 1341 01b6 3C       		.uleb128 0x3c
 1342 01b7 19       		.uleb128 0x19
 1343 01b8 00       		.byte	0
 1344 01b9 00       		.byte	0
 1345 01ba 00       		.byte	0
 1346              		.section	.debug_loc,"",%progbits
 1347              	.Ldebug_loc0:
 1348              	.LLST0:
 1349 0000 16000000 		.4byte	.LVL1
 1350 0004 1A000000 		.4byte	.LVL2
 1351 0008 0200     		.2byte	0x2
 1352 000a 30       		.byte	0x30
 1353 000b 9F       		.byte	0x9f
 1354 000c 1A000000 		.4byte	.LVL2
 1355 0010 6A000000 		.4byte	.LVL11
 1356 0014 0100     		.2byte	0x1
 1357 0016 54       		.byte	0x54
 1358 0017 6A000000 		.4byte	.LVL11
ARM GAS  C:\Users\vellu\AppData\Local\Temp\ccgRVf4c.s 			page 27


 1359 001b 78000000 		.4byte	.LVL12
 1360 001f 0300     		.2byte	0x3
 1361 0021 75       		.byte	0x75
 1362 0022 7F       		.sleb128 -1
 1363 0023 9F       		.byte	0x9f
 1364 0024 78000000 		.4byte	.LVL12
 1365 0028 7A000000 		.4byte	.LVL13
 1366 002c 0100     		.2byte	0x1
 1367 002e 55       		.byte	0x55
 1368 002f 7A000000 		.4byte	.LVL13
 1369 0033 80000000 		.4byte	.LVL14
 1370 0037 0100     		.2byte	0x1
 1371 0039 54       		.byte	0x54
 1372 003a 82000000 		.4byte	.LVL15
 1373 003e AE000000 		.4byte	.LVL18
 1374 0042 0100     		.2byte	0x1
 1375 0044 54       		.byte	0x54
 1376 0045 00000000 		.4byte	0
 1377 0049 00000000 		.4byte	0
 1378              	.LLST1:
 1379 004d 00000000 		.4byte	.LVL19
 1380 0051 0A000000 		.4byte	.LVL21
 1381 0055 0100     		.2byte	0x1
 1382 0057 50       		.byte	0x50
 1383 0058 0A000000 		.4byte	.LVL21
 1384 005c 2A000000 		.4byte	.LFE64
 1385 0060 0400     		.2byte	0x4
 1386 0062 F3       		.byte	0xf3
 1387 0063 01       		.uleb128 0x1
 1388 0064 50       		.byte	0x50
 1389 0065 9F       		.byte	0x9f
 1390 0066 00000000 		.4byte	0
 1391 006a 00000000 		.4byte	0
 1392              	.LLST2:
 1393 006e 00000000 		.4byte	.LVL19
 1394 0072 0A000000 		.4byte	.LVL21
 1395 0076 0100     		.2byte	0x1
 1396 0078 51       		.byte	0x51
 1397 0079 0A000000 		.4byte	.LVL21
 1398 007d 18000000 		.4byte	.LVL23
 1399 0081 0100     		.2byte	0x1
 1400 0083 54       		.byte	0x54
 1401 0084 18000000 		.4byte	.LVL23
 1402 0088 22000000 		.4byte	.LVL26
 1403 008c 0100     		.2byte	0x1
 1404 008e 56       		.byte	0x56
 1405 008f 22000000 		.4byte	.LVL26
 1406 0093 2A000000 		.4byte	.LFE64
 1407 0097 0100     		.2byte	0x1
 1408 0099 54       		.byte	0x54
 1409 009a 00000000 		.4byte	0
 1410 009e 00000000 		.4byte	0
 1411              	.LLST3:
 1412 00a2 00000000 		.4byte	.LVL19
 1413 00a6 0A000000 		.4byte	.LVL21
 1414 00aa 0100     		.2byte	0x1
 1415 00ac 52       		.byte	0x52
ARM GAS  C:\Users\vellu\AppData\Local\Temp\ccgRVf4c.s 			page 28


 1416 00ad 0A000000 		.4byte	.LVL21
 1417 00b1 2A000000 		.4byte	.LFE64
 1418 00b5 0100     		.2byte	0x1
 1419 00b7 57       		.byte	0x57
 1420 00b8 00000000 		.4byte	0
 1421 00bc 00000000 		.4byte	0
 1422              	.LLST4:
 1423 00c0 06000000 		.4byte	.LVL20
 1424 00c4 0A000000 		.4byte	.LVL21
 1425 00c8 0200     		.2byte	0x2
 1426 00ca 30       		.byte	0x30
 1427 00cb 9F       		.byte	0x9f
 1428 00cc 0A000000 		.4byte	.LVL21
 1429 00d0 2A000000 		.4byte	.LFE64
 1430 00d4 0100     		.2byte	0x1
 1431 00d6 55       		.byte	0x55
 1432 00d7 00000000 		.4byte	0
 1433 00db 00000000 		.4byte	0
 1434              	.LLST5:
 1435 00df 00000000 		.4byte	.LVL27
 1436 00e3 0A000000 		.4byte	.LVL29
 1437 00e7 0100     		.2byte	0x1
 1438 00e9 50       		.byte	0x50
 1439 00ea 0A000000 		.4byte	.LVL29
 1440 00ee 38000000 		.4byte	.LFE65
 1441 00f2 0400     		.2byte	0x4
 1442 00f4 F3       		.byte	0xf3
 1443 00f5 01       		.uleb128 0x1
 1444 00f6 50       		.byte	0x50
 1445 00f7 9F       		.byte	0x9f
 1446 00f8 00000000 		.4byte	0
 1447 00fc 00000000 		.4byte	0
 1448              	.LLST6:
 1449 0100 00000000 		.4byte	.LVL27
 1450 0104 0A000000 		.4byte	.LVL29
 1451 0108 0100     		.2byte	0x1
 1452 010a 51       		.byte	0x51
 1453 010b 0A000000 		.4byte	.LVL29
 1454 010f 26000000 		.4byte	.LVL36
 1455 0113 0100     		.2byte	0x1
 1456 0115 57       		.byte	0x57
 1457 0116 26000000 		.4byte	.LVL36
 1458 011a 30000000 		.4byte	.LVL38
 1459 011e 0100     		.2byte	0x1
 1460 0120 53       		.byte	0x53
 1461 0121 30000000 		.4byte	.LVL38
 1462 0125 34000000 		.4byte	.LVL39
 1463 0129 0100     		.2byte	0x1
 1464 012b 57       		.byte	0x57
 1465 012c 00000000 		.4byte	0
 1466 0130 00000000 		.4byte	0
 1467              	.LLST7:
 1468 0134 00000000 		.4byte	.LVL27
 1469 0138 0A000000 		.4byte	.LVL29
 1470 013c 0100     		.2byte	0x1
 1471 013e 52       		.byte	0x52
 1472 013f 0A000000 		.4byte	.LVL29
ARM GAS  C:\Users\vellu\AppData\Local\Temp\ccgRVf4c.s 			page 29


 1473 0143 38000000 		.4byte	.LFE65
 1474 0147 0100     		.2byte	0x1
 1475 0149 54       		.byte	0x54
 1476 014a 00000000 		.4byte	0
 1477 014e 00000000 		.4byte	0
 1478              	.LLST8:
 1479 0152 06000000 		.4byte	.LVL28
 1480 0156 0A000000 		.4byte	.LVL29
 1481 015a 0200     		.2byte	0x2
 1482 015c 30       		.byte	0x30
 1483 015d 9F       		.byte	0x9f
 1484 015e 0A000000 		.4byte	.LVL29
 1485 0162 38000000 		.4byte	.LFE65
 1486 0166 0100     		.2byte	0x1
 1487 0168 56       		.byte	0x56
 1488 0169 00000000 		.4byte	0
 1489 016d 00000000 		.4byte	0
 1490              	.LLST9:
 1491 0171 0E000000 		.4byte	.LVL30
 1492 0175 15000000 		.4byte	.LVL31-1
 1493 0179 0100     		.2byte	0x1
 1494 017b 50       		.byte	0x50
 1495 017c 1C000000 		.4byte	.LVL33
 1496 0180 24000000 		.4byte	.LVL35
 1497 0184 0200     		.2byte	0x2
 1498 0186 3A       		.byte	0x3a
 1499 0187 9F       		.byte	0x9f
 1500 0188 24000000 		.4byte	.LVL35
 1501 018c 30000000 		.4byte	.LVL38
 1502 0190 0100     		.2byte	0x1
 1503 0192 55       		.byte	0x55
 1504 0193 00000000 		.4byte	0
 1505 0197 00000000 		.4byte	0
 1506              		.section	.debug_aranges,"",%progbits
 1507 0000 2C000000 		.4byte	0x2c
 1508 0004 0200     		.2byte	0x2
 1509 0006 00000000 		.4byte	.Ldebug_info0
 1510 000a 04       		.byte	0x4
 1511 000b 00       		.byte	0
 1512 000c 0000     		.2byte	0
 1513 000e 0000     		.2byte	0
 1514 0010 00000000 		.4byte	.LFB63
 1515 0014 CC000000 		.4byte	.LFE63-.LFB63
 1516 0018 00000000 		.4byte	.LFB64
 1517 001c 2A000000 		.4byte	.LFE64-.LFB64
 1518 0020 00000000 		.4byte	.LFB65
 1519 0024 38000000 		.4byte	.LFE65-.LFB65
 1520 0028 00000000 		.4byte	0
 1521 002c 00000000 		.4byte	0
 1522              		.section	.debug_ranges,"",%progbits
 1523              	.Ldebug_ranges0:
 1524 0000 00000000 		.4byte	.LFB63
 1525 0004 CC000000 		.4byte	.LFE63
 1526 0008 00000000 		.4byte	.LFB64
 1527 000c 2A000000 		.4byte	.LFE64
 1528 0010 00000000 		.4byte	.LFB65
 1529 0014 38000000 		.4byte	.LFE65
ARM GAS  C:\Users\vellu\AppData\Local\Temp\ccgRVf4c.s 			page 30


 1530 0018 00000000 		.4byte	0
 1531 001c 00000000 		.4byte	0
 1532              		.section	.debug_line,"",%progbits
 1533              	.Ldebug_line0:
 1534 0000 2C020000 		.section	.debug_str,"MS",%progbits,1
 1534      02006C01 
 1534      00000201 
 1534      FB0E0D00 
 1534      01010101 
 1535              	.LASF20:
 1536 0000 66696C6C 		.ascii	"fillData\000"
 1536      44617461 
 1536      00
 1537              	.LASF35:
 1538 0009 55415254 		.ascii	"UART_1_Start\000"
 1538      5F315F53 
 1538      74617274 
 1538      00
 1539              	.LASF9:
 1540 0016 5F5F696E 		.ascii	"__int32_t\000"
 1540      7433325F 
 1540      7400
 1541              	.LASF3:
 1542 0020 73686F72 		.ascii	"short unsigned int\000"
 1542      7420756E 
 1542      7369676E 
 1542      65642069 
 1542      6E7400
 1543              	.LASF13:
 1544 0033 646F7562 		.ascii	"double\000"
 1544      6C6500
 1545              	.LASF26:
 1546 003a 7072696E 		.ascii	"printf\000"
 1546      746600
 1547              	.LASF24:
 1548 0041 5F726561 		.ascii	"_read\000"
 1548      6400
 1549              	.LASF12:
 1550 0047 666C6F61 		.ascii	"float\000"
 1550      7400
 1551              	.LASF23:
 1552 004d 66696C65 		.ascii	"file\000"
 1552      00
 1553              	.LASF27:
 1554 0052 7363616E 		.ascii	"scanf\000"
 1554      6600
 1555              	.LASF1:
 1556 0058 756E7369 		.ascii	"unsigned char\000"
 1556      676E6564 
 1556      20636861 
 1556      7200
 1557              	.LASF5:
 1558 0066 6C6F6E67 		.ascii	"long unsigned int\000"
 1558      20756E73 
 1558      69676E65 
 1558      6420696E 
 1558      7400
ARM GAS  C:\Users\vellu\AppData\Local\Temp\ccgRVf4c.s 			page 31


 1559              	.LASF32:
 1560 0078 433A5C55 		.ascii	"C:\\Users\\vellu\\OneDrive\\Tiedostot\\PSoC Creator"
 1560      73657273 
 1560      5C76656C 
 1560      6C755C4F 
 1560      6E654472 
 1561 00a6 5C4B6F75 		.ascii	"\\KouluOhjelmointi\\Exercise21.cydsn\000"
 1561      6C754F68 
 1561      6A656C6D 
 1561      6F696E74 
 1561      695C4578 
 1562              	.LASF34:
 1563 00c9 49544D5F 		.ascii	"ITM_RxBuffer\000"
 1563      52784275 
 1563      66666572 
 1563      00
 1564              	.LASF28:
 1565 00d6 6D656D73 		.ascii	"memset\000"
 1565      657400
 1566              	.LASF18:
 1567 00dd 636F7572 		.ascii	"courseCredit\000"
 1567      73654372 
 1567      65646974 
 1567      00
 1568              	.LASF21:
 1569 00ea 6D61696E 		.ascii	"main\000"
 1569      00
 1570              	.LASF30:
 1571 00ef 474E5520 		.ascii	"GNU C 4.9.3 20150303 (release) [ARM/embedded-4_9-br"
 1571      4320342E 
 1571      392E3320 
 1571      32303135 
 1571      30333033 
 1572 0122 616E6368 		.ascii	"anch revision 221220] -mcpu=cortex-m3 -mthumb -g -O"
 1572      20726576 
 1572      6973696F 
 1572      6E203232 
 1572      31323230 
 1573 0155 67202D66 		.ascii	"g -ffunction-sections -ffat-lto-objects\000"
 1573      66756E63 
 1573      74696F6E 
 1573      2D736563 
 1573      74696F6E 
 1574              	.LASF29:
 1575 017d 55415254 		.ascii	"UART_1_PutChar\000"
 1575      5F315F50 
 1575      75744368 
 1575      617200
 1576              	.LASF8:
 1577 018c 756E7369 		.ascii	"unsigned int\000"
 1577      676E6564 
 1577      20696E74 
 1577      00
 1578              	.LASF7:
 1579 0199 6C6F6E67 		.ascii	"long long unsigned int\000"
 1579      206C6F6E 
 1579      6720756E 
ARM GAS  C:\Users\vellu\AppData\Local\Temp\ccgRVf4c.s 			page 32


 1579      7369676E 
 1579      65642069 
 1580              	.LASF33:
 1581 01b0 53747564 		.ascii	"Students\000"
 1581      656E7473 
 1581      00
 1582              	.LASF10:
 1583 01b9 696E7433 		.ascii	"int32_t\000"
 1583      325F7400 
 1584              	.LASF22:
 1585 01c1 5F777269 		.ascii	"_write\000"
 1585      746500
 1586              	.LASF15:
 1587 01c8 73697A65 		.ascii	"sizetype\000"
 1587      74797065 
 1587      00
 1588              	.LASF6:
 1589 01d1 6C6F6E67 		.ascii	"long long int\000"
 1589      206C6F6E 
 1589      6720696E 
 1589      7400
 1590              	.LASF31:
 1591 01df 6D61696E 		.ascii	"main.c\000"
 1591      2E6300
 1592              	.LASF14:
 1593 01e6 63686172 		.ascii	"char\000"
 1593      00
 1594              	.LASF19:
 1595 01eb 6E616D65 		.ascii	"name1\000"
 1595      3100
 1596              	.LASF25:
 1597 01f1 636F756E 		.ascii	"count\000"
 1597      7400
 1598              	.LASF17:
 1599 01f7 4C617374 		.ascii	"LastN\000"
 1599      4E00
 1600              	.LASF2:
 1601 01fd 73686F72 		.ascii	"short int\000"
 1601      7420696E 
 1601      7400
 1602              	.LASF11:
 1603 0207 75696E74 		.ascii	"uint8\000"
 1603      3800
 1604              	.LASF16:
 1605 020d 66697273 		.ascii	"firstN\000"
 1605      744E00
 1606              	.LASF4:
 1607 0214 6C6F6E67 		.ascii	"long int\000"
 1607      20696E74 
 1607      00
 1608              	.LASF37:
 1609 021d 70757473 		.ascii	"puts\000"
 1609      00
 1610              	.LASF0:
 1611 0222 7369676E 		.ascii	"signed char\000"
 1611      65642063 
 1611      68617200 
ARM GAS  C:\Users\vellu\AppData\Local\Temp\ccgRVf4c.s 			page 33


 1612              	.LASF36:
 1613 022e 5F5F6275 		.ascii	"__builtin_puts\000"
 1613      696C7469 
 1613      6E5F7075 
 1613      747300
 1614              	.LASF38:
 1615 023d 55415254 		.ascii	"UART_1_GetChar\000"
 1615      5F315F47 
 1615      65744368 
 1615      617200
 1616              		.ident	"GCC: (GNU Tools for ARM Embedded Processors) 4.9.3 20150303 (release) [ARM/embedded-4_9-br
