ARM GAS  C:\Users\vellu\AppData\Local\Temp\ccd1R4jB.s 			page 1


   1              		.syntax unified
   2              		.cpu cortex-m3
   3              		.fpu softvfp
   4              		.eabi_attribute 20, 1
   5              		.eabi_attribute 21, 1
   6              		.eabi_attribute 23, 3
   7              		.eabi_attribute 24, 1
   8              		.eabi_attribute 25, 1
   9              		.eabi_attribute 26, 1
  10              		.eabi_attribute 30, 1
  11              		.eabi_attribute 34, 1
  12              		.eabi_attribute 18, 4
  13              		.thumb
  14              		.file	"main.c"
  15              		.text
  16              	.Ltext0:
  17              		.cfi_sections	.debug_frame
  18              		.global	__aeabi_fdiv
  19              		.global	__aeabi_fmul
  20              		.global	__aeabi_fadd
  21              		.global	__aeabi_fsub
  22              		.global	__aeabi_fcmpgt
  23              		.global	__aeabi_f2d
  24              		.section	.text.main,"ax",%progbits
  25              		.align	2
  26              		.global	main
  27              		.thumb
  28              		.thumb_func
  29              		.type	main, %function
  30              	main:
  31              	.LFB63:
  32              		.file 1 "main.c"
   1:main.c        **** /* ========================================
   2:main.c        ****  *
   3:main.c        ****  * Copyright YOUR COMPANY, THE YEAR
   4:main.c        ****  * All Rights Reserved
   5:main.c        ****  * UNPUBLISHED, LICENSED SOFTWARE.
   6:main.c        ****  *
   7:main.c        ****  * CONFIDENTIAL AND PROPRIETARY INFORMATION
   8:main.c        ****  * WHICH IS THE PROPERTY OF your company.
   9:main.c        ****  *
  10:main.c        ****  * ========================================
  11:main.c        **** */
  12:main.c        **** #include "project.h"
  13:main.c        **** #include "stdio.h"
  14:main.c        **** 
  15:main.c        **** int main(void)
  16:main.c        **** {
  33              		.loc 1 16 0
  34              		.cfi_startproc
  35              		@ args = 0, pretend = 0, frame = 16
  36              		@ frame_needed = 0, uses_anonymous_args = 0
  37 0000 F0B5     		push	{r4, r5, r6, r7, lr}
  38              		.cfi_def_cfa_offset 20
  39              		.cfi_offset 4, -20
  40              		.cfi_offset 5, -16
  41              		.cfi_offset 6, -12
ARM GAS  C:\Users\vellu\AppData\Local\Temp\ccd1R4jB.s 			page 2


  42              		.cfi_offset 7, -8
  43              		.cfi_offset 14, -4
  44 0002 85B0     		sub	sp, sp, #20
  45              		.cfi_def_cfa_offset 40
  17:main.c        ****     CyGlobalIntEnable; /* Enable global interrupts. */
  46              		.loc 1 17 0
  47              	@ 17 "main.c" 1
  48 0004 62B6     		CPSIE   i
  49              	@ 0 "" 2
  18:main.c        **** 
  19:main.c        ****     /* Place your initialization/startup code here (e.g. MyInst_Start()) */
  20:main.c        ****     UART_1_Start();
  50              		.loc 1 20 0
  51              		.thumb
  52 0006 FFF7FEFF 		bl	UART_1_Start
  53              	.LVL0:
  21:main.c        ****     
  22:main.c        ****     float interestRate;
  23:main.c        ****     float interestOneP;
  24:main.c        ****     float interestVal;
  25:main.c        ****     float payment;
  26:main.c        ****     float loan;
  27:main.c        ****     float debt;
  28:main.c        ****     float balance;
  29:main.c        ****     
  30:main.c        ****     printf("\nHow much you want to borrow: ");
  54              		.loc 1 30 0
  55 000a 2A48     		ldr	r0, .L9
  56 000c FFF7FEFF 		bl	printf
  57              	.LVL1:
  31:main.c        ****     scanf("%f",&loan);
  58              		.loc 1 31 0
  59 0010 294C     		ldr	r4, .L9+4
  60 0012 2046     		mov	r0, r4
  61 0014 01A9     		add	r1, sp, #4
  62 0016 FFF7FEFF 		bl	scanf
  63              	.LVL2:
  32:main.c        ****     printf("\nEnter interest rate (percent): ");
  64              		.loc 1 32 0
  65 001a 2848     		ldr	r0, .L9+8
  66 001c FFF7FEFF 		bl	printf
  67              	.LVL3:
  33:main.c        ****     scanf("%f",&interestRate);
  68              		.loc 1 33 0
  69 0020 2046     		mov	r0, r4
  70 0022 03A9     		add	r1, sp, #12
  71 0024 FFF7FEFF 		bl	scanf
  72              	.LVL4:
  34:main.c        ****     
  35:main.c        ****     balance=loan;
  73              		.loc 1 35 0
  74 0028 019C     		ldr	r4, [sp, #4]	@ float
  75              	.LVL5:
  36:main.c        ****     interestOneP=interestRate/100;
  76              		.loc 1 36 0
  77 002a 0398     		ldr	r0, [sp, #12]	@ float
  78 002c 2449     		ldr	r1, .L9+12
ARM GAS  C:\Users\vellu\AppData\Local\Temp\ccd1R4jB.s 			page 3


  79 002e FFF7FEFF 		bl	__aeabi_fdiv
  80              	.LVL6:
  81 0032 0746     		mov	r7, r0
  82              	.LVL7:
  37:main.c        ****     interestVal=loan*interestOneP;
  83              		.loc 1 37 0
  84 0034 2046     		mov	r0, r4
  85              	.LVL8:
  86 0036 3946     		mov	r1, r7
  87 0038 FFF7FEFF 		bl	__aeabi_fmul
  88              	.LVL9:
  89 003c 0146     		mov	r1, r0
  90              	.LVL10:
  38:main.c        ****     balance+=interestVal;
  91              		.loc 1 38 0
  92 003e 2046     		mov	r0, r4
  93              	.LVL11:
  94 0040 FFF7FEFF 		bl	__aeabi_fadd
  95              	.LVL12:
  96 0044 0546     		mov	r5, r0
  97              	.LVL13:
  98              	.L5:
  39:main.c        ****     
  40:main.c        ****     do
  41:main.c        ****     {
  42:main.c        ****         printf("\nEnter payment: ");
  99              		.loc 1 42 0
 100 0046 1F48     		ldr	r0, .L9+16
 101 0048 FFF7FEFF 		bl	printf
 102              	.LVL14:
  43:main.c        ****         scanf("%f",&payment);
 103              		.loc 1 43 0
 104 004c 1A48     		ldr	r0, .L9+4
 105 004e 02A9     		add	r1, sp, #8
 106 0050 FFF7FEFF 		bl	scanf
 107              	.LVL15:
  44:main.c        ****         
  45:main.c        ****         debt=balance-payment;
 108              		.loc 1 45 0
 109 0054 029C     		ldr	r4, [sp, #8]	@ float
 110 0056 2846     		mov	r0, r5
 111 0058 2146     		mov	r1, r4
 112 005a FFF7FEFF 		bl	__aeabi_fsub
 113              	.LVL16:
 114 005e 0646     		mov	r6, r0
 115              	.LVL17:
  46:main.c        ****         
  47:main.c        ****         
  48:main.c        ****         if(payment>0)
 116              		.loc 1 48 0
 117 0060 2046     		mov	r0, r4
 118              	.LVL18:
 119 0062 0021     		movs	r1, #0
 120 0064 FFF7FEFF 		bl	__aeabi_fcmpgt
 121              	.LVL19:
 122 0068 A0B1     		cbz	r0, .L7
  49:main.c        ****         {
ARM GAS  C:\Users\vellu\AppData\Local\Temp\ccd1R4jB.s 			page 4


  50:main.c        ****             interestVal=balance*interestOneP;
 123              		.loc 1 50 0
 124 006a 2846     		mov	r0, r5
 125 006c 3946     		mov	r1, r7
 126 006e FFF7FEFF 		bl	__aeabi_fmul
 127              	.LVL20:
 128 0072 0146     		mov	r1, r0
 129              	.LVL21:
  51:main.c        ****             balance+=interestVal;
 130              		.loc 1 51 0
 131 0074 2846     		mov	r0, r5
 132              	.LVL22:
 133 0076 FFF7FEFF 		bl	__aeabi_fadd
 134              	.LVL23:
  52:main.c        ****             balance-=payment;
 135              		.loc 1 52 0
 136 007a 2146     		mov	r1, r4
 137 007c FFF7FEFF 		bl	__aeabi_fsub
 138              	.LVL24:
 139 0080 0546     		mov	r5, r0
 140              	.LVL25:
  53:main.c        ****             
  54:main.c        ****             printf("\nYou still own: %f\n",debt);
 141              		.loc 1 54 0
 142 0082 3046     		mov	r0, r6
 143              	.LVL26:
 144 0084 FFF7FEFF 		bl	__aeabi_f2d
 145              	.LVL27:
 146 0088 0246     		mov	r2, r0
 147 008a 0B46     		mov	r3, r1
 148 008c 0E48     		ldr	r0, .L9+20
 149 008e FFF7FEFF 		bl	printf
 150              	.LVL28:
 151 0092 07E0     		b	.L4
 152              	.L7:
  55:main.c        ****         }
  56:main.c        ****         else
  57:main.c        ****         {
  58:main.c        ****             printf("\aPlease enter positive values.");
 153              		.loc 1 58 0
 154 0094 0D48     		ldr	r0, .L9+24
 155 0096 FFF7FEFF 		bl	printf
 156              	.LVL29:
  59:main.c        ****             
  60:main.c        ****             debt+=payment;
 157              		.loc 1 60 0
 158 009a 3046     		mov	r0, r6
 159 009c 0299     		ldr	r1, [sp, #8]	@ float
 160 009e FFF7FEFF 		bl	__aeabi_fadd
 161              	.LVL30:
 162 00a2 0646     		mov	r6, r0
 163              	.LVL31:
 164              	.L4:
  61:main.c        ****         }
  62:main.c        ****     }while(debt>0);
 165              		.loc 1 62 0
 166 00a4 3046     		mov	r0, r6
ARM GAS  C:\Users\vellu\AppData\Local\Temp\ccd1R4jB.s 			page 5


 167 00a6 0021     		movs	r1, #0
 168 00a8 FFF7FEFF 		bl	__aeabi_fcmpgt
 169              	.LVL32:
 170 00ac 0028     		cmp	r0, #0
 171 00ae CAD1     		bne	.L5
  63:main.c        ****     
  64:main.c        ****     
  65:main.c        ****     
  66:main.c        ****     return 0;
  67:main.c        **** }
 172              		.loc 1 67 0
 173 00b0 05B0     		add	sp, sp, #20
 174              		.cfi_def_cfa_offset 20
 175              		@ sp needed
 176 00b2 F0BD     		pop	{r4, r5, r6, r7, pc}
 177              	.LVL33:
 178              	.L10:
 179              		.align	2
 180              	.L9:
 181 00b4 00000000 		.word	.LC0
 182 00b8 20000000 		.word	.LC1
 183 00bc 24000000 		.word	.LC2
 184 00c0 0000C842 		.word	1120403456
 185 00c4 48000000 		.word	.LC3
 186 00c8 5C000000 		.word	.LC4
 187 00cc 70000000 		.word	.LC5
 188              		.cfi_endproc
 189              	.LFE63:
 190              		.size	main, .-main
 191              		.section	.text._write,"ax",%progbits
 192              		.align	2
 193              		.global	_write
 194              		.thumb
 195              		.thumb_func
 196              		.type	_write, %function
 197              	_write:
 198              	.LFB64:
  68:main.c        **** 
  69:main.c        **** int _write(int file, char *ptr, int len)
  70:main.c        **** {
 199              		.loc 1 70 0
 200              		.cfi_startproc
 201              		@ args = 0, pretend = 0, frame = 0
 202              		@ frame_needed = 0, uses_anonymous_args = 0
 203              	.LVL34:
 204 0000 F8B5     		push	{r3, r4, r5, r6, r7, lr}
 205              		.cfi_def_cfa_offset 24
 206              		.cfi_offset 3, -24
 207              		.cfi_offset 4, -20
 208              		.cfi_offset 5, -16
 209              		.cfi_offset 6, -12
 210              		.cfi_offset 7, -8
 211              		.cfi_offset 14, -4
 212 0002 0C46     		mov	r4, r1
 213 0004 1746     		mov	r7, r2
 214              	.LVL35:
  71:main.c        ****     (void)file; /* Parameter is not used, suppress unused argument warning */
ARM GAS  C:\Users\vellu\AppData\Local\Temp\ccd1R4jB.s 			page 6


  72:main.c        **** 	int n;
  73:main.c        **** 	for(n = 0; n < len; n++) {
 215              		.loc 1 73 0
 216 0006 0025     		movs	r5, #0
 217 0008 0BE0     		b	.L12
 218              	.LVL36:
 219              	.L14:
  74:main.c        ****         if(*ptr == '\n') UART_1_PutChar('\r');
 220              		.loc 1 74 0
 221 000a 2378     		ldrb	r3, [r4]	@ zero_extendqisi2
 222 000c 0A2B     		cmp	r3, #10
 223 000e 02D1     		bne	.L13
 224              		.loc 1 74 0 is_stmt 0 discriminator 1
 225 0010 0D20     		movs	r0, #13
 226 0012 FFF7FEFF 		bl	UART_1_PutChar
 227              	.LVL37:
 228              	.L13:
  75:main.c        **** 		UART_1_PutChar(*ptr++);
 229              		.loc 1 75 0 is_stmt 1 discriminator 2
 230 0016 661C     		adds	r6, r4, #1
 231              	.LVL38:
 232 0018 2078     		ldrb	r0, [r4]	@ zero_extendqisi2
 233 001a FFF7FEFF 		bl	UART_1_PutChar
 234              	.LVL39:
  73:main.c        ****         if(*ptr == '\n') UART_1_PutChar('\r');
 235              		.loc 1 73 0 discriminator 2
 236 001e 0135     		adds	r5, r5, #1
 237              	.LVL40:
 238              		.loc 1 75 0 discriminator 2
 239 0020 3446     		mov	r4, r6
 240              	.LVL41:
 241              	.L12:
  73:main.c        ****         if(*ptr == '\n') UART_1_PutChar('\r');
 242              		.loc 1 73 0 discriminator 1
 243 0022 BD42     		cmp	r5, r7
 244 0024 F1DB     		blt	.L14
  76:main.c        **** 	}
  77:main.c        **** 	return len;
  78:main.c        **** }
 245              		.loc 1 78 0
 246 0026 3846     		mov	r0, r7
 247 0028 F8BD     		pop	{r3, r4, r5, r6, r7, pc}
 248              		.cfi_endproc
 249              	.LFE64:
 250              		.size	_write, .-_write
 251 002a 00BF     		.section	.text._read,"ax",%progbits
 252              		.align	2
 253              		.global	_read
 254              		.thumb
 255              		.thumb_func
 256              		.type	_read, %function
 257              	_read:
 258              	.LFB65:
  79:main.c        **** 
  80:main.c        **** int _read (int file, char *ptr, int count)
  81:main.c        **** {
 259              		.loc 1 81 0
ARM GAS  C:\Users\vellu\AppData\Local\Temp\ccd1R4jB.s 			page 7


 260              		.cfi_startproc
 261              		@ args = 0, pretend = 0, frame = 0
 262              		@ frame_needed = 0, uses_anonymous_args = 0
 263              	.LVL42:
 264 0000 F8B5     		push	{r3, r4, r5, r6, r7, lr}
 265              		.cfi_def_cfa_offset 24
 266              		.cfi_offset 3, -24
 267              		.cfi_offset 4, -20
 268              		.cfi_offset 5, -16
 269              		.cfi_offset 6, -12
 270              		.cfi_offset 7, -8
 271              		.cfi_offset 14, -4
 272 0002 0F46     		mov	r7, r1
 273 0004 1446     		mov	r4, r2
 274              	.LVL43:
  82:main.c        ****     int chs = 0;
 275              		.loc 1 82 0
 276 0006 0026     		movs	r6, #0
  83:main.c        ****     char ch;
  84:main.c        ****  
  85:main.c        ****     (void)file; /* Parameter is not used, suppress unused argument warning */
  86:main.c        ****     while(count > 0) {
 277              		.loc 1 86 0
 278 0008 12E0     		b	.L18
 279              	.LVL44:
 280              	.L21:
  87:main.c        ****         ch = UART_1_GetChar();
 281              		.loc 1 87 0
 282 000a FFF7FEFF 		bl	UART_1_GetChar
 283              	.LVL45:
  88:main.c        ****         if(ch != 0) {
 284              		.loc 1 88 0
 285 000e 0546     		mov	r5, r0
 286 0010 70B1     		cbz	r0, .L18
  89:main.c        ****             UART_1_PutChar(ch);
 287              		.loc 1 89 0
 288 0012 FFF7FEFF 		bl	UART_1_PutChar
 289              	.LVL46:
  90:main.c        ****             chs++;
 290              		.loc 1 90 0
 291 0016 0136     		adds	r6, r6, #1
 292              	.LVL47:
  91:main.c        ****             if(ch == '\r') {
 293              		.loc 1 91 0
 294 0018 0D2D     		cmp	r5, #13
 295 001a 03D1     		bne	.L19
 296              	.LVL48:
  92:main.c        ****                 ch = '\n';
  93:main.c        ****                 UART_1_PutChar(ch);
 297              		.loc 1 93 0
 298 001c 0A20     		movs	r0, #10
 299 001e FFF7FEFF 		bl	UART_1_PutChar
 300              	.LVL49:
  92:main.c        ****                 ch = '\n';
 301              		.loc 1 92 0
 302 0022 0A25     		movs	r5, #10
 303              	.LVL50:
ARM GAS  C:\Users\vellu\AppData\Local\Temp\ccd1R4jB.s 			page 8


 304              	.L19:
  94:main.c        ****             }
  95:main.c        ****             *ptr++ = ch;
 305              		.loc 1 95 0
 306 0024 7B1C     		adds	r3, r7, #1
 307              	.LVL51:
 308 0026 3D70     		strb	r5, [r7]
  96:main.c        ****             count--;
 309              		.loc 1 96 0
 310 0028 013C     		subs	r4, r4, #1
 311              	.LVL52:
  97:main.c        ****             if(ch == '\n') break;
 312              		.loc 1 97 0
 313 002a 0A2D     		cmp	r5, #10
 314 002c 02D0     		beq	.L20
  95:main.c        ****             count--;
 315              		.loc 1 95 0
 316 002e 1F46     		mov	r7, r3
 317              	.LVL53:
 318              	.L18:
  86:main.c        ****         ch = UART_1_GetChar();
 319              		.loc 1 86 0
 320 0030 002C     		cmp	r4, #0
 321 0032 EADC     		bgt	.L21
 322              	.LVL54:
 323              	.L20:
  98:main.c        ****         }
  99:main.c        ****     }
 100:main.c        ****     return chs;
 101:main.c        **** }
 324              		.loc 1 101 0
 325 0034 3046     		mov	r0, r6
 326 0036 F8BD     		pop	{r3, r4, r5, r6, r7, pc}
 327              		.cfi_endproc
 328              	.LFE65:
 329              		.size	_read, .-_read
 330              		.section	.rodata.str1.4,"aMS",%progbits,1
 331              		.align	2
 332              	.LC0:
 333 0000 0A486F77 		.ascii	"\012How much you want to borrow: \000"
 333      206D7563 
 333      6820796F 
 333      75207761 
 333      6E742074 
 334 001f 00       		.space	1
 335              	.LC1:
 336 0020 256600   		.ascii	"%f\000"
 337 0023 00       		.space	1
 338              	.LC2:
 339 0024 0A456E74 		.ascii	"\012Enter interest rate (percent): \000"
 339      65722069 
 339      6E746572 
 339      65737420 
 339      72617465 
 340 0045 000000   		.space	3
 341              	.LC3:
 342 0048 0A456E74 		.ascii	"\012Enter payment: \000"
ARM GAS  C:\Users\vellu\AppData\Local\Temp\ccd1R4jB.s 			page 9


 342      65722070 
 342      61796D65 
 342      6E743A20 
 342      00
 343 0059 000000   		.space	3
 344              	.LC4:
 345 005c 0A596F75 		.ascii	"\012You still own: %f\012\000"
 345      20737469 
 345      6C6C206F 
 345      776E3A20 
 345      25660A00 
 346              	.LC5:
 347 0070 07506C65 		.ascii	"\007Please enter positive values.\000"
 347      61736520 
 347      656E7465 
 347      7220706F 
 347      73697469 
 348 008f 00       		.text
 349              	.Letext0:
 350              		.file 2 "c:\\program files (x86)\\cypress\\psoc creator\\4.0\\psoc creator\\import\\gnu\\arm\\4.9.
 351              		.file 3 "c:\\program files (x86)\\cypress\\psoc creator\\4.0\\psoc creator\\import\\gnu\\arm\\4.9.
 352              		.file 4 "Generated_Source\\PSoC5/cytypes.h"
 353              		.file 5 "c:\\program files (x86)\\cypress\\psoc creator\\4.0\\psoc creator\\import\\gnu\\arm\\4.9.
 354              		.file 6 "Generated_Source\\PSoC5/core_cm3.h"
 355              		.file 7 "Generated_Source\\PSoC5/UART_1.h"
 356              		.section	.debug_info,"",%progbits
 357              	.Ldebug_info0:
 358 0000 60030000 		.4byte	0x360
 359 0004 0400     		.2byte	0x4
 360 0006 00000000 		.4byte	.Ldebug_abbrev0
 361 000a 04       		.byte	0x4
 362 000b 01       		.uleb128 0x1
 363 000c 8F000000 		.4byte	.LASF30
 364 0010 01       		.byte	0x1
 365 0011 83010000 		.4byte	.LASF31
 366 0015 C2010000 		.4byte	.LASF32
 367 0019 00000000 		.4byte	.Ldebug_ranges0+0
 368 001d 00000000 		.4byte	0
 369 0021 00000000 		.4byte	.Ldebug_line0
 370 0025 02       		.uleb128 0x2
 371 0026 01       		.byte	0x1
 372 0027 06       		.byte	0x6
 373 0028 18020000 		.4byte	.LASF0
 374 002c 02       		.uleb128 0x2
 375 002d 01       		.byte	0x1
 376 002e 08       		.byte	0x8
 377 002f 41000000 		.4byte	.LASF1
 378 0033 02       		.uleb128 0x2
 379 0034 02       		.byte	0x2
 380 0035 05       		.byte	0x5
 381 0036 A9010000 		.4byte	.LASF2
 382 003a 02       		.uleb128 0x2
 383 003b 02       		.byte	0x2
 384 003c 07       		.byte	0x7
 385 003d 17000000 		.4byte	.LASF3
 386 0041 03       		.uleb128 0x3
 387 0042 0D000000 		.4byte	.LASF9
ARM GAS  C:\Users\vellu\AppData\Local\Temp\ccd1R4jB.s 			page 10


 388 0046 02       		.byte	0x2
 389 0047 3F       		.byte	0x3f
 390 0048 4C000000 		.4byte	0x4c
 391 004c 02       		.uleb128 0x2
 392 004d 04       		.byte	0x4
 393 004e 05       		.byte	0x5
 394 004f B9010000 		.4byte	.LASF4
 395 0053 02       		.uleb128 0x2
 396 0054 04       		.byte	0x4
 397 0055 07       		.byte	0x7
 398 0056 54000000 		.4byte	.LASF5
 399 005a 02       		.uleb128 0x2
 400 005b 08       		.byte	0x8
 401 005c 05       		.byte	0x5
 402 005d 75010000 		.4byte	.LASF6
 403 0061 02       		.uleb128 0x2
 404 0062 08       		.byte	0x8
 405 0063 07       		.byte	0x7
 406 0064 39010000 		.4byte	.LASF7
 407 0068 04       		.uleb128 0x4
 408 0069 04       		.byte	0x4
 409 006a 05       		.byte	0x5
 410 006b 696E7400 		.ascii	"int\000"
 411 006f 02       		.uleb128 0x2
 412 0070 04       		.byte	0x4
 413 0071 07       		.byte	0x7
 414 0072 2C010000 		.4byte	.LASF8
 415 0076 03       		.uleb128 0x3
 416 0077 5D010000 		.4byte	.LASF10
 417 007b 03       		.byte	0x3
 418 007c 2C       		.byte	0x2c
 419 007d 41000000 		.4byte	0x41
 420 0081 05       		.uleb128 0x5
 421 0082 B3010000 		.4byte	.LASF11
 422 0086 04       		.byte	0x4
 423 0087 9201     		.2byte	0x192
 424 0089 2C000000 		.4byte	0x2c
 425 008d 02       		.uleb128 0x2
 426 008e 04       		.byte	0x4
 427 008f 04       		.byte	0x4
 428 0090 30000000 		.4byte	.LASF12
 429 0094 02       		.uleb128 0x2
 430 0095 08       		.byte	0x8
 431 0096 04       		.byte	0x4
 432 0097 7B000000 		.4byte	.LASF13
 433 009b 02       		.uleb128 0x2
 434 009c 01       		.byte	0x1
 435 009d 08       		.byte	0x8
 436 009e 8A010000 		.4byte	.LASF14
 437 00a2 02       		.uleb128 0x2
 438 00a3 04       		.byte	0x4
 439 00a4 07       		.byte	0x7
 440 00a5 6C010000 		.4byte	.LASF15
 441 00a9 06       		.uleb128 0x6
 442 00aa 04       		.byte	0x4
 443 00ab 9B000000 		.4byte	0x9b
 444 00af 06       		.uleb128 0x6
ARM GAS  C:\Users\vellu\AppData\Local\Temp\ccd1R4jB.s 			page 11


 445 00b0 04       		.byte	0x4
 446 00b1 B5000000 		.4byte	0xb5
 447 00b5 07       		.uleb128 0x7
 448 00b6 9B000000 		.4byte	0x9b
 449 00ba 08       		.uleb128 0x8
 450 00bb 82000000 		.4byte	.LASF23
 451 00bf 01       		.byte	0x1
 452 00c0 0F       		.byte	0xf
 453 00c1 68000000 		.4byte	0x68
 454 00c5 00000000 		.4byte	.LFB63
 455 00c9 D0000000 		.4byte	.LFE63-.LFB63
 456 00cd 01       		.uleb128 0x1
 457 00ce 9C       		.byte	0x9c
 458 00cf 03020000 		.4byte	0x203
 459 00d3 09       		.uleb128 0x9
 460 00d4 8F010000 		.4byte	.LASF16
 461 00d8 01       		.byte	0x1
 462 00d9 16       		.byte	0x16
 463 00da 8D000000 		.4byte	0x8d
 464 00de 02       		.uleb128 0x2
 465 00df 91       		.byte	0x91
 466 00e0 64       		.sleb128 -28
 467 00e1 0A       		.uleb128 0xa
 468 00e2 50010000 		.4byte	.LASF17
 469 00e6 01       		.byte	0x1
 470 00e7 17       		.byte	0x17
 471 00e8 8D000000 		.4byte	0x8d
 472 00ec 00000000 		.4byte	.LLST0
 473 00f0 0A       		.uleb128 0xa
 474 00f1 24020000 		.4byte	.LASF18
 475 00f5 01       		.byte	0x1
 476 00f6 18       		.byte	0x18
 477 00f7 8D000000 		.4byte	0x8d
 478 00fb 1E000000 		.4byte	.LLST1
 479 00ff 09       		.uleb128 0x9
 480 0100 66000000 		.4byte	.LASF19
 481 0104 01       		.byte	0x1
 482 0105 19       		.byte	0x19
 483 0106 8D000000 		.4byte	0x8d
 484 010a 02       		.uleb128 0x2
 485 010b 91       		.byte	0x91
 486 010c 60       		.sleb128 -32
 487 010d 09       		.uleb128 0x9
 488 010e 13020000 		.4byte	.LASF20
 489 0112 01       		.byte	0x1
 490 0113 1A       		.byte	0x1a
 491 0114 8D000000 		.4byte	0x8d
 492 0118 02       		.uleb128 0x2
 493 0119 91       		.byte	0x91
 494 011a 5C       		.sleb128 -36
 495 011b 0A       		.uleb128 0xa
 496 011c 4F000000 		.4byte	.LASF21
 497 0120 01       		.byte	0x1
 498 0121 1B       		.byte	0x1b
 499 0122 8D000000 		.4byte	0x8d
 500 0126 52000000 		.4byte	.LLST2
 501 012a 0A       		.uleb128 0xa
ARM GAS  C:\Users\vellu\AppData\Local\Temp\ccd1R4jB.s 			page 12


 502 012b 87000000 		.4byte	.LASF22
 503 012f 01       		.byte	0x1
 504 0130 1C       		.byte	0x1c
 505 0131 8D000000 		.4byte	0x8d
 506 0135 70000000 		.4byte	.LLST3
 507 0139 0B       		.uleb128 0xb
 508 013a 0A000000 		.4byte	.LVL0
 509 013e 14030000 		.4byte	0x314
 510 0142 0C       		.uleb128 0xc
 511 0143 10000000 		.4byte	.LVL1
 512 0147 1B030000 		.4byte	0x31b
 513 014b 59010000 		.4byte	0x159
 514 014f 0D       		.uleb128 0xd
 515 0150 01       		.uleb128 0x1
 516 0151 50       		.byte	0x50
 517 0152 05       		.uleb128 0x5
 518 0153 03       		.byte	0x3
 519 0154 00000000 		.4byte	.LC0
 520 0158 00       		.byte	0
 521 0159 0C       		.uleb128 0xc
 522 015a 1A000000 		.4byte	.LVL2
 523 015e 31030000 		.4byte	0x331
 524 0162 73010000 		.4byte	0x173
 525 0166 0D       		.uleb128 0xd
 526 0167 01       		.uleb128 0x1
 527 0168 51       		.byte	0x51
 528 0169 02       		.uleb128 0x2
 529 016a 91       		.byte	0x91
 530 016b 5C       		.sleb128 -36
 531 016c 0D       		.uleb128 0xd
 532 016d 01       		.uleb128 0x1
 533 016e 50       		.byte	0x50
 534 016f 02       		.uleb128 0x2
 535 0170 74       		.byte	0x74
 536 0171 00       		.sleb128 0
 537 0172 00       		.byte	0
 538 0173 0C       		.uleb128 0xc
 539 0174 20000000 		.4byte	.LVL3
 540 0178 1B030000 		.4byte	0x31b
 541 017c 8A010000 		.4byte	0x18a
 542 0180 0D       		.uleb128 0xd
 543 0181 01       		.uleb128 0x1
 544 0182 50       		.byte	0x50
 545 0183 05       		.uleb128 0x5
 546 0184 03       		.byte	0x3
 547 0185 24000000 		.4byte	.LC2
 548 0189 00       		.byte	0
 549 018a 0C       		.uleb128 0xc
 550 018b 28000000 		.4byte	.LVL4
 551 018f 31030000 		.4byte	0x331
 552 0193 A4010000 		.4byte	0x1a4
 553 0197 0D       		.uleb128 0xd
 554 0198 01       		.uleb128 0x1
 555 0199 51       		.byte	0x51
 556 019a 02       		.uleb128 0x2
 557 019b 91       		.byte	0x91
 558 019c 64       		.sleb128 -28
ARM GAS  C:\Users\vellu\AppData\Local\Temp\ccd1R4jB.s 			page 13


 559 019d 0D       		.uleb128 0xd
 560 019e 01       		.uleb128 0x1
 561 019f 50       		.byte	0x50
 562 01a0 02       		.uleb128 0x2
 563 01a1 74       		.byte	0x74
 564 01a2 00       		.sleb128 0
 565 01a3 00       		.byte	0
 566 01a4 0C       		.uleb128 0xc
 567 01a5 4C000000 		.4byte	.LVL14
 568 01a9 1B030000 		.4byte	0x31b
 569 01ad BB010000 		.4byte	0x1bb
 570 01b1 0D       		.uleb128 0xd
 571 01b2 01       		.uleb128 0x1
 572 01b3 50       		.byte	0x50
 573 01b4 05       		.uleb128 0x5
 574 01b5 03       		.byte	0x3
 575 01b6 48000000 		.4byte	.LC3
 576 01ba 00       		.byte	0
 577 01bb 0C       		.uleb128 0xc
 578 01bc 54000000 		.4byte	.LVL15
 579 01c0 31030000 		.4byte	0x331
 580 01c4 D8010000 		.4byte	0x1d8
 581 01c8 0D       		.uleb128 0xd
 582 01c9 01       		.uleb128 0x1
 583 01ca 51       		.byte	0x51
 584 01cb 02       		.uleb128 0x2
 585 01cc 91       		.byte	0x91
 586 01cd 60       		.sleb128 -32
 587 01ce 0D       		.uleb128 0xd
 588 01cf 01       		.uleb128 0x1
 589 01d0 50       		.byte	0x50
 590 01d1 05       		.uleb128 0x5
 591 01d2 03       		.byte	0x3
 592 01d3 20000000 		.4byte	.LC1
 593 01d7 00       		.byte	0
 594 01d8 0C       		.uleb128 0xc
 595 01d9 92000000 		.4byte	.LVL28
 596 01dd 1B030000 		.4byte	0x31b
 597 01e1 EF010000 		.4byte	0x1ef
 598 01e5 0D       		.uleb128 0xd
 599 01e6 01       		.uleb128 0x1
 600 01e7 50       		.byte	0x50
 601 01e8 05       		.uleb128 0x5
 602 01e9 03       		.byte	0x3
 603 01ea 5C000000 		.4byte	.LC4
 604 01ee 00       		.byte	0
 605 01ef 0E       		.uleb128 0xe
 606 01f0 9A000000 		.4byte	.LVL29
 607 01f4 1B030000 		.4byte	0x31b
 608 01f8 0D       		.uleb128 0xd
 609 01f9 01       		.uleb128 0x1
 610 01fa 50       		.byte	0x50
 611 01fb 05       		.uleb128 0x5
 612 01fc 03       		.byte	0x3
 613 01fd 70000000 		.4byte	.LC5
 614 0201 00       		.byte	0
 615 0202 00       		.byte	0
ARM GAS  C:\Users\vellu\AppData\Local\Temp\ccd1R4jB.s 			page 14


 616 0203 0F       		.uleb128 0xf
 617 0204 65010000 		.4byte	.LASF24
 618 0208 01       		.byte	0x1
 619 0209 45       		.byte	0x45
 620 020a 68000000 		.4byte	0x68
 621 020e 00000000 		.4byte	.LFB64
 622 0212 2A000000 		.4byte	.LFE64-.LFB64
 623 0216 01       		.uleb128 0x1
 624 0217 9C       		.byte	0x9c
 625 0218 73020000 		.4byte	0x273
 626 021c 10       		.uleb128 0x10
 627 021d 36000000 		.4byte	.LASF25
 628 0221 01       		.byte	0x1
 629 0222 45       		.byte	0x45
 630 0223 68000000 		.4byte	0x68
 631 0227 AF000000 		.4byte	.LLST4
 632 022b 11       		.uleb128 0x11
 633 022c 70747200 		.ascii	"ptr\000"
 634 0230 01       		.byte	0x1
 635 0231 45       		.byte	0x45
 636 0232 A9000000 		.4byte	0xa9
 637 0236 D0000000 		.4byte	.LLST5
 638 023a 11       		.uleb128 0x11
 639 023b 6C656E00 		.ascii	"len\000"
 640 023f 01       		.byte	0x1
 641 0240 45       		.byte	0x45
 642 0241 68000000 		.4byte	0x68
 643 0245 04010000 		.4byte	.LLST6
 644 0249 12       		.uleb128 0x12
 645 024a 6E00     		.ascii	"n\000"
 646 024c 01       		.byte	0x1
 647 024d 48       		.byte	0x48
 648 024e 68000000 		.4byte	0x68
 649 0252 22010000 		.4byte	.LLST7
 650 0256 0C       		.uleb128 0xc
 651 0257 16000000 		.4byte	.LVL37
 652 025b 47030000 		.4byte	0x347
 653 025f 69020000 		.4byte	0x269
 654 0263 0D       		.uleb128 0xd
 655 0264 01       		.uleb128 0x1
 656 0265 50       		.byte	0x50
 657 0266 01       		.uleb128 0x1
 658 0267 3D       		.byte	0x3d
 659 0268 00       		.byte	0
 660 0269 0B       		.uleb128 0xb
 661 026a 1E000000 		.4byte	.LVL39
 662 026e 47030000 		.4byte	0x347
 663 0272 00       		.byte	0
 664 0273 0F       		.uleb128 0xf
 665 0274 2A000000 		.4byte	.LASF26
 666 0278 01       		.byte	0x1
 667 0279 50       		.byte	0x50
 668 027a 68000000 		.4byte	0x68
 669 027e 00000000 		.4byte	.LFB65
 670 0282 38000000 		.4byte	.LFE65-.LFB65
 671 0286 01       		.uleb128 0x1
 672 0287 9C       		.byte	0x9c
ARM GAS  C:\Users\vellu\AppData\Local\Temp\ccd1R4jB.s 			page 15


 673 0288 03030000 		.4byte	0x303
 674 028c 10       		.uleb128 0x10
 675 028d 36000000 		.4byte	.LASF25
 676 0291 01       		.byte	0x1
 677 0292 50       		.byte	0x50
 678 0293 68000000 		.4byte	0x68
 679 0297 41010000 		.4byte	.LLST8
 680 029b 11       		.uleb128 0x11
 681 029c 70747200 		.ascii	"ptr\000"
 682 02a0 01       		.byte	0x1
 683 02a1 50       		.byte	0x50
 684 02a2 A9000000 		.4byte	0xa9
 685 02a6 62010000 		.4byte	.LLST9
 686 02aa 10       		.uleb128 0x10
 687 02ab A3010000 		.4byte	.LASF27
 688 02af 01       		.byte	0x1
 689 02b0 50       		.byte	0x50
 690 02b1 68000000 		.4byte	0x68
 691 02b5 96010000 		.4byte	.LLST10
 692 02b9 12       		.uleb128 0x12
 693 02ba 63687300 		.ascii	"chs\000"
 694 02be 01       		.byte	0x1
 695 02bf 52       		.byte	0x52
 696 02c0 68000000 		.4byte	0x68
 697 02c4 B4010000 		.4byte	.LLST11
 698 02c8 12       		.uleb128 0x12
 699 02c9 636800   		.ascii	"ch\000"
 700 02cc 01       		.byte	0x1
 701 02cd 53       		.byte	0x53
 702 02ce 9B000000 		.4byte	0x9b
 703 02d2 D3010000 		.4byte	.LLST12
 704 02d6 0B       		.uleb128 0xb
 705 02d7 0E000000 		.4byte	.LVL45
 706 02db 58030000 		.4byte	0x358
 707 02df 0C       		.uleb128 0xc
 708 02e0 16000000 		.4byte	.LVL46
 709 02e4 47030000 		.4byte	0x347
 710 02e8 F3020000 		.4byte	0x2f3
 711 02ec 0D       		.uleb128 0xd
 712 02ed 01       		.uleb128 0x1
 713 02ee 50       		.byte	0x50
 714 02ef 02       		.uleb128 0x2
 715 02f0 75       		.byte	0x75
 716 02f1 00       		.sleb128 0
 717 02f2 00       		.byte	0
 718 02f3 0E       		.uleb128 0xe
 719 02f4 22000000 		.4byte	.LVL49
 720 02f8 47030000 		.4byte	0x347
 721 02fc 0D       		.uleb128 0xd
 722 02fd 01       		.uleb128 0x1
 723 02fe 50       		.byte	0x50
 724 02ff 01       		.uleb128 0x1
 725 0300 3A       		.byte	0x3a
 726 0301 00       		.byte	0
 727 0302 00       		.byte	0
 728 0303 13       		.uleb128 0x13
 729 0304 6E000000 		.4byte	.LASF33
ARM GAS  C:\Users\vellu\AppData\Local\Temp\ccd1R4jB.s 			page 16


 730 0308 06       		.byte	0x6
 731 0309 9606     		.2byte	0x696
 732 030b 0F030000 		.4byte	0x30f
 733 030f 14       		.uleb128 0x14
 734 0310 76000000 		.4byte	0x76
 735 0314 15       		.uleb128 0x15
 736 0315 00000000 		.4byte	.LASF34
 737 0319 07       		.byte	0x7
 738 031a 54       		.byte	0x54
 739 031b 16       		.uleb128 0x16
 740 031c 9C010000 		.4byte	.LASF28
 741 0320 05       		.byte	0x5
 742 0321 B2       		.byte	0xb2
 743 0322 68000000 		.4byte	0x68
 744 0326 31030000 		.4byte	0x331
 745 032a 17       		.uleb128 0x17
 746 032b AF000000 		.4byte	0xaf
 747 032f 18       		.uleb128 0x18
 748 0330 00       		.byte	0
 749 0331 16       		.uleb128 0x16
 750 0332 3B000000 		.4byte	.LASF29
 751 0336 05       		.byte	0x5
 752 0337 B4       		.byte	0xb4
 753 0338 68000000 		.4byte	0x68
 754 033c 47030000 		.4byte	0x347
 755 0340 17       		.uleb128 0x17
 756 0341 AF000000 		.4byte	0xaf
 757 0345 18       		.uleb128 0x18
 758 0346 00       		.byte	0
 759 0347 19       		.uleb128 0x19
 760 0348 1D010000 		.4byte	.LASF35
 761 034c 07       		.byte	0x7
 762 034d 8A       		.byte	0x8a
 763 034e 58030000 		.4byte	0x358
 764 0352 17       		.uleb128 0x17
 765 0353 81000000 		.4byte	0x81
 766 0357 00       		.byte	0
 767 0358 1A       		.uleb128 0x1a
 768 0359 30020000 		.4byte	.LASF36
 769 035d 07       		.byte	0x7
 770 035e 71       		.byte	0x71
 771 035f 81000000 		.4byte	0x81
 772 0363 00       		.byte	0
 773              		.section	.debug_abbrev,"",%progbits
 774              	.Ldebug_abbrev0:
 775 0000 01       		.uleb128 0x1
 776 0001 11       		.uleb128 0x11
 777 0002 01       		.byte	0x1
 778 0003 25       		.uleb128 0x25
 779 0004 0E       		.uleb128 0xe
 780 0005 13       		.uleb128 0x13
 781 0006 0B       		.uleb128 0xb
 782 0007 03       		.uleb128 0x3
 783 0008 0E       		.uleb128 0xe
 784 0009 1B       		.uleb128 0x1b
 785 000a 0E       		.uleb128 0xe
 786 000b 55       		.uleb128 0x55
ARM GAS  C:\Users\vellu\AppData\Local\Temp\ccd1R4jB.s 			page 17


 787 000c 17       		.uleb128 0x17
 788 000d 11       		.uleb128 0x11
 789 000e 01       		.uleb128 0x1
 790 000f 10       		.uleb128 0x10
 791 0010 17       		.uleb128 0x17
 792 0011 00       		.byte	0
 793 0012 00       		.byte	0
 794 0013 02       		.uleb128 0x2
 795 0014 24       		.uleb128 0x24
 796 0015 00       		.byte	0
 797 0016 0B       		.uleb128 0xb
 798 0017 0B       		.uleb128 0xb
 799 0018 3E       		.uleb128 0x3e
 800 0019 0B       		.uleb128 0xb
 801 001a 03       		.uleb128 0x3
 802 001b 0E       		.uleb128 0xe
 803 001c 00       		.byte	0
 804 001d 00       		.byte	0
 805 001e 03       		.uleb128 0x3
 806 001f 16       		.uleb128 0x16
 807 0020 00       		.byte	0
 808 0021 03       		.uleb128 0x3
 809 0022 0E       		.uleb128 0xe
 810 0023 3A       		.uleb128 0x3a
 811 0024 0B       		.uleb128 0xb
 812 0025 3B       		.uleb128 0x3b
 813 0026 0B       		.uleb128 0xb
 814 0027 49       		.uleb128 0x49
 815 0028 13       		.uleb128 0x13
 816 0029 00       		.byte	0
 817 002a 00       		.byte	0
 818 002b 04       		.uleb128 0x4
 819 002c 24       		.uleb128 0x24
 820 002d 00       		.byte	0
 821 002e 0B       		.uleb128 0xb
 822 002f 0B       		.uleb128 0xb
 823 0030 3E       		.uleb128 0x3e
 824 0031 0B       		.uleb128 0xb
 825 0032 03       		.uleb128 0x3
 826 0033 08       		.uleb128 0x8
 827 0034 00       		.byte	0
 828 0035 00       		.byte	0
 829 0036 05       		.uleb128 0x5
 830 0037 16       		.uleb128 0x16
 831 0038 00       		.byte	0
 832 0039 03       		.uleb128 0x3
 833 003a 0E       		.uleb128 0xe
 834 003b 3A       		.uleb128 0x3a
 835 003c 0B       		.uleb128 0xb
 836 003d 3B       		.uleb128 0x3b
 837 003e 05       		.uleb128 0x5
 838 003f 49       		.uleb128 0x49
 839 0040 13       		.uleb128 0x13
 840 0041 00       		.byte	0
 841 0042 00       		.byte	0
 842 0043 06       		.uleb128 0x6
 843 0044 0F       		.uleb128 0xf
ARM GAS  C:\Users\vellu\AppData\Local\Temp\ccd1R4jB.s 			page 18


 844 0045 00       		.byte	0
 845 0046 0B       		.uleb128 0xb
 846 0047 0B       		.uleb128 0xb
 847 0048 49       		.uleb128 0x49
 848 0049 13       		.uleb128 0x13
 849 004a 00       		.byte	0
 850 004b 00       		.byte	0
 851 004c 07       		.uleb128 0x7
 852 004d 26       		.uleb128 0x26
 853 004e 00       		.byte	0
 854 004f 49       		.uleb128 0x49
 855 0050 13       		.uleb128 0x13
 856 0051 00       		.byte	0
 857 0052 00       		.byte	0
 858 0053 08       		.uleb128 0x8
 859 0054 2E       		.uleb128 0x2e
 860 0055 01       		.byte	0x1
 861 0056 3F       		.uleb128 0x3f
 862 0057 19       		.uleb128 0x19
 863 0058 03       		.uleb128 0x3
 864 0059 0E       		.uleb128 0xe
 865 005a 3A       		.uleb128 0x3a
 866 005b 0B       		.uleb128 0xb
 867 005c 3B       		.uleb128 0x3b
 868 005d 0B       		.uleb128 0xb
 869 005e 27       		.uleb128 0x27
 870 005f 19       		.uleb128 0x19
 871 0060 49       		.uleb128 0x49
 872 0061 13       		.uleb128 0x13
 873 0062 11       		.uleb128 0x11
 874 0063 01       		.uleb128 0x1
 875 0064 12       		.uleb128 0x12
 876 0065 06       		.uleb128 0x6
 877 0066 40       		.uleb128 0x40
 878 0067 18       		.uleb128 0x18
 879 0068 9642     		.uleb128 0x2116
 880 006a 19       		.uleb128 0x19
 881 006b 01       		.uleb128 0x1
 882 006c 13       		.uleb128 0x13
 883 006d 00       		.byte	0
 884 006e 00       		.byte	0
 885 006f 09       		.uleb128 0x9
 886 0070 34       		.uleb128 0x34
 887 0071 00       		.byte	0
 888 0072 03       		.uleb128 0x3
 889 0073 0E       		.uleb128 0xe
 890 0074 3A       		.uleb128 0x3a
 891 0075 0B       		.uleb128 0xb
 892 0076 3B       		.uleb128 0x3b
 893 0077 0B       		.uleb128 0xb
 894 0078 49       		.uleb128 0x49
 895 0079 13       		.uleb128 0x13
 896 007a 02       		.uleb128 0x2
 897 007b 18       		.uleb128 0x18
 898 007c 00       		.byte	0
 899 007d 00       		.byte	0
 900 007e 0A       		.uleb128 0xa
ARM GAS  C:\Users\vellu\AppData\Local\Temp\ccd1R4jB.s 			page 19


 901 007f 34       		.uleb128 0x34
 902 0080 00       		.byte	0
 903 0081 03       		.uleb128 0x3
 904 0082 0E       		.uleb128 0xe
 905 0083 3A       		.uleb128 0x3a
 906 0084 0B       		.uleb128 0xb
 907 0085 3B       		.uleb128 0x3b
 908 0086 0B       		.uleb128 0xb
 909 0087 49       		.uleb128 0x49
 910 0088 13       		.uleb128 0x13
 911 0089 02       		.uleb128 0x2
 912 008a 17       		.uleb128 0x17
 913 008b 00       		.byte	0
 914 008c 00       		.byte	0
 915 008d 0B       		.uleb128 0xb
 916 008e 898201   		.uleb128 0x4109
 917 0091 00       		.byte	0
 918 0092 11       		.uleb128 0x11
 919 0093 01       		.uleb128 0x1
 920 0094 31       		.uleb128 0x31
 921 0095 13       		.uleb128 0x13
 922 0096 00       		.byte	0
 923 0097 00       		.byte	0
 924 0098 0C       		.uleb128 0xc
 925 0099 898201   		.uleb128 0x4109
 926 009c 01       		.byte	0x1
 927 009d 11       		.uleb128 0x11
 928 009e 01       		.uleb128 0x1
 929 009f 31       		.uleb128 0x31
 930 00a0 13       		.uleb128 0x13
 931 00a1 01       		.uleb128 0x1
 932 00a2 13       		.uleb128 0x13
 933 00a3 00       		.byte	0
 934 00a4 00       		.byte	0
 935 00a5 0D       		.uleb128 0xd
 936 00a6 8A8201   		.uleb128 0x410a
 937 00a9 00       		.byte	0
 938 00aa 02       		.uleb128 0x2
 939 00ab 18       		.uleb128 0x18
 940 00ac 9142     		.uleb128 0x2111
 941 00ae 18       		.uleb128 0x18
 942 00af 00       		.byte	0
 943 00b0 00       		.byte	0
 944 00b1 0E       		.uleb128 0xe
 945 00b2 898201   		.uleb128 0x4109
 946 00b5 01       		.byte	0x1
 947 00b6 11       		.uleb128 0x11
 948 00b7 01       		.uleb128 0x1
 949 00b8 31       		.uleb128 0x31
 950 00b9 13       		.uleb128 0x13
 951 00ba 00       		.byte	0
 952 00bb 00       		.byte	0
 953 00bc 0F       		.uleb128 0xf
 954 00bd 2E       		.uleb128 0x2e
 955 00be 01       		.byte	0x1
 956 00bf 3F       		.uleb128 0x3f
 957 00c0 19       		.uleb128 0x19
ARM GAS  C:\Users\vellu\AppData\Local\Temp\ccd1R4jB.s 			page 20


 958 00c1 03       		.uleb128 0x3
 959 00c2 0E       		.uleb128 0xe
 960 00c3 3A       		.uleb128 0x3a
 961 00c4 0B       		.uleb128 0xb
 962 00c5 3B       		.uleb128 0x3b
 963 00c6 0B       		.uleb128 0xb
 964 00c7 27       		.uleb128 0x27
 965 00c8 19       		.uleb128 0x19
 966 00c9 49       		.uleb128 0x49
 967 00ca 13       		.uleb128 0x13
 968 00cb 11       		.uleb128 0x11
 969 00cc 01       		.uleb128 0x1
 970 00cd 12       		.uleb128 0x12
 971 00ce 06       		.uleb128 0x6
 972 00cf 40       		.uleb128 0x40
 973 00d0 18       		.uleb128 0x18
 974 00d1 9742     		.uleb128 0x2117
 975 00d3 19       		.uleb128 0x19
 976 00d4 01       		.uleb128 0x1
 977 00d5 13       		.uleb128 0x13
 978 00d6 00       		.byte	0
 979 00d7 00       		.byte	0
 980 00d8 10       		.uleb128 0x10
 981 00d9 05       		.uleb128 0x5
 982 00da 00       		.byte	0
 983 00db 03       		.uleb128 0x3
 984 00dc 0E       		.uleb128 0xe
 985 00dd 3A       		.uleb128 0x3a
 986 00de 0B       		.uleb128 0xb
 987 00df 3B       		.uleb128 0x3b
 988 00e0 0B       		.uleb128 0xb
 989 00e1 49       		.uleb128 0x49
 990 00e2 13       		.uleb128 0x13
 991 00e3 02       		.uleb128 0x2
 992 00e4 17       		.uleb128 0x17
 993 00e5 00       		.byte	0
 994 00e6 00       		.byte	0
 995 00e7 11       		.uleb128 0x11
 996 00e8 05       		.uleb128 0x5
 997 00e9 00       		.byte	0
 998 00ea 03       		.uleb128 0x3
 999 00eb 08       		.uleb128 0x8
 1000 00ec 3A       		.uleb128 0x3a
 1001 00ed 0B       		.uleb128 0xb
 1002 00ee 3B       		.uleb128 0x3b
 1003 00ef 0B       		.uleb128 0xb
 1004 00f0 49       		.uleb128 0x49
 1005 00f1 13       		.uleb128 0x13
 1006 00f2 02       		.uleb128 0x2
 1007 00f3 17       		.uleb128 0x17
 1008 00f4 00       		.byte	0
 1009 00f5 00       		.byte	0
 1010 00f6 12       		.uleb128 0x12
 1011 00f7 34       		.uleb128 0x34
 1012 00f8 00       		.byte	0
 1013 00f9 03       		.uleb128 0x3
 1014 00fa 08       		.uleb128 0x8
ARM GAS  C:\Users\vellu\AppData\Local\Temp\ccd1R4jB.s 			page 21


 1015 00fb 3A       		.uleb128 0x3a
 1016 00fc 0B       		.uleb128 0xb
 1017 00fd 3B       		.uleb128 0x3b
 1018 00fe 0B       		.uleb128 0xb
 1019 00ff 49       		.uleb128 0x49
 1020 0100 13       		.uleb128 0x13
 1021 0101 02       		.uleb128 0x2
 1022 0102 17       		.uleb128 0x17
 1023 0103 00       		.byte	0
 1024 0104 00       		.byte	0
 1025 0105 13       		.uleb128 0x13
 1026 0106 34       		.uleb128 0x34
 1027 0107 00       		.byte	0
 1028 0108 03       		.uleb128 0x3
 1029 0109 0E       		.uleb128 0xe
 1030 010a 3A       		.uleb128 0x3a
 1031 010b 0B       		.uleb128 0xb
 1032 010c 3B       		.uleb128 0x3b
 1033 010d 05       		.uleb128 0x5
 1034 010e 49       		.uleb128 0x49
 1035 010f 13       		.uleb128 0x13
 1036 0110 3F       		.uleb128 0x3f
 1037 0111 19       		.uleb128 0x19
 1038 0112 3C       		.uleb128 0x3c
 1039 0113 19       		.uleb128 0x19
 1040 0114 00       		.byte	0
 1041 0115 00       		.byte	0
 1042 0116 14       		.uleb128 0x14
 1043 0117 35       		.uleb128 0x35
 1044 0118 00       		.byte	0
 1045 0119 49       		.uleb128 0x49
 1046 011a 13       		.uleb128 0x13
 1047 011b 00       		.byte	0
 1048 011c 00       		.byte	0
 1049 011d 15       		.uleb128 0x15
 1050 011e 2E       		.uleb128 0x2e
 1051 011f 00       		.byte	0
 1052 0120 3F       		.uleb128 0x3f
 1053 0121 19       		.uleb128 0x19
 1054 0122 03       		.uleb128 0x3
 1055 0123 0E       		.uleb128 0xe
 1056 0124 3A       		.uleb128 0x3a
 1057 0125 0B       		.uleb128 0xb
 1058 0126 3B       		.uleb128 0x3b
 1059 0127 0B       		.uleb128 0xb
 1060 0128 27       		.uleb128 0x27
 1061 0129 19       		.uleb128 0x19
 1062 012a 3C       		.uleb128 0x3c
 1063 012b 19       		.uleb128 0x19
 1064 012c 00       		.byte	0
 1065 012d 00       		.byte	0
 1066 012e 16       		.uleb128 0x16
 1067 012f 2E       		.uleb128 0x2e
 1068 0130 01       		.byte	0x1
 1069 0131 3F       		.uleb128 0x3f
 1070 0132 19       		.uleb128 0x19
 1071 0133 03       		.uleb128 0x3
ARM GAS  C:\Users\vellu\AppData\Local\Temp\ccd1R4jB.s 			page 22


 1072 0134 0E       		.uleb128 0xe
 1073 0135 3A       		.uleb128 0x3a
 1074 0136 0B       		.uleb128 0xb
 1075 0137 3B       		.uleb128 0x3b
 1076 0138 0B       		.uleb128 0xb
 1077 0139 27       		.uleb128 0x27
 1078 013a 19       		.uleb128 0x19
 1079 013b 49       		.uleb128 0x49
 1080 013c 13       		.uleb128 0x13
 1081 013d 3C       		.uleb128 0x3c
 1082 013e 19       		.uleb128 0x19
 1083 013f 01       		.uleb128 0x1
 1084 0140 13       		.uleb128 0x13
 1085 0141 00       		.byte	0
 1086 0142 00       		.byte	0
 1087 0143 17       		.uleb128 0x17
 1088 0144 05       		.uleb128 0x5
 1089 0145 00       		.byte	0
 1090 0146 49       		.uleb128 0x49
 1091 0147 13       		.uleb128 0x13
 1092 0148 00       		.byte	0
 1093 0149 00       		.byte	0
 1094 014a 18       		.uleb128 0x18
 1095 014b 18       		.uleb128 0x18
 1096 014c 00       		.byte	0
 1097 014d 00       		.byte	0
 1098 014e 00       		.byte	0
 1099 014f 19       		.uleb128 0x19
 1100 0150 2E       		.uleb128 0x2e
 1101 0151 01       		.byte	0x1
 1102 0152 3F       		.uleb128 0x3f
 1103 0153 19       		.uleb128 0x19
 1104 0154 03       		.uleb128 0x3
 1105 0155 0E       		.uleb128 0xe
 1106 0156 3A       		.uleb128 0x3a
 1107 0157 0B       		.uleb128 0xb
 1108 0158 3B       		.uleb128 0x3b
 1109 0159 0B       		.uleb128 0xb
 1110 015a 27       		.uleb128 0x27
 1111 015b 19       		.uleb128 0x19
 1112 015c 3C       		.uleb128 0x3c
 1113 015d 19       		.uleb128 0x19
 1114 015e 01       		.uleb128 0x1
 1115 015f 13       		.uleb128 0x13
 1116 0160 00       		.byte	0
 1117 0161 00       		.byte	0
 1118 0162 1A       		.uleb128 0x1a
 1119 0163 2E       		.uleb128 0x2e
 1120 0164 00       		.byte	0
 1121 0165 3F       		.uleb128 0x3f
 1122 0166 19       		.uleb128 0x19
 1123 0167 03       		.uleb128 0x3
 1124 0168 0E       		.uleb128 0xe
 1125 0169 3A       		.uleb128 0x3a
 1126 016a 0B       		.uleb128 0xb
 1127 016b 3B       		.uleb128 0x3b
 1128 016c 0B       		.uleb128 0xb
ARM GAS  C:\Users\vellu\AppData\Local\Temp\ccd1R4jB.s 			page 23


 1129 016d 27       		.uleb128 0x27
 1130 016e 19       		.uleb128 0x19
 1131 016f 49       		.uleb128 0x49
 1132 0170 13       		.uleb128 0x13
 1133 0171 3C       		.uleb128 0x3c
 1134 0172 19       		.uleb128 0x19
 1135 0173 00       		.byte	0
 1136 0174 00       		.byte	0
 1137 0175 00       		.byte	0
 1138              		.section	.debug_loc,"",%progbits
 1139              	.Ldebug_loc0:
 1140              	.LLST0:
 1141 0000 34000000 		.4byte	.LVL7
 1142 0004 36000000 		.4byte	.LVL8
 1143 0008 0100     		.2byte	0x1
 1144 000a 50       		.byte	0x50
 1145 000b 36000000 		.4byte	.LVL8
 1146 000f B4000000 		.4byte	.LVL33
 1147 0013 0100     		.2byte	0x1
 1148 0015 57       		.byte	0x57
 1149 0016 00000000 		.4byte	0
 1150 001a 00000000 		.4byte	0
 1151              	.LLST1:
 1152 001e 3E000000 		.4byte	.LVL10
 1153 0022 40000000 		.4byte	.LVL11
 1154 0026 0100     		.2byte	0x1
 1155 0028 50       		.byte	0x50
 1156 0029 40000000 		.4byte	.LVL11
 1157 002d 43000000 		.4byte	.LVL12-1
 1158 0031 0100     		.2byte	0x1
 1159 0033 51       		.byte	0x51
 1160 0034 74000000 		.4byte	.LVL21
 1161 0038 76000000 		.4byte	.LVL22
 1162 003c 0100     		.2byte	0x1
 1163 003e 50       		.byte	0x50
 1164 003f 76000000 		.4byte	.LVL22
 1165 0043 79000000 		.4byte	.LVL23-1
 1166 0047 0100     		.2byte	0x1
 1167 0049 51       		.byte	0x51
 1168 004a 00000000 		.4byte	0
 1169 004e 00000000 		.4byte	0
 1170              	.LLST2:
 1171 0052 60000000 		.4byte	.LVL17
 1172 0056 62000000 		.4byte	.LVL18
 1173 005a 0100     		.2byte	0x1
 1174 005c 50       		.byte	0x50
 1175 005d 62000000 		.4byte	.LVL18
 1176 0061 B4000000 		.4byte	.LVL33
 1177 0065 0100     		.2byte	0x1
 1178 0067 56       		.byte	0x56
 1179 0068 00000000 		.4byte	0
 1180 006c 00000000 		.4byte	0
 1181              	.LLST3:
 1182 0070 2A000000 		.4byte	.LVL5
 1183 0074 46000000 		.4byte	.LVL13
 1184 0078 0100     		.2byte	0x1
 1185 007a 54       		.byte	0x54
ARM GAS  C:\Users\vellu\AppData\Local\Temp\ccd1R4jB.s 			page 24


 1186 007b 46000000 		.4byte	.LVL13
 1187 007f 7A000000 		.4byte	.LVL23
 1188 0083 0100     		.2byte	0x1
 1189 0085 55       		.byte	0x55
 1190 0086 7A000000 		.4byte	.LVL23
 1191 008a 7F000000 		.4byte	.LVL24-1
 1192 008e 0100     		.2byte	0x1
 1193 0090 50       		.byte	0x50
 1194 0091 82000000 		.4byte	.LVL25
 1195 0095 84000000 		.4byte	.LVL26
 1196 0099 0100     		.2byte	0x1
 1197 009b 50       		.byte	0x50
 1198 009c 84000000 		.4byte	.LVL26
 1199 00a0 B4000000 		.4byte	.LVL33
 1200 00a4 0100     		.2byte	0x1
 1201 00a6 55       		.byte	0x55
 1202 00a7 00000000 		.4byte	0
 1203 00ab 00000000 		.4byte	0
 1204              	.LLST4:
 1205 00af 00000000 		.4byte	.LVL34
 1206 00b3 0A000000 		.4byte	.LVL36
 1207 00b7 0100     		.2byte	0x1
 1208 00b9 50       		.byte	0x50
 1209 00ba 0A000000 		.4byte	.LVL36
 1210 00be 2A000000 		.4byte	.LFE64
 1211 00c2 0400     		.2byte	0x4
 1212 00c4 F3       		.byte	0xf3
 1213 00c5 01       		.uleb128 0x1
 1214 00c6 50       		.byte	0x50
 1215 00c7 9F       		.byte	0x9f
 1216 00c8 00000000 		.4byte	0
 1217 00cc 00000000 		.4byte	0
 1218              	.LLST5:
 1219 00d0 00000000 		.4byte	.LVL34
 1220 00d4 0A000000 		.4byte	.LVL36
 1221 00d8 0100     		.2byte	0x1
 1222 00da 51       		.byte	0x51
 1223 00db 0A000000 		.4byte	.LVL36
 1224 00df 18000000 		.4byte	.LVL38
 1225 00e3 0100     		.2byte	0x1
 1226 00e5 54       		.byte	0x54
 1227 00e6 18000000 		.4byte	.LVL38
 1228 00ea 22000000 		.4byte	.LVL41
 1229 00ee 0100     		.2byte	0x1
 1230 00f0 56       		.byte	0x56
 1231 00f1 22000000 		.4byte	.LVL41
 1232 00f5 2A000000 		.4byte	.LFE64
 1233 00f9 0100     		.2byte	0x1
 1234 00fb 54       		.byte	0x54
 1235 00fc 00000000 		.4byte	0
 1236 0100 00000000 		.4byte	0
 1237              	.LLST6:
 1238 0104 00000000 		.4byte	.LVL34
 1239 0108 0A000000 		.4byte	.LVL36
 1240 010c 0100     		.2byte	0x1
 1241 010e 52       		.byte	0x52
 1242 010f 0A000000 		.4byte	.LVL36
ARM GAS  C:\Users\vellu\AppData\Local\Temp\ccd1R4jB.s 			page 25


 1243 0113 2A000000 		.4byte	.LFE64
 1244 0117 0100     		.2byte	0x1
 1245 0119 57       		.byte	0x57
 1246 011a 00000000 		.4byte	0
 1247 011e 00000000 		.4byte	0
 1248              	.LLST7:
 1249 0122 06000000 		.4byte	.LVL35
 1250 0126 0A000000 		.4byte	.LVL36
 1251 012a 0200     		.2byte	0x2
 1252 012c 30       		.byte	0x30
 1253 012d 9F       		.byte	0x9f
 1254 012e 0A000000 		.4byte	.LVL36
 1255 0132 2A000000 		.4byte	.LFE64
 1256 0136 0100     		.2byte	0x1
 1257 0138 55       		.byte	0x55
 1258 0139 00000000 		.4byte	0
 1259 013d 00000000 		.4byte	0
 1260              	.LLST8:
 1261 0141 00000000 		.4byte	.LVL42
 1262 0145 0A000000 		.4byte	.LVL44
 1263 0149 0100     		.2byte	0x1
 1264 014b 50       		.byte	0x50
 1265 014c 0A000000 		.4byte	.LVL44
 1266 0150 38000000 		.4byte	.LFE65
 1267 0154 0400     		.2byte	0x4
 1268 0156 F3       		.byte	0xf3
 1269 0157 01       		.uleb128 0x1
 1270 0158 50       		.byte	0x50
 1271 0159 9F       		.byte	0x9f
 1272 015a 00000000 		.4byte	0
 1273 015e 00000000 		.4byte	0
 1274              	.LLST9:
 1275 0162 00000000 		.4byte	.LVL42
 1276 0166 0A000000 		.4byte	.LVL44
 1277 016a 0100     		.2byte	0x1
 1278 016c 51       		.byte	0x51
 1279 016d 0A000000 		.4byte	.LVL44
 1280 0171 26000000 		.4byte	.LVL51
 1281 0175 0100     		.2byte	0x1
 1282 0177 57       		.byte	0x57
 1283 0178 26000000 		.4byte	.LVL51
 1284 017c 30000000 		.4byte	.LVL53
 1285 0180 0100     		.2byte	0x1
 1286 0182 53       		.byte	0x53
 1287 0183 30000000 		.4byte	.LVL53
 1288 0187 34000000 		.4byte	.LVL54
 1289 018b 0100     		.2byte	0x1
 1290 018d 57       		.byte	0x57
 1291 018e 00000000 		.4byte	0
 1292 0192 00000000 		.4byte	0
 1293              	.LLST10:
 1294 0196 00000000 		.4byte	.LVL42
 1295 019a 0A000000 		.4byte	.LVL44
 1296 019e 0100     		.2byte	0x1
 1297 01a0 52       		.byte	0x52
 1298 01a1 0A000000 		.4byte	.LVL44
 1299 01a5 38000000 		.4byte	.LFE65
ARM GAS  C:\Users\vellu\AppData\Local\Temp\ccd1R4jB.s 			page 26


 1300 01a9 0100     		.2byte	0x1
 1301 01ab 54       		.byte	0x54
 1302 01ac 00000000 		.4byte	0
 1303 01b0 00000000 		.4byte	0
 1304              	.LLST11:
 1305 01b4 06000000 		.4byte	.LVL43
 1306 01b8 0A000000 		.4byte	.LVL44
 1307 01bc 0200     		.2byte	0x2
 1308 01be 30       		.byte	0x30
 1309 01bf 9F       		.byte	0x9f
 1310 01c0 0A000000 		.4byte	.LVL44
 1311 01c4 38000000 		.4byte	.LFE65
 1312 01c8 0100     		.2byte	0x1
 1313 01ca 56       		.byte	0x56
 1314 01cb 00000000 		.4byte	0
 1315 01cf 00000000 		.4byte	0
 1316              	.LLST12:
 1317 01d3 0E000000 		.4byte	.LVL45
 1318 01d7 15000000 		.4byte	.LVL46-1
 1319 01db 0100     		.2byte	0x1
 1320 01dd 50       		.byte	0x50
 1321 01de 1C000000 		.4byte	.LVL48
 1322 01e2 24000000 		.4byte	.LVL50
 1323 01e6 0200     		.2byte	0x2
 1324 01e8 3A       		.byte	0x3a
 1325 01e9 9F       		.byte	0x9f
 1326 01ea 24000000 		.4byte	.LVL50
 1327 01ee 30000000 		.4byte	.LVL53
 1328 01f2 0100     		.2byte	0x1
 1329 01f4 55       		.byte	0x55
 1330 01f5 00000000 		.4byte	0
 1331 01f9 00000000 		.4byte	0
 1332              		.section	.debug_aranges,"",%progbits
 1333 0000 2C000000 		.4byte	0x2c
 1334 0004 0200     		.2byte	0x2
 1335 0006 00000000 		.4byte	.Ldebug_info0
 1336 000a 04       		.byte	0x4
 1337 000b 00       		.byte	0
 1338 000c 0000     		.2byte	0
 1339 000e 0000     		.2byte	0
 1340 0010 00000000 		.4byte	.LFB63
 1341 0014 D0000000 		.4byte	.LFE63-.LFB63
 1342 0018 00000000 		.4byte	.LFB64
 1343 001c 2A000000 		.4byte	.LFE64-.LFB64
 1344 0020 00000000 		.4byte	.LFB65
 1345 0024 38000000 		.4byte	.LFE65-.LFB65
 1346 0028 00000000 		.4byte	0
 1347 002c 00000000 		.4byte	0
 1348              		.section	.debug_ranges,"",%progbits
 1349              	.Ldebug_ranges0:
 1350 0000 00000000 		.4byte	.LFB63
 1351 0004 D0000000 		.4byte	.LFE63
 1352 0008 00000000 		.4byte	.LFB64
 1353 000c 2A000000 		.4byte	.LFE64
 1354 0010 00000000 		.4byte	.LFB65
 1355 0014 38000000 		.4byte	.LFE65
 1356 0018 00000000 		.4byte	0
ARM GAS  C:\Users\vellu\AppData\Local\Temp\ccd1R4jB.s 			page 27


 1357 001c 00000000 		.4byte	0
 1358              		.section	.debug_line,"",%progbits
 1359              	.Ldebug_line0:
 1360 0000 DC010000 		.section	.debug_str,"MS",%progbits,1
 1360      02005E01 
 1360      00000201 
 1360      FB0E0D00 
 1360      01010101 
 1361              	.LASF34:
 1362 0000 55415254 		.ascii	"UART_1_Start\000"
 1362      5F315F53 
 1362      74617274 
 1362      00
 1363              	.LASF9:
 1364 000d 5F5F696E 		.ascii	"__int32_t\000"
 1364      7433325F 
 1364      7400
 1365              	.LASF3:
 1366 0017 73686F72 		.ascii	"short unsigned int\000"
 1366      7420756E 
 1366      7369676E 
 1366      65642069 
 1366      6E7400
 1367              	.LASF26:
 1368 002a 5F726561 		.ascii	"_read\000"
 1368      6400
 1369              	.LASF12:
 1370 0030 666C6F61 		.ascii	"float\000"
 1370      7400
 1371              	.LASF25:
 1372 0036 66696C65 		.ascii	"file\000"
 1372      00
 1373              	.LASF29:
 1374 003b 7363616E 		.ascii	"scanf\000"
 1374      6600
 1375              	.LASF1:
 1376 0041 756E7369 		.ascii	"unsigned char\000"
 1376      676E6564 
 1376      20636861 
 1376      7200
 1377              	.LASF21:
 1378 004f 64656274 		.ascii	"debt\000"
 1378      00
 1379              	.LASF5:
 1380 0054 6C6F6E67 		.ascii	"long unsigned int\000"
 1380      20756E73 
 1380      69676E65 
 1380      6420696E 
 1380      7400
 1381              	.LASF19:
 1382 0066 7061796D 		.ascii	"payment\000"
 1382      656E7400 
 1383              	.LASF33:
 1384 006e 49544D5F 		.ascii	"ITM_RxBuffer\000"
 1384      52784275 
 1384      66666572 
 1384      00
ARM GAS  C:\Users\vellu\AppData\Local\Temp\ccd1R4jB.s 			page 28


 1385              	.LASF13:
 1386 007b 646F7562 		.ascii	"double\000"
 1386      6C6500
 1387              	.LASF23:
 1388 0082 6D61696E 		.ascii	"main\000"
 1388      00
 1389              	.LASF22:
 1390 0087 62616C61 		.ascii	"balance\000"
 1390      6E636500 
 1391              	.LASF30:
 1392 008f 474E5520 		.ascii	"GNU C 4.9.3 20150303 (release) [ARM/embedded-4_9-br"
 1392      4320342E 
 1392      392E3320 
 1392      32303135 
 1392      30333033 
 1393 00c2 616E6368 		.ascii	"anch revision 221220] -mcpu=cortex-m3 -mthumb -g -O"
 1393      20726576 
 1393      6973696F 
 1393      6E203232 
 1393      31323230 
 1394 00f5 67202D66 		.ascii	"g -ffunction-sections -ffat-lto-objects\000"
 1394      66756E63 
 1394      74696F6E 
 1394      2D736563 
 1394      74696F6E 
 1395              	.LASF35:
 1396 011d 55415254 		.ascii	"UART_1_PutChar\000"
 1396      5F315F50 
 1396      75744368 
 1396      617200
 1397              	.LASF8:
 1398 012c 756E7369 		.ascii	"unsigned int\000"
 1398      676E6564 
 1398      20696E74 
 1398      00
 1399              	.LASF7:
 1400 0139 6C6F6E67 		.ascii	"long long unsigned int\000"
 1400      206C6F6E 
 1400      6720756E 
 1400      7369676E 
 1400      65642069 
 1401              	.LASF17:
 1402 0150 696E7465 		.ascii	"interestOneP\000"
 1402      72657374 
 1402      4F6E6550 
 1402      00
 1403              	.LASF10:
 1404 015d 696E7433 		.ascii	"int32_t\000"
 1404      325F7400 
 1405              	.LASF24:
 1406 0165 5F777269 		.ascii	"_write\000"
 1406      746500
 1407              	.LASF15:
 1408 016c 73697A65 		.ascii	"sizetype\000"
 1408      74797065 
 1408      00
 1409              	.LASF6:
ARM GAS  C:\Users\vellu\AppData\Local\Temp\ccd1R4jB.s 			page 29


 1410 0175 6C6F6E67 		.ascii	"long long int\000"
 1410      206C6F6E 
 1410      6720696E 
 1410      7400
 1411              	.LASF31:
 1412 0183 6D61696E 		.ascii	"main.c\000"
 1412      2E6300
 1413              	.LASF14:
 1414 018a 63686172 		.ascii	"char\000"
 1414      00
 1415              	.LASF16:
 1416 018f 696E7465 		.ascii	"interestRate\000"
 1416      72657374 
 1416      52617465 
 1416      00
 1417              	.LASF28:
 1418 019c 7072696E 		.ascii	"printf\000"
 1418      746600
 1419              	.LASF27:
 1420 01a3 636F756E 		.ascii	"count\000"
 1420      7400
 1421              	.LASF2:
 1422 01a9 73686F72 		.ascii	"short int\000"
 1422      7420696E 
 1422      7400
 1423              	.LASF11:
 1424 01b3 75696E74 		.ascii	"uint8\000"
 1424      3800
 1425              	.LASF4:
 1426 01b9 6C6F6E67 		.ascii	"long int\000"
 1426      20696E74 
 1426      00
 1427              	.LASF32:
 1428 01c2 433A5C55 		.ascii	"C:\\Users\\vellu\\OneDrive\\Tiedostot\\PSoC Creator"
 1428      73657273 
 1428      5C76656C 
 1428      6C755C4F 
 1428      6E654472 
 1429 01f0 5C4B6F75 		.ascii	"\\KouluOhjelmointi\\Exercise11.cydsn\000"
 1429      6C754F68 
 1429      6A656C6D 
 1429      6F696E74 
 1429      695C4578 
 1430              	.LASF20:
 1431 0213 6C6F616E 		.ascii	"loan\000"
 1431      00
 1432              	.LASF0:
 1433 0218 7369676E 		.ascii	"signed char\000"
 1433      65642063 
 1433      68617200 
 1434              	.LASF18:
 1435 0224 696E7465 		.ascii	"interestVal\000"
 1435      72657374 
 1435      56616C00 
 1436              	.LASF36:
 1437 0230 55415254 		.ascii	"UART_1_GetChar\000"
 1437      5F315F47 
ARM GAS  C:\Users\vellu\AppData\Local\Temp\ccd1R4jB.s 			page 30


 1437      65744368 
 1437      617200
 1438              		.ident	"GCC: (GNU Tools for ARM Embedded Processors) 4.9.3 20150303 (release) [ARM/embedded-4_9-br
