ARM GAS  C:\Users\vellu\AppData\Local\Temp\ccRx8Odk.s 			page 1


   1              		.syntax unified
   2              		.cpu cortex-m3
   3              		.fpu softvfp
   4              		.eabi_attribute 20, 1
   5              		.eabi_attribute 21, 1
   6              		.eabi_attribute 23, 3
   7              		.eabi_attribute 24, 1
   8              		.eabi_attribute 25, 1
   9              		.eabi_attribute 26, 1
  10              		.eabi_attribute 30, 1
  11              		.eabi_attribute 34, 1
  12              		.eabi_attribute 18, 4
  13              		.thumb
  14              		.file	"main.c"
  15              		.text
  16              	.Ltext0:
  17              		.cfi_sections	.debug_frame
  18              		.section	.text.main,"ax",%progbits
  19              		.align	2
  20              		.global	main
  21              		.thumb
  22              		.thumb_func
  23              		.type	main, %function
  24              	main:
  25              	.LFB63:
  26              		.file 1 "main.c"
   1:main.c        **** /* ========================================
   2:main.c        ****  *
   3:main.c        ****  * Copyright YOUR COMPANY, THE YEAR
   4:main.c        ****  * All Rights Reserved
   5:main.c        ****  * UNPUBLISHED, LICENSED SOFTWARE.
   6:main.c        ****  *
   7:main.c        ****  * CONFIDENTIAL AND PROPRIETARY INFORMATION
   8:main.c        ****  * WHICH IS THE PROPERTY OF your company.
   9:main.c        ****  *
  10:main.c        ****  * ========================================
  11:main.c        **** */
  12:main.c        **** #include "project.h"
  13:main.c        **** #include "stdio.h"
  14:main.c        **** 
  15:main.c        **** int main(void)
  16:main.c        **** {
  27              		.loc 1 16 0
  28              		.cfi_startproc
  29              		@ args = 0, pretend = 0, frame = 16
  30              		@ frame_needed = 0, uses_anonymous_args = 0
  31 0000 10B5     		push	{r4, lr}
  32              		.cfi_def_cfa_offset 8
  33              		.cfi_offset 4, -8
  34              		.cfi_offset 14, -4
  35 0002 84B0     		sub	sp, sp, #16
  36              		.cfi_def_cfa_offset 24
  17:main.c        ****     CyGlobalIntEnable; /* Enable global interrupts. */
  37              		.loc 1 17 0
  38              	@ 17 "main.c" 1
  39 0004 62B6     		CPSIE   i
  40              	@ 0 "" 2
ARM GAS  C:\Users\vellu\AppData\Local\Temp\ccRx8Odk.s 			page 2


  18:main.c        **** 
  19:main.c        ****     /* Place your initialization/startup code here (e.g. MyInst_Start()) */
  20:main.c        ****     UART_1_Start();
  41              		.loc 1 20 0
  42              		.thumb
  43 0006 FFF7FEFF 		bl	UART_1_Start
  44              	.LVL0:
  21:main.c        ****     
  22:main.c        ****     int sleepTimeHours = 0;
  45              		.loc 1 22 0
  46 000a 0023     		movs	r3, #0
  47 000c 0393     		str	r3, [sp, #12]
  23:main.c        ****     int sleepTimeMinutes = 0;
  48              		.loc 1 23 0
  49 000e 0293     		str	r3, [sp, #8]
  24:main.c        ****     int curHours = 0;
  50              		.loc 1 24 0
  51 0010 0193     		str	r3, [sp, #4]
  25:main.c        ****     int curMinutes = 0;
  52              		.loc 1 25 0
  53 0012 0093     		str	r3, [sp]
  54              	.LVL1:
  26:main.c        ****     int hoursPerDayMin=0;
  27:main.c        ****     int hoursPerDayMax=24;
  28:main.c        ****     int minutesPerHourMin=0;
  29:main.c        ****     int minutesPerHourMax=60;
  30:main.c        ****     int hoursToWakeUp = 0;
  31:main.c        ****     int minutesToWakeUp = 0;
  32:main.c        ****     int difHours = 0;
  33:main.c        ****     int difMins= 0;
  34:main.c        ****     
  35:main.c        ****     printf("\nEnter current time (hh:mm): ");
  55              		.loc 1 35 0
  56 0014 1F48     		ldr	r0, .L9
  57 0016 FFF7FEFF 		bl	printf
  58              	.LVL2:
  36:main.c        ****     scanf("%d:%d",&curHours,&curMinutes);
  59              		.loc 1 36 0
  60 001a 1F4C     		ldr	r4, .L9+4
  61 001c 2046     		mov	r0, r4
  62 001e 01A9     		add	r1, sp, #4
  63 0020 6A46     		mov	r2, sp
  64 0022 FFF7FEFF 		bl	scanf
  65              	.LVL3:
  37:main.c        ****     printf("How long do you want to sleep (h:mm): \n");
  66              		.loc 1 37 0
  67 0026 1D48     		ldr	r0, .L9+8
  68 0028 FFF7FEFF 		bl	puts
  69              	.LVL4:
  38:main.c        ****     scanf("%d:%d",&sleepTimeHours,&sleepTimeMinutes);
  70              		.loc 1 38 0
  71 002c 2046     		mov	r0, r4
  72 002e 03A9     		add	r1, sp, #12
  73 0030 02AA     		add	r2, sp, #8
  74 0032 FFF7FEFF 		bl	scanf
  75              	.LVL5:
  39:main.c        ****     //adds hours and minutes to curtime and stores it in new variable
ARM GAS  C:\Users\vellu\AppData\Local\Temp\ccRx8Odk.s 			page 3


  40:main.c        ****     difHours=curHours+sleepTimeHours;
  76              		.loc 1 40 0
  77 0036 039B     		ldr	r3, [sp, #12]
  78 0038 0199     		ldr	r1, [sp, #4]
  79 003a 1944     		add	r1, r1, r3
  80              	.LVL6:
  41:main.c        ****     difMins=curMinutes+sleepTimeMinutes;
  81              		.loc 1 41 0
  82 003c 029B     		ldr	r3, [sp, #8]
  83 003e 009A     		ldr	r2, [sp]
  84 0040 1A44     		add	r2, r2, r3
  85              	.LVL7:
  42:main.c        ****     
  43:main.c        ****     //checks if difhours is bigger than max hours per day and minutes per hour.
  44:main.c        ****     
  45:main.c        ****     if(difHours<hoursPerDayMax&&difMins<minutesPerHourMax)
  86              		.loc 1 45 0
  87 0042 1729     		cmp	r1, #23
  88 0044 01DC     		bgt	.L2
  89              		.loc 1 45 0 is_stmt 0 discriminator 1
  90 0046 3B2A     		cmp	r2, #59
  91 0048 1EDD     		ble	.L3
  92              	.L2:
  46:main.c        ****     {
  47:main.c        ****         hoursToWakeUp=difHours;
  48:main.c        ****         minutesToWakeUp=difMins;
  49:main.c        ****     }
  50:main.c        ****     else if (difHours>= hoursPerDayMax && difMins<minutesPerHourMax)
  93              		.loc 1 50 0 is_stmt 1
  94 004a 1729     		cmp	r1, #23
  95 004c 04DD     		ble	.L4
  96              		.loc 1 50 0 is_stmt 0 discriminator 1
  97 004e 3B2A     		cmp	r2, #59
  98 0050 02DC     		bgt	.L4
  51:main.c        ****         {
  52:main.c        ****         hoursToWakeUp = difHours&hoursPerDayMax;
  99              		.loc 1 52 0 is_stmt 1
 100 0052 01F01801 		and	r1, r1, #24
 101              	.LVL8:
  53:main.c        ****         minutesToWakeUp=difMins;
 102              		.loc 1 53 0
 103 0056 17E0     		b	.L3
 104              	.LVL9:
 105              	.L4:
  54:main.c        ****         }
  55:main.c        ****     else if (difHours<hoursPerDayMax&&difMins>=minutesPerHourMax)
 106              		.loc 1 55 0
 107 0058 1729     		cmp	r1, #23
 108 005a 04DC     		bgt	.L5
 109              		.loc 1 55 0 is_stmt 0 discriminator 1
 110 005c 3B2A     		cmp	r2, #59
 111 005e 02DD     		ble	.L5
 112              	.LVL10:
  56:main.c        ****     {
  57:main.c        ****         hoursToWakeUp = difHours;
  58:main.c        ****         minutesToWakeUp = difMins-minutesPerHourMax;
 113              		.loc 1 58 0 is_stmt 1
ARM GAS  C:\Users\vellu\AppData\Local\Temp\ccRx8Odk.s 			page 4


 114 0060 3C3A     		subs	r2, r2, #60
 115              	.LVL11:
  59:main.c        ****         hoursToWakeUp += 1;
 116              		.loc 1 59 0
 117 0062 0131     		adds	r1, r1, #1
 118              	.LVL12:
 119 0064 10E0     		b	.L3
 120              	.LVL13:
 121              	.L5:
  60:main.c        ****     }
  61:main.c        ****     else if (difHours>=hoursPerDayMax&&difMins>=minutesPerHourMax)
 122              		.loc 1 61 0
 123 0066 1729     		cmp	r1, #23
 124 0068 09DD     		ble	.L6
 125              		.loc 1 61 0 is_stmt 0 discriminator 1
 126 006a 3B2A     		cmp	r2, #59
 127 006c 0ADD     		ble	.L7
  62:main.c        ****     {
  63:main.c        ****         hoursToWakeUp=difHours%hoursPerDayMax;
 128              		.loc 1 63 0 is_stmt 1
 129 006e 1823     		movs	r3, #24
 130 0070 91FBF3F0 		sdiv	r0, r1, r3
 131 0074 03FB1011 		mls	r1, r3, r0, r1
 132              	.LVL14:
  64:main.c        ****         minutesToWakeUp=difMins-minutesPerHourMax;
 133              		.loc 1 64 0
 134 0078 3C3A     		subs	r2, r2, #60
 135              	.LVL15:
  65:main.c        ****         hoursToWakeUp += 1;
 136              		.loc 1 65 0
 137 007a 0131     		adds	r1, r1, #1
 138              	.LVL16:
 139 007c 04E0     		b	.L3
 140              	.LVL17:
 141              	.L6:
  31:main.c        ****     int difHours = 0;
 142              		.loc 1 31 0
 143 007e 0022     		movs	r2, #0
 144              	.LVL18:
  30:main.c        ****     int minutesToWakeUp = 0;
 145              		.loc 1 30 0
 146 0080 1146     		mov	r1, r2
 147              	.LVL19:
 148 0082 01E0     		b	.L3
 149              	.LVL20:
 150              	.L7:
  31:main.c        ****     int difHours = 0;
 151              		.loc 1 31 0
 152 0084 0022     		movs	r2, #0
 153              	.LVL21:
  30:main.c        ****     int minutesToWakeUp = 0;
 154              		.loc 1 30 0
 155 0086 1146     		mov	r1, r2
 156              	.LVL22:
 157              	.L3:
  66:main.c        ****     }
  67:main.c        ****     
ARM GAS  C:\Users\vellu\AppData\Local\Temp\ccRx8Odk.s 			page 5


  68:main.c        ****     printf("If you go to bed now you must wake up at %d:%d\n",hoursToWakeUp,minutesToWakeUp);
 158              		.loc 1 68 0
 159 0088 0548     		ldr	r0, .L9+12
 160 008a FFF7FEFF 		bl	printf
 161              	.LVL23:
  69:main.c        ****     
  70:main.c        ****     return 0;
  71:main.c        ****     
  72:main.c        **** }
 162              		.loc 1 72 0
 163 008e 0020     		movs	r0, #0
 164 0090 04B0     		add	sp, sp, #16
 165              		.cfi_def_cfa_offset 8
 166              		@ sp needed
 167 0092 10BD     		pop	{r4, pc}
 168              	.L10:
 169              		.align	2
 170              	.L9:
 171 0094 00000000 		.word	.LC0
 172 0098 20000000 		.word	.LC1
 173 009c 28000000 		.word	.LC2
 174 00a0 50000000 		.word	.LC3
 175              		.cfi_endproc
 176              	.LFE63:
 177              		.size	main, .-main
 178              		.section	.text._write,"ax",%progbits
 179              		.align	2
 180              		.global	_write
 181              		.thumb
 182              		.thumb_func
 183              		.type	_write, %function
 184              	_write:
 185              	.LFB64:
  73:main.c        **** int _write(int file, char *ptr, int len)
  74:main.c        **** {
 186              		.loc 1 74 0
 187              		.cfi_startproc
 188              		@ args = 0, pretend = 0, frame = 0
 189              		@ frame_needed = 0, uses_anonymous_args = 0
 190              	.LVL24:
 191 0000 F8B5     		push	{r3, r4, r5, r6, r7, lr}
 192              		.cfi_def_cfa_offset 24
 193              		.cfi_offset 3, -24
 194              		.cfi_offset 4, -20
 195              		.cfi_offset 5, -16
 196              		.cfi_offset 6, -12
 197              		.cfi_offset 7, -8
 198              		.cfi_offset 14, -4
 199 0002 0C46     		mov	r4, r1
 200 0004 1746     		mov	r7, r2
 201              	.LVL25:
  75:main.c        ****     (void)file; /* Parameter is not used, suppress unused argument warning */
  76:main.c        **** 	int n;
  77:main.c        **** 	for(n = 0; n < len; n++) {
 202              		.loc 1 77 0
 203 0006 0025     		movs	r5, #0
 204 0008 0BE0     		b	.L12
ARM GAS  C:\Users\vellu\AppData\Local\Temp\ccRx8Odk.s 			page 6


 205              	.LVL26:
 206              	.L14:
  78:main.c        ****         if(*ptr == '\n') UART_1_PutChar('\r');
 207              		.loc 1 78 0
 208 000a 2378     		ldrb	r3, [r4]	@ zero_extendqisi2
 209 000c 0A2B     		cmp	r3, #10
 210 000e 02D1     		bne	.L13
 211              		.loc 1 78 0 is_stmt 0 discriminator 1
 212 0010 0D20     		movs	r0, #13
 213 0012 FFF7FEFF 		bl	UART_1_PutChar
 214              	.LVL27:
 215              	.L13:
  79:main.c        **** 		UART_1_PutChar(*ptr++);
 216              		.loc 1 79 0 is_stmt 1 discriminator 2
 217 0016 661C     		adds	r6, r4, #1
 218              	.LVL28:
 219 0018 2078     		ldrb	r0, [r4]	@ zero_extendqisi2
 220 001a FFF7FEFF 		bl	UART_1_PutChar
 221              	.LVL29:
  77:main.c        ****         if(*ptr == '\n') UART_1_PutChar('\r');
 222              		.loc 1 77 0 discriminator 2
 223 001e 0135     		adds	r5, r5, #1
 224              	.LVL30:
 225              		.loc 1 79 0 discriminator 2
 226 0020 3446     		mov	r4, r6
 227              	.LVL31:
 228              	.L12:
  77:main.c        ****         if(*ptr == '\n') UART_1_PutChar('\r');
 229              		.loc 1 77 0 discriminator 1
 230 0022 BD42     		cmp	r5, r7
 231 0024 F1DB     		blt	.L14
  80:main.c        **** 	}
  81:main.c        **** 	return len;
  82:main.c        **** }
 232              		.loc 1 82 0
 233 0026 3846     		mov	r0, r7
 234 0028 F8BD     		pop	{r3, r4, r5, r6, r7, pc}
 235              		.cfi_endproc
 236              	.LFE64:
 237              		.size	_write, .-_write
 238 002a 00BF     		.section	.text._read,"ax",%progbits
 239              		.align	2
 240              		.global	_read
 241              		.thumb
 242              		.thumb_func
 243              		.type	_read, %function
 244              	_read:
 245              	.LFB65:
  83:main.c        **** 
  84:main.c        **** int _read (int file, char *ptr, int count)
  85:main.c        **** {
 246              		.loc 1 85 0
 247              		.cfi_startproc
 248              		@ args = 0, pretend = 0, frame = 0
 249              		@ frame_needed = 0, uses_anonymous_args = 0
 250              	.LVL32:
 251 0000 F8B5     		push	{r3, r4, r5, r6, r7, lr}
ARM GAS  C:\Users\vellu\AppData\Local\Temp\ccRx8Odk.s 			page 7


 252              		.cfi_def_cfa_offset 24
 253              		.cfi_offset 3, -24
 254              		.cfi_offset 4, -20
 255              		.cfi_offset 5, -16
 256              		.cfi_offset 6, -12
 257              		.cfi_offset 7, -8
 258              		.cfi_offset 14, -4
 259 0002 0F46     		mov	r7, r1
 260 0004 1446     		mov	r4, r2
 261              	.LVL33:
  86:main.c        ****     int chs = 0;
 262              		.loc 1 86 0
 263 0006 0026     		movs	r6, #0
  87:main.c        ****     char ch;
  88:main.c        ****  
  89:main.c        ****     (void)file; /* Parameter is not used, suppress unused argument warning */
  90:main.c        ****     while(count > 0) {
 264              		.loc 1 90 0
 265 0008 12E0     		b	.L18
 266              	.LVL34:
 267              	.L21:
  91:main.c        ****         ch = UART_1_GetChar();
 268              		.loc 1 91 0
 269 000a FFF7FEFF 		bl	UART_1_GetChar
 270              	.LVL35:
  92:main.c        ****         if(ch != 0) {
 271              		.loc 1 92 0
 272 000e 0546     		mov	r5, r0
 273 0010 70B1     		cbz	r0, .L18
  93:main.c        ****             UART_1_PutChar(ch);
 274              		.loc 1 93 0
 275 0012 FFF7FEFF 		bl	UART_1_PutChar
 276              	.LVL36:
  94:main.c        ****             chs++;
 277              		.loc 1 94 0
 278 0016 0136     		adds	r6, r6, #1
 279              	.LVL37:
  95:main.c        ****             if(ch == '\r') {
 280              		.loc 1 95 0
 281 0018 0D2D     		cmp	r5, #13
 282 001a 03D1     		bne	.L19
 283              	.LVL38:
  96:main.c        ****                 ch = '\n';
  97:main.c        ****                 UART_1_PutChar(ch);
 284              		.loc 1 97 0
 285 001c 0A20     		movs	r0, #10
 286 001e FFF7FEFF 		bl	UART_1_PutChar
 287              	.LVL39:
  96:main.c        ****                 ch = '\n';
 288              		.loc 1 96 0
 289 0022 0A25     		movs	r5, #10
 290              	.LVL40:
 291              	.L19:
  98:main.c        ****             }
  99:main.c        ****             *ptr++ = ch;
 292              		.loc 1 99 0
 293 0024 7B1C     		adds	r3, r7, #1
ARM GAS  C:\Users\vellu\AppData\Local\Temp\ccRx8Odk.s 			page 8


 294              	.LVL41:
 295 0026 3D70     		strb	r5, [r7]
 100:main.c        ****             count--;
 296              		.loc 1 100 0
 297 0028 013C     		subs	r4, r4, #1
 298              	.LVL42:
 101:main.c        ****             if(ch == '\n') break;
 299              		.loc 1 101 0
 300 002a 0A2D     		cmp	r5, #10
 301 002c 02D0     		beq	.L20
  99:main.c        ****             count--;
 302              		.loc 1 99 0
 303 002e 1F46     		mov	r7, r3
 304              	.LVL43:
 305              	.L18:
  90:main.c        ****         ch = UART_1_GetChar();
 306              		.loc 1 90 0
 307 0030 002C     		cmp	r4, #0
 308 0032 EADC     		bgt	.L21
 309              	.LVL44:
 310              	.L20:
 102:main.c        ****         }
 103:main.c        ****     }
 104:main.c        ****     return chs;
 105:main.c        **** }
 311              		.loc 1 105 0
 312 0034 3046     		mov	r0, r6
 313 0036 F8BD     		pop	{r3, r4, r5, r6, r7, pc}
 314              		.cfi_endproc
 315              	.LFE65:
 316              		.size	_read, .-_read
 317              		.section	.rodata.str1.4,"aMS",%progbits,1
 318              		.align	2
 319              	.LC0:
 320 0000 0A456E74 		.ascii	"\012Enter current time (hh:mm): \000"
 320      65722063 
 320      75727265 
 320      6E742074 
 320      696D6520 
 321 001e 0000     		.space	2
 322              	.LC1:
 323 0020 25643A25 		.ascii	"%d:%d\000"
 323      6400
 324 0026 0000     		.space	2
 325              	.LC2:
 326 0028 486F7720 		.ascii	"How long do you want to sleep (h:mm): \000"
 326      6C6F6E67 
 326      20646F20 
 326      796F7520 
 326      77616E74 
 327 004f 00       		.space	1
 328              	.LC3:
 329 0050 49662079 		.ascii	"If you go to bed now you must wake up at %d:%d\012\000"
 329      6F752067 
 329      6F20746F 
 329      20626564 
 329      206E6F77 
ARM GAS  C:\Users\vellu\AppData\Local\Temp\ccRx8Odk.s 			page 9


 330              		.text
 331              	.Letext0:
 332              		.file 2 "c:\\program files (x86)\\cypress\\psoc creator\\4.0\\psoc creator\\import\\gnu\\arm\\4.9.
 333              		.file 3 "c:\\program files (x86)\\cypress\\psoc creator\\4.0\\psoc creator\\import\\gnu\\arm\\4.9.
 334              		.file 4 "Generated_Source\\PSoC5/cytypes.h"
 335              		.file 5 "c:\\program files (x86)\\cypress\\psoc creator\\4.0\\psoc creator\\import\\gnu\\arm\\4.9.
 336              		.file 6 "Generated_Source\\PSoC5/core_cm3.h"
 337              		.file 7 "Generated_Source\\PSoC5/UART_1.h"
 338              		.file 8 "<built-in>"
 339              		.section	.debug_info,"",%progbits
 340              	.Ldebug_info0:
 341 0000 78030000 		.4byte	0x378
 342 0004 0400     		.2byte	0x4
 343 0006 00000000 		.4byte	.Ldebug_abbrev0
 344 000a 04       		.byte	0x4
 345 000b 01       		.uleb128 0x1
 346 000c B1000000 		.4byte	.LASF35
 347 0010 01       		.byte	0x1
 348 0011 B2010000 		.4byte	.LASF36
 349 0015 2A020000 		.4byte	.LASF37
 350 0019 00000000 		.4byte	.Ldebug_ranges0+0
 351 001d 00000000 		.4byte	0
 352 0021 00000000 		.4byte	.Ldebug_line0
 353 0025 02       		.uleb128 0x2
 354 0026 01       		.byte	0x1
 355 0027 06       		.byte	0x6
 356 0028 1E020000 		.4byte	.LASF0
 357 002c 02       		.uleb128 0x2
 358 002d 01       		.byte	0x1
 359 002e 08       		.byte	0x8
 360 002f 4A000000 		.4byte	.LASF1
 361 0033 02       		.uleb128 0x2
 362 0034 02       		.byte	0x2
 363 0035 05       		.byte	0x5
 364 0036 D3010000 		.4byte	.LASF2
 365 003a 02       		.uleb128 0x2
 366 003b 02       		.byte	0x2
 367 003c 07       		.byte	0x7
 368 003d 20000000 		.4byte	.LASF3
 369 0041 03       		.uleb128 0x3
 370 0042 0D000000 		.4byte	.LASF9
 371 0046 02       		.byte	0x2
 372 0047 3F       		.byte	0x3f
 373 0048 4C000000 		.4byte	0x4c
 374 004c 02       		.uleb128 0x2
 375 004d 04       		.byte	0x4
 376 004e 05       		.byte	0x5
 377 004f 17000000 		.4byte	.LASF4
 378 0053 02       		.uleb128 0x2
 379 0054 04       		.byte	0x4
 380 0055 07       		.byte	0x7
 381 0056 58000000 		.4byte	.LASF5
 382 005a 02       		.uleb128 0x2
 383 005b 08       		.byte	0x8
 384 005c 05       		.byte	0x5
 385 005d A4010000 		.4byte	.LASF6
 386 0061 02       		.uleb128 0x2
ARM GAS  C:\Users\vellu\AppData\Local\Temp\ccRx8Odk.s 			page 10


 387 0062 08       		.byte	0x8
 388 0063 07       		.byte	0x7
 389 0064 66010000 		.4byte	.LASF7
 390 0068 04       		.uleb128 0x4
 391 0069 04       		.byte	0x4
 392 006a 05       		.byte	0x5
 393 006b 696E7400 		.ascii	"int\000"
 394 006f 02       		.uleb128 0x2
 395 0070 04       		.byte	0x4
 396 0071 07       		.byte	0x7
 397 0072 4E010000 		.4byte	.LASF8
 398 0076 03       		.uleb128 0x3
 399 0077 8C010000 		.4byte	.LASF10
 400 007b 03       		.byte	0x3
 401 007c 2C       		.byte	0x2c
 402 007d 41000000 		.4byte	0x41
 403 0081 05       		.uleb128 0x5
 404 0082 DD010000 		.4byte	.LASF11
 405 0086 04       		.byte	0x4
 406 0087 9201     		.2byte	0x192
 407 0089 2C000000 		.4byte	0x2c
 408 008d 02       		.uleb128 0x2
 409 008e 04       		.byte	0x4
 410 008f 04       		.byte	0x4
 411 0090 39000000 		.4byte	.LASF12
 412 0094 02       		.uleb128 0x2
 413 0095 08       		.byte	0x8
 414 0096 04       		.byte	0x4
 415 0097 88000000 		.4byte	.LASF13
 416 009b 02       		.uleb128 0x2
 417 009c 01       		.byte	0x1
 418 009d 08       		.byte	0x8
 419 009e B9010000 		.4byte	.LASF14
 420 00a2 02       		.uleb128 0x2
 421 00a3 04       		.byte	0x4
 422 00a4 07       		.byte	0x7
 423 00a5 9B010000 		.4byte	.LASF15
 424 00a9 06       		.uleb128 0x6
 425 00aa 04       		.byte	0x4
 426 00ab 9B000000 		.4byte	0x9b
 427 00af 06       		.uleb128 0x6
 428 00b0 04       		.byte	0x4
 429 00b1 B5000000 		.4byte	0xb5
 430 00b5 07       		.uleb128 0x7
 431 00b6 9B000000 		.4byte	0x9b
 432 00ba 08       		.uleb128 0x8
 433 00bb 9D000000 		.4byte	.LASF28
 434 00bf 01       		.byte	0x1
 435 00c0 0F       		.byte	0xf
 436 00c1 68000000 		.4byte	0x68
 437 00c5 00000000 		.4byte	.LFB63
 438 00c9 A4000000 		.4byte	.LFE63-.LFB63
 439 00cd 01       		.uleb128 0x1
 440 00ce 9C       		.byte	0x9c
 441 00cf 02020000 		.4byte	0x202
 442 00d3 09       		.uleb128 0x9
 443 00d4 7A020000 		.4byte	.LASF16
ARM GAS  C:\Users\vellu\AppData\Local\Temp\ccRx8Odk.s 			page 11


 444 00d8 01       		.byte	0x1
 445 00d9 16       		.byte	0x16
 446 00da 68000000 		.4byte	0x68
 447 00de 02       		.uleb128 0x2
 448 00df 91       		.byte	0x91
 449 00e0 74       		.sleb128 -12
 450 00e1 09       		.uleb128 0x9
 451 00e2 77000000 		.4byte	.LASF17
 452 00e6 01       		.byte	0x1
 453 00e7 17       		.byte	0x17
 454 00e8 68000000 		.4byte	0x68
 455 00ec 02       		.uleb128 0x2
 456 00ed 91       		.byte	0x91
 457 00ee 70       		.sleb128 -16
 458 00ef 09       		.uleb128 0x9
 459 00f0 15020000 		.4byte	.LASF18
 460 00f4 01       		.byte	0x1
 461 00f5 18       		.byte	0x18
 462 00f6 68000000 		.4byte	0x68
 463 00fa 02       		.uleb128 0x2
 464 00fb 91       		.byte	0x91
 465 00fc 6C       		.sleb128 -20
 466 00fd 09       		.uleb128 0x9
 467 00fe 5B010000 		.4byte	.LASF19
 468 0102 01       		.byte	0x1
 469 0103 19       		.byte	0x19
 470 0104 68000000 		.4byte	0x68
 471 0108 02       		.uleb128 0x2
 472 0109 91       		.byte	0x91
 473 010a 68       		.sleb128 -24
 474 010b 0A       		.uleb128 0xa
 475 010c 7D010000 		.4byte	.LASF20
 476 0110 01       		.byte	0x1
 477 0111 1A       		.byte	0x1a
 478 0112 68000000 		.4byte	0x68
 479 0116 00       		.byte	0
 480 0117 0A       		.uleb128 0xa
 481 0118 A2000000 		.4byte	.LASF21
 482 011c 01       		.byte	0x1
 483 011d 1B       		.byte	0x1b
 484 011e 68000000 		.4byte	0x68
 485 0122 18       		.byte	0x18
 486 0123 0A       		.uleb128 0xa
 487 0124 FE010000 		.4byte	.LASF22
 488 0128 01       		.byte	0x1
 489 0129 1C       		.byte	0x1c
 490 012a 68000000 		.4byte	0x68
 491 012e 00       		.byte	0
 492 012f 0A       		.uleb128 0xa
 493 0130 EC010000 		.4byte	.LASF23
 494 0134 01       		.byte	0x1
 495 0135 1D       		.byte	0x1d
 496 0136 68000000 		.4byte	0x68
 497 013a 3C       		.byte	0x3c
 498 013b 0B       		.uleb128 0xb
 499 013c 8F000000 		.4byte	.LASF24
 500 0140 01       		.byte	0x1
ARM GAS  C:\Users\vellu\AppData\Local\Temp\ccRx8Odk.s 			page 12


 501 0141 1E       		.byte	0x1e
 502 0142 68000000 		.4byte	0x68
 503 0146 00000000 		.4byte	.LLST0
 504 014a 0B       		.uleb128 0xb
 505 014b 89020000 		.4byte	.LASF25
 506 014f 01       		.byte	0x1
 507 0150 1F       		.byte	0x1f
 508 0151 68000000 		.4byte	0x68
 509 0155 64000000 		.4byte	.LLST1
 510 0159 0B       		.uleb128 0xb
 511 015a E3010000 		.4byte	.LASF26
 512 015e 01       		.byte	0x1
 513 015f 20       		.byte	0x20
 514 0160 68000000 		.4byte	0x68
 515 0164 C8000000 		.4byte	.LLST2
 516 0168 0B       		.uleb128 0xb
 517 0169 BE010000 		.4byte	.LASF27
 518 016d 01       		.byte	0x1
 519 016e 21       		.byte	0x21
 520 016f 68000000 		.4byte	0x68
 521 0173 6D010000 		.4byte	.LLST3
 522 0177 0C       		.uleb128 0xc
 523 0178 0A000000 		.4byte	.LVL0
 524 017c 13030000 		.4byte	0x313
 525 0180 0D       		.uleb128 0xd
 526 0181 1A000000 		.4byte	.LVL2
 527 0185 1A030000 		.4byte	0x31a
 528 0189 97010000 		.4byte	0x197
 529 018d 0E       		.uleb128 0xe
 530 018e 01       		.uleb128 0x1
 531 018f 50       		.byte	0x50
 532 0190 05       		.uleb128 0x5
 533 0191 03       		.byte	0x3
 534 0192 00000000 		.4byte	.LC0
 535 0196 00       		.byte	0
 536 0197 0D       		.uleb128 0xd
 537 0198 26000000 		.4byte	.LVL3
 538 019c 30030000 		.4byte	0x330
 539 01a0 B7010000 		.4byte	0x1b7
 540 01a4 0E       		.uleb128 0xe
 541 01a5 01       		.uleb128 0x1
 542 01a6 52       		.byte	0x52
 543 01a7 02       		.uleb128 0x2
 544 01a8 7D       		.byte	0x7d
 545 01a9 00       		.sleb128 0
 546 01aa 0E       		.uleb128 0xe
 547 01ab 01       		.uleb128 0x1
 548 01ac 51       		.byte	0x51
 549 01ad 02       		.uleb128 0x2
 550 01ae 91       		.byte	0x91
 551 01af 6C       		.sleb128 -20
 552 01b0 0E       		.uleb128 0xe
 553 01b1 01       		.uleb128 0x1
 554 01b2 50       		.byte	0x50
 555 01b3 02       		.uleb128 0x2
 556 01b4 74       		.byte	0x74
 557 01b5 00       		.sleb128 0
ARM GAS  C:\Users\vellu\AppData\Local\Temp\ccRx8Odk.s 			page 13


 558 01b6 00       		.byte	0
 559 01b7 0D       		.uleb128 0xd
 560 01b8 2C000000 		.4byte	.LVL4
 561 01bc 46030000 		.4byte	0x346
 562 01c0 CE010000 		.4byte	0x1ce
 563 01c4 0E       		.uleb128 0xe
 564 01c5 01       		.uleb128 0x1
 565 01c6 50       		.byte	0x50
 566 01c7 05       		.uleb128 0x5
 567 01c8 03       		.byte	0x3
 568 01c9 28000000 		.4byte	.LC2
 569 01cd 00       		.byte	0
 570 01ce 0D       		.uleb128 0xd
 571 01cf 36000000 		.4byte	.LVL5
 572 01d3 30030000 		.4byte	0x330
 573 01d7 EE010000 		.4byte	0x1ee
 574 01db 0E       		.uleb128 0xe
 575 01dc 01       		.uleb128 0x1
 576 01dd 52       		.byte	0x52
 577 01de 02       		.uleb128 0x2
 578 01df 91       		.byte	0x91
 579 01e0 70       		.sleb128 -16
 580 01e1 0E       		.uleb128 0xe
 581 01e2 01       		.uleb128 0x1
 582 01e3 51       		.byte	0x51
 583 01e4 02       		.uleb128 0x2
 584 01e5 91       		.byte	0x91
 585 01e6 74       		.sleb128 -12
 586 01e7 0E       		.uleb128 0xe
 587 01e8 01       		.uleb128 0x1
 588 01e9 50       		.byte	0x50
 589 01ea 02       		.uleb128 0x2
 590 01eb 74       		.byte	0x74
 591 01ec 00       		.sleb128 0
 592 01ed 00       		.byte	0
 593 01ee 0F       		.uleb128 0xf
 594 01ef 8E000000 		.4byte	.LVL23
 595 01f3 1A030000 		.4byte	0x31a
 596 01f7 0E       		.uleb128 0xe
 597 01f8 01       		.uleb128 0x1
 598 01f9 50       		.byte	0x50
 599 01fa 05       		.uleb128 0x5
 600 01fb 03       		.byte	0x3
 601 01fc 50000000 		.4byte	.LC3
 602 0200 00       		.byte	0
 603 0201 00       		.byte	0
 604 0202 08       		.uleb128 0x8
 605 0203 94010000 		.4byte	.LASF29
 606 0207 01       		.byte	0x1
 607 0208 49       		.byte	0x49
 608 0209 68000000 		.4byte	0x68
 609 020d 00000000 		.4byte	.LFB64
 610 0211 2A000000 		.4byte	.LFE64-.LFB64
 611 0215 01       		.uleb128 0x1
 612 0216 9C       		.byte	0x9c
 613 0217 72020000 		.4byte	0x272
 614 021b 10       		.uleb128 0x10
ARM GAS  C:\Users\vellu\AppData\Local\Temp\ccRx8Odk.s 			page 14


 615 021c 3F000000 		.4byte	.LASF30
 616 0220 01       		.byte	0x1
 617 0221 49       		.byte	0x49
 618 0222 68000000 		.4byte	0x68
 619 0226 FB010000 		.4byte	.LLST4
 620 022a 11       		.uleb128 0x11
 621 022b 70747200 		.ascii	"ptr\000"
 622 022f 01       		.byte	0x1
 623 0230 49       		.byte	0x49
 624 0231 A9000000 		.4byte	0xa9
 625 0235 1C020000 		.4byte	.LLST5
 626 0239 11       		.uleb128 0x11
 627 023a 6C656E00 		.ascii	"len\000"
 628 023e 01       		.byte	0x1
 629 023f 49       		.byte	0x49
 630 0240 68000000 		.4byte	0x68
 631 0244 50020000 		.4byte	.LLST6
 632 0248 12       		.uleb128 0x12
 633 0249 6E00     		.ascii	"n\000"
 634 024b 01       		.byte	0x1
 635 024c 4C       		.byte	0x4c
 636 024d 68000000 		.4byte	0x68
 637 0251 6E020000 		.4byte	.LLST7
 638 0255 0D       		.uleb128 0xd
 639 0256 16000000 		.4byte	.LVL27
 640 025a 5F030000 		.4byte	0x35f
 641 025e 68020000 		.4byte	0x268
 642 0262 0E       		.uleb128 0xe
 643 0263 01       		.uleb128 0x1
 644 0264 50       		.byte	0x50
 645 0265 01       		.uleb128 0x1
 646 0266 3D       		.byte	0x3d
 647 0267 00       		.byte	0
 648 0268 0C       		.uleb128 0xc
 649 0269 1E000000 		.4byte	.LVL29
 650 026d 5F030000 		.4byte	0x35f
 651 0271 00       		.byte	0
 652 0272 08       		.uleb128 0x8
 653 0273 33000000 		.4byte	.LASF31
 654 0277 01       		.byte	0x1
 655 0278 54       		.byte	0x54
 656 0279 68000000 		.4byte	0x68
 657 027d 00000000 		.4byte	.LFB65
 658 0281 38000000 		.4byte	.LFE65-.LFB65
 659 0285 01       		.uleb128 0x1
 660 0286 9C       		.byte	0x9c
 661 0287 02030000 		.4byte	0x302
 662 028b 10       		.uleb128 0x10
 663 028c 3F000000 		.4byte	.LASF30
 664 0290 01       		.byte	0x1
 665 0291 54       		.byte	0x54
 666 0292 68000000 		.4byte	0x68
 667 0296 8D020000 		.4byte	.LLST8
 668 029a 11       		.uleb128 0x11
 669 029b 70747200 		.ascii	"ptr\000"
 670 029f 01       		.byte	0x1
 671 02a0 54       		.byte	0x54
ARM GAS  C:\Users\vellu\AppData\Local\Temp\ccRx8Odk.s 			page 15


 672 02a1 A9000000 		.4byte	0xa9
 673 02a5 AE020000 		.4byte	.LLST9
 674 02a9 10       		.uleb128 0x10
 675 02aa CD010000 		.4byte	.LASF32
 676 02ae 01       		.byte	0x1
 677 02af 54       		.byte	0x54
 678 02b0 68000000 		.4byte	0x68
 679 02b4 E2020000 		.4byte	.LLST10
 680 02b8 12       		.uleb128 0x12
 681 02b9 63687300 		.ascii	"chs\000"
 682 02bd 01       		.byte	0x1
 683 02be 56       		.byte	0x56
 684 02bf 68000000 		.4byte	0x68
 685 02c3 00030000 		.4byte	.LLST11
 686 02c7 12       		.uleb128 0x12
 687 02c8 636800   		.ascii	"ch\000"
 688 02cb 01       		.byte	0x1
 689 02cc 57       		.byte	0x57
 690 02cd 9B000000 		.4byte	0x9b
 691 02d1 1F030000 		.4byte	.LLST12
 692 02d5 0C       		.uleb128 0xc
 693 02d6 0E000000 		.4byte	.LVL35
 694 02da 70030000 		.4byte	0x370
 695 02de 0D       		.uleb128 0xd
 696 02df 16000000 		.4byte	.LVL36
 697 02e3 5F030000 		.4byte	0x35f
 698 02e7 F2020000 		.4byte	0x2f2
 699 02eb 0E       		.uleb128 0xe
 700 02ec 01       		.uleb128 0x1
 701 02ed 50       		.byte	0x50
 702 02ee 02       		.uleb128 0x2
 703 02ef 75       		.byte	0x75
 704 02f0 00       		.sleb128 0
 705 02f1 00       		.byte	0
 706 02f2 0F       		.uleb128 0xf
 707 02f3 22000000 		.4byte	.LVL39
 708 02f7 5F030000 		.4byte	0x35f
 709 02fb 0E       		.uleb128 0xe
 710 02fc 01       		.uleb128 0x1
 711 02fd 50       		.byte	0x50
 712 02fe 01       		.uleb128 0x1
 713 02ff 3A       		.byte	0x3a
 714 0300 00       		.byte	0
 715 0301 00       		.byte	0
 716 0302 13       		.uleb128 0x13
 717 0303 6A000000 		.4byte	.LASF38
 718 0307 06       		.byte	0x6
 719 0308 9606     		.2byte	0x696
 720 030a 0E030000 		.4byte	0x30e
 721 030e 14       		.uleb128 0x14
 722 030f 76000000 		.4byte	0x76
 723 0313 15       		.uleb128 0x15
 724 0314 00000000 		.4byte	.LASF39
 725 0318 07       		.byte	0x7
 726 0319 54       		.byte	0x54
 727 031a 16       		.uleb128 0x16
 728 031b C6010000 		.4byte	.LASF33
ARM GAS  C:\Users\vellu\AppData\Local\Temp\ccRx8Odk.s 			page 16


 729 031f 05       		.byte	0x5
 730 0320 B2       		.byte	0xb2
 731 0321 68000000 		.4byte	0x68
 732 0325 30030000 		.4byte	0x330
 733 0329 17       		.uleb128 0x17
 734 032a AF000000 		.4byte	0xaf
 735 032e 18       		.uleb128 0x18
 736 032f 00       		.byte	0
 737 0330 16       		.uleb128 0x16
 738 0331 44000000 		.4byte	.LASF34
 739 0335 05       		.byte	0x5
 740 0336 B4       		.byte	0xb4
 741 0337 68000000 		.4byte	0x68
 742 033b 46030000 		.4byte	0x346
 743 033f 17       		.uleb128 0x17
 744 0340 AF000000 		.4byte	0xaf
 745 0344 18       		.uleb128 0x18
 746 0345 00       		.byte	0
 747 0346 19       		.uleb128 0x19
 748 0347 99020000 		.4byte	.LASF40
 749 034b 08       		.byte	0x8
 750 034c 00       		.byte	0
 751 034d 10020000 		.4byte	.LASF41
 752 0351 68000000 		.4byte	0x68
 753 0355 5F030000 		.4byte	0x35f
 754 0359 17       		.uleb128 0x17
 755 035a AF000000 		.4byte	0xaf
 756 035e 00       		.byte	0
 757 035f 1A       		.uleb128 0x1a
 758 0360 3F010000 		.4byte	.LASF42
 759 0364 07       		.byte	0x7
 760 0365 8A       		.byte	0x8a
 761 0366 70030000 		.4byte	0x370
 762 036a 17       		.uleb128 0x17
 763 036b 81000000 		.4byte	0x81
 764 036f 00       		.byte	0
 765 0370 1B       		.uleb128 0x1b
 766 0371 A8020000 		.4byte	.LASF43
 767 0375 07       		.byte	0x7
 768 0376 71       		.byte	0x71
 769 0377 81000000 		.4byte	0x81
 770 037b 00       		.byte	0
 771              		.section	.debug_abbrev,"",%progbits
 772              	.Ldebug_abbrev0:
 773 0000 01       		.uleb128 0x1
 774 0001 11       		.uleb128 0x11
 775 0002 01       		.byte	0x1
 776 0003 25       		.uleb128 0x25
 777 0004 0E       		.uleb128 0xe
 778 0005 13       		.uleb128 0x13
 779 0006 0B       		.uleb128 0xb
 780 0007 03       		.uleb128 0x3
 781 0008 0E       		.uleb128 0xe
 782 0009 1B       		.uleb128 0x1b
 783 000a 0E       		.uleb128 0xe
 784 000b 55       		.uleb128 0x55
 785 000c 17       		.uleb128 0x17
ARM GAS  C:\Users\vellu\AppData\Local\Temp\ccRx8Odk.s 			page 17


 786 000d 11       		.uleb128 0x11
 787 000e 01       		.uleb128 0x1
 788 000f 10       		.uleb128 0x10
 789 0010 17       		.uleb128 0x17
 790 0011 00       		.byte	0
 791 0012 00       		.byte	0
 792 0013 02       		.uleb128 0x2
 793 0014 24       		.uleb128 0x24
 794 0015 00       		.byte	0
 795 0016 0B       		.uleb128 0xb
 796 0017 0B       		.uleb128 0xb
 797 0018 3E       		.uleb128 0x3e
 798 0019 0B       		.uleb128 0xb
 799 001a 03       		.uleb128 0x3
 800 001b 0E       		.uleb128 0xe
 801 001c 00       		.byte	0
 802 001d 00       		.byte	0
 803 001e 03       		.uleb128 0x3
 804 001f 16       		.uleb128 0x16
 805 0020 00       		.byte	0
 806 0021 03       		.uleb128 0x3
 807 0022 0E       		.uleb128 0xe
 808 0023 3A       		.uleb128 0x3a
 809 0024 0B       		.uleb128 0xb
 810 0025 3B       		.uleb128 0x3b
 811 0026 0B       		.uleb128 0xb
 812 0027 49       		.uleb128 0x49
 813 0028 13       		.uleb128 0x13
 814 0029 00       		.byte	0
 815 002a 00       		.byte	0
 816 002b 04       		.uleb128 0x4
 817 002c 24       		.uleb128 0x24
 818 002d 00       		.byte	0
 819 002e 0B       		.uleb128 0xb
 820 002f 0B       		.uleb128 0xb
 821 0030 3E       		.uleb128 0x3e
 822 0031 0B       		.uleb128 0xb
 823 0032 03       		.uleb128 0x3
 824 0033 08       		.uleb128 0x8
 825 0034 00       		.byte	0
 826 0035 00       		.byte	0
 827 0036 05       		.uleb128 0x5
 828 0037 16       		.uleb128 0x16
 829 0038 00       		.byte	0
 830 0039 03       		.uleb128 0x3
 831 003a 0E       		.uleb128 0xe
 832 003b 3A       		.uleb128 0x3a
 833 003c 0B       		.uleb128 0xb
 834 003d 3B       		.uleb128 0x3b
 835 003e 05       		.uleb128 0x5
 836 003f 49       		.uleb128 0x49
 837 0040 13       		.uleb128 0x13
 838 0041 00       		.byte	0
 839 0042 00       		.byte	0
 840 0043 06       		.uleb128 0x6
 841 0044 0F       		.uleb128 0xf
 842 0045 00       		.byte	0
ARM GAS  C:\Users\vellu\AppData\Local\Temp\ccRx8Odk.s 			page 18


 843 0046 0B       		.uleb128 0xb
 844 0047 0B       		.uleb128 0xb
 845 0048 49       		.uleb128 0x49
 846 0049 13       		.uleb128 0x13
 847 004a 00       		.byte	0
 848 004b 00       		.byte	0
 849 004c 07       		.uleb128 0x7
 850 004d 26       		.uleb128 0x26
 851 004e 00       		.byte	0
 852 004f 49       		.uleb128 0x49
 853 0050 13       		.uleb128 0x13
 854 0051 00       		.byte	0
 855 0052 00       		.byte	0
 856 0053 08       		.uleb128 0x8
 857 0054 2E       		.uleb128 0x2e
 858 0055 01       		.byte	0x1
 859 0056 3F       		.uleb128 0x3f
 860 0057 19       		.uleb128 0x19
 861 0058 03       		.uleb128 0x3
 862 0059 0E       		.uleb128 0xe
 863 005a 3A       		.uleb128 0x3a
 864 005b 0B       		.uleb128 0xb
 865 005c 3B       		.uleb128 0x3b
 866 005d 0B       		.uleb128 0xb
 867 005e 27       		.uleb128 0x27
 868 005f 19       		.uleb128 0x19
 869 0060 49       		.uleb128 0x49
 870 0061 13       		.uleb128 0x13
 871 0062 11       		.uleb128 0x11
 872 0063 01       		.uleb128 0x1
 873 0064 12       		.uleb128 0x12
 874 0065 06       		.uleb128 0x6
 875 0066 40       		.uleb128 0x40
 876 0067 18       		.uleb128 0x18
 877 0068 9742     		.uleb128 0x2117
 878 006a 19       		.uleb128 0x19
 879 006b 01       		.uleb128 0x1
 880 006c 13       		.uleb128 0x13
 881 006d 00       		.byte	0
 882 006e 00       		.byte	0
 883 006f 09       		.uleb128 0x9
 884 0070 34       		.uleb128 0x34
 885 0071 00       		.byte	0
 886 0072 03       		.uleb128 0x3
 887 0073 0E       		.uleb128 0xe
 888 0074 3A       		.uleb128 0x3a
 889 0075 0B       		.uleb128 0xb
 890 0076 3B       		.uleb128 0x3b
 891 0077 0B       		.uleb128 0xb
 892 0078 49       		.uleb128 0x49
 893 0079 13       		.uleb128 0x13
 894 007a 02       		.uleb128 0x2
 895 007b 18       		.uleb128 0x18
 896 007c 00       		.byte	0
 897 007d 00       		.byte	0
 898 007e 0A       		.uleb128 0xa
 899 007f 34       		.uleb128 0x34
ARM GAS  C:\Users\vellu\AppData\Local\Temp\ccRx8Odk.s 			page 19


 900 0080 00       		.byte	0
 901 0081 03       		.uleb128 0x3
 902 0082 0E       		.uleb128 0xe
 903 0083 3A       		.uleb128 0x3a
 904 0084 0B       		.uleb128 0xb
 905 0085 3B       		.uleb128 0x3b
 906 0086 0B       		.uleb128 0xb
 907 0087 49       		.uleb128 0x49
 908 0088 13       		.uleb128 0x13
 909 0089 1C       		.uleb128 0x1c
 910 008a 0B       		.uleb128 0xb
 911 008b 00       		.byte	0
 912 008c 00       		.byte	0
 913 008d 0B       		.uleb128 0xb
 914 008e 34       		.uleb128 0x34
 915 008f 00       		.byte	0
 916 0090 03       		.uleb128 0x3
 917 0091 0E       		.uleb128 0xe
 918 0092 3A       		.uleb128 0x3a
 919 0093 0B       		.uleb128 0xb
 920 0094 3B       		.uleb128 0x3b
 921 0095 0B       		.uleb128 0xb
 922 0096 49       		.uleb128 0x49
 923 0097 13       		.uleb128 0x13
 924 0098 02       		.uleb128 0x2
 925 0099 17       		.uleb128 0x17
 926 009a 00       		.byte	0
 927 009b 00       		.byte	0
 928 009c 0C       		.uleb128 0xc
 929 009d 898201   		.uleb128 0x4109
 930 00a0 00       		.byte	0
 931 00a1 11       		.uleb128 0x11
 932 00a2 01       		.uleb128 0x1
 933 00a3 31       		.uleb128 0x31
 934 00a4 13       		.uleb128 0x13
 935 00a5 00       		.byte	0
 936 00a6 00       		.byte	0
 937 00a7 0D       		.uleb128 0xd
 938 00a8 898201   		.uleb128 0x4109
 939 00ab 01       		.byte	0x1
 940 00ac 11       		.uleb128 0x11
 941 00ad 01       		.uleb128 0x1
 942 00ae 31       		.uleb128 0x31
 943 00af 13       		.uleb128 0x13
 944 00b0 01       		.uleb128 0x1
 945 00b1 13       		.uleb128 0x13
 946 00b2 00       		.byte	0
 947 00b3 00       		.byte	0
 948 00b4 0E       		.uleb128 0xe
 949 00b5 8A8201   		.uleb128 0x410a
 950 00b8 00       		.byte	0
 951 00b9 02       		.uleb128 0x2
 952 00ba 18       		.uleb128 0x18
 953 00bb 9142     		.uleb128 0x2111
 954 00bd 18       		.uleb128 0x18
 955 00be 00       		.byte	0
 956 00bf 00       		.byte	0
ARM GAS  C:\Users\vellu\AppData\Local\Temp\ccRx8Odk.s 			page 20


 957 00c0 0F       		.uleb128 0xf
 958 00c1 898201   		.uleb128 0x4109
 959 00c4 01       		.byte	0x1
 960 00c5 11       		.uleb128 0x11
 961 00c6 01       		.uleb128 0x1
 962 00c7 31       		.uleb128 0x31
 963 00c8 13       		.uleb128 0x13
 964 00c9 00       		.byte	0
 965 00ca 00       		.byte	0
 966 00cb 10       		.uleb128 0x10
 967 00cc 05       		.uleb128 0x5
 968 00cd 00       		.byte	0
 969 00ce 03       		.uleb128 0x3
 970 00cf 0E       		.uleb128 0xe
 971 00d0 3A       		.uleb128 0x3a
 972 00d1 0B       		.uleb128 0xb
 973 00d2 3B       		.uleb128 0x3b
 974 00d3 0B       		.uleb128 0xb
 975 00d4 49       		.uleb128 0x49
 976 00d5 13       		.uleb128 0x13
 977 00d6 02       		.uleb128 0x2
 978 00d7 17       		.uleb128 0x17
 979 00d8 00       		.byte	0
 980 00d9 00       		.byte	0
 981 00da 11       		.uleb128 0x11
 982 00db 05       		.uleb128 0x5
 983 00dc 00       		.byte	0
 984 00dd 03       		.uleb128 0x3
 985 00de 08       		.uleb128 0x8
 986 00df 3A       		.uleb128 0x3a
 987 00e0 0B       		.uleb128 0xb
 988 00e1 3B       		.uleb128 0x3b
 989 00e2 0B       		.uleb128 0xb
 990 00e3 49       		.uleb128 0x49
 991 00e4 13       		.uleb128 0x13
 992 00e5 02       		.uleb128 0x2
 993 00e6 17       		.uleb128 0x17
 994 00e7 00       		.byte	0
 995 00e8 00       		.byte	0
 996 00e9 12       		.uleb128 0x12
 997 00ea 34       		.uleb128 0x34
 998 00eb 00       		.byte	0
 999 00ec 03       		.uleb128 0x3
 1000 00ed 08       		.uleb128 0x8
 1001 00ee 3A       		.uleb128 0x3a
 1002 00ef 0B       		.uleb128 0xb
 1003 00f0 3B       		.uleb128 0x3b
 1004 00f1 0B       		.uleb128 0xb
 1005 00f2 49       		.uleb128 0x49
 1006 00f3 13       		.uleb128 0x13
 1007 00f4 02       		.uleb128 0x2
 1008 00f5 17       		.uleb128 0x17
 1009 00f6 00       		.byte	0
 1010 00f7 00       		.byte	0
 1011 00f8 13       		.uleb128 0x13
 1012 00f9 34       		.uleb128 0x34
 1013 00fa 00       		.byte	0
ARM GAS  C:\Users\vellu\AppData\Local\Temp\ccRx8Odk.s 			page 21


 1014 00fb 03       		.uleb128 0x3
 1015 00fc 0E       		.uleb128 0xe
 1016 00fd 3A       		.uleb128 0x3a
 1017 00fe 0B       		.uleb128 0xb
 1018 00ff 3B       		.uleb128 0x3b
 1019 0100 05       		.uleb128 0x5
 1020 0101 49       		.uleb128 0x49
 1021 0102 13       		.uleb128 0x13
 1022 0103 3F       		.uleb128 0x3f
 1023 0104 19       		.uleb128 0x19
 1024 0105 3C       		.uleb128 0x3c
 1025 0106 19       		.uleb128 0x19
 1026 0107 00       		.byte	0
 1027 0108 00       		.byte	0
 1028 0109 14       		.uleb128 0x14
 1029 010a 35       		.uleb128 0x35
 1030 010b 00       		.byte	0
 1031 010c 49       		.uleb128 0x49
 1032 010d 13       		.uleb128 0x13
 1033 010e 00       		.byte	0
 1034 010f 00       		.byte	0
 1035 0110 15       		.uleb128 0x15
 1036 0111 2E       		.uleb128 0x2e
 1037 0112 00       		.byte	0
 1038 0113 3F       		.uleb128 0x3f
 1039 0114 19       		.uleb128 0x19
 1040 0115 03       		.uleb128 0x3
 1041 0116 0E       		.uleb128 0xe
 1042 0117 3A       		.uleb128 0x3a
 1043 0118 0B       		.uleb128 0xb
 1044 0119 3B       		.uleb128 0x3b
 1045 011a 0B       		.uleb128 0xb
 1046 011b 27       		.uleb128 0x27
 1047 011c 19       		.uleb128 0x19
 1048 011d 3C       		.uleb128 0x3c
 1049 011e 19       		.uleb128 0x19
 1050 011f 00       		.byte	0
 1051 0120 00       		.byte	0
 1052 0121 16       		.uleb128 0x16
 1053 0122 2E       		.uleb128 0x2e
 1054 0123 01       		.byte	0x1
 1055 0124 3F       		.uleb128 0x3f
 1056 0125 19       		.uleb128 0x19
 1057 0126 03       		.uleb128 0x3
 1058 0127 0E       		.uleb128 0xe
 1059 0128 3A       		.uleb128 0x3a
 1060 0129 0B       		.uleb128 0xb
 1061 012a 3B       		.uleb128 0x3b
 1062 012b 0B       		.uleb128 0xb
 1063 012c 27       		.uleb128 0x27
 1064 012d 19       		.uleb128 0x19
 1065 012e 49       		.uleb128 0x49
 1066 012f 13       		.uleb128 0x13
 1067 0130 3C       		.uleb128 0x3c
 1068 0131 19       		.uleb128 0x19
 1069 0132 01       		.uleb128 0x1
 1070 0133 13       		.uleb128 0x13
ARM GAS  C:\Users\vellu\AppData\Local\Temp\ccRx8Odk.s 			page 22


 1071 0134 00       		.byte	0
 1072 0135 00       		.byte	0
 1073 0136 17       		.uleb128 0x17
 1074 0137 05       		.uleb128 0x5
 1075 0138 00       		.byte	0
 1076 0139 49       		.uleb128 0x49
 1077 013a 13       		.uleb128 0x13
 1078 013b 00       		.byte	0
 1079 013c 00       		.byte	0
 1080 013d 18       		.uleb128 0x18
 1081 013e 18       		.uleb128 0x18
 1082 013f 00       		.byte	0
 1083 0140 00       		.byte	0
 1084 0141 00       		.byte	0
 1085 0142 19       		.uleb128 0x19
 1086 0143 2E       		.uleb128 0x2e
 1087 0144 01       		.byte	0x1
 1088 0145 3F       		.uleb128 0x3f
 1089 0146 19       		.uleb128 0x19
 1090 0147 03       		.uleb128 0x3
 1091 0148 0E       		.uleb128 0xe
 1092 0149 3A       		.uleb128 0x3a
 1093 014a 0B       		.uleb128 0xb
 1094 014b 3B       		.uleb128 0x3b
 1095 014c 0B       		.uleb128 0xb
 1096 014d 6E       		.uleb128 0x6e
 1097 014e 0E       		.uleb128 0xe
 1098 014f 27       		.uleb128 0x27
 1099 0150 19       		.uleb128 0x19
 1100 0151 49       		.uleb128 0x49
 1101 0152 13       		.uleb128 0x13
 1102 0153 3C       		.uleb128 0x3c
 1103 0154 19       		.uleb128 0x19
 1104 0155 01       		.uleb128 0x1
 1105 0156 13       		.uleb128 0x13
 1106 0157 00       		.byte	0
 1107 0158 00       		.byte	0
 1108 0159 1A       		.uleb128 0x1a
 1109 015a 2E       		.uleb128 0x2e
 1110 015b 01       		.byte	0x1
 1111 015c 3F       		.uleb128 0x3f
 1112 015d 19       		.uleb128 0x19
 1113 015e 03       		.uleb128 0x3
 1114 015f 0E       		.uleb128 0xe
 1115 0160 3A       		.uleb128 0x3a
 1116 0161 0B       		.uleb128 0xb
 1117 0162 3B       		.uleb128 0x3b
 1118 0163 0B       		.uleb128 0xb
 1119 0164 27       		.uleb128 0x27
 1120 0165 19       		.uleb128 0x19
 1121 0166 3C       		.uleb128 0x3c
 1122 0167 19       		.uleb128 0x19
 1123 0168 01       		.uleb128 0x1
 1124 0169 13       		.uleb128 0x13
 1125 016a 00       		.byte	0
 1126 016b 00       		.byte	0
 1127 016c 1B       		.uleb128 0x1b
ARM GAS  C:\Users\vellu\AppData\Local\Temp\ccRx8Odk.s 			page 23


 1128 016d 2E       		.uleb128 0x2e
 1129 016e 00       		.byte	0
 1130 016f 3F       		.uleb128 0x3f
 1131 0170 19       		.uleb128 0x19
 1132 0171 03       		.uleb128 0x3
 1133 0172 0E       		.uleb128 0xe
 1134 0173 3A       		.uleb128 0x3a
 1135 0174 0B       		.uleb128 0xb
 1136 0175 3B       		.uleb128 0x3b
 1137 0176 0B       		.uleb128 0xb
 1138 0177 27       		.uleb128 0x27
 1139 0178 19       		.uleb128 0x19
 1140 0179 49       		.uleb128 0x49
 1141 017a 13       		.uleb128 0x13
 1142 017b 3C       		.uleb128 0x3c
 1143 017c 19       		.uleb128 0x19
 1144 017d 00       		.byte	0
 1145 017e 00       		.byte	0
 1146 017f 00       		.byte	0
 1147              		.section	.debug_loc,"",%progbits
 1148              	.Ldebug_loc0:
 1149              	.LLST0:
 1150 0000 14000000 		.4byte	.LVL1
 1151 0004 56000000 		.4byte	.LVL8
 1152 0008 0200     		.2byte	0x2
 1153 000a 30       		.byte	0x30
 1154 000b 9F       		.byte	0x9f
 1155 000c 56000000 		.4byte	.LVL8
 1156 0010 58000000 		.4byte	.LVL9
 1157 0014 0100     		.2byte	0x1
 1158 0016 51       		.byte	0x51
 1159 0017 58000000 		.4byte	.LVL9
 1160 001b 60000000 		.4byte	.LVL10
 1161 001f 0200     		.2byte	0x2
 1162 0021 30       		.byte	0x30
 1163 0022 9F       		.byte	0x9f
 1164 0023 60000000 		.4byte	.LVL10
 1165 0027 66000000 		.4byte	.LVL13
 1166 002b 0100     		.2byte	0x1
 1167 002d 51       		.byte	0x51
 1168 002e 66000000 		.4byte	.LVL13
 1169 0032 78000000 		.4byte	.LVL14
 1170 0036 0200     		.2byte	0x2
 1171 0038 30       		.byte	0x30
 1172 0039 9F       		.byte	0x9f
 1173 003a 78000000 		.4byte	.LVL14
 1174 003e 7E000000 		.4byte	.LVL17
 1175 0042 0100     		.2byte	0x1
 1176 0044 51       		.byte	0x51
 1177 0045 7E000000 		.4byte	.LVL17
 1178 0049 88000000 		.4byte	.LVL22
 1179 004d 0200     		.2byte	0x2
 1180 004f 30       		.byte	0x30
 1181 0050 9F       		.byte	0x9f
 1182 0051 88000000 		.4byte	.LVL22
 1183 0055 8D000000 		.4byte	.LVL23-1
 1184 0059 0100     		.2byte	0x1
ARM GAS  C:\Users\vellu\AppData\Local\Temp\ccRx8Odk.s 			page 24


 1185 005b 51       		.byte	0x51
 1186 005c 00000000 		.4byte	0
 1187 0060 00000000 		.4byte	0
 1188              	.LLST1:
 1189 0064 14000000 		.4byte	.LVL1
 1190 0068 56000000 		.4byte	.LVL8
 1191 006c 0200     		.2byte	0x2
 1192 006e 30       		.byte	0x30
 1193 006f 9F       		.byte	0x9f
 1194 0070 56000000 		.4byte	.LVL8
 1195 0074 58000000 		.4byte	.LVL9
 1196 0078 0100     		.2byte	0x1
 1197 007a 52       		.byte	0x52
 1198 007b 58000000 		.4byte	.LVL9
 1199 007f 62000000 		.4byte	.LVL11
 1200 0083 0200     		.2byte	0x2
 1201 0085 30       		.byte	0x30
 1202 0086 9F       		.byte	0x9f
 1203 0087 62000000 		.4byte	.LVL11
 1204 008b 66000000 		.4byte	.LVL13
 1205 008f 0100     		.2byte	0x1
 1206 0091 52       		.byte	0x52
 1207 0092 66000000 		.4byte	.LVL13
 1208 0096 7A000000 		.4byte	.LVL15
 1209 009a 0200     		.2byte	0x2
 1210 009c 30       		.byte	0x30
 1211 009d 9F       		.byte	0x9f
 1212 009e 7A000000 		.4byte	.LVL15
 1213 00a2 7E000000 		.4byte	.LVL17
 1214 00a6 0100     		.2byte	0x1
 1215 00a8 52       		.byte	0x52
 1216 00a9 7E000000 		.4byte	.LVL17
 1217 00ad 88000000 		.4byte	.LVL22
 1218 00b1 0200     		.2byte	0x2
 1219 00b3 30       		.byte	0x30
 1220 00b4 9F       		.byte	0x9f
 1221 00b5 88000000 		.4byte	.LVL22
 1222 00b9 8D000000 		.4byte	.LVL23-1
 1223 00bd 0100     		.2byte	0x1
 1224 00bf 52       		.byte	0x52
 1225 00c0 00000000 		.4byte	0
 1226 00c4 00000000 		.4byte	0
 1227              	.LLST2:
 1228 00c8 14000000 		.4byte	.LVL1
 1229 00cc 3C000000 		.4byte	.LVL6
 1230 00d0 0200     		.2byte	0x2
 1231 00d2 30       		.byte	0x30
 1232 00d3 9F       		.byte	0x9f
 1233 00d4 3C000000 		.4byte	.LVL6
 1234 00d8 56000000 		.4byte	.LVL8
 1235 00dc 0100     		.2byte	0x1
 1236 00de 51       		.byte	0x51
 1237 00df 56000000 		.4byte	.LVL8
 1238 00e3 58000000 		.4byte	.LVL9
 1239 00e7 0800     		.2byte	0x8
 1240 00e9 91       		.byte	0x91
 1241 00ea 6C       		.sleb128 -20
ARM GAS  C:\Users\vellu\AppData\Local\Temp\ccRx8Odk.s 			page 25


 1242 00eb 06       		.byte	0x6
 1243 00ec 91       		.byte	0x91
 1244 00ed 74       		.sleb128 -12
 1245 00ee 06       		.byte	0x6
 1246 00ef 22       		.byte	0x22
 1247 00f0 9F       		.byte	0x9f
 1248 00f1 58000000 		.4byte	.LVL9
 1249 00f5 64000000 		.4byte	.LVL12
 1250 00f9 0100     		.2byte	0x1
 1251 00fb 51       		.byte	0x51
 1252 00fc 64000000 		.4byte	.LVL12
 1253 0100 66000000 		.4byte	.LVL13
 1254 0104 0800     		.2byte	0x8
 1255 0106 91       		.byte	0x91
 1256 0107 6C       		.sleb128 -20
 1257 0108 06       		.byte	0x6
 1258 0109 91       		.byte	0x91
 1259 010a 74       		.sleb128 -12
 1260 010b 06       		.byte	0x6
 1261 010c 22       		.byte	0x22
 1262 010d 9F       		.byte	0x9f
 1263 010e 66000000 		.4byte	.LVL13
 1264 0112 78000000 		.4byte	.LVL14
 1265 0116 0100     		.2byte	0x1
 1266 0118 51       		.byte	0x51
 1267 0119 78000000 		.4byte	.LVL14
 1268 011d 7E000000 		.4byte	.LVL17
 1269 0121 0800     		.2byte	0x8
 1270 0123 91       		.byte	0x91
 1271 0124 6C       		.sleb128 -20
 1272 0125 06       		.byte	0x6
 1273 0126 91       		.byte	0x91
 1274 0127 74       		.sleb128 -12
 1275 0128 06       		.byte	0x6
 1276 0129 22       		.byte	0x22
 1277 012a 9F       		.byte	0x9f
 1278 012b 7E000000 		.4byte	.LVL17
 1279 012f 82000000 		.4byte	.LVL19
 1280 0133 0100     		.2byte	0x1
 1281 0135 51       		.byte	0x51
 1282 0136 82000000 		.4byte	.LVL19
 1283 013a 84000000 		.4byte	.LVL20
 1284 013e 0800     		.2byte	0x8
 1285 0140 91       		.byte	0x91
 1286 0141 6C       		.sleb128 -20
 1287 0142 06       		.byte	0x6
 1288 0143 91       		.byte	0x91
 1289 0144 74       		.sleb128 -12
 1290 0145 06       		.byte	0x6
 1291 0146 22       		.byte	0x22
 1292 0147 9F       		.byte	0x9f
 1293 0148 84000000 		.4byte	.LVL20
 1294 014c 88000000 		.4byte	.LVL22
 1295 0150 0100     		.2byte	0x1
 1296 0152 51       		.byte	0x51
 1297 0153 88000000 		.4byte	.LVL22
 1298 0157 8D000000 		.4byte	.LVL23-1
ARM GAS  C:\Users\vellu\AppData\Local\Temp\ccRx8Odk.s 			page 26


 1299 015b 0800     		.2byte	0x8
 1300 015d 91       		.byte	0x91
 1301 015e 6C       		.sleb128 -20
 1302 015f 06       		.byte	0x6
 1303 0160 91       		.byte	0x91
 1304 0161 74       		.sleb128 -12
 1305 0162 06       		.byte	0x6
 1306 0163 22       		.byte	0x22
 1307 0164 9F       		.byte	0x9f
 1308 0165 00000000 		.4byte	0
 1309 0169 00000000 		.4byte	0
 1310              	.LLST3:
 1311 016d 14000000 		.4byte	.LVL1
 1312 0171 42000000 		.4byte	.LVL7
 1313 0175 0200     		.2byte	0x2
 1314 0177 30       		.byte	0x30
 1315 0178 9F       		.byte	0x9f
 1316 0179 42000000 		.4byte	.LVL7
 1317 017d 62000000 		.4byte	.LVL11
 1318 0181 0100     		.2byte	0x1
 1319 0183 52       		.byte	0x52
 1320 0184 62000000 		.4byte	.LVL11
 1321 0188 66000000 		.4byte	.LVL13
 1322 018c 0300     		.2byte	0x3
 1323 018e 72       		.byte	0x72
 1324 018f 3C       		.sleb128 60
 1325 0190 9F       		.byte	0x9f
 1326 0191 66000000 		.4byte	.LVL13
 1327 0195 7A000000 		.4byte	.LVL15
 1328 0199 0100     		.2byte	0x1
 1329 019b 52       		.byte	0x52
 1330 019c 7A000000 		.4byte	.LVL15
 1331 01a0 7E000000 		.4byte	.LVL17
 1332 01a4 0300     		.2byte	0x3
 1333 01a6 72       		.byte	0x72
 1334 01a7 3C       		.sleb128 60
 1335 01a8 9F       		.byte	0x9f
 1336 01a9 7E000000 		.4byte	.LVL17
 1337 01ad 80000000 		.4byte	.LVL18
 1338 01b1 0100     		.2byte	0x1
 1339 01b3 52       		.byte	0x52
 1340 01b4 80000000 		.4byte	.LVL18
 1341 01b8 84000000 		.4byte	.LVL20
 1342 01bc 0700     		.2byte	0x7
 1343 01be 7D       		.byte	0x7d
 1344 01bf 00       		.sleb128 0
 1345 01c0 06       		.byte	0x6
 1346 01c1 73       		.byte	0x73
 1347 01c2 00       		.sleb128 0
 1348 01c3 22       		.byte	0x22
 1349 01c4 9F       		.byte	0x9f
 1350 01c5 84000000 		.4byte	.LVL20
 1351 01c9 86000000 		.4byte	.LVL21
 1352 01cd 0100     		.2byte	0x1
 1353 01cf 52       		.byte	0x52
 1354 01d0 86000000 		.4byte	.LVL21
 1355 01d4 88000000 		.4byte	.LVL22
ARM GAS  C:\Users\vellu\AppData\Local\Temp\ccRx8Odk.s 			page 27


 1356 01d8 0700     		.2byte	0x7
 1357 01da 7D       		.byte	0x7d
 1358 01db 00       		.sleb128 0
 1359 01dc 06       		.byte	0x6
 1360 01dd 73       		.byte	0x73
 1361 01de 00       		.sleb128 0
 1362 01df 22       		.byte	0x22
 1363 01e0 9F       		.byte	0x9f
 1364 01e1 88000000 		.4byte	.LVL22
 1365 01e5 8D000000 		.4byte	.LVL23-1
 1366 01e9 0800     		.2byte	0x8
 1367 01eb 7D       		.byte	0x7d
 1368 01ec 00       		.sleb128 0
 1369 01ed 06       		.byte	0x6
 1370 01ee 91       		.byte	0x91
 1371 01ef 70       		.sleb128 -16
 1372 01f0 06       		.byte	0x6
 1373 01f1 22       		.byte	0x22
 1374 01f2 9F       		.byte	0x9f
 1375 01f3 00000000 		.4byte	0
 1376 01f7 00000000 		.4byte	0
 1377              	.LLST4:
 1378 01fb 00000000 		.4byte	.LVL24
 1379 01ff 0A000000 		.4byte	.LVL26
 1380 0203 0100     		.2byte	0x1
 1381 0205 50       		.byte	0x50
 1382 0206 0A000000 		.4byte	.LVL26
 1383 020a 2A000000 		.4byte	.LFE64
 1384 020e 0400     		.2byte	0x4
 1385 0210 F3       		.byte	0xf3
 1386 0211 01       		.uleb128 0x1
 1387 0212 50       		.byte	0x50
 1388 0213 9F       		.byte	0x9f
 1389 0214 00000000 		.4byte	0
 1390 0218 00000000 		.4byte	0
 1391              	.LLST5:
 1392 021c 00000000 		.4byte	.LVL24
 1393 0220 0A000000 		.4byte	.LVL26
 1394 0224 0100     		.2byte	0x1
 1395 0226 51       		.byte	0x51
 1396 0227 0A000000 		.4byte	.LVL26
 1397 022b 18000000 		.4byte	.LVL28
 1398 022f 0100     		.2byte	0x1
 1399 0231 54       		.byte	0x54
 1400 0232 18000000 		.4byte	.LVL28
 1401 0236 22000000 		.4byte	.LVL31
 1402 023a 0100     		.2byte	0x1
 1403 023c 56       		.byte	0x56
 1404 023d 22000000 		.4byte	.LVL31
 1405 0241 2A000000 		.4byte	.LFE64
 1406 0245 0100     		.2byte	0x1
 1407 0247 54       		.byte	0x54
 1408 0248 00000000 		.4byte	0
 1409 024c 00000000 		.4byte	0
 1410              	.LLST6:
 1411 0250 00000000 		.4byte	.LVL24
 1412 0254 0A000000 		.4byte	.LVL26
ARM GAS  C:\Users\vellu\AppData\Local\Temp\ccRx8Odk.s 			page 28


 1413 0258 0100     		.2byte	0x1
 1414 025a 52       		.byte	0x52
 1415 025b 0A000000 		.4byte	.LVL26
 1416 025f 2A000000 		.4byte	.LFE64
 1417 0263 0100     		.2byte	0x1
 1418 0265 57       		.byte	0x57
 1419 0266 00000000 		.4byte	0
 1420 026a 00000000 		.4byte	0
 1421              	.LLST7:
 1422 026e 06000000 		.4byte	.LVL25
 1423 0272 0A000000 		.4byte	.LVL26
 1424 0276 0200     		.2byte	0x2
 1425 0278 30       		.byte	0x30
 1426 0279 9F       		.byte	0x9f
 1427 027a 0A000000 		.4byte	.LVL26
 1428 027e 2A000000 		.4byte	.LFE64
 1429 0282 0100     		.2byte	0x1
 1430 0284 55       		.byte	0x55
 1431 0285 00000000 		.4byte	0
 1432 0289 00000000 		.4byte	0
 1433              	.LLST8:
 1434 028d 00000000 		.4byte	.LVL32
 1435 0291 0A000000 		.4byte	.LVL34
 1436 0295 0100     		.2byte	0x1
 1437 0297 50       		.byte	0x50
 1438 0298 0A000000 		.4byte	.LVL34
 1439 029c 38000000 		.4byte	.LFE65
 1440 02a0 0400     		.2byte	0x4
 1441 02a2 F3       		.byte	0xf3
 1442 02a3 01       		.uleb128 0x1
 1443 02a4 50       		.byte	0x50
 1444 02a5 9F       		.byte	0x9f
 1445 02a6 00000000 		.4byte	0
 1446 02aa 00000000 		.4byte	0
 1447              	.LLST9:
 1448 02ae 00000000 		.4byte	.LVL32
 1449 02b2 0A000000 		.4byte	.LVL34
 1450 02b6 0100     		.2byte	0x1
 1451 02b8 51       		.byte	0x51
 1452 02b9 0A000000 		.4byte	.LVL34
 1453 02bd 26000000 		.4byte	.LVL41
 1454 02c1 0100     		.2byte	0x1
 1455 02c3 57       		.byte	0x57
 1456 02c4 26000000 		.4byte	.LVL41
 1457 02c8 30000000 		.4byte	.LVL43
 1458 02cc 0100     		.2byte	0x1
 1459 02ce 53       		.byte	0x53
 1460 02cf 30000000 		.4byte	.LVL43
 1461 02d3 34000000 		.4byte	.LVL44
 1462 02d7 0100     		.2byte	0x1
 1463 02d9 57       		.byte	0x57
 1464 02da 00000000 		.4byte	0
 1465 02de 00000000 		.4byte	0
 1466              	.LLST10:
 1467 02e2 00000000 		.4byte	.LVL32
 1468 02e6 0A000000 		.4byte	.LVL34
 1469 02ea 0100     		.2byte	0x1
ARM GAS  C:\Users\vellu\AppData\Local\Temp\ccRx8Odk.s 			page 29


 1470 02ec 52       		.byte	0x52
 1471 02ed 0A000000 		.4byte	.LVL34
 1472 02f1 38000000 		.4byte	.LFE65
 1473 02f5 0100     		.2byte	0x1
 1474 02f7 54       		.byte	0x54
 1475 02f8 00000000 		.4byte	0
 1476 02fc 00000000 		.4byte	0
 1477              	.LLST11:
 1478 0300 06000000 		.4byte	.LVL33
 1479 0304 0A000000 		.4byte	.LVL34
 1480 0308 0200     		.2byte	0x2
 1481 030a 30       		.byte	0x30
 1482 030b 9F       		.byte	0x9f
 1483 030c 0A000000 		.4byte	.LVL34
 1484 0310 38000000 		.4byte	.LFE65
 1485 0314 0100     		.2byte	0x1
 1486 0316 56       		.byte	0x56
 1487 0317 00000000 		.4byte	0
 1488 031b 00000000 		.4byte	0
 1489              	.LLST12:
 1490 031f 0E000000 		.4byte	.LVL35
 1491 0323 15000000 		.4byte	.LVL36-1
 1492 0327 0100     		.2byte	0x1
 1493 0329 50       		.byte	0x50
 1494 032a 1C000000 		.4byte	.LVL38
 1495 032e 24000000 		.4byte	.LVL40
 1496 0332 0200     		.2byte	0x2
 1497 0334 3A       		.byte	0x3a
 1498 0335 9F       		.byte	0x9f
 1499 0336 24000000 		.4byte	.LVL40
 1500 033a 30000000 		.4byte	.LVL43
 1501 033e 0100     		.2byte	0x1
 1502 0340 55       		.byte	0x55
 1503 0341 00000000 		.4byte	0
 1504 0345 00000000 		.4byte	0
 1505              		.section	.debug_aranges,"",%progbits
 1506 0000 2C000000 		.4byte	0x2c
 1507 0004 0200     		.2byte	0x2
 1508 0006 00000000 		.4byte	.Ldebug_info0
 1509 000a 04       		.byte	0x4
 1510 000b 00       		.byte	0
 1511 000c 0000     		.2byte	0
 1512 000e 0000     		.2byte	0
 1513 0010 00000000 		.4byte	.LFB63
 1514 0014 A4000000 		.4byte	.LFE63-.LFB63
 1515 0018 00000000 		.4byte	.LFB64
 1516 001c 2A000000 		.4byte	.LFE64-.LFB64
 1517 0020 00000000 		.4byte	.LFB65
 1518 0024 38000000 		.4byte	.LFE65-.LFB65
 1519 0028 00000000 		.4byte	0
 1520 002c 00000000 		.4byte	0
 1521              		.section	.debug_ranges,"",%progbits
 1522              	.Ldebug_ranges0:
 1523 0000 00000000 		.4byte	.LFB63
 1524 0004 A4000000 		.4byte	.LFE63
 1525 0008 00000000 		.4byte	.LFB64
 1526 000c 2A000000 		.4byte	.LFE64
ARM GAS  C:\Users\vellu\AppData\Local\Temp\ccRx8Odk.s 			page 30


 1527 0010 00000000 		.4byte	.LFB65
 1528 0014 38000000 		.4byte	.LFE65
 1529 0018 00000000 		.4byte	0
 1530 001c 00000000 		.4byte	0
 1531              		.section	.debug_line,"",%progbits
 1532              	.Ldebug_line0:
 1533 0000 11020000 		.section	.debug_str,"MS",%progbits,1
 1533      02006C01 
 1533      00000201 
 1533      FB0E0D00 
 1533      01010101 
 1534              	.LASF39:
 1535 0000 55415254 		.ascii	"UART_1_Start\000"
 1535      5F315F53 
 1535      74617274 
 1535      00
 1536              	.LASF9:
 1537 000d 5F5F696E 		.ascii	"__int32_t\000"
 1537      7433325F 
 1537      7400
 1538              	.LASF4:
 1539 0017 6C6F6E67 		.ascii	"long int\000"
 1539      20696E74 
 1539      00
 1540              	.LASF3:
 1541 0020 73686F72 		.ascii	"short unsigned int\000"
 1541      7420756E 
 1541      7369676E 
 1541      65642069 
 1541      6E7400
 1542              	.LASF31:
 1543 0033 5F726561 		.ascii	"_read\000"
 1543      6400
 1544              	.LASF12:
 1545 0039 666C6F61 		.ascii	"float\000"
 1545      7400
 1546              	.LASF30:
 1547 003f 66696C65 		.ascii	"file\000"
 1547      00
 1548              	.LASF34:
 1549 0044 7363616E 		.ascii	"scanf\000"
 1549      6600
 1550              	.LASF1:
 1551 004a 756E7369 		.ascii	"unsigned char\000"
 1551      676E6564 
 1551      20636861 
 1551      7200
 1552              	.LASF5:
 1553 0058 6C6F6E67 		.ascii	"long unsigned int\000"
 1553      20756E73 
 1553      69676E65 
 1553      6420696E 
 1553      7400
 1554              	.LASF38:
 1555 006a 49544D5F 		.ascii	"ITM_RxBuffer\000"
 1555      52784275 
 1555      66666572 
ARM GAS  C:\Users\vellu\AppData\Local\Temp\ccRx8Odk.s 			page 31


 1555      00
 1556              	.LASF17:
 1557 0077 736C6565 		.ascii	"sleepTimeMinutes\000"
 1557      7054696D 
 1557      654D696E 
 1557      75746573 
 1557      00
 1558              	.LASF13:
 1559 0088 646F7562 		.ascii	"double\000"
 1559      6C6500
 1560              	.LASF24:
 1561 008f 686F7572 		.ascii	"hoursToWakeUp\000"
 1561      73546F57 
 1561      616B6555 
 1561      7000
 1562              	.LASF28:
 1563 009d 6D61696E 		.ascii	"main\000"
 1563      00
 1564              	.LASF21:
 1565 00a2 686F7572 		.ascii	"hoursPerDayMax\000"
 1565      73506572 
 1565      4461794D 
 1565      617800
 1566              	.LASF35:
 1567 00b1 474E5520 		.ascii	"GNU C 4.9.3 20150303 (release) [ARM/embedded-4_9-br"
 1567      4320342E 
 1567      392E3320 
 1567      32303135 
 1567      30333033 
 1568 00e4 616E6368 		.ascii	"anch revision 221220] -mcpu=cortex-m3 -mthumb -g -O"
 1568      20726576 
 1568      6973696F 
 1568      6E203232 
 1568      31323230 
 1569 0117 67202D66 		.ascii	"g -ffunction-sections -ffat-lto-objects\000"
 1569      66756E63 
 1569      74696F6E 
 1569      2D736563 
 1569      74696F6E 
 1570              	.LASF42:
 1571 013f 55415254 		.ascii	"UART_1_PutChar\000"
 1571      5F315F50 
 1571      75744368 
 1571      617200
 1572              	.LASF8:
 1573 014e 756E7369 		.ascii	"unsigned int\000"
 1573      676E6564 
 1573      20696E74 
 1573      00
 1574              	.LASF19:
 1575 015b 6375724D 		.ascii	"curMinutes\000"
 1575      696E7574 
 1575      657300
 1576              	.LASF7:
 1577 0166 6C6F6E67 		.ascii	"long long unsigned int\000"
 1577      206C6F6E 
 1577      6720756E 
ARM GAS  C:\Users\vellu\AppData\Local\Temp\ccRx8Odk.s 			page 32


 1577      7369676E 
 1577      65642069 
 1578              	.LASF20:
 1579 017d 686F7572 		.ascii	"hoursPerDayMin\000"
 1579      73506572 
 1579      4461794D 
 1579      696E00
 1580              	.LASF10:
 1581 018c 696E7433 		.ascii	"int32_t\000"
 1581      325F7400 
 1582              	.LASF29:
 1583 0194 5F777269 		.ascii	"_write\000"
 1583      746500
 1584              	.LASF15:
 1585 019b 73697A65 		.ascii	"sizetype\000"
 1585      74797065 
 1585      00
 1586              	.LASF6:
 1587 01a4 6C6F6E67 		.ascii	"long long int\000"
 1587      206C6F6E 
 1587      6720696E 
 1587      7400
 1588              	.LASF36:
 1589 01b2 6D61696E 		.ascii	"main.c\000"
 1589      2E6300
 1590              	.LASF14:
 1591 01b9 63686172 		.ascii	"char\000"
 1591      00
 1592              	.LASF27:
 1593 01be 6469664D 		.ascii	"difMins\000"
 1593      696E7300 
 1594              	.LASF33:
 1595 01c6 7072696E 		.ascii	"printf\000"
 1595      746600
 1596              	.LASF32:
 1597 01cd 636F756E 		.ascii	"count\000"
 1597      7400
 1598              	.LASF2:
 1599 01d3 73686F72 		.ascii	"short int\000"
 1599      7420696E 
 1599      7400
 1600              	.LASF11:
 1601 01dd 75696E74 		.ascii	"uint8\000"
 1601      3800
 1602              	.LASF26:
 1603 01e3 64696648 		.ascii	"difHours\000"
 1603      6F757273 
 1603      00
 1604              	.LASF23:
 1605 01ec 6D696E75 		.ascii	"minutesPerHourMax\000"
 1605      74657350 
 1605      6572486F 
 1605      75724D61 
 1605      7800
 1606              	.LASF22:
 1607 01fe 6D696E75 		.ascii	"minutesPerHourMin\000"
 1607      74657350 
ARM GAS  C:\Users\vellu\AppData\Local\Temp\ccRx8Odk.s 			page 33


 1607      6572486F 
 1607      75724D69 
 1607      6E00
 1608              	.LASF41:
 1609 0210 70757473 		.ascii	"puts\000"
 1609      00
 1610              	.LASF18:
 1611 0215 63757248 		.ascii	"curHours\000"
 1611      6F757273 
 1611      00
 1612              	.LASF0:
 1613 021e 7369676E 		.ascii	"signed char\000"
 1613      65642063 
 1613      68617200 
 1614              	.LASF37:
 1615 022a 433A5C55 		.ascii	"C:\\Users\\vellu\\OneDrive\\Tiedostot\\PSoC Creator"
 1615      73657273 
 1615      5C76656C 
 1615      6C755C4F 
 1615      6E654472 
 1616 0258 5C4B6F75 		.ascii	"\\KouluOhjelmointi\\Exercise6.cydsn\000"
 1616      6C754F68 
 1616      6A656C6D 
 1616      6F696E74 
 1616      695C4578 
 1617              	.LASF16:
 1618 027a 736C6565 		.ascii	"sleepTimeHours\000"
 1618      7054696D 
 1618      65486F75 
 1618      727300
 1619              	.LASF25:
 1620 0289 6D696E75 		.ascii	"minutesToWakeUp\000"
 1620      74657354 
 1620      6F57616B 
 1620      65557000 
 1621              	.LASF40:
 1622 0299 5F5F6275 		.ascii	"__builtin_puts\000"
 1622      696C7469 
 1622      6E5F7075 
 1622      747300
 1623              	.LASF43:
 1624 02a8 55415254 		.ascii	"UART_1_GetChar\000"
 1624      5F315F47 
 1624      65744368 
 1624      617200
 1625              		.ident	"GCC: (GNU Tools for ARM Embedded Processors) 4.9.3 20150303 (release) [ARM/embedded-4_9-br
