ARM GAS  C:\Users\vellu\AppData\Local\Temp\cc6qa4FZ.s 			page 1


   1              		.syntax unified
   2              		.cpu cortex-m3
   3              		.fpu softvfp
   4              		.eabi_attribute 20, 1
   5              		.eabi_attribute 21, 1
   6              		.eabi_attribute 23, 3
   7              		.eabi_attribute 24, 1
   8              		.eabi_attribute 25, 1
   9              		.eabi_attribute 26, 1
  10              		.eabi_attribute 30, 1
  11              		.eabi_attribute 34, 1
  12              		.eabi_attribute 18, 4
  13              		.thumb
  14              		.file	"main.c"
  15              		.text
  16              	.Ltext0:
  17              		.cfi_sections	.debug_frame
  18              		.section	.text.main,"ax",%progbits
  19              		.align	2
  20              		.global	main
  21              		.thumb
  22              		.thumb_func
  23              		.type	main, %function
  24              	main:
  25              	.LFB63:
  26              		.file 1 "main.c"
   1:main.c        **** /* ========================================
   2:main.c        ****  *
   3:main.c        ****  * Copyright YOUR COMPANY, THE YEAR
   4:main.c        ****  * All Rights Reserved
   5:main.c        ****  * UNPUBLISHED, LICENSED SOFTWARE.
   6:main.c        ****  *
   7:main.c        ****  * CONFIDENTIAL AND PROPRIETARY INFORMATION
   8:main.c        ****  * WHICH IS THE PROPERTY OF your company.
   9:main.c        ****  *
  10:main.c        ****  * ========================================
  11:main.c        **** */
  12:main.c        **** #include "project.h"
  13:main.c        **** #include "stdio.h"
  14:main.c        **** #include "string.h"
  15:main.c        **** #include <stdlib.h>
  16:main.c        **** #include <time.h>
  17:main.c        **** 
  18:main.c        **** #define NAME_SIZE 50
  19:main.c        **** 
  20:main.c        **** int main(void)
  21:main.c        **** {
  27              		.loc 1 21 0
  28              		.cfi_startproc
  29              		@ args = 0, pretend = 0, frame = 160
  30              		@ frame_needed = 0, uses_anonymous_args = 0
  31 0000 30B5     		push	{r4, r5, lr}
  32              		.cfi_def_cfa_offset 12
  33              		.cfi_offset 4, -12
  34              		.cfi_offset 5, -8
  35              		.cfi_offset 14, -4
  36 0002 A9B0     		sub	sp, sp, #164
ARM GAS  C:\Users\vellu\AppData\Local\Temp\cc6qa4FZ.s 			page 2


  37              		.cfi_def_cfa_offset 176
  22:main.c        ****     CyGlobalIntEnable; /* Enable global interrupts. */
  38              		.loc 1 22 0
  39              	@ 22 "main.c" 1
  40 0004 62B6     		CPSIE   i
  41              	@ 0 "" 2
  23:main.c        **** 
  24:main.c        ****     /* Place your initialization/startup code here (e.g. MyInst_Start()) */
  25:main.c        ****     UART_1_Start();
  42              		.loc 1 25 0
  43              		.thumb
  44 0006 FFF7FEFF 		bl	UART_1_Start
  45              	.LVL0:
  26:main.c        ****     
  27:main.c        ****     char fName[NAME_SIZE] = {""};
  46              		.loc 1 27 0
  47 000a 0023     		movs	r3, #0
  48 000c 1B93     		str	r3, [sp, #108]
  49 000e 1C93     		str	r3, [sp, #112]
  50 0010 1D93     		str	r3, [sp, #116]
  51 0012 1E93     		str	r3, [sp, #120]
  52 0014 1F93     		str	r3, [sp, #124]
  53 0016 2093     		str	r3, [sp, #128]
  54 0018 2193     		str	r3, [sp, #132]
  55 001a 2293     		str	r3, [sp, #136]
  56 001c 2393     		str	r3, [sp, #140]
  57 001e 2493     		str	r3, [sp, #144]
  58 0020 2593     		str	r3, [sp, #148]
  59 0022 2693     		str	r3, [sp, #152]
  60 0024 ADF89C30 		strh	r3, [sp, #156]	@ movhi
  28:main.c        ****     char lName[NAME_SIZE] = {""};
  61              		.loc 1 28 0
  62 0028 0E93     		str	r3, [sp, #56]
  63 002a 0F93     		str	r3, [sp, #60]
  64 002c 1093     		str	r3, [sp, #64]
  65 002e 1193     		str	r3, [sp, #68]
  66 0030 1293     		str	r3, [sp, #72]
  67 0032 1393     		str	r3, [sp, #76]
  68 0034 1493     		str	r3, [sp, #80]
  69 0036 1593     		str	r3, [sp, #84]
  70 0038 1693     		str	r3, [sp, #88]
  71 003a 1793     		str	r3, [sp, #92]
  72 003c 1893     		str	r3, [sp, #96]
  73 003e 1993     		str	r3, [sp, #100]
  74 0040 ADF86830 		strh	r3, [sp, #104]	@ movhi
  29:main.c        ****     char wName[NAME_SIZE] = {""};
  75              		.loc 1 29 0
  76 0044 0193     		str	r3, [sp, #4]
  77 0046 0293     		str	r3, [sp, #8]
  78 0048 0393     		str	r3, [sp, #12]
  79 004a 0493     		str	r3, [sp, #16]
  80 004c 0593     		str	r3, [sp, #20]
  81 004e 0693     		str	r3, [sp, #24]
  82 0050 0793     		str	r3, [sp, #28]
  83 0052 0893     		str	r3, [sp, #32]
  84 0054 0993     		str	r3, [sp, #36]
  85 0056 0A93     		str	r3, [sp, #40]
ARM GAS  C:\Users\vellu\AppData\Local\Temp\cc6qa4FZ.s 			page 3


  86 0058 0B93     		str	r3, [sp, #44]
  87 005a 0C93     		str	r3, [sp, #48]
  88 005c ADF83430 		strh	r3, [sp, #52]	@ movhi
  30:main.c        ****     int length, length2, lengthMax, lengthTotal;
  31:main.c        ****     
  32:main.c        ****     printf("\nEnter your first name: ");
  89              		.loc 1 32 0
  90 0060 1E48     		ldr	r0, .L5
  91 0062 FFF7FEFF 		bl	printf
  92              	.LVL1:
  33:main.c        ****     
  34:main.c        ****     scanf("%s",fName);
  93              		.loc 1 34 0
  94 0066 1E4C     		ldr	r4, .L5+4
  95 0068 2046     		mov	r0, r4
  96 006a 1BA9     		add	r1, sp, #108
  97 006c FFF7FEFF 		bl	scanf
  98              	.LVL2:
  35:main.c        ****     length = strlen(fName);
  99              		.loc 1 35 0
 100 0070 1BA8     		add	r0, sp, #108
 101 0072 FFF7FEFF 		bl	strlen
 102              	.LVL3:
 103 0076 0546     		mov	r5, r0
 104              	.LVL4:
  36:main.c        ****     
  37:main.c        ****     printf("Enter your last name: ");
 105              		.loc 1 37 0
 106 0078 1A48     		ldr	r0, .L5+8
 107              	.LVL5:
 108 007a FFF7FEFF 		bl	printf
 109              	.LVL6:
  38:main.c        ****     
  39:main.c        ****     scanf("%s",lName);
 110              		.loc 1 39 0
 111 007e 2046     		mov	r0, r4
 112 0080 0EA9     		add	r1, sp, #56
 113 0082 FFF7FEFF 		bl	scanf
 114              	.LVL7:
  40:main.c        ****     length2 = strlen(lName);
 115              		.loc 1 40 0
 116 0086 0EA8     		add	r0, sp, #56
 117 0088 FFF7FEFF 		bl	strlen
 118              	.LVL8:
 119 008c 0246     		mov	r2, r0
 120              	.LVL9:
  41:main.c        ****     lengthTotal= length+length2;
 121              		.loc 1 41 0
 122 008e 2B18     		adds	r3, r5, r0
 123              	.LVL10:
  42:main.c        ****     lengthMax = NAME_SIZE-1;
  43:main.c        ****     if (lengthTotal <= lengthMax)
 124              		.loc 1 43 0
 125 0090 312B     		cmp	r3, #49
 126 0092 0FDC     		bgt	.L2
  44:main.c        ****     {
  45:main.c        ****         strcpy(wName,lName);
ARM GAS  C:\Users\vellu\AppData\Local\Temp\cc6qa4FZ.s 			page 4


 127              		.loc 1 45 0
 128 0094 01AC     		add	r4, sp, #4
 129 0096 2046     		mov	r0, r4
 130              	.LVL11:
 131 0098 0EA9     		add	r1, sp, #56
 132 009a FFF7FEFF 		bl	strcpy
 133              	.LVL12:
  46:main.c        ****         strcat(wName,(" "));
 134              		.loc 1 46 0
 135 009e 2046     		mov	r0, r4
 136 00a0 FFF7FEFF 		bl	strlen
 137              	.LVL13:
 138 00a4 104B     		ldr	r3, .L5+12
 139 00a6 1B88     		ldrh	r3, [r3]	@ unaligned
 140 00a8 2352     		strh	r3, [r4, r0]	@ unaligned
  47:main.c        ****         strcat(wName,fName);
 141              		.loc 1 47 0
 142 00aa 2046     		mov	r0, r4
 143 00ac 1BA9     		add	r1, sp, #108
 144 00ae FFF7FEFF 		bl	strcat
 145              	.LVL14:
 146 00b2 04E0     		b	.L3
 147              	.LVL15:
 148              	.L2:
  48:main.c        ****     }
  49:main.c        ****     else {
  50:main.c        ****         printf("Length of names %d and %d is too long to copy %d.",length,length2,lengthMax);
 149              		.loc 1 50 0
 150 00b4 0D48     		ldr	r0, .L5+16
 151              	.LVL16:
 152 00b6 2946     		mov	r1, r5
 153 00b8 3123     		movs	r3, #49
 154              	.LVL17:
 155 00ba FFF7FEFF 		bl	printf
 156              	.LVL18:
 157              	.L3:
  51:main.c        ****     }
  52:main.c        ****     printf("Hello, %s\n",wName);
 158              		.loc 1 52 0
 159 00be 0C48     		ldr	r0, .L5+20
 160 00c0 01A9     		add	r1, sp, #4
 161 00c2 FFF7FEFF 		bl	printf
 162              	.LVL19:
  53:main.c        ****     printf("Length of your name = %d\n",strlen(wName));
 163              		.loc 1 53 0
 164 00c6 01A8     		add	r0, sp, #4
 165 00c8 FFF7FEFF 		bl	strlen
 166              	.LVL20:
 167 00cc 0146     		mov	r1, r0
 168 00ce 0948     		ldr	r0, .L5+24
 169 00d0 FFF7FEFF 		bl	printf
 170              	.LVL21:
  54:main.c        ****     
  55:main.c        ****     
  56:main.c        ****     
  57:main.c        ****     return 0;
  58:main.c        **** 
ARM GAS  C:\Users\vellu\AppData\Local\Temp\cc6qa4FZ.s 			page 5


  59:main.c        **** }
 171              		.loc 1 59 0
 172 00d4 0020     		movs	r0, #0
 173 00d6 29B0     		add	sp, sp, #164
 174              		.cfi_def_cfa_offset 12
 175              		@ sp needed
 176 00d8 30BD     		pop	{r4, r5, pc}
 177              	.LVL22:
 178              	.L6:
 179 00da 00BF     		.align	2
 180              	.L5:
 181 00dc 00000000 		.word	.LC0
 182 00e0 1C000000 		.word	.LC1
 183 00e4 20000000 		.word	.LC2
 184 00e8 38000000 		.word	.LC3
 185 00ec 3C000000 		.word	.LC4
 186 00f0 70000000 		.word	.LC5
 187 00f4 7C000000 		.word	.LC6
 188              		.cfi_endproc
 189              	.LFE63:
 190              		.size	main, .-main
 191              		.section	.text._write,"ax",%progbits
 192              		.align	2
 193              		.global	_write
 194              		.thumb
 195              		.thumb_func
 196              		.type	_write, %function
 197              	_write:
 198              	.LFB64:
  60:main.c        **** 
  61:main.c        **** int _write(int file, char *ptr, int len)
  62:main.c        **** {
 199              		.loc 1 62 0
 200              		.cfi_startproc
 201              		@ args = 0, pretend = 0, frame = 0
 202              		@ frame_needed = 0, uses_anonymous_args = 0
 203              	.LVL23:
 204 0000 F8B5     		push	{r3, r4, r5, r6, r7, lr}
 205              		.cfi_def_cfa_offset 24
 206              		.cfi_offset 3, -24
 207              		.cfi_offset 4, -20
 208              		.cfi_offset 5, -16
 209              		.cfi_offset 6, -12
 210              		.cfi_offset 7, -8
 211              		.cfi_offset 14, -4
 212 0002 0C46     		mov	r4, r1
 213 0004 1746     		mov	r7, r2
 214              	.LVL24:
  63:main.c        ****     (void)file; /* Parameter is not used, suppress unused argument warning */
  64:main.c        **** 	int n;
  65:main.c        **** 	for(n = 0; n < len; n++) {
 215              		.loc 1 65 0
 216 0006 0025     		movs	r5, #0
 217 0008 0BE0     		b	.L8
 218              	.LVL25:
 219              	.L10:
  66:main.c        ****         if(*ptr == '\n') UART_1_PutChar('\r');
ARM GAS  C:\Users\vellu\AppData\Local\Temp\cc6qa4FZ.s 			page 6


 220              		.loc 1 66 0
 221 000a 2378     		ldrb	r3, [r4]	@ zero_extendqisi2
 222 000c 0A2B     		cmp	r3, #10
 223 000e 02D1     		bne	.L9
 224              		.loc 1 66 0 is_stmt 0 discriminator 1
 225 0010 0D20     		movs	r0, #13
 226 0012 FFF7FEFF 		bl	UART_1_PutChar
 227              	.LVL26:
 228              	.L9:
  67:main.c        **** 		UART_1_PutChar(*ptr++);
 229              		.loc 1 67 0 is_stmt 1 discriminator 2
 230 0016 661C     		adds	r6, r4, #1
 231              	.LVL27:
 232 0018 2078     		ldrb	r0, [r4]	@ zero_extendqisi2
 233 001a FFF7FEFF 		bl	UART_1_PutChar
 234              	.LVL28:
  65:main.c        ****         if(*ptr == '\n') UART_1_PutChar('\r');
 235              		.loc 1 65 0 discriminator 2
 236 001e 0135     		adds	r5, r5, #1
 237              	.LVL29:
 238              		.loc 1 67 0 discriminator 2
 239 0020 3446     		mov	r4, r6
 240              	.LVL30:
 241              	.L8:
  65:main.c        ****         if(*ptr == '\n') UART_1_PutChar('\r');
 242              		.loc 1 65 0 discriminator 1
 243 0022 BD42     		cmp	r5, r7
 244 0024 F1DB     		blt	.L10
  68:main.c        **** 	}
  69:main.c        **** 	return len;
  70:main.c        **** }
 245              		.loc 1 70 0
 246 0026 3846     		mov	r0, r7
 247 0028 F8BD     		pop	{r3, r4, r5, r6, r7, pc}
 248              		.cfi_endproc
 249              	.LFE64:
 250              		.size	_write, .-_write
 251 002a 00BF     		.section	.text._read,"ax",%progbits
 252              		.align	2
 253              		.global	_read
 254              		.thumb
 255              		.thumb_func
 256              		.type	_read, %function
 257              	_read:
 258              	.LFB65:
  71:main.c        **** 
  72:main.c        **** int _read (int file, char *ptr, int count)
  73:main.c        **** {
 259              		.loc 1 73 0
 260              		.cfi_startproc
 261              		@ args = 0, pretend = 0, frame = 0
 262              		@ frame_needed = 0, uses_anonymous_args = 0
 263              	.LVL31:
 264 0000 F8B5     		push	{r3, r4, r5, r6, r7, lr}
 265              		.cfi_def_cfa_offset 24
 266              		.cfi_offset 3, -24
 267              		.cfi_offset 4, -20
ARM GAS  C:\Users\vellu\AppData\Local\Temp\cc6qa4FZ.s 			page 7


 268              		.cfi_offset 5, -16
 269              		.cfi_offset 6, -12
 270              		.cfi_offset 7, -8
 271              		.cfi_offset 14, -4
 272 0002 0F46     		mov	r7, r1
 273 0004 1446     		mov	r4, r2
 274              	.LVL32:
  74:main.c        ****     int chs = 0;
 275              		.loc 1 74 0
 276 0006 0026     		movs	r6, #0
  75:main.c        ****     char ch;
  76:main.c        ****  
  77:main.c        ****     (void)file; /* Parameter is not used, suppress unused argument warning */
  78:main.c        ****     while(count > 0) {
 277              		.loc 1 78 0
 278 0008 12E0     		b	.L14
 279              	.LVL33:
 280              	.L17:
  79:main.c        ****         ch = UART_1_GetChar();
 281              		.loc 1 79 0
 282 000a FFF7FEFF 		bl	UART_1_GetChar
 283              	.LVL34:
  80:main.c        ****         if(ch != 0) {
 284              		.loc 1 80 0
 285 000e 0546     		mov	r5, r0
 286 0010 70B1     		cbz	r0, .L14
  81:main.c        ****             UART_1_PutChar(ch);
 287              		.loc 1 81 0
 288 0012 FFF7FEFF 		bl	UART_1_PutChar
 289              	.LVL35:
  82:main.c        ****             chs++;
 290              		.loc 1 82 0
 291 0016 0136     		adds	r6, r6, #1
 292              	.LVL36:
  83:main.c        ****             if(ch == '\r') {
 293              		.loc 1 83 0
 294 0018 0D2D     		cmp	r5, #13
 295 001a 03D1     		bne	.L15
 296              	.LVL37:
  84:main.c        ****                 ch = '\n';
  85:main.c        ****                 UART_1_PutChar(ch);
 297              		.loc 1 85 0
 298 001c 0A20     		movs	r0, #10
 299 001e FFF7FEFF 		bl	UART_1_PutChar
 300              	.LVL38:
  84:main.c        ****                 ch = '\n';
 301              		.loc 1 84 0
 302 0022 0A25     		movs	r5, #10
 303              	.LVL39:
 304              	.L15:
  86:main.c        ****             }
  87:main.c        ****             *ptr++ = ch;
 305              		.loc 1 87 0
 306 0024 7B1C     		adds	r3, r7, #1
 307              	.LVL40:
 308 0026 3D70     		strb	r5, [r7]
  88:main.c        ****             count--;
ARM GAS  C:\Users\vellu\AppData\Local\Temp\cc6qa4FZ.s 			page 8


 309              		.loc 1 88 0
 310 0028 013C     		subs	r4, r4, #1
 311              	.LVL41:
  89:main.c        ****             if(ch == '\n') break;
 312              		.loc 1 89 0
 313 002a 0A2D     		cmp	r5, #10
 314 002c 02D0     		beq	.L16
  87:main.c        ****             count--;
 315              		.loc 1 87 0
 316 002e 1F46     		mov	r7, r3
 317              	.LVL42:
 318              	.L14:
  78:main.c        ****         ch = UART_1_GetChar();
 319              		.loc 1 78 0
 320 0030 002C     		cmp	r4, #0
 321 0032 EADC     		bgt	.L17
 322              	.LVL43:
 323              	.L16:
  90:main.c        ****         }
  91:main.c        ****     }
  92:main.c        ****     return chs;
  93:main.c        **** }
 324              		.loc 1 93 0
 325 0034 3046     		mov	r0, r6
 326 0036 F8BD     		pop	{r3, r4, r5, r6, r7, pc}
 327              		.cfi_endproc
 328              	.LFE65:
 329              		.size	_read, .-_read
 330              		.section	.rodata.str1.4,"aMS",%progbits,1
 331              		.align	2
 332              	.LC0:
 333 0000 0A456E74 		.ascii	"\012Enter your first name: \000"
 333      65722079 
 333      6F757220 
 333      66697273 
 333      74206E61 
 334 0019 000000   		.space	3
 335              	.LC1:
 336 001c 257300   		.ascii	"%s\000"
 337 001f 00       		.space	1
 338              	.LC2:
 339 0020 456E7465 		.ascii	"Enter your last name: \000"
 339      7220796F 
 339      7572206C 
 339      61737420 
 339      6E616D65 
 340 0037 00       		.space	1
 341              	.LC3:
 342 0038 2000     		.ascii	" \000"
 343 003a 0000     		.space	2
 344              	.LC4:
 345 003c 4C656E67 		.ascii	"Length of names %d and %d is too long to copy %d.\000"
 345      7468206F 
 345      66206E61 
 345      6D657320 
 345      25642061 
 346 006e 0000     		.space	2
ARM GAS  C:\Users\vellu\AppData\Local\Temp\cc6qa4FZ.s 			page 9


 347              	.LC5:
 348 0070 48656C6C 		.ascii	"Hello, %s\012\000"
 348      6F2C2025 
 348      730A00
 349 007b 00       		.space	1
 350              	.LC6:
 351 007c 4C656E67 		.ascii	"Length of your name = %d\012\000"
 351      7468206F 
 351      6620796F 
 351      7572206E 
 351      616D6520 
 352 0096 0000     		.text
 353              	.Letext0:
 354              		.file 2 "c:\\program files (x86)\\cypress\\psoc creator\\4.0\\psoc creator\\import\\gnu\\arm\\4.9.
 355              		.file 3 "c:\\program files (x86)\\cypress\\psoc creator\\4.0\\psoc creator\\import\\gnu\\arm\\4.9.
 356              		.file 4 "Generated_Source\\PSoC5/cytypes.h"
 357              		.file 5 "c:\\program files (x86)\\cypress\\psoc creator\\4.0\\psoc creator\\import\\gnu\\arm\\4.9.
 358              		.file 6 "c:\\program files (x86)\\cypress\\psoc creator\\4.0\\psoc creator\\import\\gnu\\arm\\4.9.
 359              		.file 7 "c:\\program files (x86)\\cypress\\psoc creator\\4.0\\psoc creator\\import\\gnu\\arm\\4.9.
 360              		.file 8 "Generated_Source\\PSoC5/core_cm3.h"
 361              		.file 9 "Generated_Source\\PSoC5/UART_1.h"
 362              		.file 10 "<built-in>"
 363              		.section	.debug_info,"",%progbits
 364              	.Ldebug_info0:
 365 0000 5E040000 		.4byte	0x45e
 366 0004 0400     		.2byte	0x4
 367 0006 00000000 		.4byte	.Ldebug_abbrev0
 368 000a 04       		.byte	0x4
 369 000b 01       		.uleb128 0x1
 370 000c 2E010000 		.4byte	.LASF34
 371 0010 01       		.byte	0x1
 372 0011 07020000 		.4byte	.LASF35
 373 0015 C0000000 		.4byte	.LASF36
 374 0019 00000000 		.4byte	.Ldebug_ranges0+0
 375 001d 00000000 		.4byte	0
 376 0021 00000000 		.4byte	.Ldebug_line0
 377 0025 02       		.uleb128 0x2
 378 0026 01       		.byte	0x1
 379 0027 06       		.byte	0x6
 380 0028 41020000 		.4byte	.LASF0
 381 002c 02       		.uleb128 0x2
 382 002d 01       		.byte	0x1
 383 002e 08       		.byte	0x8
 384 002f 85000000 		.4byte	.LASF1
 385 0033 02       		.uleb128 0x2
 386 0034 02       		.byte	0x2
 387 0035 05       		.byte	0x5
 388 0036 20020000 		.4byte	.LASF2
 389 003a 02       		.uleb128 0x2
 390 003b 02       		.byte	0x2
 391 003c 07       		.byte	0x7
 392 003d 42000000 		.4byte	.LASF3
 393 0041 03       		.uleb128 0x3
 394 0042 2C000000 		.4byte	.LASF9
 395 0046 02       		.byte	0x2
 396 0047 3F       		.byte	0x3f
 397 0048 4C000000 		.4byte	0x4c
ARM GAS  C:\Users\vellu\AppData\Local\Temp\cc6qa4FZ.s 			page 10


 398 004c 02       		.uleb128 0x2
 399 004d 04       		.byte	0x4
 400 004e 05       		.byte	0x5
 401 004f 38020000 		.4byte	.LASF4
 402 0053 02       		.uleb128 0x2
 403 0054 04       		.byte	0x4
 404 0055 07       		.byte	0x7
 405 0056 9A000000 		.4byte	.LASF5
 406 005a 02       		.uleb128 0x2
 407 005b 08       		.byte	0x8
 408 005c 05       		.byte	0x5
 409 005d 00000000 		.4byte	.LASF6
 410 0061 02       		.uleb128 0x2
 411 0062 08       		.byte	0x8
 412 0063 07       		.byte	0x7
 413 0064 D2010000 		.4byte	.LASF7
 414 0068 04       		.uleb128 0x4
 415 0069 04       		.byte	0x4
 416 006a 05       		.byte	0x5
 417 006b 696E7400 		.ascii	"int\000"
 418 006f 02       		.uleb128 0x2
 419 0070 04       		.byte	0x4
 420 0071 07       		.byte	0x7
 421 0072 55000000 		.4byte	.LASF8
 422 0076 03       		.uleb128 0x3
 423 0077 E9010000 		.4byte	.LASF10
 424 007b 03       		.byte	0x3
 425 007c 2C       		.byte	0x2c
 426 007d 41000000 		.4byte	0x41
 427 0081 05       		.uleb128 0x5
 428 0082 2A020000 		.4byte	.LASF11
 429 0086 04       		.byte	0x4
 430 0087 9201     		.2byte	0x192
 431 0089 2C000000 		.4byte	0x2c
 432 008d 02       		.uleb128 0x2
 433 008e 04       		.byte	0x4
 434 008f 04       		.byte	0x4
 435 0090 6E000000 		.4byte	.LASF12
 436 0094 02       		.uleb128 0x2
 437 0095 08       		.byte	0x8
 438 0096 04       		.byte	0x4
 439 0097 11010000 		.4byte	.LASF13
 440 009b 02       		.uleb128 0x2
 441 009c 01       		.byte	0x1
 442 009d 08       		.byte	0x8
 443 009e 0E020000 		.4byte	.LASF14
 444 00a2 03       		.uleb128 0x3
 445 00a3 1B000000 		.4byte	.LASF15
 446 00a7 05       		.byte	0x5
 447 00a8 D4       		.byte	0xd4
 448 00a9 6F000000 		.4byte	0x6f
 449 00ad 02       		.uleb128 0x2
 450 00ae 04       		.byte	0x4
 451 00af 07       		.byte	0x7
 452 00b0 F8010000 		.4byte	.LASF16
 453 00b4 06       		.uleb128 0x6
 454 00b5 04       		.byte	0x4
ARM GAS  C:\Users\vellu\AppData\Local\Temp\cc6qa4FZ.s 			page 11


 455 00b6 9B000000 		.4byte	0x9b
 456 00ba 06       		.uleb128 0x6
 457 00bb 04       		.byte	0x4
 458 00bc C0000000 		.4byte	0xc0
 459 00c0 07       		.uleb128 0x7
 460 00c1 9B000000 		.4byte	0x9b
 461 00c5 08       		.uleb128 0x8
 462 00c6 29010000 		.4byte	.LASF24
 463 00ca 01       		.byte	0x1
 464 00cb 14       		.byte	0x14
 465 00cc 68000000 		.4byte	0x68
 466 00d0 00000000 		.4byte	.LFB63
 467 00d4 F8000000 		.4byte	.LFE63-.LFB63
 468 00d8 01       		.uleb128 0x1
 469 00d9 9C       		.byte	0x9c
 470 00da 8F020000 		.4byte	0x28f
 471 00de 09       		.uleb128 0x9
 472 00df 68000000 		.4byte	.LASF17
 473 00e3 01       		.byte	0x1
 474 00e4 1B       		.byte	0x1b
 475 00e5 8F020000 		.4byte	0x28f
 476 00e9 03       		.uleb128 0x3
 477 00ea 91       		.byte	0x91
 478 00eb BC7F     		.sleb128 -68
 479 00ed 09       		.uleb128 0x9
 480 00ee 01020000 		.4byte	.LASF18
 481 00f2 01       		.byte	0x1
 482 00f3 1C       		.byte	0x1c
 483 00f4 8F020000 		.4byte	0x28f
 484 00f8 03       		.uleb128 0x3
 485 00f9 91       		.byte	0x91
 486 00fa 887F     		.sleb128 -120
 487 00fc 09       		.uleb128 0x9
 488 00fd 74000000 		.4byte	.LASF19
 489 0101 01       		.byte	0x1
 490 0102 1D       		.byte	0x1d
 491 0103 8F020000 		.4byte	0x28f
 492 0107 03       		.uleb128 0x3
 493 0108 91       		.byte	0x91
 494 0109 D47E     		.sleb128 -172
 495 010b 0A       		.uleb128 0xa
 496 010c 4D020000 		.4byte	.LASF20
 497 0110 01       		.byte	0x1
 498 0111 1E       		.byte	0x1e
 499 0112 68000000 		.4byte	0x68
 500 0116 00000000 		.4byte	.LLST0
 501 011a 0A       		.uleb128 0xa
 502 011b 30020000 		.4byte	.LASF21
 503 011f 01       		.byte	0x1
 504 0120 1E       		.byte	0x1e
 505 0121 68000000 		.4byte	0x68
 506 0125 1E000000 		.4byte	.LLST1
 507 0129 0B       		.uleb128 0xb
 508 012a 22000000 		.4byte	.LASF22
 509 012e 01       		.byte	0x1
 510 012f 1E       		.byte	0x1e
 511 0130 68000000 		.4byte	0x68
ARM GAS  C:\Users\vellu\AppData\Local\Temp\cc6qa4FZ.s 			page 12


 512 0134 31       		.byte	0x31
 513 0135 0A       		.uleb128 0xa
 514 0136 36000000 		.4byte	.LASF23
 515 013a 01       		.byte	0x1
 516 013b 1E       		.byte	0x1e
 517 013c 68000000 		.4byte	0x68
 518 0140 52000000 		.4byte	.LLST2
 519 0144 0C       		.uleb128 0xc
 520 0145 0A000000 		.4byte	.LVL0
 521 0149 B0030000 		.4byte	0x3b0
 522 014d 0D       		.uleb128 0xd
 523 014e 66000000 		.4byte	.LVL1
 524 0152 B7030000 		.4byte	0x3b7
 525 0156 64010000 		.4byte	0x164
 526 015a 0E       		.uleb128 0xe
 527 015b 01       		.uleb128 0x1
 528 015c 50       		.byte	0x50
 529 015d 05       		.uleb128 0x5
 530 015e 03       		.byte	0x3
 531 015f 00000000 		.4byte	.LC0
 532 0163 00       		.byte	0
 533 0164 0D       		.uleb128 0xd
 534 0165 70000000 		.4byte	.LVL2
 535 0169 CD030000 		.4byte	0x3cd
 536 016d 7F010000 		.4byte	0x17f
 537 0171 0E       		.uleb128 0xe
 538 0172 01       		.uleb128 0x1
 539 0173 51       		.byte	0x51
 540 0174 03       		.uleb128 0x3
 541 0175 91       		.byte	0x91
 542 0176 BC7F     		.sleb128 -68
 543 0178 0E       		.uleb128 0xe
 544 0179 01       		.uleb128 0x1
 545 017a 50       		.byte	0x50
 546 017b 02       		.uleb128 0x2
 547 017c 74       		.byte	0x74
 548 017d 00       		.sleb128 0
 549 017e 00       		.byte	0
 550 017f 0D       		.uleb128 0xd
 551 0180 76000000 		.4byte	.LVL3
 552 0184 E3030000 		.4byte	0x3e3
 553 0188 94010000 		.4byte	0x194
 554 018c 0E       		.uleb128 0xe
 555 018d 01       		.uleb128 0x1
 556 018e 50       		.byte	0x50
 557 018f 03       		.uleb128 0x3
 558 0190 91       		.byte	0x91
 559 0191 BC7F     		.sleb128 -68
 560 0193 00       		.byte	0
 561 0194 0D       		.uleb128 0xd
 562 0195 7E000000 		.4byte	.LVL6
 563 0199 B7030000 		.4byte	0x3b7
 564 019d AB010000 		.4byte	0x1ab
 565 01a1 0E       		.uleb128 0xe
 566 01a2 01       		.uleb128 0x1
 567 01a3 50       		.byte	0x50
 568 01a4 05       		.uleb128 0x5
ARM GAS  C:\Users\vellu\AppData\Local\Temp\cc6qa4FZ.s 			page 13


 569 01a5 03       		.byte	0x3
 570 01a6 20000000 		.4byte	.LC2
 571 01aa 00       		.byte	0
 572 01ab 0D       		.uleb128 0xd
 573 01ac 86000000 		.4byte	.LVL7
 574 01b0 CD030000 		.4byte	0x3cd
 575 01b4 C6010000 		.4byte	0x1c6
 576 01b8 0E       		.uleb128 0xe
 577 01b9 01       		.uleb128 0x1
 578 01ba 51       		.byte	0x51
 579 01bb 03       		.uleb128 0x3
 580 01bc 91       		.byte	0x91
 581 01bd 887F     		.sleb128 -120
 582 01bf 0E       		.uleb128 0xe
 583 01c0 01       		.uleb128 0x1
 584 01c1 50       		.byte	0x50
 585 01c2 02       		.uleb128 0x2
 586 01c3 74       		.byte	0x74
 587 01c4 00       		.sleb128 0
 588 01c5 00       		.byte	0
 589 01c6 0D       		.uleb128 0xd
 590 01c7 8C000000 		.4byte	.LVL8
 591 01cb E3030000 		.4byte	0x3e3
 592 01cf DB010000 		.4byte	0x1db
 593 01d3 0E       		.uleb128 0xe
 594 01d4 01       		.uleb128 0x1
 595 01d5 50       		.byte	0x50
 596 01d6 03       		.uleb128 0x3
 597 01d7 91       		.byte	0x91
 598 01d8 887F     		.sleb128 -120
 599 01da 00       		.byte	0
 600 01db 0D       		.uleb128 0xd
 601 01dc 9E000000 		.4byte	.LVL12
 602 01e0 F8030000 		.4byte	0x3f8
 603 01e4 F6010000 		.4byte	0x1f6
 604 01e8 0E       		.uleb128 0xe
 605 01e9 01       		.uleb128 0x1
 606 01ea 51       		.byte	0x51
 607 01eb 03       		.uleb128 0x3
 608 01ec 91       		.byte	0x91
 609 01ed 887F     		.sleb128 -120
 610 01ef 0E       		.uleb128 0xe
 611 01f0 01       		.uleb128 0x1
 612 01f1 50       		.byte	0x50
 613 01f2 02       		.uleb128 0x2
 614 01f3 74       		.byte	0x74
 615 01f4 00       		.sleb128 0
 616 01f5 00       		.byte	0
 617 01f6 0D       		.uleb128 0xd
 618 01f7 A4000000 		.4byte	.LVL13
 619 01fb 12040000 		.4byte	0x412
 620 01ff 0A020000 		.4byte	0x20a
 621 0203 0E       		.uleb128 0xe
 622 0204 01       		.uleb128 0x1
 623 0205 50       		.byte	0x50
 624 0206 02       		.uleb128 0x2
 625 0207 74       		.byte	0x74
ARM GAS  C:\Users\vellu\AppData\Local\Temp\cc6qa4FZ.s 			page 14


 626 0208 00       		.sleb128 0
 627 0209 00       		.byte	0
 628 020a 0D       		.uleb128 0xd
 629 020b B2000000 		.4byte	.LVL14
 630 020f 2B040000 		.4byte	0x42b
 631 0213 25020000 		.4byte	0x225
 632 0217 0E       		.uleb128 0xe
 633 0218 01       		.uleb128 0x1
 634 0219 51       		.byte	0x51
 635 021a 03       		.uleb128 0x3
 636 021b 91       		.byte	0x91
 637 021c BC7F     		.sleb128 -68
 638 021e 0E       		.uleb128 0xe
 639 021f 01       		.uleb128 0x1
 640 0220 50       		.byte	0x50
 641 0221 02       		.uleb128 0x2
 642 0222 74       		.byte	0x74
 643 0223 00       		.sleb128 0
 644 0224 00       		.byte	0
 645 0225 0D       		.uleb128 0xd
 646 0226 BE000000 		.4byte	.LVL18
 647 022a B7030000 		.4byte	0x3b7
 648 022e 48020000 		.4byte	0x248
 649 0232 0E       		.uleb128 0xe
 650 0233 01       		.uleb128 0x1
 651 0234 53       		.byte	0x53
 652 0235 02       		.uleb128 0x2
 653 0236 08       		.byte	0x8
 654 0237 31       		.byte	0x31
 655 0238 0E       		.uleb128 0xe
 656 0239 01       		.uleb128 0x1
 657 023a 51       		.byte	0x51
 658 023b 02       		.uleb128 0x2
 659 023c 75       		.byte	0x75
 660 023d 00       		.sleb128 0
 661 023e 0E       		.uleb128 0xe
 662 023f 01       		.uleb128 0x1
 663 0240 50       		.byte	0x50
 664 0241 05       		.uleb128 0x5
 665 0242 03       		.byte	0x3
 666 0243 3C000000 		.4byte	.LC4
 667 0247 00       		.byte	0
 668 0248 0D       		.uleb128 0xd
 669 0249 C6000000 		.4byte	.LVL19
 670 024d B7030000 		.4byte	0x3b7
 671 0251 66020000 		.4byte	0x266
 672 0255 0E       		.uleb128 0xe
 673 0256 01       		.uleb128 0x1
 674 0257 51       		.byte	0x51
 675 0258 03       		.uleb128 0x3
 676 0259 91       		.byte	0x91
 677 025a D47E     		.sleb128 -172
 678 025c 0E       		.uleb128 0xe
 679 025d 01       		.uleb128 0x1
 680 025e 50       		.byte	0x50
 681 025f 05       		.uleb128 0x5
 682 0260 03       		.byte	0x3
ARM GAS  C:\Users\vellu\AppData\Local\Temp\cc6qa4FZ.s 			page 15


 683 0261 70000000 		.4byte	.LC5
 684 0265 00       		.byte	0
 685 0266 0D       		.uleb128 0xd
 686 0267 CC000000 		.4byte	.LVL20
 687 026b E3030000 		.4byte	0x3e3
 688 026f 7B020000 		.4byte	0x27b
 689 0273 0E       		.uleb128 0xe
 690 0274 01       		.uleb128 0x1
 691 0275 50       		.byte	0x50
 692 0276 03       		.uleb128 0x3
 693 0277 91       		.byte	0x91
 694 0278 D47E     		.sleb128 -172
 695 027a 00       		.byte	0
 696 027b 0F       		.uleb128 0xf
 697 027c D4000000 		.4byte	.LVL21
 698 0280 B7030000 		.4byte	0x3b7
 699 0284 0E       		.uleb128 0xe
 700 0285 01       		.uleb128 0x1
 701 0286 50       		.byte	0x50
 702 0287 05       		.uleb128 0x5
 703 0288 03       		.byte	0x3
 704 0289 7C000000 		.4byte	.LC6
 705 028d 00       		.byte	0
 706 028e 00       		.byte	0
 707 028f 10       		.uleb128 0x10
 708 0290 9B000000 		.4byte	0x9b
 709 0294 9F020000 		.4byte	0x29f
 710 0298 11       		.uleb128 0x11
 711 0299 AD000000 		.4byte	0xad
 712 029d 31       		.byte	0x31
 713 029e 00       		.byte	0
 714 029f 08       		.uleb128 0x8
 715 02a0 F1010000 		.4byte	.LASF25
 716 02a4 01       		.byte	0x1
 717 02a5 3D       		.byte	0x3d
 718 02a6 68000000 		.4byte	0x68
 719 02aa 00000000 		.4byte	.LFB64
 720 02ae 2A000000 		.4byte	.LFE64-.LFB64
 721 02b2 01       		.uleb128 0x1
 722 02b3 9C       		.byte	0x9c
 723 02b4 0F030000 		.4byte	0x30f
 724 02b8 12       		.uleb128 0x12
 725 02b9 7A000000 		.4byte	.LASF26
 726 02bd 01       		.byte	0x1
 727 02be 3D       		.byte	0x3d
 728 02bf 68000000 		.4byte	0x68
 729 02c3 80000000 		.4byte	.LLST3
 730 02c7 13       		.uleb128 0x13
 731 02c8 70747200 		.ascii	"ptr\000"
 732 02cc 01       		.byte	0x1
 733 02cd 3D       		.byte	0x3d
 734 02ce B4000000 		.4byte	0xb4
 735 02d2 A1000000 		.4byte	.LLST4
 736 02d6 13       		.uleb128 0x13
 737 02d7 6C656E00 		.ascii	"len\000"
 738 02db 01       		.byte	0x1
 739 02dc 3D       		.byte	0x3d
ARM GAS  C:\Users\vellu\AppData\Local\Temp\cc6qa4FZ.s 			page 16


 740 02dd 68000000 		.4byte	0x68
 741 02e1 D5000000 		.4byte	.LLST5
 742 02e5 14       		.uleb128 0x14
 743 02e6 6E00     		.ascii	"n\000"
 744 02e8 01       		.byte	0x1
 745 02e9 40       		.byte	0x40
 746 02ea 68000000 		.4byte	0x68
 747 02ee F3000000 		.4byte	.LLST6
 748 02f2 0D       		.uleb128 0xd
 749 02f3 16000000 		.4byte	.LVL26
 750 02f7 45040000 		.4byte	0x445
 751 02fb 05030000 		.4byte	0x305
 752 02ff 0E       		.uleb128 0xe
 753 0300 01       		.uleb128 0x1
 754 0301 50       		.byte	0x50
 755 0302 01       		.uleb128 0x1
 756 0303 3D       		.byte	0x3d
 757 0304 00       		.byte	0
 758 0305 0C       		.uleb128 0xc
 759 0306 1E000000 		.4byte	.LVL28
 760 030a 45040000 		.4byte	0x445
 761 030e 00       		.byte	0
 762 030f 08       		.uleb128 0x8
 763 0310 62000000 		.4byte	.LASF27
 764 0314 01       		.byte	0x1
 765 0315 48       		.byte	0x48
 766 0316 68000000 		.4byte	0x68
 767 031a 00000000 		.4byte	.LFB65
 768 031e 38000000 		.4byte	.LFE65-.LFB65
 769 0322 01       		.uleb128 0x1
 770 0323 9C       		.byte	0x9c
 771 0324 9F030000 		.4byte	0x39f
 772 0328 12       		.uleb128 0x12
 773 0329 7A000000 		.4byte	.LASF26
 774 032d 01       		.byte	0x1
 775 032e 48       		.byte	0x48
 776 032f 68000000 		.4byte	0x68
 777 0333 12010000 		.4byte	.LLST7
 778 0337 13       		.uleb128 0x13
 779 0338 70747200 		.ascii	"ptr\000"
 780 033c 01       		.byte	0x1
 781 033d 48       		.byte	0x48
 782 033e B4000000 		.4byte	0xb4
 783 0342 33010000 		.4byte	.LLST8
 784 0346 12       		.uleb128 0x12
 785 0347 1A020000 		.4byte	.LASF28
 786 034b 01       		.byte	0x1
 787 034c 48       		.byte	0x48
 788 034d 68000000 		.4byte	0x68
 789 0351 67010000 		.4byte	.LLST9
 790 0355 14       		.uleb128 0x14
 791 0356 63687300 		.ascii	"chs\000"
 792 035a 01       		.byte	0x1
 793 035b 4A       		.byte	0x4a
 794 035c 68000000 		.4byte	0x68
 795 0360 85010000 		.4byte	.LLST10
 796 0364 14       		.uleb128 0x14
ARM GAS  C:\Users\vellu\AppData\Local\Temp\cc6qa4FZ.s 			page 17


 797 0365 636800   		.ascii	"ch\000"
 798 0368 01       		.byte	0x1
 799 0369 4B       		.byte	0x4b
 800 036a 9B000000 		.4byte	0x9b
 801 036e A4010000 		.4byte	.LLST11
 802 0372 0C       		.uleb128 0xc
 803 0373 0E000000 		.4byte	.LVL34
 804 0377 56040000 		.4byte	0x456
 805 037b 0D       		.uleb128 0xd
 806 037c 16000000 		.4byte	.LVL35
 807 0380 45040000 		.4byte	0x445
 808 0384 8F030000 		.4byte	0x38f
 809 0388 0E       		.uleb128 0xe
 810 0389 01       		.uleb128 0x1
 811 038a 50       		.byte	0x50
 812 038b 02       		.uleb128 0x2
 813 038c 75       		.byte	0x75
 814 038d 00       		.sleb128 0
 815 038e 00       		.byte	0
 816 038f 0F       		.uleb128 0xf
 817 0390 22000000 		.4byte	.LVL38
 818 0394 45040000 		.4byte	0x445
 819 0398 0E       		.uleb128 0xe
 820 0399 01       		.uleb128 0x1
 821 039a 50       		.byte	0x50
 822 039b 01       		.uleb128 0x1
 823 039c 3A       		.byte	0x3a
 824 039d 00       		.byte	0
 825 039e 00       		.byte	0
 826 039f 15       		.uleb128 0x15
 827 03a0 B3000000 		.4byte	.LASF37
 828 03a4 08       		.byte	0x8
 829 03a5 9606     		.2byte	0x696
 830 03a7 AB030000 		.4byte	0x3ab
 831 03ab 16       		.uleb128 0x16
 832 03ac 76000000 		.4byte	0x76
 833 03b0 17       		.uleb128 0x17
 834 03b1 0E000000 		.4byte	.LASF38
 835 03b5 09       		.byte	0x9
 836 03b6 54       		.byte	0x54
 837 03b7 18       		.uleb128 0x18
 838 03b8 13020000 		.4byte	.LASF29
 839 03bc 06       		.byte	0x6
 840 03bd B2       		.byte	0xb2
 841 03be 68000000 		.4byte	0x68
 842 03c2 CD030000 		.4byte	0x3cd
 843 03c6 19       		.uleb128 0x19
 844 03c7 BA000000 		.4byte	0xba
 845 03cb 1A       		.uleb128 0x1a
 846 03cc 00       		.byte	0
 847 03cd 18       		.uleb128 0x18
 848 03ce 7F000000 		.4byte	.LASF30
 849 03d2 06       		.byte	0x6
 850 03d3 B4       		.byte	0xb4
 851 03d4 68000000 		.4byte	0x68
 852 03d8 E3030000 		.4byte	0x3e3
 853 03dc 19       		.uleb128 0x19
ARM GAS  C:\Users\vellu\AppData\Local\Temp\cc6qa4FZ.s 			page 18


 854 03dd BA000000 		.4byte	0xba
 855 03e1 1A       		.uleb128 0x1a
 856 03e2 00       		.byte	0
 857 03e3 18       		.uleb128 0x18
 858 03e4 CB010000 		.4byte	.LASF31
 859 03e8 07       		.byte	0x7
 860 03e9 21       		.byte	0x21
 861 03ea A2000000 		.4byte	0xa2
 862 03ee F8030000 		.4byte	0x3f8
 863 03f2 19       		.uleb128 0x19
 864 03f3 BA000000 		.4byte	0xba
 865 03f7 00       		.byte	0
 866 03f8 18       		.uleb128 0x18
 867 03f9 93000000 		.4byte	.LASF32
 868 03fd 07       		.byte	0x7
 869 03fe 1E       		.byte	0x1e
 870 03ff B4000000 		.4byte	0xb4
 871 0403 12040000 		.4byte	0x412
 872 0407 19       		.uleb128 0x19
 873 0408 B4000000 		.4byte	0xb4
 874 040c 19       		.uleb128 0x19
 875 040d BA000000 		.4byte	0xba
 876 0411 00       		.byte	0
 877 0412 1B       		.uleb128 0x1b
 878 0413 18010000 		.4byte	.LASF39
 879 0417 0A       		.byte	0xa
 880 0418 00       		.byte	0
 881 0419 CB010000 		.4byte	.LASF31
 882 041d 6F000000 		.4byte	0x6f
 883 0421 2B040000 		.4byte	0x42b
 884 0425 19       		.uleb128 0x19
 885 0426 BA000000 		.4byte	0xba
 886 042a 00       		.byte	0
 887 042b 18       		.uleb128 0x18
 888 042c AC000000 		.4byte	.LASF33
 889 0430 07       		.byte	0x7
 890 0431 1A       		.byte	0x1a
 891 0432 B4000000 		.4byte	0xb4
 892 0436 45040000 		.4byte	0x445
 893 043a 19       		.uleb128 0x19
 894 043b B4000000 		.4byte	0xb4
 895 043f 19       		.uleb128 0x19
 896 0440 BA000000 		.4byte	0xba
 897 0444 00       		.byte	0
 898 0445 1C       		.uleb128 0x1c
 899 0446 BC010000 		.4byte	.LASF40
 900 044a 09       		.byte	0x9
 901 044b 8A       		.byte	0x8a
 902 044c 56040000 		.4byte	0x456
 903 0450 19       		.uleb128 0x19
 904 0451 81000000 		.4byte	0x81
 905 0455 00       		.byte	0
 906 0456 1D       		.uleb128 0x1d
 907 0457 54020000 		.4byte	.LASF41
 908 045b 09       		.byte	0x9
 909 045c 71       		.byte	0x71
 910 045d 81000000 		.4byte	0x81
ARM GAS  C:\Users\vellu\AppData\Local\Temp\cc6qa4FZ.s 			page 19


 911 0461 00       		.byte	0
 912              		.section	.debug_abbrev,"",%progbits
 913              	.Ldebug_abbrev0:
 914 0000 01       		.uleb128 0x1
 915 0001 11       		.uleb128 0x11
 916 0002 01       		.byte	0x1
 917 0003 25       		.uleb128 0x25
 918 0004 0E       		.uleb128 0xe
 919 0005 13       		.uleb128 0x13
 920 0006 0B       		.uleb128 0xb
 921 0007 03       		.uleb128 0x3
 922 0008 0E       		.uleb128 0xe
 923 0009 1B       		.uleb128 0x1b
 924 000a 0E       		.uleb128 0xe
 925 000b 55       		.uleb128 0x55
 926 000c 17       		.uleb128 0x17
 927 000d 11       		.uleb128 0x11
 928 000e 01       		.uleb128 0x1
 929 000f 10       		.uleb128 0x10
 930 0010 17       		.uleb128 0x17
 931 0011 00       		.byte	0
 932 0012 00       		.byte	0
 933 0013 02       		.uleb128 0x2
 934 0014 24       		.uleb128 0x24
 935 0015 00       		.byte	0
 936 0016 0B       		.uleb128 0xb
 937 0017 0B       		.uleb128 0xb
 938 0018 3E       		.uleb128 0x3e
 939 0019 0B       		.uleb128 0xb
 940 001a 03       		.uleb128 0x3
 941 001b 0E       		.uleb128 0xe
 942 001c 00       		.byte	0
 943 001d 00       		.byte	0
 944 001e 03       		.uleb128 0x3
 945 001f 16       		.uleb128 0x16
 946 0020 00       		.byte	0
 947 0021 03       		.uleb128 0x3
 948 0022 0E       		.uleb128 0xe
 949 0023 3A       		.uleb128 0x3a
 950 0024 0B       		.uleb128 0xb
 951 0025 3B       		.uleb128 0x3b
 952 0026 0B       		.uleb128 0xb
 953 0027 49       		.uleb128 0x49
 954 0028 13       		.uleb128 0x13
 955 0029 00       		.byte	0
 956 002a 00       		.byte	0
 957 002b 04       		.uleb128 0x4
 958 002c 24       		.uleb128 0x24
 959 002d 00       		.byte	0
 960 002e 0B       		.uleb128 0xb
 961 002f 0B       		.uleb128 0xb
 962 0030 3E       		.uleb128 0x3e
 963 0031 0B       		.uleb128 0xb
 964 0032 03       		.uleb128 0x3
 965 0033 08       		.uleb128 0x8
 966 0034 00       		.byte	0
 967 0035 00       		.byte	0
ARM GAS  C:\Users\vellu\AppData\Local\Temp\cc6qa4FZ.s 			page 20


 968 0036 05       		.uleb128 0x5
 969 0037 16       		.uleb128 0x16
 970 0038 00       		.byte	0
 971 0039 03       		.uleb128 0x3
 972 003a 0E       		.uleb128 0xe
 973 003b 3A       		.uleb128 0x3a
 974 003c 0B       		.uleb128 0xb
 975 003d 3B       		.uleb128 0x3b
 976 003e 05       		.uleb128 0x5
 977 003f 49       		.uleb128 0x49
 978 0040 13       		.uleb128 0x13
 979 0041 00       		.byte	0
 980 0042 00       		.byte	0
 981 0043 06       		.uleb128 0x6
 982 0044 0F       		.uleb128 0xf
 983 0045 00       		.byte	0
 984 0046 0B       		.uleb128 0xb
 985 0047 0B       		.uleb128 0xb
 986 0048 49       		.uleb128 0x49
 987 0049 13       		.uleb128 0x13
 988 004a 00       		.byte	0
 989 004b 00       		.byte	0
 990 004c 07       		.uleb128 0x7
 991 004d 26       		.uleb128 0x26
 992 004e 00       		.byte	0
 993 004f 49       		.uleb128 0x49
 994 0050 13       		.uleb128 0x13
 995 0051 00       		.byte	0
 996 0052 00       		.byte	0
 997 0053 08       		.uleb128 0x8
 998 0054 2E       		.uleb128 0x2e
 999 0055 01       		.byte	0x1
 1000 0056 3F       		.uleb128 0x3f
 1001 0057 19       		.uleb128 0x19
 1002 0058 03       		.uleb128 0x3
 1003 0059 0E       		.uleb128 0xe
 1004 005a 3A       		.uleb128 0x3a
 1005 005b 0B       		.uleb128 0xb
 1006 005c 3B       		.uleb128 0x3b
 1007 005d 0B       		.uleb128 0xb
 1008 005e 27       		.uleb128 0x27
 1009 005f 19       		.uleb128 0x19
 1010 0060 49       		.uleb128 0x49
 1011 0061 13       		.uleb128 0x13
 1012 0062 11       		.uleb128 0x11
 1013 0063 01       		.uleb128 0x1
 1014 0064 12       		.uleb128 0x12
 1015 0065 06       		.uleb128 0x6
 1016 0066 40       		.uleb128 0x40
 1017 0067 18       		.uleb128 0x18
 1018 0068 9742     		.uleb128 0x2117
 1019 006a 19       		.uleb128 0x19
 1020 006b 01       		.uleb128 0x1
 1021 006c 13       		.uleb128 0x13
 1022 006d 00       		.byte	0
 1023 006e 00       		.byte	0
 1024 006f 09       		.uleb128 0x9
ARM GAS  C:\Users\vellu\AppData\Local\Temp\cc6qa4FZ.s 			page 21


 1025 0070 34       		.uleb128 0x34
 1026 0071 00       		.byte	0
 1027 0072 03       		.uleb128 0x3
 1028 0073 0E       		.uleb128 0xe
 1029 0074 3A       		.uleb128 0x3a
 1030 0075 0B       		.uleb128 0xb
 1031 0076 3B       		.uleb128 0x3b
 1032 0077 0B       		.uleb128 0xb
 1033 0078 49       		.uleb128 0x49
 1034 0079 13       		.uleb128 0x13
 1035 007a 02       		.uleb128 0x2
 1036 007b 18       		.uleb128 0x18
 1037 007c 00       		.byte	0
 1038 007d 00       		.byte	0
 1039 007e 0A       		.uleb128 0xa
 1040 007f 34       		.uleb128 0x34
 1041 0080 00       		.byte	0
 1042 0081 03       		.uleb128 0x3
 1043 0082 0E       		.uleb128 0xe
 1044 0083 3A       		.uleb128 0x3a
 1045 0084 0B       		.uleb128 0xb
 1046 0085 3B       		.uleb128 0x3b
 1047 0086 0B       		.uleb128 0xb
 1048 0087 49       		.uleb128 0x49
 1049 0088 13       		.uleb128 0x13
 1050 0089 02       		.uleb128 0x2
 1051 008a 17       		.uleb128 0x17
 1052 008b 00       		.byte	0
 1053 008c 00       		.byte	0
 1054 008d 0B       		.uleb128 0xb
 1055 008e 34       		.uleb128 0x34
 1056 008f 00       		.byte	0
 1057 0090 03       		.uleb128 0x3
 1058 0091 0E       		.uleb128 0xe
 1059 0092 3A       		.uleb128 0x3a
 1060 0093 0B       		.uleb128 0xb
 1061 0094 3B       		.uleb128 0x3b
 1062 0095 0B       		.uleb128 0xb
 1063 0096 49       		.uleb128 0x49
 1064 0097 13       		.uleb128 0x13
 1065 0098 1C       		.uleb128 0x1c
 1066 0099 0B       		.uleb128 0xb
 1067 009a 00       		.byte	0
 1068 009b 00       		.byte	0
 1069 009c 0C       		.uleb128 0xc
 1070 009d 898201   		.uleb128 0x4109
 1071 00a0 00       		.byte	0
 1072 00a1 11       		.uleb128 0x11
 1073 00a2 01       		.uleb128 0x1
 1074 00a3 31       		.uleb128 0x31
 1075 00a4 13       		.uleb128 0x13
 1076 00a5 00       		.byte	0
 1077 00a6 00       		.byte	0
 1078 00a7 0D       		.uleb128 0xd
 1079 00a8 898201   		.uleb128 0x4109
 1080 00ab 01       		.byte	0x1
 1081 00ac 11       		.uleb128 0x11
ARM GAS  C:\Users\vellu\AppData\Local\Temp\cc6qa4FZ.s 			page 22


 1082 00ad 01       		.uleb128 0x1
 1083 00ae 31       		.uleb128 0x31
 1084 00af 13       		.uleb128 0x13
 1085 00b0 01       		.uleb128 0x1
 1086 00b1 13       		.uleb128 0x13
 1087 00b2 00       		.byte	0
 1088 00b3 00       		.byte	0
 1089 00b4 0E       		.uleb128 0xe
 1090 00b5 8A8201   		.uleb128 0x410a
 1091 00b8 00       		.byte	0
 1092 00b9 02       		.uleb128 0x2
 1093 00ba 18       		.uleb128 0x18
 1094 00bb 9142     		.uleb128 0x2111
 1095 00bd 18       		.uleb128 0x18
 1096 00be 00       		.byte	0
 1097 00bf 00       		.byte	0
 1098 00c0 0F       		.uleb128 0xf
 1099 00c1 898201   		.uleb128 0x4109
 1100 00c4 01       		.byte	0x1
 1101 00c5 11       		.uleb128 0x11
 1102 00c6 01       		.uleb128 0x1
 1103 00c7 31       		.uleb128 0x31
 1104 00c8 13       		.uleb128 0x13
 1105 00c9 00       		.byte	0
 1106 00ca 00       		.byte	0
 1107 00cb 10       		.uleb128 0x10
 1108 00cc 01       		.uleb128 0x1
 1109 00cd 01       		.byte	0x1
 1110 00ce 49       		.uleb128 0x49
 1111 00cf 13       		.uleb128 0x13
 1112 00d0 01       		.uleb128 0x1
 1113 00d1 13       		.uleb128 0x13
 1114 00d2 00       		.byte	0
 1115 00d3 00       		.byte	0
 1116 00d4 11       		.uleb128 0x11
 1117 00d5 21       		.uleb128 0x21
 1118 00d6 00       		.byte	0
 1119 00d7 49       		.uleb128 0x49
 1120 00d8 13       		.uleb128 0x13
 1121 00d9 2F       		.uleb128 0x2f
 1122 00da 0B       		.uleb128 0xb
 1123 00db 00       		.byte	0
 1124 00dc 00       		.byte	0
 1125 00dd 12       		.uleb128 0x12
 1126 00de 05       		.uleb128 0x5
 1127 00df 00       		.byte	0
 1128 00e0 03       		.uleb128 0x3
 1129 00e1 0E       		.uleb128 0xe
 1130 00e2 3A       		.uleb128 0x3a
 1131 00e3 0B       		.uleb128 0xb
 1132 00e4 3B       		.uleb128 0x3b
 1133 00e5 0B       		.uleb128 0xb
 1134 00e6 49       		.uleb128 0x49
 1135 00e7 13       		.uleb128 0x13
 1136 00e8 02       		.uleb128 0x2
 1137 00e9 17       		.uleb128 0x17
 1138 00ea 00       		.byte	0
ARM GAS  C:\Users\vellu\AppData\Local\Temp\cc6qa4FZ.s 			page 23


 1139 00eb 00       		.byte	0
 1140 00ec 13       		.uleb128 0x13
 1141 00ed 05       		.uleb128 0x5
 1142 00ee 00       		.byte	0
 1143 00ef 03       		.uleb128 0x3
 1144 00f0 08       		.uleb128 0x8
 1145 00f1 3A       		.uleb128 0x3a
 1146 00f2 0B       		.uleb128 0xb
 1147 00f3 3B       		.uleb128 0x3b
 1148 00f4 0B       		.uleb128 0xb
 1149 00f5 49       		.uleb128 0x49
 1150 00f6 13       		.uleb128 0x13
 1151 00f7 02       		.uleb128 0x2
 1152 00f8 17       		.uleb128 0x17
 1153 00f9 00       		.byte	0
 1154 00fa 00       		.byte	0
 1155 00fb 14       		.uleb128 0x14
 1156 00fc 34       		.uleb128 0x34
 1157 00fd 00       		.byte	0
 1158 00fe 03       		.uleb128 0x3
 1159 00ff 08       		.uleb128 0x8
 1160 0100 3A       		.uleb128 0x3a
 1161 0101 0B       		.uleb128 0xb
 1162 0102 3B       		.uleb128 0x3b
 1163 0103 0B       		.uleb128 0xb
 1164 0104 49       		.uleb128 0x49
 1165 0105 13       		.uleb128 0x13
 1166 0106 02       		.uleb128 0x2
 1167 0107 17       		.uleb128 0x17
 1168 0108 00       		.byte	0
 1169 0109 00       		.byte	0
 1170 010a 15       		.uleb128 0x15
 1171 010b 34       		.uleb128 0x34
 1172 010c 00       		.byte	0
 1173 010d 03       		.uleb128 0x3
 1174 010e 0E       		.uleb128 0xe
 1175 010f 3A       		.uleb128 0x3a
 1176 0110 0B       		.uleb128 0xb
 1177 0111 3B       		.uleb128 0x3b
 1178 0112 05       		.uleb128 0x5
 1179 0113 49       		.uleb128 0x49
 1180 0114 13       		.uleb128 0x13
 1181 0115 3F       		.uleb128 0x3f
 1182 0116 19       		.uleb128 0x19
 1183 0117 3C       		.uleb128 0x3c
 1184 0118 19       		.uleb128 0x19
 1185 0119 00       		.byte	0
 1186 011a 00       		.byte	0
 1187 011b 16       		.uleb128 0x16
 1188 011c 35       		.uleb128 0x35
 1189 011d 00       		.byte	0
 1190 011e 49       		.uleb128 0x49
 1191 011f 13       		.uleb128 0x13
 1192 0120 00       		.byte	0
 1193 0121 00       		.byte	0
 1194 0122 17       		.uleb128 0x17
 1195 0123 2E       		.uleb128 0x2e
ARM GAS  C:\Users\vellu\AppData\Local\Temp\cc6qa4FZ.s 			page 24


 1196 0124 00       		.byte	0
 1197 0125 3F       		.uleb128 0x3f
 1198 0126 19       		.uleb128 0x19
 1199 0127 03       		.uleb128 0x3
 1200 0128 0E       		.uleb128 0xe
 1201 0129 3A       		.uleb128 0x3a
 1202 012a 0B       		.uleb128 0xb
 1203 012b 3B       		.uleb128 0x3b
 1204 012c 0B       		.uleb128 0xb
 1205 012d 27       		.uleb128 0x27
 1206 012e 19       		.uleb128 0x19
 1207 012f 3C       		.uleb128 0x3c
 1208 0130 19       		.uleb128 0x19
 1209 0131 00       		.byte	0
 1210 0132 00       		.byte	0
 1211 0133 18       		.uleb128 0x18
 1212 0134 2E       		.uleb128 0x2e
 1213 0135 01       		.byte	0x1
 1214 0136 3F       		.uleb128 0x3f
 1215 0137 19       		.uleb128 0x19
 1216 0138 03       		.uleb128 0x3
 1217 0139 0E       		.uleb128 0xe
 1218 013a 3A       		.uleb128 0x3a
 1219 013b 0B       		.uleb128 0xb
 1220 013c 3B       		.uleb128 0x3b
 1221 013d 0B       		.uleb128 0xb
 1222 013e 27       		.uleb128 0x27
 1223 013f 19       		.uleb128 0x19
 1224 0140 49       		.uleb128 0x49
 1225 0141 13       		.uleb128 0x13
 1226 0142 3C       		.uleb128 0x3c
 1227 0143 19       		.uleb128 0x19
 1228 0144 01       		.uleb128 0x1
 1229 0145 13       		.uleb128 0x13
 1230 0146 00       		.byte	0
 1231 0147 00       		.byte	0
 1232 0148 19       		.uleb128 0x19
 1233 0149 05       		.uleb128 0x5
 1234 014a 00       		.byte	0
 1235 014b 49       		.uleb128 0x49
 1236 014c 13       		.uleb128 0x13
 1237 014d 00       		.byte	0
 1238 014e 00       		.byte	0
 1239 014f 1A       		.uleb128 0x1a
 1240 0150 18       		.uleb128 0x18
 1241 0151 00       		.byte	0
 1242 0152 00       		.byte	0
 1243 0153 00       		.byte	0
 1244 0154 1B       		.uleb128 0x1b
 1245 0155 2E       		.uleb128 0x2e
 1246 0156 01       		.byte	0x1
 1247 0157 3F       		.uleb128 0x3f
 1248 0158 19       		.uleb128 0x19
 1249 0159 03       		.uleb128 0x3
 1250 015a 0E       		.uleb128 0xe
 1251 015b 3A       		.uleb128 0x3a
 1252 015c 0B       		.uleb128 0xb
ARM GAS  C:\Users\vellu\AppData\Local\Temp\cc6qa4FZ.s 			page 25


 1253 015d 3B       		.uleb128 0x3b
 1254 015e 0B       		.uleb128 0xb
 1255 015f 6E       		.uleb128 0x6e
 1256 0160 0E       		.uleb128 0xe
 1257 0161 27       		.uleb128 0x27
 1258 0162 19       		.uleb128 0x19
 1259 0163 49       		.uleb128 0x49
 1260 0164 13       		.uleb128 0x13
 1261 0165 3C       		.uleb128 0x3c
 1262 0166 19       		.uleb128 0x19
 1263 0167 01       		.uleb128 0x1
 1264 0168 13       		.uleb128 0x13
 1265 0169 00       		.byte	0
 1266 016a 00       		.byte	0
 1267 016b 1C       		.uleb128 0x1c
 1268 016c 2E       		.uleb128 0x2e
 1269 016d 01       		.byte	0x1
 1270 016e 3F       		.uleb128 0x3f
 1271 016f 19       		.uleb128 0x19
 1272 0170 03       		.uleb128 0x3
 1273 0171 0E       		.uleb128 0xe
 1274 0172 3A       		.uleb128 0x3a
 1275 0173 0B       		.uleb128 0xb
 1276 0174 3B       		.uleb128 0x3b
 1277 0175 0B       		.uleb128 0xb
 1278 0176 27       		.uleb128 0x27
 1279 0177 19       		.uleb128 0x19
 1280 0178 3C       		.uleb128 0x3c
 1281 0179 19       		.uleb128 0x19
 1282 017a 01       		.uleb128 0x1
 1283 017b 13       		.uleb128 0x13
 1284 017c 00       		.byte	0
 1285 017d 00       		.byte	0
 1286 017e 1D       		.uleb128 0x1d
 1287 017f 2E       		.uleb128 0x2e
 1288 0180 00       		.byte	0
 1289 0181 3F       		.uleb128 0x3f
 1290 0182 19       		.uleb128 0x19
 1291 0183 03       		.uleb128 0x3
 1292 0184 0E       		.uleb128 0xe
 1293 0185 3A       		.uleb128 0x3a
 1294 0186 0B       		.uleb128 0xb
 1295 0187 3B       		.uleb128 0x3b
 1296 0188 0B       		.uleb128 0xb
 1297 0189 27       		.uleb128 0x27
 1298 018a 19       		.uleb128 0x19
 1299 018b 49       		.uleb128 0x49
 1300 018c 13       		.uleb128 0x13
 1301 018d 3C       		.uleb128 0x3c
 1302 018e 19       		.uleb128 0x19
 1303 018f 00       		.byte	0
 1304 0190 00       		.byte	0
 1305 0191 00       		.byte	0
 1306              		.section	.debug_loc,"",%progbits
 1307              	.Ldebug_loc0:
 1308              	.LLST0:
 1309 0000 78000000 		.4byte	.LVL4
ARM GAS  C:\Users\vellu\AppData\Local\Temp\cc6qa4FZ.s 			page 26


 1310 0004 7A000000 		.4byte	.LVL5
 1311 0008 0100     		.2byte	0x1
 1312 000a 50       		.byte	0x50
 1313 000b 7A000000 		.4byte	.LVL5
 1314 000f DA000000 		.4byte	.LVL22
 1315 0013 0100     		.2byte	0x1
 1316 0015 55       		.byte	0x55
 1317 0016 00000000 		.4byte	0
 1318 001a 00000000 		.4byte	0
 1319              	.LLST1:
 1320 001e 8E000000 		.4byte	.LVL9
 1321 0022 98000000 		.4byte	.LVL11
 1322 0026 0100     		.2byte	0x1
 1323 0028 50       		.byte	0x50
 1324 0029 98000000 		.4byte	.LVL11
 1325 002d 9D000000 		.4byte	.LVL12-1
 1326 0031 0100     		.2byte	0x1
 1327 0033 52       		.byte	0x52
 1328 0034 B4000000 		.4byte	.LVL15
 1329 0038 B6000000 		.4byte	.LVL16
 1330 003c 0100     		.2byte	0x1
 1331 003e 50       		.byte	0x50
 1332 003f B6000000 		.4byte	.LVL16
 1333 0043 BD000000 		.4byte	.LVL18-1
 1334 0047 0100     		.2byte	0x1
 1335 0049 52       		.byte	0x52
 1336 004a 00000000 		.4byte	0
 1337 004e 00000000 		.4byte	0
 1338              	.LLST2:
 1339 0052 90000000 		.4byte	.LVL10
 1340 0056 9D000000 		.4byte	.LVL12-1
 1341 005a 0100     		.2byte	0x1
 1342 005c 53       		.byte	0x53
 1343 005d B4000000 		.4byte	.LVL15
 1344 0061 BA000000 		.4byte	.LVL17
 1345 0065 0100     		.2byte	0x1
 1346 0067 53       		.byte	0x53
 1347 0068 BA000000 		.4byte	.LVL17
 1348 006c BD000000 		.4byte	.LVL18-1
 1349 0070 0600     		.2byte	0x6
 1350 0072 75       		.byte	0x75
 1351 0073 00       		.sleb128 0
 1352 0074 72       		.byte	0x72
 1353 0075 00       		.sleb128 0
 1354 0076 22       		.byte	0x22
 1355 0077 9F       		.byte	0x9f
 1356 0078 00000000 		.4byte	0
 1357 007c 00000000 		.4byte	0
 1358              	.LLST3:
 1359 0080 00000000 		.4byte	.LVL23
 1360 0084 0A000000 		.4byte	.LVL25
 1361 0088 0100     		.2byte	0x1
 1362 008a 50       		.byte	0x50
 1363 008b 0A000000 		.4byte	.LVL25
 1364 008f 2A000000 		.4byte	.LFE64
 1365 0093 0400     		.2byte	0x4
 1366 0095 F3       		.byte	0xf3
ARM GAS  C:\Users\vellu\AppData\Local\Temp\cc6qa4FZ.s 			page 27


 1367 0096 01       		.uleb128 0x1
 1368 0097 50       		.byte	0x50
 1369 0098 9F       		.byte	0x9f
 1370 0099 00000000 		.4byte	0
 1371 009d 00000000 		.4byte	0
 1372              	.LLST4:
 1373 00a1 00000000 		.4byte	.LVL23
 1374 00a5 0A000000 		.4byte	.LVL25
 1375 00a9 0100     		.2byte	0x1
 1376 00ab 51       		.byte	0x51
 1377 00ac 0A000000 		.4byte	.LVL25
 1378 00b0 18000000 		.4byte	.LVL27
 1379 00b4 0100     		.2byte	0x1
 1380 00b6 54       		.byte	0x54
 1381 00b7 18000000 		.4byte	.LVL27
 1382 00bb 22000000 		.4byte	.LVL30
 1383 00bf 0100     		.2byte	0x1
 1384 00c1 56       		.byte	0x56
 1385 00c2 22000000 		.4byte	.LVL30
 1386 00c6 2A000000 		.4byte	.LFE64
 1387 00ca 0100     		.2byte	0x1
 1388 00cc 54       		.byte	0x54
 1389 00cd 00000000 		.4byte	0
 1390 00d1 00000000 		.4byte	0
 1391              	.LLST5:
 1392 00d5 00000000 		.4byte	.LVL23
 1393 00d9 0A000000 		.4byte	.LVL25
 1394 00dd 0100     		.2byte	0x1
 1395 00df 52       		.byte	0x52
 1396 00e0 0A000000 		.4byte	.LVL25
 1397 00e4 2A000000 		.4byte	.LFE64
 1398 00e8 0100     		.2byte	0x1
 1399 00ea 57       		.byte	0x57
 1400 00eb 00000000 		.4byte	0
 1401 00ef 00000000 		.4byte	0
 1402              	.LLST6:
 1403 00f3 06000000 		.4byte	.LVL24
 1404 00f7 0A000000 		.4byte	.LVL25
 1405 00fb 0200     		.2byte	0x2
 1406 00fd 30       		.byte	0x30
 1407 00fe 9F       		.byte	0x9f
 1408 00ff 0A000000 		.4byte	.LVL25
 1409 0103 2A000000 		.4byte	.LFE64
 1410 0107 0100     		.2byte	0x1
 1411 0109 55       		.byte	0x55
 1412 010a 00000000 		.4byte	0
 1413 010e 00000000 		.4byte	0
 1414              	.LLST7:
 1415 0112 00000000 		.4byte	.LVL31
 1416 0116 0A000000 		.4byte	.LVL33
 1417 011a 0100     		.2byte	0x1
 1418 011c 50       		.byte	0x50
 1419 011d 0A000000 		.4byte	.LVL33
 1420 0121 38000000 		.4byte	.LFE65
 1421 0125 0400     		.2byte	0x4
 1422 0127 F3       		.byte	0xf3
 1423 0128 01       		.uleb128 0x1
ARM GAS  C:\Users\vellu\AppData\Local\Temp\cc6qa4FZ.s 			page 28


 1424 0129 50       		.byte	0x50
 1425 012a 9F       		.byte	0x9f
 1426 012b 00000000 		.4byte	0
 1427 012f 00000000 		.4byte	0
 1428              	.LLST8:
 1429 0133 00000000 		.4byte	.LVL31
 1430 0137 0A000000 		.4byte	.LVL33
 1431 013b 0100     		.2byte	0x1
 1432 013d 51       		.byte	0x51
 1433 013e 0A000000 		.4byte	.LVL33
 1434 0142 26000000 		.4byte	.LVL40
 1435 0146 0100     		.2byte	0x1
 1436 0148 57       		.byte	0x57
 1437 0149 26000000 		.4byte	.LVL40
 1438 014d 30000000 		.4byte	.LVL42
 1439 0151 0100     		.2byte	0x1
 1440 0153 53       		.byte	0x53
 1441 0154 30000000 		.4byte	.LVL42
 1442 0158 34000000 		.4byte	.LVL43
 1443 015c 0100     		.2byte	0x1
 1444 015e 57       		.byte	0x57
 1445 015f 00000000 		.4byte	0
 1446 0163 00000000 		.4byte	0
 1447              	.LLST9:
 1448 0167 00000000 		.4byte	.LVL31
 1449 016b 0A000000 		.4byte	.LVL33
 1450 016f 0100     		.2byte	0x1
 1451 0171 52       		.byte	0x52
 1452 0172 0A000000 		.4byte	.LVL33
 1453 0176 38000000 		.4byte	.LFE65
 1454 017a 0100     		.2byte	0x1
 1455 017c 54       		.byte	0x54
 1456 017d 00000000 		.4byte	0
 1457 0181 00000000 		.4byte	0
 1458              	.LLST10:
 1459 0185 06000000 		.4byte	.LVL32
 1460 0189 0A000000 		.4byte	.LVL33
 1461 018d 0200     		.2byte	0x2
 1462 018f 30       		.byte	0x30
 1463 0190 9F       		.byte	0x9f
 1464 0191 0A000000 		.4byte	.LVL33
 1465 0195 38000000 		.4byte	.LFE65
 1466 0199 0100     		.2byte	0x1
 1467 019b 56       		.byte	0x56
 1468 019c 00000000 		.4byte	0
 1469 01a0 00000000 		.4byte	0
 1470              	.LLST11:
 1471 01a4 0E000000 		.4byte	.LVL34
 1472 01a8 15000000 		.4byte	.LVL35-1
 1473 01ac 0100     		.2byte	0x1
 1474 01ae 50       		.byte	0x50
 1475 01af 1C000000 		.4byte	.LVL37
 1476 01b3 24000000 		.4byte	.LVL39
 1477 01b7 0200     		.2byte	0x2
 1478 01b9 3A       		.byte	0x3a
 1479 01ba 9F       		.byte	0x9f
 1480 01bb 24000000 		.4byte	.LVL39
ARM GAS  C:\Users\vellu\AppData\Local\Temp\cc6qa4FZ.s 			page 29


 1481 01bf 30000000 		.4byte	.LVL42
 1482 01c3 0100     		.2byte	0x1
 1483 01c5 55       		.byte	0x55
 1484 01c6 00000000 		.4byte	0
 1485 01ca 00000000 		.4byte	0
 1486              		.section	.debug_aranges,"",%progbits
 1487 0000 2C000000 		.4byte	0x2c
 1488 0004 0200     		.2byte	0x2
 1489 0006 00000000 		.4byte	.Ldebug_info0
 1490 000a 04       		.byte	0x4
 1491 000b 00       		.byte	0
 1492 000c 0000     		.2byte	0
 1493 000e 0000     		.2byte	0
 1494 0010 00000000 		.4byte	.LFB63
 1495 0014 F8000000 		.4byte	.LFE63-.LFB63
 1496 0018 00000000 		.4byte	.LFB64
 1497 001c 2A000000 		.4byte	.LFE64-.LFB64
 1498 0020 00000000 		.4byte	.LFB65
 1499 0024 38000000 		.4byte	.LFE65-.LFB65
 1500 0028 00000000 		.4byte	0
 1501 002c 00000000 		.4byte	0
 1502              		.section	.debug_ranges,"",%progbits
 1503              	.Ldebug_ranges0:
 1504 0000 00000000 		.4byte	.LFB63
 1505 0004 F8000000 		.4byte	.LFE63
 1506 0008 00000000 		.4byte	.LFB64
 1507 000c 2A000000 		.4byte	.LFE64
 1508 0010 00000000 		.4byte	.LFB65
 1509 0014 38000000 		.4byte	.LFE65
 1510 0018 00000000 		.4byte	0
 1511 001c 00000000 		.4byte	0
 1512              		.section	.debug_line,"",%progbits
 1513              	.Ldebug_line0:
 1514 0000 73020000 		.section	.debug_str,"MS",%progbits,1
 1514      0200FA01 
 1514      00000201 
 1514      FB0E0D00 
 1514      01010101 
 1515              	.LASF6:
 1516 0000 6C6F6E67 		.ascii	"long long int\000"
 1516      206C6F6E 
 1516      6720696E 
 1516      7400
 1517              	.LASF38:
 1518 000e 55415254 		.ascii	"UART_1_Start\000"
 1518      5F315F53 
 1518      74617274 
 1518      00
 1519              	.LASF15:
 1520 001b 73697A65 		.ascii	"size_t\000"
 1520      5F7400
 1521              	.LASF22:
 1522 0022 6C656E67 		.ascii	"lengthMax\000"
 1522      74684D61 
 1522      7800
 1523              	.LASF9:
 1524 002c 5F5F696E 		.ascii	"__int32_t\000"
ARM GAS  C:\Users\vellu\AppData\Local\Temp\cc6qa4FZ.s 			page 30


 1524      7433325F 
 1524      7400
 1525              	.LASF23:
 1526 0036 6C656E67 		.ascii	"lengthTotal\000"
 1526      7468546F 
 1526      74616C00 
 1527              	.LASF3:
 1528 0042 73686F72 		.ascii	"short unsigned int\000"
 1528      7420756E 
 1528      7369676E 
 1528      65642069 
 1528      6E7400
 1529              	.LASF8:
 1530 0055 756E7369 		.ascii	"unsigned int\000"
 1530      676E6564 
 1530      20696E74 
 1530      00
 1531              	.LASF27:
 1532 0062 5F726561 		.ascii	"_read\000"
 1532      6400
 1533              	.LASF17:
 1534 0068 664E616D 		.ascii	"fName\000"
 1534      6500
 1535              	.LASF12:
 1536 006e 666C6F61 		.ascii	"float\000"
 1536      7400
 1537              	.LASF19:
 1538 0074 774E616D 		.ascii	"wName\000"
 1538      6500
 1539              	.LASF26:
 1540 007a 66696C65 		.ascii	"file\000"
 1540      00
 1541              	.LASF30:
 1542 007f 7363616E 		.ascii	"scanf\000"
 1542      6600
 1543              	.LASF1:
 1544 0085 756E7369 		.ascii	"unsigned char\000"
 1544      676E6564 
 1544      20636861 
 1544      7200
 1545              	.LASF32:
 1546 0093 73747263 		.ascii	"strcpy\000"
 1546      707900
 1547              	.LASF5:
 1548 009a 6C6F6E67 		.ascii	"long unsigned int\000"
 1548      20756E73 
 1548      69676E65 
 1548      6420696E 
 1548      7400
 1549              	.LASF33:
 1550 00ac 73747263 		.ascii	"strcat\000"
 1550      617400
 1551              	.LASF37:
 1552 00b3 49544D5F 		.ascii	"ITM_RxBuffer\000"
 1552      52784275 
 1552      66666572 
 1552      00
ARM GAS  C:\Users\vellu\AppData\Local\Temp\cc6qa4FZ.s 			page 31


 1553              	.LASF36:
 1554 00c0 433A5C55 		.ascii	"C:\\Users\\vellu\\OneDrive\\Tiedostot\\PSoC Creator"
 1554      73657273 
 1554      5C76656C 
 1554      6C755C4F 
 1554      6E654472 
 1555 00ee 5C4B6F75 		.ascii	"\\KouluOhjelmointi\\Exercise18.cydsn\000"
 1555      6C754F68 
 1555      6A656C6D 
 1555      6F696E74 
 1555      695C4578 
 1556              	.LASF13:
 1557 0111 646F7562 		.ascii	"double\000"
 1557      6C6500
 1558              	.LASF39:
 1559 0118 5F5F6275 		.ascii	"__builtin_strlen\000"
 1559      696C7469 
 1559      6E5F7374 
 1559      726C656E 
 1559      00
 1560              	.LASF24:
 1561 0129 6D61696E 		.ascii	"main\000"
 1561      00
 1562              	.LASF34:
 1563 012e 474E5520 		.ascii	"GNU C 4.9.3 20150303 (release) [ARM/embedded-4_9-br"
 1563      4320342E 
 1563      392E3320 
 1563      32303135 
 1563      30333033 
 1564 0161 616E6368 		.ascii	"anch revision 221220] -mcpu=cortex-m3 -mthumb -g -O"
 1564      20726576 
 1564      6973696F 
 1564      6E203232 
 1564      31323230 
 1565 0194 67202D66 		.ascii	"g -ffunction-sections -ffat-lto-objects\000"
 1565      66756E63 
 1565      74696F6E 
 1565      2D736563 
 1565      74696F6E 
 1566              	.LASF40:
 1567 01bc 55415254 		.ascii	"UART_1_PutChar\000"
 1567      5F315F50 
 1567      75744368 
 1567      617200
 1568              	.LASF31:
 1569 01cb 7374726C 		.ascii	"strlen\000"
 1569      656E00
 1570              	.LASF7:
 1571 01d2 6C6F6E67 		.ascii	"long long unsigned int\000"
 1571      206C6F6E 
 1571      6720756E 
 1571      7369676E 
 1571      65642069 
 1572              	.LASF10:
 1573 01e9 696E7433 		.ascii	"int32_t\000"
 1573      325F7400 
 1574              	.LASF25:
ARM GAS  C:\Users\vellu\AppData\Local\Temp\cc6qa4FZ.s 			page 32


 1575 01f1 5F777269 		.ascii	"_write\000"
 1575      746500
 1576              	.LASF16:
 1577 01f8 73697A65 		.ascii	"sizetype\000"
 1577      74797065 
 1577      00
 1578              	.LASF18:
 1579 0201 6C4E616D 		.ascii	"lName\000"
 1579      6500
 1580              	.LASF35:
 1581 0207 6D61696E 		.ascii	"main.c\000"
 1581      2E6300
 1582              	.LASF14:
 1583 020e 63686172 		.ascii	"char\000"
 1583      00
 1584              	.LASF29:
 1585 0213 7072696E 		.ascii	"printf\000"
 1585      746600
 1586              	.LASF28:
 1587 021a 636F756E 		.ascii	"count\000"
 1587      7400
 1588              	.LASF2:
 1589 0220 73686F72 		.ascii	"short int\000"
 1589      7420696E 
 1589      7400
 1590              	.LASF11:
 1591 022a 75696E74 		.ascii	"uint8\000"
 1591      3800
 1592              	.LASF21:
 1593 0230 6C656E67 		.ascii	"length2\000"
 1593      74683200 
 1594              	.LASF4:
 1595 0238 6C6F6E67 		.ascii	"long int\000"
 1595      20696E74 
 1595      00
 1596              	.LASF0:
 1597 0241 7369676E 		.ascii	"signed char\000"
 1597      65642063 
 1597      68617200 
 1598              	.LASF20:
 1599 024d 6C656E67 		.ascii	"length\000"
 1599      746800
 1600              	.LASF41:
 1601 0254 55415254 		.ascii	"UART_1_GetChar\000"
 1601      5F315F47 
 1601      65744368 
 1601      617200
 1602              		.ident	"GCC: (GNU Tools for ARM Embedded Processors) 4.9.3 20150303 (release) [ARM/embedded-4_9-br
