ARM GAS  C:\Users\vellu\AppData\Local\Temp\ccGiEz67.s 			page 1


   1              		.syntax unified
   2              		.cpu cortex-m3
   3              		.fpu softvfp
   4              		.eabi_attribute 20, 1
   5              		.eabi_attribute 21, 1
   6              		.eabi_attribute 23, 3
   7              		.eabi_attribute 24, 1
   8              		.eabi_attribute 25, 1
   9              		.eabi_attribute 26, 1
  10              		.eabi_attribute 30, 1
  11              		.eabi_attribute 34, 1
  12              		.eabi_attribute 18, 4
  13              		.thumb
  14              		.file	"main.c"
  15              		.text
  16              	.Ltext0:
  17              		.cfi_sections	.debug_frame
  18              		.section	.text.whichMonth,"ax",%progbits
  19              		.align	2
  20              		.global	whichMonth
  21              		.thumb
  22              		.thumb_func
  23              		.type	whichMonth, %function
  24              	whichMonth:
  25              	.LFB64:
  26              		.file 1 "main.c"
   1:main.c        **** /* ========================================
   2:main.c        ****  *
   3:main.c        ****  * Copyright YOUR COMPANY, THE YEAR
   4:main.c        ****  * All Rights Reserved
   5:main.c        ****  * UNPUBLISHED, LICENSED SOFTWARE.
   6:main.c        ****  *
   7:main.c        ****  * CONFIDENTIAL AND PROPRIETARY INFORMATION
   8:main.c        ****  * WHICH IS THE PROPERTY OF your company.
   9:main.c        ****  *
  10:main.c        ****  * ========================================
  11:main.c        **** */
  12:main.c        **** #include "project.h"
  13:main.c        **** #include "stdio.h"
  14:main.c        **** #include "string.h"
  15:main.c        **** #include <stdlib.h>
  16:main.c        **** #include <time.h>
  17:main.c        **** 
  18:main.c        **** 
  19:main.c        **** 
  20:main.c        **** struct Months {
  21:main.c        ****     char month[22];
  22:main.c        ****     int monthId;
  23:main.c        ****     
  24:main.c        **** };
  25:main.c        **** 
  26:main.c        **** void whichMonth(struct Months);
  27:main.c        **** 
  28:main.c        **** int main(void)
  29:main.c        **** {
  30:main.c        ****     CyGlobalIntEnable; /* Enable global interrupts. */
  31:main.c        **** 
ARM GAS  C:\Users\vellu\AppData\Local\Temp\ccGiEz67.s 			page 2


  32:main.c        ****     /* Place your initialization/startup code here (e.g. MyInst_Start()) */
  33:main.c        ****     UART_1_Start();
  34:main.c        ****     
  35:main.c        ****     struct Months num = {"",0};
  36:main.c        ****     struct Months num1 = {"",0};
  37:main.c        ****     
  38:main.c        ****     
  39:main.c        ****     printf ("\nEnter information about first month of year: ");
  40:main.c        ****     
  41:main.c        ****     
  42:main.c        ****     do{
  43:main.c        ****         printf ("\nEnter month number: ");
  44:main.c        ****         scanf("%d",&num.monthId);
  45:main.c        ****         if (num.monthId > 0 && num.monthId < 13){
  46:main.c        ****         }
  47:main.c        ****         else {
  48:main.c        ****             printf("\nMonth number must be in range 1-12!");
  49:main.c        ****             num.monthId=0;
  50:main.c        ****         }
  51:main.c        ****     }while(num.monthId <=0 || num.monthId >12);
  52:main.c        ****     printf ("\nEnter name of the month number %d: ",num.monthId);
  53:main.c        ****     
  54:main.c        ****     scanf("%s",num.month);
  55:main.c        ****     
  56:main.c        ****     printf ("\nEnter information about last month of year: ");
  57:main.c        ****     
  58:main.c        ****     do{
  59:main.c        ****         printf ("\nEnter month number: ");
  60:main.c        ****         scanf("%d",&num1.monthId);
  61:main.c        ****         if (num1.monthId > 0 && num1.monthId < 13){
  62:main.c        ****         }
  63:main.c        ****         else{
  64:main.c        ****             printf("\nMonth number must be in range 1-12!");
  65:main.c        ****             num1.monthId=0;
  66:main.c        ****         }
  67:main.c        ****     }while(num1.monthId <=0 || num1.monthId >12);
  68:main.c        ****     printf ("\nEnter name of the month number %d: ",num1.monthId);
  69:main.c        ****     
  70:main.c        ****     scanf("%s",num1.month);
  71:main.c        ****     
  72:main.c        ****     printf("\nYou entered the following months: \n");
  73:main.c        ****     
  74:main.c        ****     whichMonth(num);
  75:main.c        ****     whichMonth(num1);
  76:main.c        ****    
  77:main.c        ****     return 0;
  78:main.c        **** 
  79:main.c        **** }
  80:main.c        **** void whichMonth(struct Months m){
  27              		.loc 1 80 0
  28              		.cfi_startproc
  29              		@ args = 28, pretend = 16, frame = 0
  30              		@ frame_needed = 0, uses_anonymous_args = 0
  31 0000 84B0     		sub	sp, sp, #16
  32              		.cfi_def_cfa_offset 16
  33 0002 08B5     		push	{r3, lr}
  34              		.cfi_def_cfa_offset 24
ARM GAS  C:\Users\vellu\AppData\Local\Temp\ccGiEz67.s 			page 3


  35              		.cfi_offset 3, -24
  36              		.cfi_offset 14, -20
  37 0004 0DF1080E 		add	lr, sp, #8
  38 0008 8EE80F00 		stmia	lr, {r0, r1, r2, r3}
  81:main.c        ****     printf("\n%d . %s",m.monthId,m.month);
  39              		.loc 1 81 0
  40 000c 0548     		ldr	r0, .L3
  41 000e 0899     		ldr	r1, [sp, #32]
  42 0010 7246     		mov	r2, lr
  43 0012 FFF7FEFF 		bl	printf
  44              	.LVL0:
  82:main.c        ****     printf("\n");
  45              		.loc 1 82 0
  46 0016 0A20     		movs	r0, #10
  47 0018 FFF7FEFF 		bl	putchar
  48              	.LVL1:
  83:main.c        ****     
  84:main.c        **** }
  49              		.loc 1 84 0
  50 001c BDE80840 		pop	{r3, lr}
  51              		.cfi_restore 14
  52              		.cfi_restore 3
  53              		.cfi_def_cfa_offset 16
  54 0020 04B0     		add	sp, sp, #16
  55              		.cfi_def_cfa_offset 0
  56 0022 7047     		bx	lr
  57              	.L4:
  58              		.align	2
  59              	.L3:
  60 0024 00000000 		.word	.LC0
  61              		.cfi_endproc
  62              	.LFE64:
  63              		.size	whichMonth, .-whichMonth
  64              		.section	.text.main,"ax",%progbits
  65              		.align	2
  66              		.global	main
  67              		.thumb
  68              		.thumb_func
  69              		.type	main, %function
  70              	main:
  71              	.LFB63:
  29:main.c        ****     CyGlobalIntEnable; /* Enable global interrupts. */
  72              		.loc 1 29 0
  73              		.cfi_startproc
  74              		@ args = 0, pretend = 0, frame = 56
  75              		@ frame_needed = 0, uses_anonymous_args = 0
  76 0000 10B5     		push	{r4, lr}
  77              		.cfi_def_cfa_offset 8
  78              		.cfi_offset 4, -8
  79              		.cfi_offset 14, -4
  80 0002 92B0     		sub	sp, sp, #72
  81              		.cfi_def_cfa_offset 80
  30:main.c        **** 
  82              		.loc 1 30 0
  83              	@ 30 "main.c" 1
  84 0004 62B6     		CPSIE   i
  85              	@ 0 "" 2
ARM GAS  C:\Users\vellu\AppData\Local\Temp\ccGiEz67.s 			page 4


  33:main.c        ****     
  86              		.loc 1 33 0
  87              		.thumb
  88 0006 FFF7FEFF 		bl	UART_1_Start
  89              	.LVL2:
  35:main.c        ****     struct Months num1 = {"",0};
  90              		.loc 1 35 0
  91 000a 0023     		movs	r3, #0
  92 000c 0B93     		str	r3, [sp, #44]
  93 000e 0C93     		str	r3, [sp, #48]
  94 0010 0D93     		str	r3, [sp, #52]
  95 0012 0E93     		str	r3, [sp, #56]
  96 0014 0F93     		str	r3, [sp, #60]
  97 0016 ADF84030 		strh	r3, [sp, #64]	@ movhi
  98 001a 1193     		str	r3, [sp, #68]
  36:main.c        ****     
  99              		.loc 1 36 0
 100 001c 0493     		str	r3, [sp, #16]
 101 001e 0593     		str	r3, [sp, #20]
 102 0020 0693     		str	r3, [sp, #24]
 103 0022 0793     		str	r3, [sp, #28]
 104 0024 0893     		str	r3, [sp, #32]
 105 0026 ADF82430 		strh	r3, [sp, #36]	@ movhi
 106 002a 0A93     		str	r3, [sp, #40]
  39:main.c        ****     
 107              		.loc 1 39 0
 108 002c 2A48     		ldr	r0, .L11
 109 002e FFF7FEFF 		bl	printf
 110              	.LVL3:
 111              	.L7:
  43:main.c        ****         scanf("%d",&num.monthId);
 112              		.loc 1 43 0
 113 0032 2A48     		ldr	r0, .L11+4
 114 0034 FFF7FEFF 		bl	printf
 115              	.LVL4:
  44:main.c        ****         if (num.monthId > 0 && num.monthId < 13){
 116              		.loc 1 44 0
 117 0038 2948     		ldr	r0, .L11+8
 118 003a 11A9     		add	r1, sp, #68
 119 003c FFF7FEFF 		bl	scanf
 120              	.LVL5:
  45:main.c        ****         }
 121              		.loc 1 45 0
 122 0040 119B     		ldr	r3, [sp, #68]
 123 0042 013B     		subs	r3, r3, #1
 124 0044 0B2B     		cmp	r3, #11
 125 0046 04D9     		bls	.L6
  48:main.c        ****             num.monthId=0;
 126              		.loc 1 48 0
 127 0048 2648     		ldr	r0, .L11+12
 128 004a FFF7FEFF 		bl	printf
 129              	.LVL6:
  49:main.c        ****         }
 130              		.loc 1 49 0
 131 004e 0023     		movs	r3, #0
 132 0050 1193     		str	r3, [sp, #68]
 133              	.L6:
ARM GAS  C:\Users\vellu\AppData\Local\Temp\ccGiEz67.s 			page 5


  51:main.c        ****     printf ("\nEnter name of the month number %d: ",num.monthId);
 134              		.loc 1 51 0
 135 0052 1199     		ldr	r1, [sp, #68]
 136 0054 4B1E     		subs	r3, r1, #1
 137 0056 0B2B     		cmp	r3, #11
 138 0058 EBD8     		bhi	.L7
  52:main.c        ****     
 139              		.loc 1 52 0
 140 005a 2348     		ldr	r0, .L11+16
 141 005c FFF7FEFF 		bl	printf
 142              	.LVL7:
  54:main.c        ****     
 143              		.loc 1 54 0
 144 0060 2248     		ldr	r0, .L11+20
 145 0062 0BA9     		add	r1, sp, #44
 146 0064 FFF7FEFF 		bl	scanf
 147              	.LVL8:
  56:main.c        ****     
 148              		.loc 1 56 0
 149 0068 2148     		ldr	r0, .L11+24
 150 006a FFF7FEFF 		bl	printf
 151              	.LVL9:
 152              	.L9:
  59:main.c        ****         scanf("%d",&num1.monthId);
 153              		.loc 1 59 0
 154 006e 1B48     		ldr	r0, .L11+4
 155 0070 FFF7FEFF 		bl	printf
 156              	.LVL10:
  60:main.c        ****         if (num1.monthId > 0 && num1.monthId < 13){
 157              		.loc 1 60 0
 158 0074 1A48     		ldr	r0, .L11+8
 159 0076 0AA9     		add	r1, sp, #40
 160 0078 FFF7FEFF 		bl	scanf
 161              	.LVL11:
  61:main.c        ****         }
 162              		.loc 1 61 0
 163 007c 0A9B     		ldr	r3, [sp, #40]
 164 007e 013B     		subs	r3, r3, #1
 165 0080 0B2B     		cmp	r3, #11
 166 0082 04D9     		bls	.L8
  64:main.c        ****             num1.monthId=0;
 167              		.loc 1 64 0
 168 0084 1748     		ldr	r0, .L11+12
 169 0086 FFF7FEFF 		bl	printf
 170              	.LVL12:
  65:main.c        ****         }
 171              		.loc 1 65 0
 172 008a 0023     		movs	r3, #0
 173 008c 0A93     		str	r3, [sp, #40]
 174              	.L8:
  67:main.c        ****     printf ("\nEnter name of the month number %d: ",num1.monthId);
 175              		.loc 1 67 0
 176 008e 0A99     		ldr	r1, [sp, #40]
 177 0090 4B1E     		subs	r3, r1, #1
 178 0092 0B2B     		cmp	r3, #11
 179 0094 EBD8     		bhi	.L9
  68:main.c        ****     
ARM GAS  C:\Users\vellu\AppData\Local\Temp\ccGiEz67.s 			page 6


 180              		.loc 1 68 0
 181 0096 1448     		ldr	r0, .L11+16
 182 0098 FFF7FEFF 		bl	printf
 183              	.LVL13:
  70:main.c        ****     
 184              		.loc 1 70 0
 185 009c 04AC     		add	r4, sp, #16
 186 009e 1348     		ldr	r0, .L11+20
 187 00a0 2146     		mov	r1, r4
 188 00a2 FFF7FEFF 		bl	scanf
 189              	.LVL14:
  72:main.c        ****     
 190              		.loc 1 72 0
 191 00a6 1348     		ldr	r0, .L11+28
 192 00a8 FFF7FEFF 		bl	puts
 193              	.LVL15:
  74:main.c        ****     whichMonth(num1);
 194              		.loc 1 74 0
 195 00ac 12AB     		add	r3, sp, #72
 196 00ae 13E90700 		ldmdb	r3, {r0, r1, r2}
 197 00b2 8DE80700 		stmia	sp, {r0, r1, r2}
 198 00b6 0BAB     		add	r3, sp, #44
 199 00b8 0FCB     		ldmia	r3, {r0, r1, r2, r3}
 200 00ba FFF7FEFF 		bl	whichMonth
 201              	.LVL16:
  75:main.c        ****    
 202              		.loc 1 75 0
 203 00be 08AB     		add	r3, sp, #32
 204 00c0 93E80700 		ldmia	r3, {r0, r1, r2}
 205 00c4 8DE80700 		stmia	sp, {r0, r1, r2}
 206 00c8 94E80F00 		ldmia	r4, {r0, r1, r2, r3}
 207 00cc FFF7FEFF 		bl	whichMonth
 208              	.LVL17:
  79:main.c        **** void whichMonth(struct Months m){
 209              		.loc 1 79 0
 210 00d0 0020     		movs	r0, #0
 211 00d2 12B0     		add	sp, sp, #72
 212              		.cfi_def_cfa_offset 8
 213              		@ sp needed
 214 00d4 10BD     		pop	{r4, pc}
 215              	.L12:
 216 00d6 00BF     		.align	2
 217              	.L11:
 218 00d8 0C000000 		.word	.LC1
 219 00dc 3C000000 		.word	.LC2
 220 00e0 54000000 		.word	.LC3
 221 00e4 58000000 		.word	.LC4
 222 00e8 80000000 		.word	.LC5
 223 00ec A8000000 		.word	.LC6
 224 00f0 AC000000 		.word	.LC7
 225 00f4 DC000000 		.word	.LC8
 226              		.cfi_endproc
 227              	.LFE63:
 228              		.size	main, .-main
 229              		.section	.text._write,"ax",%progbits
 230              		.align	2
 231              		.global	_write
ARM GAS  C:\Users\vellu\AppData\Local\Temp\ccGiEz67.s 			page 7


 232              		.thumb
 233              		.thumb_func
 234              		.type	_write, %function
 235              	_write:
 236              	.LFB65:
  85:main.c        **** 
  86:main.c        **** int _write(int file, char *ptr, int len)
  87:main.c        **** {
 237              		.loc 1 87 0
 238              		.cfi_startproc
 239              		@ args = 0, pretend = 0, frame = 0
 240              		@ frame_needed = 0, uses_anonymous_args = 0
 241              	.LVL18:
 242 0000 F8B5     		push	{r3, r4, r5, r6, r7, lr}
 243              		.cfi_def_cfa_offset 24
 244              		.cfi_offset 3, -24
 245              		.cfi_offset 4, -20
 246              		.cfi_offset 5, -16
 247              		.cfi_offset 6, -12
 248              		.cfi_offset 7, -8
 249              		.cfi_offset 14, -4
 250 0002 0C46     		mov	r4, r1
 251 0004 1746     		mov	r7, r2
 252              	.LVL19:
  88:main.c        ****     (void)file; /* Parameter is not used, suppress unused argument warning */
  89:main.c        **** 	int n;
  90:main.c        **** 	for(n = 0; n < len; n++) {
 253              		.loc 1 90 0
 254 0006 0025     		movs	r5, #0
 255 0008 0BE0     		b	.L14
 256              	.LVL20:
 257              	.L16:
  91:main.c        ****         if(*ptr == '\n') UART_1_PutChar('\r');
 258              		.loc 1 91 0
 259 000a 2378     		ldrb	r3, [r4]	@ zero_extendqisi2
 260 000c 0A2B     		cmp	r3, #10
 261 000e 02D1     		bne	.L15
 262              		.loc 1 91 0 is_stmt 0 discriminator 1
 263 0010 0D20     		movs	r0, #13
 264 0012 FFF7FEFF 		bl	UART_1_PutChar
 265              	.LVL21:
 266              	.L15:
  92:main.c        **** 		UART_1_PutChar(*ptr++);
 267              		.loc 1 92 0 is_stmt 1 discriminator 2
 268 0016 661C     		adds	r6, r4, #1
 269              	.LVL22:
 270 0018 2078     		ldrb	r0, [r4]	@ zero_extendqisi2
 271 001a FFF7FEFF 		bl	UART_1_PutChar
 272              	.LVL23:
  90:main.c        ****         if(*ptr == '\n') UART_1_PutChar('\r');
 273              		.loc 1 90 0 discriminator 2
 274 001e 0135     		adds	r5, r5, #1
 275              	.LVL24:
 276              		.loc 1 92 0 discriminator 2
 277 0020 3446     		mov	r4, r6
 278              	.LVL25:
 279              	.L14:
ARM GAS  C:\Users\vellu\AppData\Local\Temp\ccGiEz67.s 			page 8


  90:main.c        ****         if(*ptr == '\n') UART_1_PutChar('\r');
 280              		.loc 1 90 0 discriminator 1
 281 0022 BD42     		cmp	r5, r7
 282 0024 F1DB     		blt	.L16
  93:main.c        **** 	}
  94:main.c        **** 	return len;
  95:main.c        **** }
 283              		.loc 1 95 0
 284 0026 3846     		mov	r0, r7
 285 0028 F8BD     		pop	{r3, r4, r5, r6, r7, pc}
 286              		.cfi_endproc
 287              	.LFE65:
 288              		.size	_write, .-_write
 289 002a 00BF     		.section	.text._read,"ax",%progbits
 290              		.align	2
 291              		.global	_read
 292              		.thumb
 293              		.thumb_func
 294              		.type	_read, %function
 295              	_read:
 296              	.LFB66:
  96:main.c        **** 
  97:main.c        **** int _read (int file, char *ptr, int count)
  98:main.c        **** {
 297              		.loc 1 98 0
 298              		.cfi_startproc
 299              		@ args = 0, pretend = 0, frame = 0
 300              		@ frame_needed = 0, uses_anonymous_args = 0
 301              	.LVL26:
 302 0000 F8B5     		push	{r3, r4, r5, r6, r7, lr}
 303              		.cfi_def_cfa_offset 24
 304              		.cfi_offset 3, -24
 305              		.cfi_offset 4, -20
 306              		.cfi_offset 5, -16
 307              		.cfi_offset 6, -12
 308              		.cfi_offset 7, -8
 309              		.cfi_offset 14, -4
 310 0002 0F46     		mov	r7, r1
 311 0004 1446     		mov	r4, r2
 312              	.LVL27:
  99:main.c        ****     int chs = 0;
 313              		.loc 1 99 0
 314 0006 0026     		movs	r6, #0
 100:main.c        ****     char ch;
 101:main.c        ****  
 102:main.c        ****     (void)file; /* Parameter is not used, suppress unused argument warning */
 103:main.c        ****     while(count > 0) {
 315              		.loc 1 103 0
 316 0008 12E0     		b	.L20
 317              	.LVL28:
 318              	.L23:
 104:main.c        ****         ch = UART_1_GetChar();
 319              		.loc 1 104 0
 320 000a FFF7FEFF 		bl	UART_1_GetChar
 321              	.LVL29:
 105:main.c        ****         if(ch != 0) {
 322              		.loc 1 105 0
ARM GAS  C:\Users\vellu\AppData\Local\Temp\ccGiEz67.s 			page 9


 323 000e 0546     		mov	r5, r0
 324 0010 70B1     		cbz	r0, .L20
 106:main.c        ****             UART_1_PutChar(ch);
 325              		.loc 1 106 0
 326 0012 FFF7FEFF 		bl	UART_1_PutChar
 327              	.LVL30:
 107:main.c        ****             chs++;
 328              		.loc 1 107 0
 329 0016 0136     		adds	r6, r6, #1
 330              	.LVL31:
 108:main.c        ****             if(ch == '\r') {
 331              		.loc 1 108 0
 332 0018 0D2D     		cmp	r5, #13
 333 001a 03D1     		bne	.L21
 334              	.LVL32:
 109:main.c        ****                 ch = '\n';
 110:main.c        ****                 UART_1_PutChar(ch);
 335              		.loc 1 110 0
 336 001c 0A20     		movs	r0, #10
 337 001e FFF7FEFF 		bl	UART_1_PutChar
 338              	.LVL33:
 109:main.c        ****                 ch = '\n';
 339              		.loc 1 109 0
 340 0022 0A25     		movs	r5, #10
 341              	.LVL34:
 342              	.L21:
 111:main.c        ****             }
 112:main.c        ****             *ptr++ = ch;
 343              		.loc 1 112 0
 344 0024 7B1C     		adds	r3, r7, #1
 345              	.LVL35:
 346 0026 3D70     		strb	r5, [r7]
 113:main.c        ****             count--;
 347              		.loc 1 113 0
 348 0028 013C     		subs	r4, r4, #1
 349              	.LVL36:
 114:main.c        ****             if(ch == '\n') break;
 350              		.loc 1 114 0
 351 002a 0A2D     		cmp	r5, #10
 352 002c 02D0     		beq	.L22
 112:main.c        ****             count--;
 353              		.loc 1 112 0
 354 002e 1F46     		mov	r7, r3
 355              	.LVL37:
 356              	.L20:
 103:main.c        ****         ch = UART_1_GetChar();
 357              		.loc 1 103 0
 358 0030 002C     		cmp	r4, #0
 359 0032 EADC     		bgt	.L23
 360              	.LVL38:
 361              	.L22:
 115:main.c        ****         }
 116:main.c        ****     }
 117:main.c        ****     return chs;
 118:main.c        **** }
 362              		.loc 1 118 0
 363 0034 3046     		mov	r0, r6
ARM GAS  C:\Users\vellu\AppData\Local\Temp\ccGiEz67.s 			page 10


 364 0036 F8BD     		pop	{r3, r4, r5, r6, r7, pc}
 365              		.cfi_endproc
 366              	.LFE66:
 367              		.size	_read, .-_read
 368              		.section	.rodata.str1.4,"aMS",%progbits,1
 369              		.align	2
 370              	.LC0:
 371 0000 0A256420 		.ascii	"\012%d . %s\000"
 371      2E202573 
 371      00
 372 0009 000000   		.space	3
 373              	.LC1:
 374 000c 0A456E74 		.ascii	"\012Enter information about first month of year: \000"
 374      65722069 
 374      6E666F72 
 374      6D617469 
 374      6F6E2061 
 375 003b 00       		.space	1
 376              	.LC2:
 377 003c 0A456E74 		.ascii	"\012Enter month number: \000"
 377      6572206D 
 377      6F6E7468 
 377      206E756D 
 377      6265723A 
 378 0052 0000     		.space	2
 379              	.LC3:
 380 0054 256400   		.ascii	"%d\000"
 381 0057 00       		.space	1
 382              	.LC4:
 383 0058 0A4D6F6E 		.ascii	"\012Month number must be in range 1-12!\000"
 383      7468206E 
 383      756D6265 
 383      72206D75 
 383      73742062 
 384 007d 000000   		.space	3
 385              	.LC5:
 386 0080 0A456E74 		.ascii	"\012Enter name of the month number %d: \000"
 386      6572206E 
 386      616D6520 
 386      6F662074 
 386      6865206D 
 387 00a5 000000   		.space	3
 388              	.LC6:
 389 00a8 257300   		.ascii	"%s\000"
 390 00ab 00       		.space	1
 391              	.LC7:
 392 00ac 0A456E74 		.ascii	"\012Enter information about last month of year: \000"
 392      65722069 
 392      6E666F72 
 392      6D617469 
 392      6F6E2061 
 393 00da 0000     		.space	2
 394              	.LC8:
 395 00dc 0A596F75 		.ascii	"\012You entered the following months: \000"
 395      20656E74 
 395      65726564 
 395      20746865 
ARM GAS  C:\Users\vellu\AppData\Local\Temp\ccGiEz67.s 			page 11


 395      20666F6C 
 396              		.text
 397              	.Letext0:
 398              		.file 2 "c:\\program files (x86)\\cypress\\psoc creator\\4.0\\psoc creator\\import\\gnu\\arm\\4.9.
 399              		.file 3 "c:\\program files (x86)\\cypress\\psoc creator\\4.0\\psoc creator\\import\\gnu\\arm\\4.9.
 400              		.file 4 "Generated_Source\\PSoC5/cytypes.h"
 401              		.file 5 "c:\\program files (x86)\\cypress\\psoc creator\\4.0\\psoc creator\\import\\gnu\\arm\\4.9.
 402              		.file 6 "<built-in>"
 403              		.file 7 "Generated_Source\\PSoC5/core_cm3.h"
 404              		.file 8 "Generated_Source\\PSoC5/UART_1.h"
 405              		.section	.debug_info,"",%progbits
 406              	.Ldebug_info0:
 407 0000 60040000 		.4byte	0x460
 408 0004 0400     		.2byte	0x4
 409 0006 00000000 		.4byte	.Ldebug_abbrev0
 410 000a 04       		.byte	0x4
 411 000b 01       		.uleb128 0x1
 412 000c 02010000 		.4byte	.LASF30
 413 0010 01       		.byte	0x1
 414 0011 EA010000 		.4byte	.LASF31
 415 0015 5F000000 		.4byte	.LASF32
 416 0019 00000000 		.4byte	.Ldebug_ranges0+0
 417 001d 00000000 		.4byte	0
 418 0021 00000000 		.4byte	.Ldebug_line0
 419 0025 02       		.uleb128 0x2
 420 0026 01       		.byte	0x1
 421 0027 06       		.byte	0x6
 422 0028 21020000 		.4byte	.LASF0
 423 002c 02       		.uleb128 0x2
 424 002d 01       		.byte	0x1
 425 002e 08       		.byte	0x8
 426 002f B0000000 		.4byte	.LASF1
 427 0033 02       		.uleb128 0x2
 428 0034 02       		.byte	0x2
 429 0035 05       		.byte	0x5
 430 0036 03020000 		.4byte	.LASF2
 431 003a 02       		.uleb128 0x2
 432 003b 02       		.byte	0x2
 433 003c 07       		.byte	0x7
 434 003d 17000000 		.4byte	.LASF3
 435 0041 03       		.uleb128 0x3
 436 0042 0D000000 		.4byte	.LASF9
 437 0046 02       		.byte	0x2
 438 0047 3F       		.byte	0x3f
 439 0048 4C000000 		.4byte	0x4c
 440 004c 02       		.uleb128 0x2
 441 004d 04       		.byte	0x4
 442 004e 05       		.byte	0x5
 443 004f 13020000 		.4byte	.LASF4
 444 0053 02       		.uleb128 0x2
 445 0054 04       		.byte	0x4
 446 0055 07       		.byte	0x7
 447 0056 BE000000 		.4byte	.LASF5
 448 005a 02       		.uleb128 0x2
 449 005b 08       		.byte	0x8
 450 005c 05       		.byte	0x5
 451 005d DC010000 		.4byte	.LASF6
ARM GAS  C:\Users\vellu\AppData\Local\Temp\ccGiEz67.s 			page 12


 452 0061 02       		.uleb128 0x2
 453 0062 08       		.byte	0x8
 454 0063 07       		.byte	0x7
 455 0064 AC010000 		.4byte	.LASF7
 456 0068 04       		.uleb128 0x4
 457 0069 04       		.byte	0x4
 458 006a 05       		.byte	0x5
 459 006b 696E7400 		.ascii	"int\000"
 460 006f 02       		.uleb128 0x2
 461 0070 04       		.byte	0x4
 462 0071 07       		.byte	0x7
 463 0072 9F010000 		.4byte	.LASF8
 464 0076 03       		.uleb128 0x3
 465 0077 CB010000 		.4byte	.LASF10
 466 007b 03       		.byte	0x3
 467 007c 2C       		.byte	0x2c
 468 007d 41000000 		.4byte	0x41
 469 0081 05       		.uleb128 0x5
 470 0082 0D020000 		.4byte	.LASF11
 471 0086 04       		.byte	0x4
 472 0087 9201     		.2byte	0x192
 473 0089 2C000000 		.4byte	0x2c
 474 008d 02       		.uleb128 0x2
 475 008e 04       		.byte	0x4
 476 008f 04       		.byte	0x4
 477 0090 54000000 		.4byte	.LASF12
 478 0094 02       		.uleb128 0x2
 479 0095 08       		.byte	0x8
 480 0096 04       		.byte	0x4
 481 0097 E5000000 		.4byte	.LASF13
 482 009b 02       		.uleb128 0x2
 483 009c 01       		.byte	0x1
 484 009d 08       		.byte	0x8
 485 009e F1010000 		.4byte	.LASF14
 486 00a2 02       		.uleb128 0x2
 487 00a3 04       		.byte	0x4
 488 00a4 07       		.byte	0x7
 489 00a5 D3010000 		.4byte	.LASF15
 490 00a9 06       		.uleb128 0x6
 491 00aa 04       		.byte	0x4
 492 00ab 9B000000 		.4byte	0x9b
 493 00af 06       		.uleb128 0x6
 494 00b0 04       		.byte	0x4
 495 00b1 B5000000 		.4byte	0xb5
 496 00b5 07       		.uleb128 0x7
 497 00b6 9B000000 		.4byte	0x9b
 498 00ba 08       		.uleb128 0x8
 499 00bb 2D020000 		.4byte	.LASF33
 500 00bf 1C       		.byte	0x1c
 501 00c0 01       		.byte	0x1
 502 00c1 14       		.byte	0x14
 503 00c2 DF000000 		.4byte	0xdf
 504 00c6 09       		.uleb128 0x9
 505 00c7 3C000000 		.4byte	.LASF16
 506 00cb 01       		.byte	0x1
 507 00cc 15       		.byte	0x15
 508 00cd DF000000 		.4byte	0xdf
ARM GAS  C:\Users\vellu\AppData\Local\Temp\ccGiEz67.s 			page 13


 509 00d1 00       		.byte	0
 510 00d2 09       		.uleb128 0x9
 511 00d3 C3010000 		.4byte	.LASF17
 512 00d7 01       		.byte	0x1
 513 00d8 16       		.byte	0x16
 514 00d9 68000000 		.4byte	0x68
 515 00dd 18       		.byte	0x18
 516 00de 00       		.byte	0
 517 00df 0A       		.uleb128 0xa
 518 00e0 9B000000 		.4byte	0x9b
 519 00e4 EF000000 		.4byte	0xef
 520 00e8 0B       		.uleb128 0xb
 521 00e9 A2000000 		.4byte	0xa2
 522 00ed 15       		.byte	0x15
 523 00ee 00       		.byte	0
 524 00ef 0C       		.uleb128 0xc
 525 00f0 F7000000 		.4byte	.LASF34
 526 00f4 01       		.byte	0x1
 527 00f5 50       		.byte	0x50
 528 00f6 00000000 		.4byte	.LFB64
 529 00fa 28000000 		.4byte	.LFE64-.LFB64
 530 00fe 01       		.uleb128 0x1
 531 00ff 9C       		.byte	0x9c
 532 0100 3D010000 		.4byte	0x13d
 533 0104 0D       		.uleb128 0xd
 534 0105 6D00     		.ascii	"m\000"
 535 0107 01       		.byte	0x1
 536 0108 50       		.byte	0x50
 537 0109 BA000000 		.4byte	0xba
 538 010d 02       		.uleb128 0x2
 539 010e 91       		.byte	0x91
 540 010f 70       		.sleb128 -16
 541 0110 0E       		.uleb128 0xe
 542 0111 16000000 		.4byte	.LVL0
 543 0115 E2030000 		.4byte	0x3e2
 544 0119 2D010000 		.4byte	0x12d
 545 011d 0F       		.uleb128 0xf
 546 011e 01       		.uleb128 0x1
 547 011f 52       		.byte	0x52
 548 0120 02       		.uleb128 0x2
 549 0121 91       		.byte	0x91
 550 0122 50       		.sleb128 -48
 551 0123 0F       		.uleb128 0xf
 552 0124 01       		.uleb128 0x1
 553 0125 50       		.byte	0x50
 554 0126 05       		.uleb128 0x5
 555 0127 03       		.byte	0x3
 556 0128 00000000 		.4byte	.LC0
 557 012c 00       		.byte	0
 558 012d 10       		.uleb128 0x10
 559 012e 1C000000 		.4byte	.LVL1
 560 0132 F8030000 		.4byte	0x3f8
 561 0136 0F       		.uleb128 0xf
 562 0137 01       		.uleb128 0x1
 563 0138 50       		.byte	0x50
 564 0139 01       		.uleb128 0x1
 565 013a 3A       		.byte	0x3a
ARM GAS  C:\Users\vellu\AppData\Local\Temp\ccGiEz67.s 			page 14


 566 013b 00       		.byte	0
 567 013c 00       		.byte	0
 568 013d 11       		.uleb128 0x11
 569 013e EC000000 		.4byte	.LASF19
 570 0142 01       		.byte	0x1
 571 0143 1C       		.byte	0x1c
 572 0144 68000000 		.4byte	0x68
 573 0148 00000000 		.4byte	.LFB63
 574 014c F8000000 		.4byte	.LFE63-.LFB63
 575 0150 01       		.uleb128 0x1
 576 0151 9C       		.byte	0x9c
 577 0152 D1020000 		.4byte	0x2d1
 578 0156 12       		.uleb128 0x12
 579 0157 6E756D00 		.ascii	"num\000"
 580 015b 01       		.byte	0x1
 581 015c 23       		.byte	0x23
 582 015d BA000000 		.4byte	0xba
 583 0161 02       		.uleb128 0x2
 584 0162 91       		.byte	0x91
 585 0163 5C       		.sleb128 -36
 586 0164 13       		.uleb128 0x13
 587 0165 4F000000 		.4byte	.LASF18
 588 0169 01       		.byte	0x1
 589 016a 24       		.byte	0x24
 590 016b BA000000 		.4byte	0xba
 591 016f 02       		.uleb128 0x2
 592 0170 91       		.byte	0x91
 593 0171 40       		.sleb128 -64
 594 0172 14       		.uleb128 0x14
 595 0173 0A000000 		.4byte	.LVL2
 596 0177 11040000 		.4byte	0x411
 597 017b 0E       		.uleb128 0xe
 598 017c 32000000 		.4byte	.LVL3
 599 0180 E2030000 		.4byte	0x3e2
 600 0184 92010000 		.4byte	0x192
 601 0188 0F       		.uleb128 0xf
 602 0189 01       		.uleb128 0x1
 603 018a 50       		.byte	0x50
 604 018b 05       		.uleb128 0x5
 605 018c 03       		.byte	0x3
 606 018d 0C000000 		.4byte	.LC1
 607 0191 00       		.byte	0
 608 0192 0E       		.uleb128 0xe
 609 0193 38000000 		.4byte	.LVL4
 610 0197 E2030000 		.4byte	0x3e2
 611 019b A9010000 		.4byte	0x1a9
 612 019f 0F       		.uleb128 0xf
 613 01a0 01       		.uleb128 0x1
 614 01a1 50       		.byte	0x50
 615 01a2 05       		.uleb128 0x5
 616 01a3 03       		.byte	0x3
 617 01a4 3C000000 		.4byte	.LC2
 618 01a8 00       		.byte	0
 619 01a9 0E       		.uleb128 0xe
 620 01aa 40000000 		.4byte	.LVL5
 621 01ae 18040000 		.4byte	0x418
 622 01b2 C6010000 		.4byte	0x1c6
ARM GAS  C:\Users\vellu\AppData\Local\Temp\ccGiEz67.s 			page 15


 623 01b6 0F       		.uleb128 0xf
 624 01b7 01       		.uleb128 0x1
 625 01b8 51       		.byte	0x51
 626 01b9 02       		.uleb128 0x2
 627 01ba 91       		.byte	0x91
 628 01bb 74       		.sleb128 -12
 629 01bc 0F       		.uleb128 0xf
 630 01bd 01       		.uleb128 0x1
 631 01be 50       		.byte	0x50
 632 01bf 05       		.uleb128 0x5
 633 01c0 03       		.byte	0x3
 634 01c1 54000000 		.4byte	.LC3
 635 01c5 00       		.byte	0
 636 01c6 0E       		.uleb128 0xe
 637 01c7 4E000000 		.4byte	.LVL6
 638 01cb E2030000 		.4byte	0x3e2
 639 01cf DD010000 		.4byte	0x1dd
 640 01d3 0F       		.uleb128 0xf
 641 01d4 01       		.uleb128 0x1
 642 01d5 50       		.byte	0x50
 643 01d6 05       		.uleb128 0x5
 644 01d7 03       		.byte	0x3
 645 01d8 58000000 		.4byte	.LC4
 646 01dc 00       		.byte	0
 647 01dd 0E       		.uleb128 0xe
 648 01de 60000000 		.4byte	.LVL7
 649 01e2 E2030000 		.4byte	0x3e2
 650 01e6 F4010000 		.4byte	0x1f4
 651 01ea 0F       		.uleb128 0xf
 652 01eb 01       		.uleb128 0x1
 653 01ec 50       		.byte	0x50
 654 01ed 05       		.uleb128 0x5
 655 01ee 03       		.byte	0x3
 656 01ef 80000000 		.4byte	.LC5
 657 01f3 00       		.byte	0
 658 01f4 0E       		.uleb128 0xe
 659 01f5 68000000 		.4byte	.LVL8
 660 01f9 18040000 		.4byte	0x418
 661 01fd 11020000 		.4byte	0x211
 662 0201 0F       		.uleb128 0xf
 663 0202 01       		.uleb128 0x1
 664 0203 51       		.byte	0x51
 665 0204 02       		.uleb128 0x2
 666 0205 91       		.byte	0x91
 667 0206 5C       		.sleb128 -36
 668 0207 0F       		.uleb128 0xf
 669 0208 01       		.uleb128 0x1
 670 0209 50       		.byte	0x50
 671 020a 05       		.uleb128 0x5
 672 020b 03       		.byte	0x3
 673 020c A8000000 		.4byte	.LC6
 674 0210 00       		.byte	0
 675 0211 0E       		.uleb128 0xe
 676 0212 6E000000 		.4byte	.LVL9
 677 0216 E2030000 		.4byte	0x3e2
 678 021a 28020000 		.4byte	0x228
 679 021e 0F       		.uleb128 0xf
ARM GAS  C:\Users\vellu\AppData\Local\Temp\ccGiEz67.s 			page 16


 680 021f 01       		.uleb128 0x1
 681 0220 50       		.byte	0x50
 682 0221 05       		.uleb128 0x5
 683 0222 03       		.byte	0x3
 684 0223 AC000000 		.4byte	.LC7
 685 0227 00       		.byte	0
 686 0228 0E       		.uleb128 0xe
 687 0229 74000000 		.4byte	.LVL10
 688 022d E2030000 		.4byte	0x3e2
 689 0231 3F020000 		.4byte	0x23f
 690 0235 0F       		.uleb128 0xf
 691 0236 01       		.uleb128 0x1
 692 0237 50       		.byte	0x50
 693 0238 05       		.uleb128 0x5
 694 0239 03       		.byte	0x3
 695 023a 3C000000 		.4byte	.LC2
 696 023e 00       		.byte	0
 697 023f 0E       		.uleb128 0xe
 698 0240 7C000000 		.4byte	.LVL11
 699 0244 18040000 		.4byte	0x418
 700 0248 5C020000 		.4byte	0x25c
 701 024c 0F       		.uleb128 0xf
 702 024d 01       		.uleb128 0x1
 703 024e 51       		.byte	0x51
 704 024f 02       		.uleb128 0x2
 705 0250 91       		.byte	0x91
 706 0251 58       		.sleb128 -40
 707 0252 0F       		.uleb128 0xf
 708 0253 01       		.uleb128 0x1
 709 0254 50       		.byte	0x50
 710 0255 05       		.uleb128 0x5
 711 0256 03       		.byte	0x3
 712 0257 54000000 		.4byte	.LC3
 713 025b 00       		.byte	0
 714 025c 0E       		.uleb128 0xe
 715 025d 8A000000 		.4byte	.LVL12
 716 0261 E2030000 		.4byte	0x3e2
 717 0265 73020000 		.4byte	0x273
 718 0269 0F       		.uleb128 0xf
 719 026a 01       		.uleb128 0x1
 720 026b 50       		.byte	0x50
 721 026c 05       		.uleb128 0x5
 722 026d 03       		.byte	0x3
 723 026e 58000000 		.4byte	.LC4
 724 0272 00       		.byte	0
 725 0273 0E       		.uleb128 0xe
 726 0274 9C000000 		.4byte	.LVL13
 727 0278 E2030000 		.4byte	0x3e2
 728 027c 8A020000 		.4byte	0x28a
 729 0280 0F       		.uleb128 0xf
 730 0281 01       		.uleb128 0x1
 731 0282 50       		.byte	0x50
 732 0283 05       		.uleb128 0x5
 733 0284 03       		.byte	0x3
 734 0285 80000000 		.4byte	.LC5
 735 0289 00       		.byte	0
 736 028a 0E       		.uleb128 0xe
ARM GAS  C:\Users\vellu\AppData\Local\Temp\ccGiEz67.s 			page 17


 737 028b A6000000 		.4byte	.LVL14
 738 028f 18040000 		.4byte	0x418
 739 0293 A7020000 		.4byte	0x2a7
 740 0297 0F       		.uleb128 0xf
 741 0298 01       		.uleb128 0x1
 742 0299 51       		.byte	0x51
 743 029a 02       		.uleb128 0x2
 744 029b 74       		.byte	0x74
 745 029c 00       		.sleb128 0
 746 029d 0F       		.uleb128 0xf
 747 029e 01       		.uleb128 0x1
 748 029f 50       		.byte	0x50
 749 02a0 05       		.uleb128 0x5
 750 02a1 03       		.byte	0x3
 751 02a2 A8000000 		.4byte	.LC6
 752 02a6 00       		.byte	0
 753 02a7 0E       		.uleb128 0xe
 754 02a8 AC000000 		.4byte	.LVL15
 755 02ac 2E040000 		.4byte	0x42e
 756 02b0 BE020000 		.4byte	0x2be
 757 02b4 0F       		.uleb128 0xf
 758 02b5 01       		.uleb128 0x1
 759 02b6 50       		.byte	0x50
 760 02b7 05       		.uleb128 0x5
 761 02b8 03       		.byte	0x3
 762 02b9 DC000000 		.4byte	.LC8
 763 02bd 00       		.byte	0
 764 02be 14       		.uleb128 0x14
 765 02bf BE000000 		.4byte	.LVL16
 766 02c3 EF000000 		.4byte	0xef
 767 02c7 14       		.uleb128 0x14
 768 02c8 D0000000 		.4byte	.LVL17
 769 02cc EF000000 		.4byte	0xef
 770 02d0 00       		.byte	0
 771 02d1 11       		.uleb128 0x11
 772 02d2 F6010000 		.4byte	.LASF20
 773 02d6 01       		.byte	0x1
 774 02d7 56       		.byte	0x56
 775 02d8 68000000 		.4byte	0x68
 776 02dc 00000000 		.4byte	.LFB65
 777 02e0 2A000000 		.4byte	.LFE65-.LFB65
 778 02e4 01       		.uleb128 0x1
 779 02e5 9C       		.byte	0x9c
 780 02e6 41030000 		.4byte	0x341
 781 02ea 15       		.uleb128 0x15
 782 02eb 5A000000 		.4byte	.LASF21
 783 02ef 01       		.byte	0x1
 784 02f0 56       		.byte	0x56
 785 02f1 68000000 		.4byte	0x68
 786 02f5 00000000 		.4byte	.LLST0
 787 02f9 16       		.uleb128 0x16
 788 02fa 70747200 		.ascii	"ptr\000"
 789 02fe 01       		.byte	0x1
 790 02ff 56       		.byte	0x56
 791 0300 A9000000 		.4byte	0xa9
 792 0304 21000000 		.4byte	.LLST1
 793 0308 16       		.uleb128 0x16
ARM GAS  C:\Users\vellu\AppData\Local\Temp\ccGiEz67.s 			page 18


 794 0309 6C656E00 		.ascii	"len\000"
 795 030d 01       		.byte	0x1
 796 030e 56       		.byte	0x56
 797 030f 68000000 		.4byte	0x68
 798 0313 55000000 		.4byte	.LLST2
 799 0317 17       		.uleb128 0x17
 800 0318 6E00     		.ascii	"n\000"
 801 031a 01       		.byte	0x1
 802 031b 59       		.byte	0x59
 803 031c 68000000 		.4byte	0x68
 804 0320 73000000 		.4byte	.LLST3
 805 0324 0E       		.uleb128 0xe
 806 0325 16000000 		.4byte	.LVL21
 807 0329 47040000 		.4byte	0x447
 808 032d 37030000 		.4byte	0x337
 809 0331 0F       		.uleb128 0xf
 810 0332 01       		.uleb128 0x1
 811 0333 50       		.byte	0x50
 812 0334 01       		.uleb128 0x1
 813 0335 3D       		.byte	0x3d
 814 0336 00       		.byte	0
 815 0337 14       		.uleb128 0x14
 816 0338 1E000000 		.4byte	.LVL23
 817 033c 47040000 		.4byte	0x447
 818 0340 00       		.byte	0
 819 0341 11       		.uleb128 0x11
 820 0342 49000000 		.4byte	.LASF22
 821 0346 01       		.byte	0x1
 822 0347 61       		.byte	0x61
 823 0348 68000000 		.4byte	0x68
 824 034c 00000000 		.4byte	.LFB66
 825 0350 38000000 		.4byte	.LFE66-.LFB66
 826 0354 01       		.uleb128 0x1
 827 0355 9C       		.byte	0x9c
 828 0356 D1030000 		.4byte	0x3d1
 829 035a 15       		.uleb128 0x15
 830 035b 5A000000 		.4byte	.LASF21
 831 035f 01       		.byte	0x1
 832 0360 61       		.byte	0x61
 833 0361 68000000 		.4byte	0x68
 834 0365 92000000 		.4byte	.LLST4
 835 0369 16       		.uleb128 0x16
 836 036a 70747200 		.ascii	"ptr\000"
 837 036e 01       		.byte	0x1
 838 036f 61       		.byte	0x61
 839 0370 A9000000 		.4byte	0xa9
 840 0374 B3000000 		.4byte	.LLST5
 841 0378 15       		.uleb128 0x15
 842 0379 FD010000 		.4byte	.LASF23
 843 037d 01       		.byte	0x1
 844 037e 61       		.byte	0x61
 845 037f 68000000 		.4byte	0x68
 846 0383 E7000000 		.4byte	.LLST6
 847 0387 17       		.uleb128 0x17
 848 0388 63687300 		.ascii	"chs\000"
 849 038c 01       		.byte	0x1
 850 038d 63       		.byte	0x63
ARM GAS  C:\Users\vellu\AppData\Local\Temp\ccGiEz67.s 			page 19


 851 038e 68000000 		.4byte	0x68
 852 0392 05010000 		.4byte	.LLST7
 853 0396 17       		.uleb128 0x17
 854 0397 636800   		.ascii	"ch\000"
 855 039a 01       		.byte	0x1
 856 039b 64       		.byte	0x64
 857 039c 9B000000 		.4byte	0x9b
 858 03a0 24010000 		.4byte	.LLST8
 859 03a4 14       		.uleb128 0x14
 860 03a5 0E000000 		.4byte	.LVL29
 861 03a9 58040000 		.4byte	0x458
 862 03ad 0E       		.uleb128 0xe
 863 03ae 16000000 		.4byte	.LVL30
 864 03b2 47040000 		.4byte	0x447
 865 03b6 C1030000 		.4byte	0x3c1
 866 03ba 0F       		.uleb128 0xf
 867 03bb 01       		.uleb128 0x1
 868 03bc 50       		.byte	0x50
 869 03bd 02       		.uleb128 0x2
 870 03be 75       		.byte	0x75
 871 03bf 00       		.sleb128 0
 872 03c0 00       		.byte	0
 873 03c1 10       		.uleb128 0x10
 874 03c2 22000000 		.4byte	.LVL33
 875 03c6 47040000 		.4byte	0x447
 876 03ca 0F       		.uleb128 0xf
 877 03cb 01       		.uleb128 0x1
 878 03cc 50       		.byte	0x50
 879 03cd 01       		.uleb128 0x1
 880 03ce 3A       		.byte	0x3a
 881 03cf 00       		.byte	0
 882 03d0 00       		.byte	0
 883 03d1 18       		.uleb128 0x18
 884 03d2 D8000000 		.4byte	.LASF35
 885 03d6 07       		.byte	0x7
 886 03d7 9606     		.2byte	0x696
 887 03d9 DD030000 		.4byte	0x3dd
 888 03dd 19       		.uleb128 0x19
 889 03de 76000000 		.4byte	0x76
 890 03e2 1A       		.uleb128 0x1a
 891 03e3 42000000 		.4byte	.LASF24
 892 03e7 05       		.byte	0x5
 893 03e8 B2       		.byte	0xb2
 894 03e9 68000000 		.4byte	0x68
 895 03ed F8030000 		.4byte	0x3f8
 896 03f1 1B       		.uleb128 0x1b
 897 03f2 AF000000 		.4byte	0xaf
 898 03f6 1C       		.uleb128 0x1c
 899 03f7 00       		.byte	0
 900 03f8 1D       		.uleb128 0x1d
 901 03f9 2A000000 		.4byte	.LASF26
 902 03fd 06       		.byte	0x6
 903 03fe 00       		.byte	0
 904 03ff D0000000 		.4byte	.LASF28
 905 0403 68000000 		.4byte	0x68
 906 0407 11040000 		.4byte	0x411
 907 040b 1B       		.uleb128 0x1b
ARM GAS  C:\Users\vellu\AppData\Local\Temp\ccGiEz67.s 			page 20


 908 040c 68000000 		.4byte	0x68
 909 0410 00       		.byte	0
 910 0411 1E       		.uleb128 0x1e
 911 0412 00000000 		.4byte	.LASF36
 912 0416 08       		.byte	0x8
 913 0417 54       		.byte	0x54
 914 0418 1A       		.uleb128 0x1a
 915 0419 F1000000 		.4byte	.LASF25
 916 041d 05       		.byte	0x5
 917 041e B4       		.byte	0xb4
 918 041f 68000000 		.4byte	0x68
 919 0423 2E040000 		.4byte	0x42e
 920 0427 1B       		.uleb128 0x1b
 921 0428 AF000000 		.4byte	0xaf
 922 042c 1C       		.uleb128 0x1c
 923 042d 00       		.byte	0
 924 042e 1D       		.uleb128 0x1d
 925 042f 34020000 		.4byte	.LASF27
 926 0433 06       		.byte	0x6
 927 0434 00       		.byte	0
 928 0435 1C020000 		.4byte	.LASF29
 929 0439 68000000 		.4byte	0x68
 930 043d 47040000 		.4byte	0x447
 931 0441 1B       		.uleb128 0x1b
 932 0442 AF000000 		.4byte	0xaf
 933 0446 00       		.byte	0
 934 0447 1F       		.uleb128 0x1f
 935 0448 90010000 		.4byte	.LASF37
 936 044c 08       		.byte	0x8
 937 044d 8A       		.byte	0x8a
 938 044e 58040000 		.4byte	0x458
 939 0452 1B       		.uleb128 0x1b
 940 0453 81000000 		.4byte	0x81
 941 0457 00       		.byte	0
 942 0458 20       		.uleb128 0x20
 943 0459 43020000 		.4byte	.LASF38
 944 045d 08       		.byte	0x8
 945 045e 71       		.byte	0x71
 946 045f 81000000 		.4byte	0x81
 947 0463 00       		.byte	0
 948              		.section	.debug_abbrev,"",%progbits
 949              	.Ldebug_abbrev0:
 950 0000 01       		.uleb128 0x1
 951 0001 11       		.uleb128 0x11
 952 0002 01       		.byte	0x1
 953 0003 25       		.uleb128 0x25
 954 0004 0E       		.uleb128 0xe
 955 0005 13       		.uleb128 0x13
 956 0006 0B       		.uleb128 0xb
 957 0007 03       		.uleb128 0x3
 958 0008 0E       		.uleb128 0xe
 959 0009 1B       		.uleb128 0x1b
 960 000a 0E       		.uleb128 0xe
 961 000b 55       		.uleb128 0x55
 962 000c 17       		.uleb128 0x17
 963 000d 11       		.uleb128 0x11
 964 000e 01       		.uleb128 0x1
ARM GAS  C:\Users\vellu\AppData\Local\Temp\ccGiEz67.s 			page 21


 965 000f 10       		.uleb128 0x10
 966 0010 17       		.uleb128 0x17
 967 0011 00       		.byte	0
 968 0012 00       		.byte	0
 969 0013 02       		.uleb128 0x2
 970 0014 24       		.uleb128 0x24
 971 0015 00       		.byte	0
 972 0016 0B       		.uleb128 0xb
 973 0017 0B       		.uleb128 0xb
 974 0018 3E       		.uleb128 0x3e
 975 0019 0B       		.uleb128 0xb
 976 001a 03       		.uleb128 0x3
 977 001b 0E       		.uleb128 0xe
 978 001c 00       		.byte	0
 979 001d 00       		.byte	0
 980 001e 03       		.uleb128 0x3
 981 001f 16       		.uleb128 0x16
 982 0020 00       		.byte	0
 983 0021 03       		.uleb128 0x3
 984 0022 0E       		.uleb128 0xe
 985 0023 3A       		.uleb128 0x3a
 986 0024 0B       		.uleb128 0xb
 987 0025 3B       		.uleb128 0x3b
 988 0026 0B       		.uleb128 0xb
 989 0027 49       		.uleb128 0x49
 990 0028 13       		.uleb128 0x13
 991 0029 00       		.byte	0
 992 002a 00       		.byte	0
 993 002b 04       		.uleb128 0x4
 994 002c 24       		.uleb128 0x24
 995 002d 00       		.byte	0
 996 002e 0B       		.uleb128 0xb
 997 002f 0B       		.uleb128 0xb
 998 0030 3E       		.uleb128 0x3e
 999 0031 0B       		.uleb128 0xb
 1000 0032 03       		.uleb128 0x3
 1001 0033 08       		.uleb128 0x8
 1002 0034 00       		.byte	0
 1003 0035 00       		.byte	0
 1004 0036 05       		.uleb128 0x5
 1005 0037 16       		.uleb128 0x16
 1006 0038 00       		.byte	0
 1007 0039 03       		.uleb128 0x3
 1008 003a 0E       		.uleb128 0xe
 1009 003b 3A       		.uleb128 0x3a
 1010 003c 0B       		.uleb128 0xb
 1011 003d 3B       		.uleb128 0x3b
 1012 003e 05       		.uleb128 0x5
 1013 003f 49       		.uleb128 0x49
 1014 0040 13       		.uleb128 0x13
 1015 0041 00       		.byte	0
 1016 0042 00       		.byte	0
 1017 0043 06       		.uleb128 0x6
 1018 0044 0F       		.uleb128 0xf
 1019 0045 00       		.byte	0
 1020 0046 0B       		.uleb128 0xb
 1021 0047 0B       		.uleb128 0xb
ARM GAS  C:\Users\vellu\AppData\Local\Temp\ccGiEz67.s 			page 22


 1022 0048 49       		.uleb128 0x49
 1023 0049 13       		.uleb128 0x13
 1024 004a 00       		.byte	0
 1025 004b 00       		.byte	0
 1026 004c 07       		.uleb128 0x7
 1027 004d 26       		.uleb128 0x26
 1028 004e 00       		.byte	0
 1029 004f 49       		.uleb128 0x49
 1030 0050 13       		.uleb128 0x13
 1031 0051 00       		.byte	0
 1032 0052 00       		.byte	0
 1033 0053 08       		.uleb128 0x8
 1034 0054 13       		.uleb128 0x13
 1035 0055 01       		.byte	0x1
 1036 0056 03       		.uleb128 0x3
 1037 0057 0E       		.uleb128 0xe
 1038 0058 0B       		.uleb128 0xb
 1039 0059 0B       		.uleb128 0xb
 1040 005a 3A       		.uleb128 0x3a
 1041 005b 0B       		.uleb128 0xb
 1042 005c 3B       		.uleb128 0x3b
 1043 005d 0B       		.uleb128 0xb
 1044 005e 01       		.uleb128 0x1
 1045 005f 13       		.uleb128 0x13
 1046 0060 00       		.byte	0
 1047 0061 00       		.byte	0
 1048 0062 09       		.uleb128 0x9
 1049 0063 0D       		.uleb128 0xd
 1050 0064 00       		.byte	0
 1051 0065 03       		.uleb128 0x3
 1052 0066 0E       		.uleb128 0xe
 1053 0067 3A       		.uleb128 0x3a
 1054 0068 0B       		.uleb128 0xb
 1055 0069 3B       		.uleb128 0x3b
 1056 006a 0B       		.uleb128 0xb
 1057 006b 49       		.uleb128 0x49
 1058 006c 13       		.uleb128 0x13
 1059 006d 38       		.uleb128 0x38
 1060 006e 0B       		.uleb128 0xb
 1061 006f 00       		.byte	0
 1062 0070 00       		.byte	0
 1063 0071 0A       		.uleb128 0xa
 1064 0072 01       		.uleb128 0x1
 1065 0073 01       		.byte	0x1
 1066 0074 49       		.uleb128 0x49
 1067 0075 13       		.uleb128 0x13
 1068 0076 01       		.uleb128 0x1
 1069 0077 13       		.uleb128 0x13
 1070 0078 00       		.byte	0
 1071 0079 00       		.byte	0
 1072 007a 0B       		.uleb128 0xb
 1073 007b 21       		.uleb128 0x21
 1074 007c 00       		.byte	0
 1075 007d 49       		.uleb128 0x49
 1076 007e 13       		.uleb128 0x13
 1077 007f 2F       		.uleb128 0x2f
 1078 0080 0B       		.uleb128 0xb
ARM GAS  C:\Users\vellu\AppData\Local\Temp\ccGiEz67.s 			page 23


 1079 0081 00       		.byte	0
 1080 0082 00       		.byte	0
 1081 0083 0C       		.uleb128 0xc
 1082 0084 2E       		.uleb128 0x2e
 1083 0085 01       		.byte	0x1
 1084 0086 3F       		.uleb128 0x3f
 1085 0087 19       		.uleb128 0x19
 1086 0088 03       		.uleb128 0x3
 1087 0089 0E       		.uleb128 0xe
 1088 008a 3A       		.uleb128 0x3a
 1089 008b 0B       		.uleb128 0xb
 1090 008c 3B       		.uleb128 0x3b
 1091 008d 0B       		.uleb128 0xb
 1092 008e 27       		.uleb128 0x27
 1093 008f 19       		.uleb128 0x19
 1094 0090 11       		.uleb128 0x11
 1095 0091 01       		.uleb128 0x1
 1096 0092 12       		.uleb128 0x12
 1097 0093 06       		.uleb128 0x6
 1098 0094 40       		.uleb128 0x40
 1099 0095 18       		.uleb128 0x18
 1100 0096 9742     		.uleb128 0x2117
 1101 0098 19       		.uleb128 0x19
 1102 0099 01       		.uleb128 0x1
 1103 009a 13       		.uleb128 0x13
 1104 009b 00       		.byte	0
 1105 009c 00       		.byte	0
 1106 009d 0D       		.uleb128 0xd
 1107 009e 05       		.uleb128 0x5
 1108 009f 00       		.byte	0
 1109 00a0 03       		.uleb128 0x3
 1110 00a1 08       		.uleb128 0x8
 1111 00a2 3A       		.uleb128 0x3a
 1112 00a3 0B       		.uleb128 0xb
 1113 00a4 3B       		.uleb128 0x3b
 1114 00a5 0B       		.uleb128 0xb
 1115 00a6 49       		.uleb128 0x49
 1116 00a7 13       		.uleb128 0x13
 1117 00a8 02       		.uleb128 0x2
 1118 00a9 18       		.uleb128 0x18
 1119 00aa 00       		.byte	0
 1120 00ab 00       		.byte	0
 1121 00ac 0E       		.uleb128 0xe
 1122 00ad 898201   		.uleb128 0x4109
 1123 00b0 01       		.byte	0x1
 1124 00b1 11       		.uleb128 0x11
 1125 00b2 01       		.uleb128 0x1
 1126 00b3 31       		.uleb128 0x31
 1127 00b4 13       		.uleb128 0x13
 1128 00b5 01       		.uleb128 0x1
 1129 00b6 13       		.uleb128 0x13
 1130 00b7 00       		.byte	0
 1131 00b8 00       		.byte	0
 1132 00b9 0F       		.uleb128 0xf
 1133 00ba 8A8201   		.uleb128 0x410a
 1134 00bd 00       		.byte	0
 1135 00be 02       		.uleb128 0x2
ARM GAS  C:\Users\vellu\AppData\Local\Temp\ccGiEz67.s 			page 24


 1136 00bf 18       		.uleb128 0x18
 1137 00c0 9142     		.uleb128 0x2111
 1138 00c2 18       		.uleb128 0x18
 1139 00c3 00       		.byte	0
 1140 00c4 00       		.byte	0
 1141 00c5 10       		.uleb128 0x10
 1142 00c6 898201   		.uleb128 0x4109
 1143 00c9 01       		.byte	0x1
 1144 00ca 11       		.uleb128 0x11
 1145 00cb 01       		.uleb128 0x1
 1146 00cc 31       		.uleb128 0x31
 1147 00cd 13       		.uleb128 0x13
 1148 00ce 00       		.byte	0
 1149 00cf 00       		.byte	0
 1150 00d0 11       		.uleb128 0x11
 1151 00d1 2E       		.uleb128 0x2e
 1152 00d2 01       		.byte	0x1
 1153 00d3 3F       		.uleb128 0x3f
 1154 00d4 19       		.uleb128 0x19
 1155 00d5 03       		.uleb128 0x3
 1156 00d6 0E       		.uleb128 0xe
 1157 00d7 3A       		.uleb128 0x3a
 1158 00d8 0B       		.uleb128 0xb
 1159 00d9 3B       		.uleb128 0x3b
 1160 00da 0B       		.uleb128 0xb
 1161 00db 27       		.uleb128 0x27
 1162 00dc 19       		.uleb128 0x19
 1163 00dd 49       		.uleb128 0x49
 1164 00de 13       		.uleb128 0x13
 1165 00df 11       		.uleb128 0x11
 1166 00e0 01       		.uleb128 0x1
 1167 00e1 12       		.uleb128 0x12
 1168 00e2 06       		.uleb128 0x6
 1169 00e3 40       		.uleb128 0x40
 1170 00e4 18       		.uleb128 0x18
 1171 00e5 9742     		.uleb128 0x2117
 1172 00e7 19       		.uleb128 0x19
 1173 00e8 01       		.uleb128 0x1
 1174 00e9 13       		.uleb128 0x13
 1175 00ea 00       		.byte	0
 1176 00eb 00       		.byte	0
 1177 00ec 12       		.uleb128 0x12
 1178 00ed 34       		.uleb128 0x34
 1179 00ee 00       		.byte	0
 1180 00ef 03       		.uleb128 0x3
 1181 00f0 08       		.uleb128 0x8
 1182 00f1 3A       		.uleb128 0x3a
 1183 00f2 0B       		.uleb128 0xb
 1184 00f3 3B       		.uleb128 0x3b
 1185 00f4 0B       		.uleb128 0xb
 1186 00f5 49       		.uleb128 0x49
 1187 00f6 13       		.uleb128 0x13
 1188 00f7 02       		.uleb128 0x2
 1189 00f8 18       		.uleb128 0x18
 1190 00f9 00       		.byte	0
 1191 00fa 00       		.byte	0
 1192 00fb 13       		.uleb128 0x13
ARM GAS  C:\Users\vellu\AppData\Local\Temp\ccGiEz67.s 			page 25


 1193 00fc 34       		.uleb128 0x34
 1194 00fd 00       		.byte	0
 1195 00fe 03       		.uleb128 0x3
 1196 00ff 0E       		.uleb128 0xe
 1197 0100 3A       		.uleb128 0x3a
 1198 0101 0B       		.uleb128 0xb
 1199 0102 3B       		.uleb128 0x3b
 1200 0103 0B       		.uleb128 0xb
 1201 0104 49       		.uleb128 0x49
 1202 0105 13       		.uleb128 0x13
 1203 0106 02       		.uleb128 0x2
 1204 0107 18       		.uleb128 0x18
 1205 0108 00       		.byte	0
 1206 0109 00       		.byte	0
 1207 010a 14       		.uleb128 0x14
 1208 010b 898201   		.uleb128 0x4109
 1209 010e 00       		.byte	0
 1210 010f 11       		.uleb128 0x11
 1211 0110 01       		.uleb128 0x1
 1212 0111 31       		.uleb128 0x31
 1213 0112 13       		.uleb128 0x13
 1214 0113 00       		.byte	0
 1215 0114 00       		.byte	0
 1216 0115 15       		.uleb128 0x15
 1217 0116 05       		.uleb128 0x5
 1218 0117 00       		.byte	0
 1219 0118 03       		.uleb128 0x3
 1220 0119 0E       		.uleb128 0xe
 1221 011a 3A       		.uleb128 0x3a
 1222 011b 0B       		.uleb128 0xb
 1223 011c 3B       		.uleb128 0x3b
 1224 011d 0B       		.uleb128 0xb
 1225 011e 49       		.uleb128 0x49
 1226 011f 13       		.uleb128 0x13
 1227 0120 02       		.uleb128 0x2
 1228 0121 17       		.uleb128 0x17
 1229 0122 00       		.byte	0
 1230 0123 00       		.byte	0
 1231 0124 16       		.uleb128 0x16
 1232 0125 05       		.uleb128 0x5
 1233 0126 00       		.byte	0
 1234 0127 03       		.uleb128 0x3
 1235 0128 08       		.uleb128 0x8
 1236 0129 3A       		.uleb128 0x3a
 1237 012a 0B       		.uleb128 0xb
 1238 012b 3B       		.uleb128 0x3b
 1239 012c 0B       		.uleb128 0xb
 1240 012d 49       		.uleb128 0x49
 1241 012e 13       		.uleb128 0x13
 1242 012f 02       		.uleb128 0x2
 1243 0130 17       		.uleb128 0x17
 1244 0131 00       		.byte	0
 1245 0132 00       		.byte	0
 1246 0133 17       		.uleb128 0x17
 1247 0134 34       		.uleb128 0x34
 1248 0135 00       		.byte	0
 1249 0136 03       		.uleb128 0x3
ARM GAS  C:\Users\vellu\AppData\Local\Temp\ccGiEz67.s 			page 26


 1250 0137 08       		.uleb128 0x8
 1251 0138 3A       		.uleb128 0x3a
 1252 0139 0B       		.uleb128 0xb
 1253 013a 3B       		.uleb128 0x3b
 1254 013b 0B       		.uleb128 0xb
 1255 013c 49       		.uleb128 0x49
 1256 013d 13       		.uleb128 0x13
 1257 013e 02       		.uleb128 0x2
 1258 013f 17       		.uleb128 0x17
 1259 0140 00       		.byte	0
 1260 0141 00       		.byte	0
 1261 0142 18       		.uleb128 0x18
 1262 0143 34       		.uleb128 0x34
 1263 0144 00       		.byte	0
 1264 0145 03       		.uleb128 0x3
 1265 0146 0E       		.uleb128 0xe
 1266 0147 3A       		.uleb128 0x3a
 1267 0148 0B       		.uleb128 0xb
 1268 0149 3B       		.uleb128 0x3b
 1269 014a 05       		.uleb128 0x5
 1270 014b 49       		.uleb128 0x49
 1271 014c 13       		.uleb128 0x13
 1272 014d 3F       		.uleb128 0x3f
 1273 014e 19       		.uleb128 0x19
 1274 014f 3C       		.uleb128 0x3c
 1275 0150 19       		.uleb128 0x19
 1276 0151 00       		.byte	0
 1277 0152 00       		.byte	0
 1278 0153 19       		.uleb128 0x19
 1279 0154 35       		.uleb128 0x35
 1280 0155 00       		.byte	0
 1281 0156 49       		.uleb128 0x49
 1282 0157 13       		.uleb128 0x13
 1283 0158 00       		.byte	0
 1284 0159 00       		.byte	0
 1285 015a 1A       		.uleb128 0x1a
 1286 015b 2E       		.uleb128 0x2e
 1287 015c 01       		.byte	0x1
 1288 015d 3F       		.uleb128 0x3f
 1289 015e 19       		.uleb128 0x19
 1290 015f 03       		.uleb128 0x3
 1291 0160 0E       		.uleb128 0xe
 1292 0161 3A       		.uleb128 0x3a
 1293 0162 0B       		.uleb128 0xb
 1294 0163 3B       		.uleb128 0x3b
 1295 0164 0B       		.uleb128 0xb
 1296 0165 27       		.uleb128 0x27
 1297 0166 19       		.uleb128 0x19
 1298 0167 49       		.uleb128 0x49
 1299 0168 13       		.uleb128 0x13
 1300 0169 3C       		.uleb128 0x3c
 1301 016a 19       		.uleb128 0x19
 1302 016b 01       		.uleb128 0x1
 1303 016c 13       		.uleb128 0x13
 1304 016d 00       		.byte	0
 1305 016e 00       		.byte	0
 1306 016f 1B       		.uleb128 0x1b
ARM GAS  C:\Users\vellu\AppData\Local\Temp\ccGiEz67.s 			page 27


 1307 0170 05       		.uleb128 0x5
 1308 0171 00       		.byte	0
 1309 0172 49       		.uleb128 0x49
 1310 0173 13       		.uleb128 0x13
 1311 0174 00       		.byte	0
 1312 0175 00       		.byte	0
 1313 0176 1C       		.uleb128 0x1c
 1314 0177 18       		.uleb128 0x18
 1315 0178 00       		.byte	0
 1316 0179 00       		.byte	0
 1317 017a 00       		.byte	0
 1318 017b 1D       		.uleb128 0x1d
 1319 017c 2E       		.uleb128 0x2e
 1320 017d 01       		.byte	0x1
 1321 017e 3F       		.uleb128 0x3f
 1322 017f 19       		.uleb128 0x19
 1323 0180 03       		.uleb128 0x3
 1324 0181 0E       		.uleb128 0xe
 1325 0182 3A       		.uleb128 0x3a
 1326 0183 0B       		.uleb128 0xb
 1327 0184 3B       		.uleb128 0x3b
 1328 0185 0B       		.uleb128 0xb
 1329 0186 6E       		.uleb128 0x6e
 1330 0187 0E       		.uleb128 0xe
 1331 0188 27       		.uleb128 0x27
 1332 0189 19       		.uleb128 0x19
 1333 018a 49       		.uleb128 0x49
 1334 018b 13       		.uleb128 0x13
 1335 018c 3C       		.uleb128 0x3c
 1336 018d 19       		.uleb128 0x19
 1337 018e 01       		.uleb128 0x1
 1338 018f 13       		.uleb128 0x13
 1339 0190 00       		.byte	0
 1340 0191 00       		.byte	0
 1341 0192 1E       		.uleb128 0x1e
 1342 0193 2E       		.uleb128 0x2e
 1343 0194 00       		.byte	0
 1344 0195 3F       		.uleb128 0x3f
 1345 0196 19       		.uleb128 0x19
 1346 0197 03       		.uleb128 0x3
 1347 0198 0E       		.uleb128 0xe
 1348 0199 3A       		.uleb128 0x3a
 1349 019a 0B       		.uleb128 0xb
 1350 019b 3B       		.uleb128 0x3b
 1351 019c 0B       		.uleb128 0xb
 1352 019d 27       		.uleb128 0x27
 1353 019e 19       		.uleb128 0x19
 1354 019f 3C       		.uleb128 0x3c
 1355 01a0 19       		.uleb128 0x19
 1356 01a1 00       		.byte	0
 1357 01a2 00       		.byte	0
 1358 01a3 1F       		.uleb128 0x1f
 1359 01a4 2E       		.uleb128 0x2e
 1360 01a5 01       		.byte	0x1
 1361 01a6 3F       		.uleb128 0x3f
 1362 01a7 19       		.uleb128 0x19
 1363 01a8 03       		.uleb128 0x3
ARM GAS  C:\Users\vellu\AppData\Local\Temp\ccGiEz67.s 			page 28


 1364 01a9 0E       		.uleb128 0xe
 1365 01aa 3A       		.uleb128 0x3a
 1366 01ab 0B       		.uleb128 0xb
 1367 01ac 3B       		.uleb128 0x3b
 1368 01ad 0B       		.uleb128 0xb
 1369 01ae 27       		.uleb128 0x27
 1370 01af 19       		.uleb128 0x19
 1371 01b0 3C       		.uleb128 0x3c
 1372 01b1 19       		.uleb128 0x19
 1373 01b2 01       		.uleb128 0x1
 1374 01b3 13       		.uleb128 0x13
 1375 01b4 00       		.byte	0
 1376 01b5 00       		.byte	0
 1377 01b6 20       		.uleb128 0x20
 1378 01b7 2E       		.uleb128 0x2e
 1379 01b8 00       		.byte	0
 1380 01b9 3F       		.uleb128 0x3f
 1381 01ba 19       		.uleb128 0x19
 1382 01bb 03       		.uleb128 0x3
 1383 01bc 0E       		.uleb128 0xe
 1384 01bd 3A       		.uleb128 0x3a
 1385 01be 0B       		.uleb128 0xb
 1386 01bf 3B       		.uleb128 0x3b
 1387 01c0 0B       		.uleb128 0xb
 1388 01c1 27       		.uleb128 0x27
 1389 01c2 19       		.uleb128 0x19
 1390 01c3 49       		.uleb128 0x49
 1391 01c4 13       		.uleb128 0x13
 1392 01c5 3C       		.uleb128 0x3c
 1393 01c6 19       		.uleb128 0x19
 1394 01c7 00       		.byte	0
 1395 01c8 00       		.byte	0
 1396 01c9 00       		.byte	0
 1397              		.section	.debug_loc,"",%progbits
 1398              	.Ldebug_loc0:
 1399              	.LLST0:
 1400 0000 00000000 		.4byte	.LVL18
 1401 0004 0A000000 		.4byte	.LVL20
 1402 0008 0100     		.2byte	0x1
 1403 000a 50       		.byte	0x50
 1404 000b 0A000000 		.4byte	.LVL20
 1405 000f 2A000000 		.4byte	.LFE65
 1406 0013 0400     		.2byte	0x4
 1407 0015 F3       		.byte	0xf3
 1408 0016 01       		.uleb128 0x1
 1409 0017 50       		.byte	0x50
 1410 0018 9F       		.byte	0x9f
 1411 0019 00000000 		.4byte	0
 1412 001d 00000000 		.4byte	0
 1413              	.LLST1:
 1414 0021 00000000 		.4byte	.LVL18
 1415 0025 0A000000 		.4byte	.LVL20
 1416 0029 0100     		.2byte	0x1
 1417 002b 51       		.byte	0x51
 1418 002c 0A000000 		.4byte	.LVL20
 1419 0030 18000000 		.4byte	.LVL22
 1420 0034 0100     		.2byte	0x1
ARM GAS  C:\Users\vellu\AppData\Local\Temp\ccGiEz67.s 			page 29


 1421 0036 54       		.byte	0x54
 1422 0037 18000000 		.4byte	.LVL22
 1423 003b 22000000 		.4byte	.LVL25
 1424 003f 0100     		.2byte	0x1
 1425 0041 56       		.byte	0x56
 1426 0042 22000000 		.4byte	.LVL25
 1427 0046 2A000000 		.4byte	.LFE65
 1428 004a 0100     		.2byte	0x1
 1429 004c 54       		.byte	0x54
 1430 004d 00000000 		.4byte	0
 1431 0051 00000000 		.4byte	0
 1432              	.LLST2:
 1433 0055 00000000 		.4byte	.LVL18
 1434 0059 0A000000 		.4byte	.LVL20
 1435 005d 0100     		.2byte	0x1
 1436 005f 52       		.byte	0x52
 1437 0060 0A000000 		.4byte	.LVL20
 1438 0064 2A000000 		.4byte	.LFE65
 1439 0068 0100     		.2byte	0x1
 1440 006a 57       		.byte	0x57
 1441 006b 00000000 		.4byte	0
 1442 006f 00000000 		.4byte	0
 1443              	.LLST3:
 1444 0073 06000000 		.4byte	.LVL19
 1445 0077 0A000000 		.4byte	.LVL20
 1446 007b 0200     		.2byte	0x2
 1447 007d 30       		.byte	0x30
 1448 007e 9F       		.byte	0x9f
 1449 007f 0A000000 		.4byte	.LVL20
 1450 0083 2A000000 		.4byte	.LFE65
 1451 0087 0100     		.2byte	0x1
 1452 0089 55       		.byte	0x55
 1453 008a 00000000 		.4byte	0
 1454 008e 00000000 		.4byte	0
 1455              	.LLST4:
 1456 0092 00000000 		.4byte	.LVL26
 1457 0096 0A000000 		.4byte	.LVL28
 1458 009a 0100     		.2byte	0x1
 1459 009c 50       		.byte	0x50
 1460 009d 0A000000 		.4byte	.LVL28
 1461 00a1 38000000 		.4byte	.LFE66
 1462 00a5 0400     		.2byte	0x4
 1463 00a7 F3       		.byte	0xf3
 1464 00a8 01       		.uleb128 0x1
 1465 00a9 50       		.byte	0x50
 1466 00aa 9F       		.byte	0x9f
 1467 00ab 00000000 		.4byte	0
 1468 00af 00000000 		.4byte	0
 1469              	.LLST5:
 1470 00b3 00000000 		.4byte	.LVL26
 1471 00b7 0A000000 		.4byte	.LVL28
 1472 00bb 0100     		.2byte	0x1
 1473 00bd 51       		.byte	0x51
 1474 00be 0A000000 		.4byte	.LVL28
 1475 00c2 26000000 		.4byte	.LVL35
 1476 00c6 0100     		.2byte	0x1
 1477 00c8 57       		.byte	0x57
ARM GAS  C:\Users\vellu\AppData\Local\Temp\ccGiEz67.s 			page 30


 1478 00c9 26000000 		.4byte	.LVL35
 1479 00cd 30000000 		.4byte	.LVL37
 1480 00d1 0100     		.2byte	0x1
 1481 00d3 53       		.byte	0x53
 1482 00d4 30000000 		.4byte	.LVL37
 1483 00d8 34000000 		.4byte	.LVL38
 1484 00dc 0100     		.2byte	0x1
 1485 00de 57       		.byte	0x57
 1486 00df 00000000 		.4byte	0
 1487 00e3 00000000 		.4byte	0
 1488              	.LLST6:
 1489 00e7 00000000 		.4byte	.LVL26
 1490 00eb 0A000000 		.4byte	.LVL28
 1491 00ef 0100     		.2byte	0x1
 1492 00f1 52       		.byte	0x52
 1493 00f2 0A000000 		.4byte	.LVL28
 1494 00f6 38000000 		.4byte	.LFE66
 1495 00fa 0100     		.2byte	0x1
 1496 00fc 54       		.byte	0x54
 1497 00fd 00000000 		.4byte	0
 1498 0101 00000000 		.4byte	0
 1499              	.LLST7:
 1500 0105 06000000 		.4byte	.LVL27
 1501 0109 0A000000 		.4byte	.LVL28
 1502 010d 0200     		.2byte	0x2
 1503 010f 30       		.byte	0x30
 1504 0110 9F       		.byte	0x9f
 1505 0111 0A000000 		.4byte	.LVL28
 1506 0115 38000000 		.4byte	.LFE66
 1507 0119 0100     		.2byte	0x1
 1508 011b 56       		.byte	0x56
 1509 011c 00000000 		.4byte	0
 1510 0120 00000000 		.4byte	0
 1511              	.LLST8:
 1512 0124 0E000000 		.4byte	.LVL29
 1513 0128 15000000 		.4byte	.LVL30-1
 1514 012c 0100     		.2byte	0x1
 1515 012e 50       		.byte	0x50
 1516 012f 1C000000 		.4byte	.LVL32
 1517 0133 24000000 		.4byte	.LVL34
 1518 0137 0200     		.2byte	0x2
 1519 0139 3A       		.byte	0x3a
 1520 013a 9F       		.byte	0x9f
 1521 013b 24000000 		.4byte	.LVL34
 1522 013f 30000000 		.4byte	.LVL37
 1523 0143 0100     		.2byte	0x1
 1524 0145 55       		.byte	0x55
 1525 0146 00000000 		.4byte	0
 1526 014a 00000000 		.4byte	0
 1527              		.section	.debug_aranges,"",%progbits
 1528 0000 34000000 		.4byte	0x34
 1529 0004 0200     		.2byte	0x2
 1530 0006 00000000 		.4byte	.Ldebug_info0
 1531 000a 04       		.byte	0x4
 1532 000b 00       		.byte	0
 1533 000c 0000     		.2byte	0
 1534 000e 0000     		.2byte	0
ARM GAS  C:\Users\vellu\AppData\Local\Temp\ccGiEz67.s 			page 31


 1535 0010 00000000 		.4byte	.LFB64
 1536 0014 28000000 		.4byte	.LFE64-.LFB64
 1537 0018 00000000 		.4byte	.LFB63
 1538 001c F8000000 		.4byte	.LFE63-.LFB63
 1539 0020 00000000 		.4byte	.LFB65
 1540 0024 2A000000 		.4byte	.LFE65-.LFB65
 1541 0028 00000000 		.4byte	.LFB66
 1542 002c 38000000 		.4byte	.LFE66-.LFB66
 1543 0030 00000000 		.4byte	0
 1544 0034 00000000 		.4byte	0
 1545              		.section	.debug_ranges,"",%progbits
 1546              	.Ldebug_ranges0:
 1547 0000 00000000 		.4byte	.LFB64
 1548 0004 28000000 		.4byte	.LFE64
 1549 0008 00000000 		.4byte	.LFB63
 1550 000c F8000000 		.4byte	.LFE63
 1551 0010 00000000 		.4byte	.LFB65
 1552 0014 2A000000 		.4byte	.LFE65
 1553 0018 00000000 		.4byte	.LFB66
 1554 001c 38000000 		.4byte	.LFE66
 1555 0020 00000000 		.4byte	0
 1556 0024 00000000 		.4byte	0
 1557              		.section	.debug_line,"",%progbits
 1558              	.Ldebug_line0:
 1559 0000 FF010000 		.section	.debug_str,"MS",%progbits,1
 1559      02006C01 
 1559      00000201 
 1559      FB0E0D00 
 1559      01010101 
 1560              	.LASF36:
 1561 0000 55415254 		.ascii	"UART_1_Start\000"
 1561      5F315F53 
 1561      74617274 
 1561      00
 1562              	.LASF9:
 1563 000d 5F5F696E 		.ascii	"__int32_t\000"
 1563      7433325F 
 1563      7400
 1564              	.LASF3:
 1565 0017 73686F72 		.ascii	"short unsigned int\000"
 1565      7420756E 
 1565      7369676E 
 1565      65642069 
 1565      6E7400
 1566              	.LASF26:
 1567 002a 5F5F6275 		.ascii	"__builtin_putchar\000"
 1567      696C7469 
 1567      6E5F7075 
 1567      74636861 
 1567      7200
 1568              	.LASF16:
 1569 003c 6D6F6E74 		.ascii	"month\000"
 1569      6800
 1570              	.LASF24:
 1571 0042 7072696E 		.ascii	"printf\000"
 1571      746600
 1572              	.LASF22:
ARM GAS  C:\Users\vellu\AppData\Local\Temp\ccGiEz67.s 			page 32


 1573 0049 5F726561 		.ascii	"_read\000"
 1573      6400
 1574              	.LASF18:
 1575 004f 6E756D31 		.ascii	"num1\000"
 1575      00
 1576              	.LASF12:
 1577 0054 666C6F61 		.ascii	"float\000"
 1577      7400
 1578              	.LASF21:
 1579 005a 66696C65 		.ascii	"file\000"
 1579      00
 1580              	.LASF32:
 1581 005f 433A5C55 		.ascii	"C:\\Users\\vellu\\OneDrive\\Tiedostot\\PSoC Creator"
 1581      73657273 
 1581      5C76656C 
 1581      6C755C4F 
 1581      6E654472 
 1582 008d 5C4B6F75 		.ascii	"\\KouluOhjelmointi\\Exercise20.cydsn\000"
 1582      6C754F68 
 1582      6A656C6D 
 1582      6F696E74 
 1582      695C4578 
 1583              	.LASF1:
 1584 00b0 756E7369 		.ascii	"unsigned char\000"
 1584      676E6564 
 1584      20636861 
 1584      7200
 1585              	.LASF5:
 1586 00be 6C6F6E67 		.ascii	"long unsigned int\000"
 1586      20756E73 
 1586      69676E65 
 1586      6420696E 
 1586      7400
 1587              	.LASF28:
 1588 00d0 70757463 		.ascii	"putchar\000"
 1588      68617200 
 1589              	.LASF35:
 1590 00d8 49544D5F 		.ascii	"ITM_RxBuffer\000"
 1590      52784275 
 1590      66666572 
 1590      00
 1591              	.LASF13:
 1592 00e5 646F7562 		.ascii	"double\000"
 1592      6C6500
 1593              	.LASF19:
 1594 00ec 6D61696E 		.ascii	"main\000"
 1594      00
 1595              	.LASF25:
 1596 00f1 7363616E 		.ascii	"scanf\000"
 1596      6600
 1597              	.LASF34:
 1598 00f7 77686963 		.ascii	"whichMonth\000"
 1598      684D6F6E 
 1598      746800
 1599              	.LASF30:
 1600 0102 474E5520 		.ascii	"GNU C 4.9.3 20150303 (release) [ARM/embedded-4_9-br"
 1600      4320342E 
ARM GAS  C:\Users\vellu\AppData\Local\Temp\ccGiEz67.s 			page 33


 1600      392E3320 
 1600      32303135 
 1600      30333033 
 1601 0135 616E6368 		.ascii	"anch revision 221220] -mcpu=cortex-m3 -mthumb -g -O"
 1601      20726576 
 1601      6973696F 
 1601      6E203232 
 1601      31323230 
 1602 0168 67202D66 		.ascii	"g -ffunction-sections -ffat-lto-objects\000"
 1602      66756E63 
 1602      74696F6E 
 1602      2D736563 
 1602      74696F6E 
 1603              	.LASF37:
 1604 0190 55415254 		.ascii	"UART_1_PutChar\000"
 1604      5F315F50 
 1604      75744368 
 1604      617200
 1605              	.LASF8:
 1606 019f 756E7369 		.ascii	"unsigned int\000"
 1606      676E6564 
 1606      20696E74 
 1606      00
 1607              	.LASF7:
 1608 01ac 6C6F6E67 		.ascii	"long long unsigned int\000"
 1608      206C6F6E 
 1608      6720756E 
 1608      7369676E 
 1608      65642069 
 1609              	.LASF17:
 1610 01c3 6D6F6E74 		.ascii	"monthId\000"
 1610      68496400 
 1611              	.LASF10:
 1612 01cb 696E7433 		.ascii	"int32_t\000"
 1612      325F7400 
 1613              	.LASF15:
 1614 01d3 73697A65 		.ascii	"sizetype\000"
 1614      74797065 
 1614      00
 1615              	.LASF6:
 1616 01dc 6C6F6E67 		.ascii	"long long int\000"
 1616      206C6F6E 
 1616      6720696E 
 1616      7400
 1617              	.LASF31:
 1618 01ea 6D61696E 		.ascii	"main.c\000"
 1618      2E6300
 1619              	.LASF14:
 1620 01f1 63686172 		.ascii	"char\000"
 1620      00
 1621              	.LASF20:
 1622 01f6 5F777269 		.ascii	"_write\000"
 1622      746500
 1623              	.LASF23:
 1624 01fd 636F756E 		.ascii	"count\000"
 1624      7400
 1625              	.LASF2:
ARM GAS  C:\Users\vellu\AppData\Local\Temp\ccGiEz67.s 			page 34


 1626 0203 73686F72 		.ascii	"short int\000"
 1626      7420696E 
 1626      7400
 1627              	.LASF11:
 1628 020d 75696E74 		.ascii	"uint8\000"
 1628      3800
 1629              	.LASF4:
 1630 0213 6C6F6E67 		.ascii	"long int\000"
 1630      20696E74 
 1630      00
 1631              	.LASF29:
 1632 021c 70757473 		.ascii	"puts\000"
 1632      00
 1633              	.LASF0:
 1634 0221 7369676E 		.ascii	"signed char\000"
 1634      65642063 
 1634      68617200 
 1635              	.LASF33:
 1636 022d 4D6F6E74 		.ascii	"Months\000"
 1636      687300
 1637              	.LASF27:
 1638 0234 5F5F6275 		.ascii	"__builtin_puts\000"
 1638      696C7469 
 1638      6E5F7075 
 1638      747300
 1639              	.LASF38:
 1640 0243 55415254 		.ascii	"UART_1_GetChar\000"
 1640      5F315F47 
 1640      65744368 
 1640      617200
 1641              		.ident	"GCC: (GNU Tools for ARM Embedded Processors) 4.9.3 20150303 (release) [ARM/embedded-4_9-br
