ARM GAS  C:\Users\vellu\AppData\Local\Temp\cc1W8i26.s 			page 1


   1              		.syntax unified
   2              		.cpu cortex-m3
   3              		.fpu softvfp
   4              		.eabi_attribute 20, 1
   5              		.eabi_attribute 21, 1
   6              		.eabi_attribute 23, 3
   7              		.eabi_attribute 24, 1
   8              		.eabi_attribute 25, 1
   9              		.eabi_attribute 26, 1
  10              		.eabi_attribute 30, 1
  11              		.eabi_attribute 34, 1
  12              		.eabi_attribute 18, 4
  13              		.thumb
  14              		.file	"main.c"
  15              		.text
  16              	.Ltext0:
  17              		.cfi_sections	.debug_frame
  18              		.global	__aeabi_fdiv
  19              		.global	__aeabi_fmul
  20              		.global	__aeabi_f2d
  21              		.global	__aeabi_fcmplt
  22              		.global	__aeabi_fcmpge
  23              		.section	.text.main,"ax",%progbits
  24              		.align	2
  25              		.global	main
  26              		.thumb
  27              		.thumb_func
  28              		.type	main, %function
  29              	main:
  30              	.LFB63:
  31              		.file 1 "main.c"
   1:main.c        **** /* ========================================
   2:main.c        ****  *
   3:main.c        ****  * Copyright YOUR COMPANY, THE YEAR
   4:main.c        ****  * All Rights Reserved
   5:main.c        ****  * UNPUBLISHED, LICENSED SOFTWARE.
   6:main.c        ****  *
   7:main.c        ****  * CONFIDENTIAL AND PROPRIETARY INFORMATION
   8:main.c        ****  * WHICH IS THE PROPERTY OF your company.
   9:main.c        ****  *
  10:main.c        ****  * ========================================
  11:main.c        **** */
  12:main.c        **** #include "project.h"
  13:main.c        **** #include "stdio.h"
  14:main.c        **** 
  15:main.c        **** int main(void)
  16:main.c        **** {
  32              		.loc 1 16 0
  33              		.cfi_startproc
  34              		@ args = 0, pretend = 0, frame = 8
  35              		@ frame_needed = 0, uses_anonymous_args = 0
  36 0000 10B5     		push	{r4, lr}
  37              		.cfi_def_cfa_offset 8
  38              		.cfi_offset 4, -8
  39              		.cfi_offset 14, -4
  40 0002 82B0     		sub	sp, sp, #8
  41              		.cfi_def_cfa_offset 16
ARM GAS  C:\Users\vellu\AppData\Local\Temp\cc1W8i26.s 			page 2


  17:main.c        ****     CyGlobalIntEnable; /* Enable global interrupts. */
  42              		.loc 1 17 0
  43              	@ 17 "main.c" 1
  44 0004 62B6     		CPSIE   i
  45              	@ 0 "" 2
  18:main.c        **** 
  19:main.c        ****     /* Place your initialization/startup code here (e.g. MyInst_Start()) */
  20:main.c        ****     UART_1_Start();
  46              		.loc 1 20 0
  47              		.thumb
  48 0006 FFF7FEFF 		bl	UART_1_Start
  49              	.LVL0:
  21:main.c        ****     
  22:main.c        ****     float weight;
  23:main.c        ****     float height;
  24:main.c        ****     float heightMetres;
  25:main.c        ****     float bmi;
  26:main.c        ****     
  27:main.c        ****     printf("\nEnter your weight in kilograms: ");
  50              		.loc 1 27 0
  51 000a 2248     		ldr	r0, .L15
  52 000c FFF7FEFF 		bl	printf
  53              	.LVL1:
  28:main.c        ****     scanf("%f",&weight);
  54              		.loc 1 28 0
  55 0010 214C     		ldr	r4, .L15+4
  56 0012 2046     		mov	r0, r4
  57 0014 01A9     		add	r1, sp, #4
  58 0016 FFF7FEFF 		bl	scanf
  59              	.LVL2:
  29:main.c        ****     printf("\nEnter your height in centimeters: ");
  60              		.loc 1 29 0
  61 001a 2048     		ldr	r0, .L15+8
  62 001c FFF7FEFF 		bl	printf
  63              	.LVL3:
  30:main.c        ****     scanf("%f",&height);
  64              		.loc 1 30 0
  65 0020 2046     		mov	r0, r4
  66 0022 6946     		mov	r1, sp
  67 0024 FFF7FEFF 		bl	scanf
  68              	.LVL4:
  31:main.c        ****     heightMetres=height/100;
  69              		.loc 1 31 0
  70 0028 0098     		ldr	r0, [sp]	@ float
  71 002a 1D49     		ldr	r1, .L15+12
  72 002c FFF7FEFF 		bl	__aeabi_fdiv
  73              	.LVL5:
  32:main.c        ****     heightMetres=heightMetres*heightMetres;
  74              		.loc 1 32 0
  75 0030 0146     		mov	r1, r0
  76 0032 FFF7FEFF 		bl	__aeabi_fmul
  77              	.LVL6:
  78 0036 0146     		mov	r1, r0
  79              	.LVL7:
  33:main.c        ****     bmi=weight/heightMetres;
  80              		.loc 1 33 0
  81 0038 0198     		ldr	r0, [sp, #4]	@ float
ARM GAS  C:\Users\vellu\AppData\Local\Temp\cc1W8i26.s 			page 3


  82              	.LVL8:
  83 003a FFF7FEFF 		bl	__aeabi_fdiv
  84              	.LVL9:
  85 003e 0446     		mov	r4, r0
  86              	.LVL10:
  34:main.c        ****     printf("Your BMI is %f.\n",bmi);
  87              		.loc 1 34 0
  88 0040 FFF7FEFF 		bl	__aeabi_f2d
  89              	.LVL11:
  90 0044 0246     		mov	r2, r0
  91 0046 0B46     		mov	r3, r1
  92 0048 1648     		ldr	r0, .L15+16
  93 004a FFF7FEFF 		bl	printf
  94              	.LVL12:
  35:main.c        ****     if(bmi<18.5)
  95              		.loc 1 35 0
  96 004e 2046     		mov	r0, r4
  97 0050 1549     		ldr	r1, .L15+20
  98 0052 FFF7FEFF 		bl	__aeabi_fcmplt
  99              	.LVL13:
 100 0056 18B1     		cbz	r0, .L13
  36:main.c        ****     {
  37:main.c        ****         printf("According to BMI you have underweight.\n");
 101              		.loc 1 37 0
 102 0058 1448     		ldr	r0, .L15+24
 103 005a FFF7FEFF 		bl	puts
 104              	.LVL14:
 105 005e 15E0     		b	.L4
 106              	.L13:
  38:main.c        ****     }
  39:main.c        ****     else
  40:main.c        ****     if(bmi>=18.5&&bmi<25)
 107              		.loc 1 40 0
 108 0060 2046     		mov	r0, r4
 109 0062 1149     		ldr	r1, .L15+20
 110 0064 FFF7FEFF 		bl	__aeabi_fcmpge
 111              	.LVL15:
 112 0068 40B1     		cbz	r0, .L5
 113              		.loc 1 40 0 is_stmt 0 discriminator 1
 114 006a 2046     		mov	r0, r4
 115 006c 1049     		ldr	r1, .L15+28
 116 006e FFF7FEFF 		bl	__aeabi_fcmplt
 117              	.LVL16:
 118 0072 18B1     		cbz	r0, .L5
  41:main.c        ****     {
  42:main.c        ****         printf("According to BMI you have normal weight.\n");
 119              		.loc 1 42 0 is_stmt 1
 120 0074 0F48     		ldr	r0, .L15+32
 121 0076 FFF7FEFF 		bl	puts
 122              	.LVL17:
 123 007a 07E0     		b	.L4
 124              	.L5:
  43:main.c        ****     }
  44:main.c        ****     else
  45:main.c        ****     if(bmi>=25)
 125              		.loc 1 45 0
 126 007c 2046     		mov	r0, r4
ARM GAS  C:\Users\vellu\AppData\Local\Temp\cc1W8i26.s 			page 4


 127 007e 0C49     		ldr	r1, .L15+28
 128 0080 FFF7FEFF 		bl	__aeabi_fcmpge
 129              	.LVL18:
 130 0084 10B1     		cbz	r0, .L4
  46:main.c        ****     {
  47:main.c        ****         printf("According to BMI you have overweight.\n");
 131              		.loc 1 47 0
 132 0086 0C48     		ldr	r0, .L15+36
 133 0088 FFF7FEFF 		bl	puts
 134              	.LVL19:
 135              	.L4:
  48:main.c        ****     }
  49:main.c        ****        
  50:main.c        ****     return 0;
  51:main.c        ****     
  52:main.c        **** }
 136              		.loc 1 52 0
 137 008c 0020     		movs	r0, #0
 138 008e 02B0     		add	sp, sp, #8
 139              		.cfi_def_cfa_offset 8
 140              		@ sp needed
 141 0090 10BD     		pop	{r4, pc}
 142              	.LVL20:
 143              	.L16:
 144 0092 00BF     		.align	2
 145              	.L15:
 146 0094 00000000 		.word	.LC0
 147 0098 24000000 		.word	.LC1
 148 009c 28000000 		.word	.LC2
 149 00a0 0000C842 		.word	1120403456
 150 00a4 4C000000 		.word	.LC3
 151 00a8 00009441 		.word	1100218368
 152 00ac 60000000 		.word	.LC4
 153 00b0 0000C841 		.word	1103626240
 154 00b4 88000000 		.word	.LC5
 155 00b8 B4000000 		.word	.LC6
 156              		.cfi_endproc
 157              	.LFE63:
 158              		.size	main, .-main
 159              		.section	.text._write,"ax",%progbits
 160              		.align	2
 161              		.global	_write
 162              		.thumb
 163              		.thumb_func
 164              		.type	_write, %function
 165              	_write:
 166              	.LFB64:
  53:main.c        **** int _write(int file, char *ptr, int len)
  54:main.c        **** {
 167              		.loc 1 54 0
 168              		.cfi_startproc
 169              		@ args = 0, pretend = 0, frame = 0
 170              		@ frame_needed = 0, uses_anonymous_args = 0
 171              	.LVL21:
 172 0000 F8B5     		push	{r3, r4, r5, r6, r7, lr}
 173              		.cfi_def_cfa_offset 24
 174              		.cfi_offset 3, -24
ARM GAS  C:\Users\vellu\AppData\Local\Temp\cc1W8i26.s 			page 5


 175              		.cfi_offset 4, -20
 176              		.cfi_offset 5, -16
 177              		.cfi_offset 6, -12
 178              		.cfi_offset 7, -8
 179              		.cfi_offset 14, -4
 180 0002 0C46     		mov	r4, r1
 181 0004 1746     		mov	r7, r2
 182              	.LVL22:
  55:main.c        ****     (void)file; /* Parameter is not used, suppress unused argument warning */
  56:main.c        **** 	int n;
  57:main.c        **** 	for(n = 0; n < len; n++) {
 183              		.loc 1 57 0
 184 0006 0025     		movs	r5, #0
 185 0008 0BE0     		b	.L18
 186              	.LVL23:
 187              	.L20:
  58:main.c        ****         if(*ptr == '\n') UART_1_PutChar('\r');
 188              		.loc 1 58 0
 189 000a 2378     		ldrb	r3, [r4]	@ zero_extendqisi2
 190 000c 0A2B     		cmp	r3, #10
 191 000e 02D1     		bne	.L19
 192              		.loc 1 58 0 is_stmt 0 discriminator 1
 193 0010 0D20     		movs	r0, #13
 194 0012 FFF7FEFF 		bl	UART_1_PutChar
 195              	.LVL24:
 196              	.L19:
  59:main.c        **** 		UART_1_PutChar(*ptr++);
 197              		.loc 1 59 0 is_stmt 1 discriminator 2
 198 0016 661C     		adds	r6, r4, #1
 199              	.LVL25:
 200 0018 2078     		ldrb	r0, [r4]	@ zero_extendqisi2
 201 001a FFF7FEFF 		bl	UART_1_PutChar
 202              	.LVL26:
  57:main.c        ****         if(*ptr == '\n') UART_1_PutChar('\r');
 203              		.loc 1 57 0 discriminator 2
 204 001e 0135     		adds	r5, r5, #1
 205              	.LVL27:
 206              		.loc 1 59 0 discriminator 2
 207 0020 3446     		mov	r4, r6
 208              	.LVL28:
 209              	.L18:
  57:main.c        ****         if(*ptr == '\n') UART_1_PutChar('\r');
 210              		.loc 1 57 0 discriminator 1
 211 0022 BD42     		cmp	r5, r7
 212 0024 F1DB     		blt	.L20
  60:main.c        **** 	}
  61:main.c        **** 	return len;
  62:main.c        **** }
 213              		.loc 1 62 0
 214 0026 3846     		mov	r0, r7
 215 0028 F8BD     		pop	{r3, r4, r5, r6, r7, pc}
 216              		.cfi_endproc
 217              	.LFE64:
 218              		.size	_write, .-_write
 219 002a 00BF     		.section	.text._read,"ax",%progbits
 220              		.align	2
 221              		.global	_read
ARM GAS  C:\Users\vellu\AppData\Local\Temp\cc1W8i26.s 			page 6


 222              		.thumb
 223              		.thumb_func
 224              		.type	_read, %function
 225              	_read:
 226              	.LFB65:
  63:main.c        **** 
  64:main.c        **** int _read (int file, char *ptr, int count)
  65:main.c        **** {
 227              		.loc 1 65 0
 228              		.cfi_startproc
 229              		@ args = 0, pretend = 0, frame = 0
 230              		@ frame_needed = 0, uses_anonymous_args = 0
 231              	.LVL29:
 232 0000 F8B5     		push	{r3, r4, r5, r6, r7, lr}
 233              		.cfi_def_cfa_offset 24
 234              		.cfi_offset 3, -24
 235              		.cfi_offset 4, -20
 236              		.cfi_offset 5, -16
 237              		.cfi_offset 6, -12
 238              		.cfi_offset 7, -8
 239              		.cfi_offset 14, -4
 240 0002 0F46     		mov	r7, r1
 241 0004 1446     		mov	r4, r2
 242              	.LVL30:
  66:main.c        ****     int chs = 0;
 243              		.loc 1 66 0
 244 0006 0026     		movs	r6, #0
  67:main.c        ****     char ch;
  68:main.c        ****  
  69:main.c        ****     (void)file; /* Parameter is not used, suppress unused argument warning */
  70:main.c        ****     while(count > 0) {
 245              		.loc 1 70 0
 246 0008 12E0     		b	.L24
 247              	.LVL31:
 248              	.L27:
  71:main.c        ****         ch = UART_1_GetChar();
 249              		.loc 1 71 0
 250 000a FFF7FEFF 		bl	UART_1_GetChar
 251              	.LVL32:
  72:main.c        ****         if(ch != 0) {
 252              		.loc 1 72 0
 253 000e 0546     		mov	r5, r0
 254 0010 70B1     		cbz	r0, .L24
  73:main.c        ****             UART_1_PutChar(ch);
 255              		.loc 1 73 0
 256 0012 FFF7FEFF 		bl	UART_1_PutChar
 257              	.LVL33:
  74:main.c        ****             chs++;
 258              		.loc 1 74 0
 259 0016 0136     		adds	r6, r6, #1
 260              	.LVL34:
  75:main.c        ****             if(ch == '\r') {
 261              		.loc 1 75 0
 262 0018 0D2D     		cmp	r5, #13
 263 001a 03D1     		bne	.L25
 264              	.LVL35:
  76:main.c        ****                 ch = '\n';
ARM GAS  C:\Users\vellu\AppData\Local\Temp\cc1W8i26.s 			page 7


  77:main.c        ****                 UART_1_PutChar(ch);
 265              		.loc 1 77 0
 266 001c 0A20     		movs	r0, #10
 267 001e FFF7FEFF 		bl	UART_1_PutChar
 268              	.LVL36:
  76:main.c        ****                 ch = '\n';
 269              		.loc 1 76 0
 270 0022 0A25     		movs	r5, #10
 271              	.LVL37:
 272              	.L25:
  78:main.c        ****             }
  79:main.c        ****             *ptr++ = ch;
 273              		.loc 1 79 0
 274 0024 7B1C     		adds	r3, r7, #1
 275              	.LVL38:
 276 0026 3D70     		strb	r5, [r7]
  80:main.c        ****             count--;
 277              		.loc 1 80 0
 278 0028 013C     		subs	r4, r4, #1
 279              	.LVL39:
  81:main.c        ****             if(ch == '\n') break;
 280              		.loc 1 81 0
 281 002a 0A2D     		cmp	r5, #10
 282 002c 02D0     		beq	.L26
  79:main.c        ****             count--;
 283              		.loc 1 79 0
 284 002e 1F46     		mov	r7, r3
 285              	.LVL40:
 286              	.L24:
  70:main.c        ****         ch = UART_1_GetChar();
 287              		.loc 1 70 0
 288 0030 002C     		cmp	r4, #0
 289 0032 EADC     		bgt	.L27
 290              	.LVL41:
 291              	.L26:
  82:main.c        ****         }
  83:main.c        ****     }
  84:main.c        ****     return chs;
  85:main.c        **** }
 292              		.loc 1 85 0
 293 0034 3046     		mov	r0, r6
 294 0036 F8BD     		pop	{r3, r4, r5, r6, r7, pc}
 295              		.cfi_endproc
 296              	.LFE65:
 297              		.size	_read, .-_read
 298              		.section	.rodata.str1.4,"aMS",%progbits,1
 299              		.align	2
 300              	.LC0:
 301 0000 0A456E74 		.ascii	"\012Enter your weight in kilograms: \000"
 301      65722079 
 301      6F757220 
 301      77656967 
 301      68742069 
 302 0022 0000     		.space	2
 303              	.LC1:
 304 0024 256600   		.ascii	"%f\000"
 305 0027 00       		.space	1
ARM GAS  C:\Users\vellu\AppData\Local\Temp\cc1W8i26.s 			page 8


 306              	.LC2:
 307 0028 0A456E74 		.ascii	"\012Enter your height in centimeters: \000"
 307      65722079 
 307      6F757220 
 307      68656967 
 307      68742069 
 308              	.LC3:
 309 004c 596F7572 		.ascii	"Your BMI is %f.\012\000"
 309      20424D49 
 309      20697320 
 309      25662E0A 
 309      00
 310 005d 000000   		.space	3
 311              	.LC4:
 312 0060 4163636F 		.ascii	"According to BMI you have underweight.\000"
 312      7264696E 
 312      6720746F 
 312      20424D49 
 312      20796F75 
 313 0087 00       		.space	1
 314              	.LC5:
 315 0088 4163636F 		.ascii	"According to BMI you have normal weight.\000"
 315      7264696E 
 315      6720746F 
 315      20424D49 
 315      20796F75 
 316 00b1 000000   		.space	3
 317              	.LC6:
 318 00b4 4163636F 		.ascii	"According to BMI you have overweight.\000"
 318      7264696E 
 318      6720746F 
 318      20424D49 
 318      20796F75 
 319 00da 0000     		.text
 320              	.Letext0:
 321              		.file 2 "c:\\program files (x86)\\cypress\\psoc creator\\4.0\\psoc creator\\import\\gnu\\arm\\4.9.
 322              		.file 3 "c:\\program files (x86)\\cypress\\psoc creator\\4.0\\psoc creator\\import\\gnu\\arm\\4.9.
 323              		.file 4 "Generated_Source\\PSoC5/cytypes.h"
 324              		.file 5 "c:\\program files (x86)\\cypress\\psoc creator\\4.0\\psoc creator\\import\\gnu\\arm\\4.9.
 325              		.file 6 "Generated_Source\\PSoC5/core_cm3.h"
 326              		.file 7 "Generated_Source\\PSoC5/UART_1.h"
 327              		.file 8 "<built-in>"
 328              		.section	.debug_info,"",%progbits
 329              	.Ldebug_info0:
 330 0000 47030000 		.4byte	0x347
 331 0004 0400     		.2byte	0x4
 332 0006 00000000 		.4byte	.Ldebug_abbrev0
 333 000a 04       		.byte	0x4
 334 000b 01       		.uleb128 0x1
 335 000c E5000000 		.4byte	.LASF26
 336 0010 01       		.byte	0x1
 337 0011 CC010000 		.4byte	.LASF27
 338 0015 95000000 		.4byte	.LASF28
 339 0019 00000000 		.4byte	.Ldebug_ranges0+0
 340 001d 00000000 		.4byte	0
 341 0021 00000000 		.4byte	.Ldebug_line0
 342 0025 02       		.uleb128 0x2
ARM GAS  C:\Users\vellu\AppData\Local\Temp\cc1W8i26.s 			page 9


 343 0026 01       		.byte	0x1
 344 0027 06       		.byte	0x6
 345 0028 03020000 		.4byte	.LASF0
 346 002c 02       		.uleb128 0x2
 347 002d 01       		.byte	0x1
 348 002e 08       		.byte	0x8
 349 002f 48000000 		.4byte	.LASF1
 350 0033 02       		.uleb128 0x2
 351 0034 02       		.byte	0x2
 352 0035 05       		.byte	0x5
 353 0036 E5010000 		.4byte	.LASF2
 354 003a 02       		.uleb128 0x2
 355 003b 02       		.byte	0x2
 356 003c 07       		.byte	0x7
 357 003d 17000000 		.4byte	.LASF3
 358 0041 03       		.uleb128 0x3
 359 0042 0D000000 		.4byte	.LASF9
 360 0046 02       		.byte	0x2
 361 0047 3F       		.byte	0x3f
 362 0048 4C000000 		.4byte	0x4c
 363 004c 02       		.uleb128 0x2
 364 004d 04       		.byte	0x4
 365 004e 05       		.byte	0x5
 366 004f F5010000 		.4byte	.LASF4
 367 0053 02       		.uleb128 0x2
 368 0054 04       		.byte	0x4
 369 0055 07       		.byte	0x7
 370 0056 56000000 		.4byte	.LASF5
 371 005a 02       		.uleb128 0x2
 372 005b 08       		.byte	0x8
 373 005c 05       		.byte	0x5
 374 005d BE010000 		.4byte	.LASF6
 375 0061 02       		.uleb128 0x2
 376 0062 08       		.byte	0x8
 377 0063 07       		.byte	0x7
 378 0064 8F010000 		.4byte	.LASF7
 379 0068 04       		.uleb128 0x4
 380 0069 04       		.byte	0x4
 381 006a 05       		.byte	0x5
 382 006b 696E7400 		.ascii	"int\000"
 383 006f 02       		.uleb128 0x2
 384 0070 04       		.byte	0x4
 385 0071 07       		.byte	0x7
 386 0072 82010000 		.4byte	.LASF8
 387 0076 03       		.uleb128 0x3
 388 0077 A6010000 		.4byte	.LASF10
 389 007b 03       		.byte	0x3
 390 007c 2C       		.byte	0x2c
 391 007d 41000000 		.4byte	0x41
 392 0081 05       		.uleb128 0x5
 393 0082 EF010000 		.4byte	.LASF11
 394 0086 04       		.byte	0x4
 395 0087 9201     		.2byte	0x192
 396 0089 2C000000 		.4byte	0x2c
 397 008d 02       		.uleb128 0x2
 398 008e 04       		.byte	0x4
 399 008f 04       		.byte	0x4
ARM GAS  C:\Users\vellu\AppData\Local\Temp\cc1W8i26.s 			page 10


 400 0090 37000000 		.4byte	.LASF12
 401 0094 02       		.uleb128 0x2
 402 0095 08       		.byte	0x8
 403 0096 04       		.byte	0x4
 404 0097 89000000 		.4byte	.LASF13
 405 009b 02       		.uleb128 0x2
 406 009c 01       		.byte	0x1
 407 009d 08       		.byte	0x8
 408 009e D3010000 		.4byte	.LASF14
 409 00a2 02       		.uleb128 0x2
 410 00a3 04       		.byte	0x4
 411 00a4 07       		.byte	0x7
 412 00a5 B5010000 		.4byte	.LASF15
 413 00a9 06       		.uleb128 0x6
 414 00aa 04       		.byte	0x4
 415 00ab 9B000000 		.4byte	0x9b
 416 00af 06       		.uleb128 0x6
 417 00b0 04       		.byte	0x4
 418 00b1 B5000000 		.4byte	0xb5
 419 00b5 07       		.uleb128 0x7
 420 00b6 9B000000 		.4byte	0x9b
 421 00ba 08       		.uleb128 0x8
 422 00bb 90000000 		.4byte	.LASF19
 423 00bf 01       		.byte	0x1
 424 00c0 0F       		.byte	0xf
 425 00c1 68000000 		.4byte	0x68
 426 00c5 00000000 		.4byte	.LFB63
 427 00c9 BC000000 		.4byte	.LFE63-.LFB63
 428 00cd 01       		.uleb128 0x1
 429 00ce 9C       		.byte	0x9c
 430 00cf D1010000 		.4byte	0x1d1
 431 00d3 09       		.uleb128 0x9
 432 00d4 2A000000 		.4byte	.LASF16
 433 00d8 01       		.byte	0x1
 434 00d9 16       		.byte	0x16
 435 00da 8D000000 		.4byte	0x8d
 436 00de 02       		.uleb128 0x2
 437 00df 91       		.byte	0x91
 438 00e0 74       		.sleb128 -12
 439 00e1 09       		.uleb128 0x9
 440 00e2 68000000 		.4byte	.LASF17
 441 00e6 01       		.byte	0x1
 442 00e7 17       		.byte	0x17
 443 00e8 8D000000 		.4byte	0x8d
 444 00ec 02       		.uleb128 0x2
 445 00ed 91       		.byte	0x91
 446 00ee 70       		.sleb128 -16
 447 00ef 0A       		.uleb128 0xa
 448 00f0 6F000000 		.4byte	.LASF18
 449 00f4 01       		.byte	0x1
 450 00f5 18       		.byte	0x18
 451 00f6 8D000000 		.4byte	0x8d
 452 00fa 00000000 		.4byte	.LLST0
 453 00fe 0B       		.uleb128 0xb
 454 00ff 626D6900 		.ascii	"bmi\000"
 455 0103 01       		.byte	0x1
 456 0104 19       		.byte	0x19
ARM GAS  C:\Users\vellu\AppData\Local\Temp\cc1W8i26.s 			page 11


 457 0105 8D000000 		.4byte	0x8d
 458 0109 29000000 		.4byte	.LLST1
 459 010d 0C       		.uleb128 0xc
 460 010e 0A000000 		.4byte	.LVL0
 461 0112 E2020000 		.4byte	0x2e2
 462 0116 0D       		.uleb128 0xd
 463 0117 10000000 		.4byte	.LVL1
 464 011b E9020000 		.4byte	0x2e9
 465 011f 2D010000 		.4byte	0x12d
 466 0123 0E       		.uleb128 0xe
 467 0124 01       		.uleb128 0x1
 468 0125 50       		.byte	0x50
 469 0126 05       		.uleb128 0x5
 470 0127 03       		.byte	0x3
 471 0128 00000000 		.4byte	.LC0
 472 012c 00       		.byte	0
 473 012d 0D       		.uleb128 0xd
 474 012e 1A000000 		.4byte	.LVL2
 475 0132 FF020000 		.4byte	0x2ff
 476 0136 47010000 		.4byte	0x147
 477 013a 0E       		.uleb128 0xe
 478 013b 01       		.uleb128 0x1
 479 013c 51       		.byte	0x51
 480 013d 02       		.uleb128 0x2
 481 013e 91       		.byte	0x91
 482 013f 74       		.sleb128 -12
 483 0140 0E       		.uleb128 0xe
 484 0141 01       		.uleb128 0x1
 485 0142 50       		.byte	0x50
 486 0143 02       		.uleb128 0x2
 487 0144 74       		.byte	0x74
 488 0145 00       		.sleb128 0
 489 0146 00       		.byte	0
 490 0147 0D       		.uleb128 0xd
 491 0148 20000000 		.4byte	.LVL3
 492 014c E9020000 		.4byte	0x2e9
 493 0150 5E010000 		.4byte	0x15e
 494 0154 0E       		.uleb128 0xe
 495 0155 01       		.uleb128 0x1
 496 0156 50       		.byte	0x50
 497 0157 05       		.uleb128 0x5
 498 0158 03       		.byte	0x3
 499 0159 28000000 		.4byte	.LC2
 500 015d 00       		.byte	0
 501 015e 0D       		.uleb128 0xd
 502 015f 28000000 		.4byte	.LVL4
 503 0163 FF020000 		.4byte	0x2ff
 504 0167 78010000 		.4byte	0x178
 505 016b 0E       		.uleb128 0xe
 506 016c 01       		.uleb128 0x1
 507 016d 51       		.byte	0x51
 508 016e 02       		.uleb128 0x2
 509 016f 7D       		.byte	0x7d
 510 0170 00       		.sleb128 0
 511 0171 0E       		.uleb128 0xe
 512 0172 01       		.uleb128 0x1
 513 0173 50       		.byte	0x50
ARM GAS  C:\Users\vellu\AppData\Local\Temp\cc1W8i26.s 			page 12


 514 0174 02       		.uleb128 0x2
 515 0175 74       		.byte	0x74
 516 0176 00       		.sleb128 0
 517 0177 00       		.byte	0
 518 0178 0D       		.uleb128 0xd
 519 0179 4E000000 		.4byte	.LVL12
 520 017d E9020000 		.4byte	0x2e9
 521 0181 8F010000 		.4byte	0x18f
 522 0185 0E       		.uleb128 0xe
 523 0186 01       		.uleb128 0x1
 524 0187 50       		.byte	0x50
 525 0188 05       		.uleb128 0x5
 526 0189 03       		.byte	0x3
 527 018a 4C000000 		.4byte	.LC3
 528 018e 00       		.byte	0
 529 018f 0D       		.uleb128 0xd
 530 0190 5E000000 		.4byte	.LVL14
 531 0194 15030000 		.4byte	0x315
 532 0198 A6010000 		.4byte	0x1a6
 533 019c 0E       		.uleb128 0xe
 534 019d 01       		.uleb128 0x1
 535 019e 50       		.byte	0x50
 536 019f 05       		.uleb128 0x5
 537 01a0 03       		.byte	0x3
 538 01a1 60000000 		.4byte	.LC4
 539 01a5 00       		.byte	0
 540 01a6 0D       		.uleb128 0xd
 541 01a7 7A000000 		.4byte	.LVL17
 542 01ab 15030000 		.4byte	0x315
 543 01af BD010000 		.4byte	0x1bd
 544 01b3 0E       		.uleb128 0xe
 545 01b4 01       		.uleb128 0x1
 546 01b5 50       		.byte	0x50
 547 01b6 05       		.uleb128 0x5
 548 01b7 03       		.byte	0x3
 549 01b8 88000000 		.4byte	.LC5
 550 01bc 00       		.byte	0
 551 01bd 0F       		.uleb128 0xf
 552 01be 8C000000 		.4byte	.LVL19
 553 01c2 15030000 		.4byte	0x315
 554 01c6 0E       		.uleb128 0xe
 555 01c7 01       		.uleb128 0x1
 556 01c8 50       		.byte	0x50
 557 01c9 05       		.uleb128 0x5
 558 01ca 03       		.byte	0x3
 559 01cb B4000000 		.4byte	.LC6
 560 01cf 00       		.byte	0
 561 01d0 00       		.byte	0
 562 01d1 10       		.uleb128 0x10
 563 01d2 AE010000 		.4byte	.LASF20
 564 01d6 01       		.byte	0x1
 565 01d7 35       		.byte	0x35
 566 01d8 68000000 		.4byte	0x68
 567 01dc 00000000 		.4byte	.LFB64
 568 01e0 2A000000 		.4byte	.LFE64-.LFB64
 569 01e4 01       		.uleb128 0x1
 570 01e5 9C       		.byte	0x9c
ARM GAS  C:\Users\vellu\AppData\Local\Temp\cc1W8i26.s 			page 13


 571 01e6 41020000 		.4byte	0x241
 572 01ea 11       		.uleb128 0x11
 573 01eb 3D000000 		.4byte	.LASF21
 574 01ef 01       		.byte	0x1
 575 01f0 35       		.byte	0x35
 576 01f1 68000000 		.4byte	0x68
 577 01f5 47000000 		.4byte	.LLST2
 578 01f9 12       		.uleb128 0x12
 579 01fa 70747200 		.ascii	"ptr\000"
 580 01fe 01       		.byte	0x1
 581 01ff 35       		.byte	0x35
 582 0200 A9000000 		.4byte	0xa9
 583 0204 68000000 		.4byte	.LLST3
 584 0208 12       		.uleb128 0x12
 585 0209 6C656E00 		.ascii	"len\000"
 586 020d 01       		.byte	0x1
 587 020e 35       		.byte	0x35
 588 020f 68000000 		.4byte	0x68
 589 0213 9C000000 		.4byte	.LLST4
 590 0217 0B       		.uleb128 0xb
 591 0218 6E00     		.ascii	"n\000"
 592 021a 01       		.byte	0x1
 593 021b 38       		.byte	0x38
 594 021c 68000000 		.4byte	0x68
 595 0220 BA000000 		.4byte	.LLST5
 596 0224 0D       		.uleb128 0xd
 597 0225 16000000 		.4byte	.LVL24
 598 0229 2E030000 		.4byte	0x32e
 599 022d 37020000 		.4byte	0x237
 600 0231 0E       		.uleb128 0xe
 601 0232 01       		.uleb128 0x1
 602 0233 50       		.byte	0x50
 603 0234 01       		.uleb128 0x1
 604 0235 3D       		.byte	0x3d
 605 0236 00       		.byte	0
 606 0237 0C       		.uleb128 0xc
 607 0238 1E000000 		.4byte	.LVL26
 608 023c 2E030000 		.4byte	0x32e
 609 0240 00       		.byte	0
 610 0241 10       		.uleb128 0x10
 611 0242 31000000 		.4byte	.LASF22
 612 0246 01       		.byte	0x1
 613 0247 40       		.byte	0x40
 614 0248 68000000 		.4byte	0x68
 615 024c 00000000 		.4byte	.LFB65
 616 0250 38000000 		.4byte	.LFE65-.LFB65
 617 0254 01       		.uleb128 0x1
 618 0255 9C       		.byte	0x9c
 619 0256 D1020000 		.4byte	0x2d1
 620 025a 11       		.uleb128 0x11
 621 025b 3D000000 		.4byte	.LASF21
 622 025f 01       		.byte	0x1
 623 0260 40       		.byte	0x40
 624 0261 68000000 		.4byte	0x68
 625 0265 D9000000 		.4byte	.LLST6
 626 0269 12       		.uleb128 0x12
 627 026a 70747200 		.ascii	"ptr\000"
ARM GAS  C:\Users\vellu\AppData\Local\Temp\cc1W8i26.s 			page 14


 628 026e 01       		.byte	0x1
 629 026f 40       		.byte	0x40
 630 0270 A9000000 		.4byte	0xa9
 631 0274 FA000000 		.4byte	.LLST7
 632 0278 11       		.uleb128 0x11
 633 0279 DF010000 		.4byte	.LASF23
 634 027d 01       		.byte	0x1
 635 027e 40       		.byte	0x40
 636 027f 68000000 		.4byte	0x68
 637 0283 2E010000 		.4byte	.LLST8
 638 0287 0B       		.uleb128 0xb
 639 0288 63687300 		.ascii	"chs\000"
 640 028c 01       		.byte	0x1
 641 028d 42       		.byte	0x42
 642 028e 68000000 		.4byte	0x68
 643 0292 4C010000 		.4byte	.LLST9
 644 0296 0B       		.uleb128 0xb
 645 0297 636800   		.ascii	"ch\000"
 646 029a 01       		.byte	0x1
 647 029b 43       		.byte	0x43
 648 029c 9B000000 		.4byte	0x9b
 649 02a0 6B010000 		.4byte	.LLST10
 650 02a4 0C       		.uleb128 0xc
 651 02a5 0E000000 		.4byte	.LVL32
 652 02a9 3F030000 		.4byte	0x33f
 653 02ad 0D       		.uleb128 0xd
 654 02ae 16000000 		.4byte	.LVL33
 655 02b2 2E030000 		.4byte	0x32e
 656 02b6 C1020000 		.4byte	0x2c1
 657 02ba 0E       		.uleb128 0xe
 658 02bb 01       		.uleb128 0x1
 659 02bc 50       		.byte	0x50
 660 02bd 02       		.uleb128 0x2
 661 02be 75       		.byte	0x75
 662 02bf 00       		.sleb128 0
 663 02c0 00       		.byte	0
 664 02c1 0F       		.uleb128 0xf
 665 02c2 22000000 		.4byte	.LVL36
 666 02c6 2E030000 		.4byte	0x32e
 667 02ca 0E       		.uleb128 0xe
 668 02cb 01       		.uleb128 0x1
 669 02cc 50       		.byte	0x50
 670 02cd 01       		.uleb128 0x1
 671 02ce 3A       		.byte	0x3a
 672 02cf 00       		.byte	0
 673 02d0 00       		.byte	0
 674 02d1 13       		.uleb128 0x13
 675 02d2 7C000000 		.4byte	.LASF29
 676 02d6 06       		.byte	0x6
 677 02d7 9606     		.2byte	0x696
 678 02d9 DD020000 		.4byte	0x2dd
 679 02dd 14       		.uleb128 0x14
 680 02de 76000000 		.4byte	0x76
 681 02e2 15       		.uleb128 0x15
 682 02e3 00000000 		.4byte	.LASF30
 683 02e7 07       		.byte	0x7
 684 02e8 54       		.byte	0x54
ARM GAS  C:\Users\vellu\AppData\Local\Temp\cc1W8i26.s 			page 15


 685 02e9 16       		.uleb128 0x16
 686 02ea D8010000 		.4byte	.LASF24
 687 02ee 05       		.byte	0x5
 688 02ef B2       		.byte	0xb2
 689 02f0 68000000 		.4byte	0x68
 690 02f4 FF020000 		.4byte	0x2ff
 691 02f8 17       		.uleb128 0x17
 692 02f9 AF000000 		.4byte	0xaf
 693 02fd 18       		.uleb128 0x18
 694 02fe 00       		.byte	0
 695 02ff 16       		.uleb128 0x16
 696 0300 42000000 		.4byte	.LASF25
 697 0304 05       		.byte	0x5
 698 0305 B4       		.byte	0xb4
 699 0306 68000000 		.4byte	0x68
 700 030a 15030000 		.4byte	0x315
 701 030e 17       		.uleb128 0x17
 702 030f AF000000 		.4byte	0xaf
 703 0313 18       		.uleb128 0x18
 704 0314 00       		.byte	0
 705 0315 19       		.uleb128 0x19
 706 0316 0F020000 		.4byte	.LASF31
 707 031a 08       		.byte	0x8
 708 031b 00       		.byte	0
 709 031c FE010000 		.4byte	.LASF32
 710 0320 68000000 		.4byte	0x68
 711 0324 2E030000 		.4byte	0x32e
 712 0328 17       		.uleb128 0x17
 713 0329 AF000000 		.4byte	0xaf
 714 032d 00       		.byte	0
 715 032e 1A       		.uleb128 0x1a
 716 032f 73010000 		.4byte	.LASF33
 717 0333 07       		.byte	0x7
 718 0334 8A       		.byte	0x8a
 719 0335 3F030000 		.4byte	0x33f
 720 0339 17       		.uleb128 0x17
 721 033a 81000000 		.4byte	0x81
 722 033e 00       		.byte	0
 723 033f 1B       		.uleb128 0x1b
 724 0340 1E020000 		.4byte	.LASF34
 725 0344 07       		.byte	0x7
 726 0345 71       		.byte	0x71
 727 0346 81000000 		.4byte	0x81
 728 034a 00       		.byte	0
 729              		.section	.debug_abbrev,"",%progbits
 730              	.Ldebug_abbrev0:
 731 0000 01       		.uleb128 0x1
 732 0001 11       		.uleb128 0x11
 733 0002 01       		.byte	0x1
 734 0003 25       		.uleb128 0x25
 735 0004 0E       		.uleb128 0xe
 736 0005 13       		.uleb128 0x13
 737 0006 0B       		.uleb128 0xb
 738 0007 03       		.uleb128 0x3
 739 0008 0E       		.uleb128 0xe
 740 0009 1B       		.uleb128 0x1b
 741 000a 0E       		.uleb128 0xe
ARM GAS  C:\Users\vellu\AppData\Local\Temp\cc1W8i26.s 			page 16


 742 000b 55       		.uleb128 0x55
 743 000c 17       		.uleb128 0x17
 744 000d 11       		.uleb128 0x11
 745 000e 01       		.uleb128 0x1
 746 000f 10       		.uleb128 0x10
 747 0010 17       		.uleb128 0x17
 748 0011 00       		.byte	0
 749 0012 00       		.byte	0
 750 0013 02       		.uleb128 0x2
 751 0014 24       		.uleb128 0x24
 752 0015 00       		.byte	0
 753 0016 0B       		.uleb128 0xb
 754 0017 0B       		.uleb128 0xb
 755 0018 3E       		.uleb128 0x3e
 756 0019 0B       		.uleb128 0xb
 757 001a 03       		.uleb128 0x3
 758 001b 0E       		.uleb128 0xe
 759 001c 00       		.byte	0
 760 001d 00       		.byte	0
 761 001e 03       		.uleb128 0x3
 762 001f 16       		.uleb128 0x16
 763 0020 00       		.byte	0
 764 0021 03       		.uleb128 0x3
 765 0022 0E       		.uleb128 0xe
 766 0023 3A       		.uleb128 0x3a
 767 0024 0B       		.uleb128 0xb
 768 0025 3B       		.uleb128 0x3b
 769 0026 0B       		.uleb128 0xb
 770 0027 49       		.uleb128 0x49
 771 0028 13       		.uleb128 0x13
 772 0029 00       		.byte	0
 773 002a 00       		.byte	0
 774 002b 04       		.uleb128 0x4
 775 002c 24       		.uleb128 0x24
 776 002d 00       		.byte	0
 777 002e 0B       		.uleb128 0xb
 778 002f 0B       		.uleb128 0xb
 779 0030 3E       		.uleb128 0x3e
 780 0031 0B       		.uleb128 0xb
 781 0032 03       		.uleb128 0x3
 782 0033 08       		.uleb128 0x8
 783 0034 00       		.byte	0
 784 0035 00       		.byte	0
 785 0036 05       		.uleb128 0x5
 786 0037 16       		.uleb128 0x16
 787 0038 00       		.byte	0
 788 0039 03       		.uleb128 0x3
 789 003a 0E       		.uleb128 0xe
 790 003b 3A       		.uleb128 0x3a
 791 003c 0B       		.uleb128 0xb
 792 003d 3B       		.uleb128 0x3b
 793 003e 05       		.uleb128 0x5
 794 003f 49       		.uleb128 0x49
 795 0040 13       		.uleb128 0x13
 796 0041 00       		.byte	0
 797 0042 00       		.byte	0
 798 0043 06       		.uleb128 0x6
ARM GAS  C:\Users\vellu\AppData\Local\Temp\cc1W8i26.s 			page 17


 799 0044 0F       		.uleb128 0xf
 800 0045 00       		.byte	0
 801 0046 0B       		.uleb128 0xb
 802 0047 0B       		.uleb128 0xb
 803 0048 49       		.uleb128 0x49
 804 0049 13       		.uleb128 0x13
 805 004a 00       		.byte	0
 806 004b 00       		.byte	0
 807 004c 07       		.uleb128 0x7
 808 004d 26       		.uleb128 0x26
 809 004e 00       		.byte	0
 810 004f 49       		.uleb128 0x49
 811 0050 13       		.uleb128 0x13
 812 0051 00       		.byte	0
 813 0052 00       		.byte	0
 814 0053 08       		.uleb128 0x8
 815 0054 2E       		.uleb128 0x2e
 816 0055 01       		.byte	0x1
 817 0056 3F       		.uleb128 0x3f
 818 0057 19       		.uleb128 0x19
 819 0058 03       		.uleb128 0x3
 820 0059 0E       		.uleb128 0xe
 821 005a 3A       		.uleb128 0x3a
 822 005b 0B       		.uleb128 0xb
 823 005c 3B       		.uleb128 0x3b
 824 005d 0B       		.uleb128 0xb
 825 005e 27       		.uleb128 0x27
 826 005f 19       		.uleb128 0x19
 827 0060 49       		.uleb128 0x49
 828 0061 13       		.uleb128 0x13
 829 0062 11       		.uleb128 0x11
 830 0063 01       		.uleb128 0x1
 831 0064 12       		.uleb128 0x12
 832 0065 06       		.uleb128 0x6
 833 0066 40       		.uleb128 0x40
 834 0067 18       		.uleb128 0x18
 835 0068 9642     		.uleb128 0x2116
 836 006a 19       		.uleb128 0x19
 837 006b 01       		.uleb128 0x1
 838 006c 13       		.uleb128 0x13
 839 006d 00       		.byte	0
 840 006e 00       		.byte	0
 841 006f 09       		.uleb128 0x9
 842 0070 34       		.uleb128 0x34
 843 0071 00       		.byte	0
 844 0072 03       		.uleb128 0x3
 845 0073 0E       		.uleb128 0xe
 846 0074 3A       		.uleb128 0x3a
 847 0075 0B       		.uleb128 0xb
 848 0076 3B       		.uleb128 0x3b
 849 0077 0B       		.uleb128 0xb
 850 0078 49       		.uleb128 0x49
 851 0079 13       		.uleb128 0x13
 852 007a 02       		.uleb128 0x2
 853 007b 18       		.uleb128 0x18
 854 007c 00       		.byte	0
 855 007d 00       		.byte	0
ARM GAS  C:\Users\vellu\AppData\Local\Temp\cc1W8i26.s 			page 18


 856 007e 0A       		.uleb128 0xa
 857 007f 34       		.uleb128 0x34
 858 0080 00       		.byte	0
 859 0081 03       		.uleb128 0x3
 860 0082 0E       		.uleb128 0xe
 861 0083 3A       		.uleb128 0x3a
 862 0084 0B       		.uleb128 0xb
 863 0085 3B       		.uleb128 0x3b
 864 0086 0B       		.uleb128 0xb
 865 0087 49       		.uleb128 0x49
 866 0088 13       		.uleb128 0x13
 867 0089 02       		.uleb128 0x2
 868 008a 17       		.uleb128 0x17
 869 008b 00       		.byte	0
 870 008c 00       		.byte	0
 871 008d 0B       		.uleb128 0xb
 872 008e 34       		.uleb128 0x34
 873 008f 00       		.byte	0
 874 0090 03       		.uleb128 0x3
 875 0091 08       		.uleb128 0x8
 876 0092 3A       		.uleb128 0x3a
 877 0093 0B       		.uleb128 0xb
 878 0094 3B       		.uleb128 0x3b
 879 0095 0B       		.uleb128 0xb
 880 0096 49       		.uleb128 0x49
 881 0097 13       		.uleb128 0x13
 882 0098 02       		.uleb128 0x2
 883 0099 17       		.uleb128 0x17
 884 009a 00       		.byte	0
 885 009b 00       		.byte	0
 886 009c 0C       		.uleb128 0xc
 887 009d 898201   		.uleb128 0x4109
 888 00a0 00       		.byte	0
 889 00a1 11       		.uleb128 0x11
 890 00a2 01       		.uleb128 0x1
 891 00a3 31       		.uleb128 0x31
 892 00a4 13       		.uleb128 0x13
 893 00a5 00       		.byte	0
 894 00a6 00       		.byte	0
 895 00a7 0D       		.uleb128 0xd
 896 00a8 898201   		.uleb128 0x4109
 897 00ab 01       		.byte	0x1
 898 00ac 11       		.uleb128 0x11
 899 00ad 01       		.uleb128 0x1
 900 00ae 31       		.uleb128 0x31
 901 00af 13       		.uleb128 0x13
 902 00b0 01       		.uleb128 0x1
 903 00b1 13       		.uleb128 0x13
 904 00b2 00       		.byte	0
 905 00b3 00       		.byte	0
 906 00b4 0E       		.uleb128 0xe
 907 00b5 8A8201   		.uleb128 0x410a
 908 00b8 00       		.byte	0
 909 00b9 02       		.uleb128 0x2
 910 00ba 18       		.uleb128 0x18
 911 00bb 9142     		.uleb128 0x2111
 912 00bd 18       		.uleb128 0x18
ARM GAS  C:\Users\vellu\AppData\Local\Temp\cc1W8i26.s 			page 19


 913 00be 00       		.byte	0
 914 00bf 00       		.byte	0
 915 00c0 0F       		.uleb128 0xf
 916 00c1 898201   		.uleb128 0x4109
 917 00c4 01       		.byte	0x1
 918 00c5 11       		.uleb128 0x11
 919 00c6 01       		.uleb128 0x1
 920 00c7 31       		.uleb128 0x31
 921 00c8 13       		.uleb128 0x13
 922 00c9 00       		.byte	0
 923 00ca 00       		.byte	0
 924 00cb 10       		.uleb128 0x10
 925 00cc 2E       		.uleb128 0x2e
 926 00cd 01       		.byte	0x1
 927 00ce 3F       		.uleb128 0x3f
 928 00cf 19       		.uleb128 0x19
 929 00d0 03       		.uleb128 0x3
 930 00d1 0E       		.uleb128 0xe
 931 00d2 3A       		.uleb128 0x3a
 932 00d3 0B       		.uleb128 0xb
 933 00d4 3B       		.uleb128 0x3b
 934 00d5 0B       		.uleb128 0xb
 935 00d6 27       		.uleb128 0x27
 936 00d7 19       		.uleb128 0x19
 937 00d8 49       		.uleb128 0x49
 938 00d9 13       		.uleb128 0x13
 939 00da 11       		.uleb128 0x11
 940 00db 01       		.uleb128 0x1
 941 00dc 12       		.uleb128 0x12
 942 00dd 06       		.uleb128 0x6
 943 00de 40       		.uleb128 0x40
 944 00df 18       		.uleb128 0x18
 945 00e0 9742     		.uleb128 0x2117
 946 00e2 19       		.uleb128 0x19
 947 00e3 01       		.uleb128 0x1
 948 00e4 13       		.uleb128 0x13
 949 00e5 00       		.byte	0
 950 00e6 00       		.byte	0
 951 00e7 11       		.uleb128 0x11
 952 00e8 05       		.uleb128 0x5
 953 00e9 00       		.byte	0
 954 00ea 03       		.uleb128 0x3
 955 00eb 0E       		.uleb128 0xe
 956 00ec 3A       		.uleb128 0x3a
 957 00ed 0B       		.uleb128 0xb
 958 00ee 3B       		.uleb128 0x3b
 959 00ef 0B       		.uleb128 0xb
 960 00f0 49       		.uleb128 0x49
 961 00f1 13       		.uleb128 0x13
 962 00f2 02       		.uleb128 0x2
 963 00f3 17       		.uleb128 0x17
 964 00f4 00       		.byte	0
 965 00f5 00       		.byte	0
 966 00f6 12       		.uleb128 0x12
 967 00f7 05       		.uleb128 0x5
 968 00f8 00       		.byte	0
 969 00f9 03       		.uleb128 0x3
ARM GAS  C:\Users\vellu\AppData\Local\Temp\cc1W8i26.s 			page 20


 970 00fa 08       		.uleb128 0x8
 971 00fb 3A       		.uleb128 0x3a
 972 00fc 0B       		.uleb128 0xb
 973 00fd 3B       		.uleb128 0x3b
 974 00fe 0B       		.uleb128 0xb
 975 00ff 49       		.uleb128 0x49
 976 0100 13       		.uleb128 0x13
 977 0101 02       		.uleb128 0x2
 978 0102 17       		.uleb128 0x17
 979 0103 00       		.byte	0
 980 0104 00       		.byte	0
 981 0105 13       		.uleb128 0x13
 982 0106 34       		.uleb128 0x34
 983 0107 00       		.byte	0
 984 0108 03       		.uleb128 0x3
 985 0109 0E       		.uleb128 0xe
 986 010a 3A       		.uleb128 0x3a
 987 010b 0B       		.uleb128 0xb
 988 010c 3B       		.uleb128 0x3b
 989 010d 05       		.uleb128 0x5
 990 010e 49       		.uleb128 0x49
 991 010f 13       		.uleb128 0x13
 992 0110 3F       		.uleb128 0x3f
 993 0111 19       		.uleb128 0x19
 994 0112 3C       		.uleb128 0x3c
 995 0113 19       		.uleb128 0x19
 996 0114 00       		.byte	0
 997 0115 00       		.byte	0
 998 0116 14       		.uleb128 0x14
 999 0117 35       		.uleb128 0x35
 1000 0118 00       		.byte	0
 1001 0119 49       		.uleb128 0x49
 1002 011a 13       		.uleb128 0x13
 1003 011b 00       		.byte	0
 1004 011c 00       		.byte	0
 1005 011d 15       		.uleb128 0x15
 1006 011e 2E       		.uleb128 0x2e
 1007 011f 00       		.byte	0
 1008 0120 3F       		.uleb128 0x3f
 1009 0121 19       		.uleb128 0x19
 1010 0122 03       		.uleb128 0x3
 1011 0123 0E       		.uleb128 0xe
 1012 0124 3A       		.uleb128 0x3a
 1013 0125 0B       		.uleb128 0xb
 1014 0126 3B       		.uleb128 0x3b
 1015 0127 0B       		.uleb128 0xb
 1016 0128 27       		.uleb128 0x27
 1017 0129 19       		.uleb128 0x19
 1018 012a 3C       		.uleb128 0x3c
 1019 012b 19       		.uleb128 0x19
 1020 012c 00       		.byte	0
 1021 012d 00       		.byte	0
 1022 012e 16       		.uleb128 0x16
 1023 012f 2E       		.uleb128 0x2e
 1024 0130 01       		.byte	0x1
 1025 0131 3F       		.uleb128 0x3f
 1026 0132 19       		.uleb128 0x19
ARM GAS  C:\Users\vellu\AppData\Local\Temp\cc1W8i26.s 			page 21


 1027 0133 03       		.uleb128 0x3
 1028 0134 0E       		.uleb128 0xe
 1029 0135 3A       		.uleb128 0x3a
 1030 0136 0B       		.uleb128 0xb
 1031 0137 3B       		.uleb128 0x3b
 1032 0138 0B       		.uleb128 0xb
 1033 0139 27       		.uleb128 0x27
 1034 013a 19       		.uleb128 0x19
 1035 013b 49       		.uleb128 0x49
 1036 013c 13       		.uleb128 0x13
 1037 013d 3C       		.uleb128 0x3c
 1038 013e 19       		.uleb128 0x19
 1039 013f 01       		.uleb128 0x1
 1040 0140 13       		.uleb128 0x13
 1041 0141 00       		.byte	0
 1042 0142 00       		.byte	0
 1043 0143 17       		.uleb128 0x17
 1044 0144 05       		.uleb128 0x5
 1045 0145 00       		.byte	0
 1046 0146 49       		.uleb128 0x49
 1047 0147 13       		.uleb128 0x13
 1048 0148 00       		.byte	0
 1049 0149 00       		.byte	0
 1050 014a 18       		.uleb128 0x18
 1051 014b 18       		.uleb128 0x18
 1052 014c 00       		.byte	0
 1053 014d 00       		.byte	0
 1054 014e 00       		.byte	0
 1055 014f 19       		.uleb128 0x19
 1056 0150 2E       		.uleb128 0x2e
 1057 0151 01       		.byte	0x1
 1058 0152 3F       		.uleb128 0x3f
 1059 0153 19       		.uleb128 0x19
 1060 0154 03       		.uleb128 0x3
 1061 0155 0E       		.uleb128 0xe
 1062 0156 3A       		.uleb128 0x3a
 1063 0157 0B       		.uleb128 0xb
 1064 0158 3B       		.uleb128 0x3b
 1065 0159 0B       		.uleb128 0xb
 1066 015a 6E       		.uleb128 0x6e
 1067 015b 0E       		.uleb128 0xe
 1068 015c 27       		.uleb128 0x27
 1069 015d 19       		.uleb128 0x19
 1070 015e 49       		.uleb128 0x49
 1071 015f 13       		.uleb128 0x13
 1072 0160 3C       		.uleb128 0x3c
 1073 0161 19       		.uleb128 0x19
 1074 0162 01       		.uleb128 0x1
 1075 0163 13       		.uleb128 0x13
 1076 0164 00       		.byte	0
 1077 0165 00       		.byte	0
 1078 0166 1A       		.uleb128 0x1a
 1079 0167 2E       		.uleb128 0x2e
 1080 0168 01       		.byte	0x1
 1081 0169 3F       		.uleb128 0x3f
 1082 016a 19       		.uleb128 0x19
 1083 016b 03       		.uleb128 0x3
ARM GAS  C:\Users\vellu\AppData\Local\Temp\cc1W8i26.s 			page 22


 1084 016c 0E       		.uleb128 0xe
 1085 016d 3A       		.uleb128 0x3a
 1086 016e 0B       		.uleb128 0xb
 1087 016f 3B       		.uleb128 0x3b
 1088 0170 0B       		.uleb128 0xb
 1089 0171 27       		.uleb128 0x27
 1090 0172 19       		.uleb128 0x19
 1091 0173 3C       		.uleb128 0x3c
 1092 0174 19       		.uleb128 0x19
 1093 0175 01       		.uleb128 0x1
 1094 0176 13       		.uleb128 0x13
 1095 0177 00       		.byte	0
 1096 0178 00       		.byte	0
 1097 0179 1B       		.uleb128 0x1b
 1098 017a 2E       		.uleb128 0x2e
 1099 017b 00       		.byte	0
 1100 017c 3F       		.uleb128 0x3f
 1101 017d 19       		.uleb128 0x19
 1102 017e 03       		.uleb128 0x3
 1103 017f 0E       		.uleb128 0xe
 1104 0180 3A       		.uleb128 0x3a
 1105 0181 0B       		.uleb128 0xb
 1106 0182 3B       		.uleb128 0x3b
 1107 0183 0B       		.uleb128 0xb
 1108 0184 27       		.uleb128 0x27
 1109 0185 19       		.uleb128 0x19
 1110 0186 49       		.uleb128 0x49
 1111 0187 13       		.uleb128 0x13
 1112 0188 3C       		.uleb128 0x3c
 1113 0189 19       		.uleb128 0x19
 1114 018a 00       		.byte	0
 1115 018b 00       		.byte	0
 1116 018c 00       		.byte	0
 1117              		.section	.debug_loc,"",%progbits
 1118              	.Ldebug_loc0:
 1119              	.LLST0:
 1120 0000 30000000 		.4byte	.LVL5
 1121 0004 35000000 		.4byte	.LVL6-1
 1122 0008 0100     		.2byte	0x1
 1123 000a 50       		.byte	0x50
 1124 000b 38000000 		.4byte	.LVL7
 1125 000f 3A000000 		.4byte	.LVL8
 1126 0013 0100     		.2byte	0x1
 1127 0015 50       		.byte	0x50
 1128 0016 3A000000 		.4byte	.LVL8
 1129 001a 3D000000 		.4byte	.LVL9-1
 1130 001e 0100     		.2byte	0x1
 1131 0020 51       		.byte	0x51
 1132 0021 00000000 		.4byte	0
 1133 0025 00000000 		.4byte	0
 1134              	.LLST1:
 1135 0029 40000000 		.4byte	.LVL10
 1136 002d 43000000 		.4byte	.LVL11-1
 1137 0031 0100     		.2byte	0x1
 1138 0033 50       		.byte	0x50
 1139 0034 43000000 		.4byte	.LVL11-1
 1140 0038 92000000 		.4byte	.LVL20
ARM GAS  C:\Users\vellu\AppData\Local\Temp\cc1W8i26.s 			page 23


 1141 003c 0100     		.2byte	0x1
 1142 003e 54       		.byte	0x54
 1143 003f 00000000 		.4byte	0
 1144 0043 00000000 		.4byte	0
 1145              	.LLST2:
 1146 0047 00000000 		.4byte	.LVL21
 1147 004b 0A000000 		.4byte	.LVL23
 1148 004f 0100     		.2byte	0x1
 1149 0051 50       		.byte	0x50
 1150 0052 0A000000 		.4byte	.LVL23
 1151 0056 2A000000 		.4byte	.LFE64
 1152 005a 0400     		.2byte	0x4
 1153 005c F3       		.byte	0xf3
 1154 005d 01       		.uleb128 0x1
 1155 005e 50       		.byte	0x50
 1156 005f 9F       		.byte	0x9f
 1157 0060 00000000 		.4byte	0
 1158 0064 00000000 		.4byte	0
 1159              	.LLST3:
 1160 0068 00000000 		.4byte	.LVL21
 1161 006c 0A000000 		.4byte	.LVL23
 1162 0070 0100     		.2byte	0x1
 1163 0072 51       		.byte	0x51
 1164 0073 0A000000 		.4byte	.LVL23
 1165 0077 18000000 		.4byte	.LVL25
 1166 007b 0100     		.2byte	0x1
 1167 007d 54       		.byte	0x54
 1168 007e 18000000 		.4byte	.LVL25
 1169 0082 22000000 		.4byte	.LVL28
 1170 0086 0100     		.2byte	0x1
 1171 0088 56       		.byte	0x56
 1172 0089 22000000 		.4byte	.LVL28
 1173 008d 2A000000 		.4byte	.LFE64
 1174 0091 0100     		.2byte	0x1
 1175 0093 54       		.byte	0x54
 1176 0094 00000000 		.4byte	0
 1177 0098 00000000 		.4byte	0
 1178              	.LLST4:
 1179 009c 00000000 		.4byte	.LVL21
 1180 00a0 0A000000 		.4byte	.LVL23
 1181 00a4 0100     		.2byte	0x1
 1182 00a6 52       		.byte	0x52
 1183 00a7 0A000000 		.4byte	.LVL23
 1184 00ab 2A000000 		.4byte	.LFE64
 1185 00af 0100     		.2byte	0x1
 1186 00b1 57       		.byte	0x57
 1187 00b2 00000000 		.4byte	0
 1188 00b6 00000000 		.4byte	0
 1189              	.LLST5:
 1190 00ba 06000000 		.4byte	.LVL22
 1191 00be 0A000000 		.4byte	.LVL23
 1192 00c2 0200     		.2byte	0x2
 1193 00c4 30       		.byte	0x30
 1194 00c5 9F       		.byte	0x9f
 1195 00c6 0A000000 		.4byte	.LVL23
 1196 00ca 2A000000 		.4byte	.LFE64
 1197 00ce 0100     		.2byte	0x1
ARM GAS  C:\Users\vellu\AppData\Local\Temp\cc1W8i26.s 			page 24


 1198 00d0 55       		.byte	0x55
 1199 00d1 00000000 		.4byte	0
 1200 00d5 00000000 		.4byte	0
 1201              	.LLST6:
 1202 00d9 00000000 		.4byte	.LVL29
 1203 00dd 0A000000 		.4byte	.LVL31
 1204 00e1 0100     		.2byte	0x1
 1205 00e3 50       		.byte	0x50
 1206 00e4 0A000000 		.4byte	.LVL31
 1207 00e8 38000000 		.4byte	.LFE65
 1208 00ec 0400     		.2byte	0x4
 1209 00ee F3       		.byte	0xf3
 1210 00ef 01       		.uleb128 0x1
 1211 00f0 50       		.byte	0x50
 1212 00f1 9F       		.byte	0x9f
 1213 00f2 00000000 		.4byte	0
 1214 00f6 00000000 		.4byte	0
 1215              	.LLST7:
 1216 00fa 00000000 		.4byte	.LVL29
 1217 00fe 0A000000 		.4byte	.LVL31
 1218 0102 0100     		.2byte	0x1
 1219 0104 51       		.byte	0x51
 1220 0105 0A000000 		.4byte	.LVL31
 1221 0109 26000000 		.4byte	.LVL38
 1222 010d 0100     		.2byte	0x1
 1223 010f 57       		.byte	0x57
 1224 0110 26000000 		.4byte	.LVL38
 1225 0114 30000000 		.4byte	.LVL40
 1226 0118 0100     		.2byte	0x1
 1227 011a 53       		.byte	0x53
 1228 011b 30000000 		.4byte	.LVL40
 1229 011f 34000000 		.4byte	.LVL41
 1230 0123 0100     		.2byte	0x1
 1231 0125 57       		.byte	0x57
 1232 0126 00000000 		.4byte	0
 1233 012a 00000000 		.4byte	0
 1234              	.LLST8:
 1235 012e 00000000 		.4byte	.LVL29
 1236 0132 0A000000 		.4byte	.LVL31
 1237 0136 0100     		.2byte	0x1
 1238 0138 52       		.byte	0x52
 1239 0139 0A000000 		.4byte	.LVL31
 1240 013d 38000000 		.4byte	.LFE65
 1241 0141 0100     		.2byte	0x1
 1242 0143 54       		.byte	0x54
 1243 0144 00000000 		.4byte	0
 1244 0148 00000000 		.4byte	0
 1245              	.LLST9:
 1246 014c 06000000 		.4byte	.LVL30
 1247 0150 0A000000 		.4byte	.LVL31
 1248 0154 0200     		.2byte	0x2
 1249 0156 30       		.byte	0x30
 1250 0157 9F       		.byte	0x9f
 1251 0158 0A000000 		.4byte	.LVL31
 1252 015c 38000000 		.4byte	.LFE65
 1253 0160 0100     		.2byte	0x1
 1254 0162 56       		.byte	0x56
ARM GAS  C:\Users\vellu\AppData\Local\Temp\cc1W8i26.s 			page 25


 1255 0163 00000000 		.4byte	0
 1256 0167 00000000 		.4byte	0
 1257              	.LLST10:
 1258 016b 0E000000 		.4byte	.LVL32
 1259 016f 15000000 		.4byte	.LVL33-1
 1260 0173 0100     		.2byte	0x1
 1261 0175 50       		.byte	0x50
 1262 0176 1C000000 		.4byte	.LVL35
 1263 017a 24000000 		.4byte	.LVL37
 1264 017e 0200     		.2byte	0x2
 1265 0180 3A       		.byte	0x3a
 1266 0181 9F       		.byte	0x9f
 1267 0182 24000000 		.4byte	.LVL37
 1268 0186 30000000 		.4byte	.LVL40
 1269 018a 0100     		.2byte	0x1
 1270 018c 55       		.byte	0x55
 1271 018d 00000000 		.4byte	0
 1272 0191 00000000 		.4byte	0
 1273              		.section	.debug_aranges,"",%progbits
 1274 0000 2C000000 		.4byte	0x2c
 1275 0004 0200     		.2byte	0x2
 1276 0006 00000000 		.4byte	.Ldebug_info0
 1277 000a 04       		.byte	0x4
 1278 000b 00       		.byte	0
 1279 000c 0000     		.2byte	0
 1280 000e 0000     		.2byte	0
 1281 0010 00000000 		.4byte	.LFB63
 1282 0014 BC000000 		.4byte	.LFE63-.LFB63
 1283 0018 00000000 		.4byte	.LFB64
 1284 001c 2A000000 		.4byte	.LFE64-.LFB64
 1285 0020 00000000 		.4byte	.LFB65
 1286 0024 38000000 		.4byte	.LFE65-.LFB65
 1287 0028 00000000 		.4byte	0
 1288 002c 00000000 		.4byte	0
 1289              		.section	.debug_ranges,"",%progbits
 1290              	.Ldebug_ranges0:
 1291 0000 00000000 		.4byte	.LFB63
 1292 0004 BC000000 		.4byte	.LFE63
 1293 0008 00000000 		.4byte	.LFB64
 1294 000c 2A000000 		.4byte	.LFE64
 1295 0010 00000000 		.4byte	.LFB65
 1296 0014 38000000 		.4byte	.LFE65
 1297 0018 00000000 		.4byte	0
 1298 001c 00000000 		.4byte	0
 1299              		.section	.debug_line,"",%progbits
 1300              	.Ldebug_line0:
 1301 0000 E9010000 		.section	.debug_str,"MS",%progbits,1
 1301      02006C01 
 1301      00000201 
 1301      FB0E0D00 
 1301      01010101 
 1302              	.LASF30:
 1303 0000 55415254 		.ascii	"UART_1_Start\000"
 1303      5F315F53 
 1303      74617274 
 1303      00
 1304              	.LASF9:
ARM GAS  C:\Users\vellu\AppData\Local\Temp\cc1W8i26.s 			page 26


 1305 000d 5F5F696E 		.ascii	"__int32_t\000"
 1305      7433325F 
 1305      7400
 1306              	.LASF3:
 1307 0017 73686F72 		.ascii	"short unsigned int\000"
 1307      7420756E 
 1307      7369676E 
 1307      65642069 
 1307      6E7400
 1308              	.LASF16:
 1309 002a 77656967 		.ascii	"weight\000"
 1309      687400
 1310              	.LASF22:
 1311 0031 5F726561 		.ascii	"_read\000"
 1311      6400
 1312              	.LASF12:
 1313 0037 666C6F61 		.ascii	"float\000"
 1313      7400
 1314              	.LASF21:
 1315 003d 66696C65 		.ascii	"file\000"
 1315      00
 1316              	.LASF25:
 1317 0042 7363616E 		.ascii	"scanf\000"
 1317      6600
 1318              	.LASF1:
 1319 0048 756E7369 		.ascii	"unsigned char\000"
 1319      676E6564 
 1319      20636861 
 1319      7200
 1320              	.LASF5:
 1321 0056 6C6F6E67 		.ascii	"long unsigned int\000"
 1321      20756E73 
 1321      69676E65 
 1321      6420696E 
 1321      7400
 1322              	.LASF17:
 1323 0068 68656967 		.ascii	"height\000"
 1323      687400
 1324              	.LASF18:
 1325 006f 68656967 		.ascii	"heightMetres\000"
 1325      68744D65 
 1325      74726573 
 1325      00
 1326              	.LASF29:
 1327 007c 49544D5F 		.ascii	"ITM_RxBuffer\000"
 1327      52784275 
 1327      66666572 
 1327      00
 1328              	.LASF13:
 1329 0089 646F7562 		.ascii	"double\000"
 1329      6C6500
 1330              	.LASF19:
 1331 0090 6D61696E 		.ascii	"main\000"
 1331      00
 1332              	.LASF28:
 1333 0095 433A5C55 		.ascii	"C:\\Users\\vellu\\OneDrive\\Tiedostot\\PSoC Creator"
 1333      73657273 
ARM GAS  C:\Users\vellu\AppData\Local\Temp\cc1W8i26.s 			page 27


 1333      5C76656C 
 1333      6C755C4F 
 1333      6E654472 
 1334 00c3 5C4B6F75 		.ascii	"\\KouluOhjelmointi\\Exercise5.cydsn\000"
 1334      6C754F68 
 1334      6A656C6D 
 1334      6F696E74 
 1334      695C4578 
 1335              	.LASF26:
 1336 00e5 474E5520 		.ascii	"GNU C 4.9.3 20150303 (release) [ARM/embedded-4_9-br"
 1336      4320342E 
 1336      392E3320 
 1336      32303135 
 1336      30333033 
 1337 0118 616E6368 		.ascii	"anch revision 221220] -mcpu=cortex-m3 -mthumb -g -O"
 1337      20726576 
 1337      6973696F 
 1337      6E203232 
 1337      31323230 
 1338 014b 67202D66 		.ascii	"g -ffunction-sections -ffat-lto-objects\000"
 1338      66756E63 
 1338      74696F6E 
 1338      2D736563 
 1338      74696F6E 
 1339              	.LASF33:
 1340 0173 55415254 		.ascii	"UART_1_PutChar\000"
 1340      5F315F50 
 1340      75744368 
 1340      617200
 1341              	.LASF8:
 1342 0182 756E7369 		.ascii	"unsigned int\000"
 1342      676E6564 
 1342      20696E74 
 1342      00
 1343              	.LASF7:
 1344 018f 6C6F6E67 		.ascii	"long long unsigned int\000"
 1344      206C6F6E 
 1344      6720756E 
 1344      7369676E 
 1344      65642069 
 1345              	.LASF10:
 1346 01a6 696E7433 		.ascii	"int32_t\000"
 1346      325F7400 
 1347              	.LASF20:
 1348 01ae 5F777269 		.ascii	"_write\000"
 1348      746500
 1349              	.LASF15:
 1350 01b5 73697A65 		.ascii	"sizetype\000"
 1350      74797065 
 1350      00
 1351              	.LASF6:
 1352 01be 6C6F6E67 		.ascii	"long long int\000"
 1352      206C6F6E 
 1352      6720696E 
 1352      7400
 1353              	.LASF27:
 1354 01cc 6D61696E 		.ascii	"main.c\000"
ARM GAS  C:\Users\vellu\AppData\Local\Temp\cc1W8i26.s 			page 28


 1354      2E6300
 1355              	.LASF14:
 1356 01d3 63686172 		.ascii	"char\000"
 1356      00
 1357              	.LASF24:
 1358 01d8 7072696E 		.ascii	"printf\000"
 1358      746600
 1359              	.LASF23:
 1360 01df 636F756E 		.ascii	"count\000"
 1360      7400
 1361              	.LASF2:
 1362 01e5 73686F72 		.ascii	"short int\000"
 1362      7420696E 
 1362      7400
 1363              	.LASF11:
 1364 01ef 75696E74 		.ascii	"uint8\000"
 1364      3800
 1365              	.LASF4:
 1366 01f5 6C6F6E67 		.ascii	"long int\000"
 1366      20696E74 
 1366      00
 1367              	.LASF32:
 1368 01fe 70757473 		.ascii	"puts\000"
 1368      00
 1369              	.LASF0:
 1370 0203 7369676E 		.ascii	"signed char\000"
 1370      65642063 
 1370      68617200 
 1371              	.LASF31:
 1372 020f 5F5F6275 		.ascii	"__builtin_puts\000"
 1372      696C7469 
 1372      6E5F7075 
 1372      747300
 1373              	.LASF34:
 1374 021e 55415254 		.ascii	"UART_1_GetChar\000"
 1374      5F315F47 
 1374      65744368 
 1374      617200
 1375              		.ident	"GCC: (GNU Tools for ARM Embedded Processors) 4.9.3 20150303 (release) [ARM/embedded-4_9-br
